FCI gs energy -1.500000 
FCI gs wfn 
01 0.707106781187 0.000000000000 I 
10 -0.707106781187 0.000000000000 I 
QITE
0.000000 -0.500000 1.000000 0.707107 
0.010000 -0.519997 0.999600 0.714142 
0.020000 -0.539978 0.998402 0.721103 
0.030000 -0.559927 0.996409 0.727986 
0.040000 -0.579828 0.993627 0.734789 
0.050000 -0.599666 0.990067 0.741507 
0.060000 -0.619425 0.985738 0.748139 
0.070000 -0.639090 0.980654 0.754682 
0.080000 -0.658646 0.974831 0.761133 
0.090000 -0.678078 0.968288 0.767489 
0.100000 -0.697372 0.961044 0.773748 
0.110000 -0.716515 0.953121 0.779909 
0.120000 -0.735492 0.944544 0.785968 
0.130000 -0.754292 0.935336 0.791925 
0.140000 -0.772901 0.925525 0.797778 
0.150000 -0.791308 0.915140 0.803526 
0.160000 -0.809502 0.904208 0.809167 
0.170000 -0.827473 0.892762 0.814700 
0.180000 -0.845209 0.880831 0.820125 
0.190000 -0.862702 0.868447 0.825440 
0.200000 -0.879944 0.855643 0.830645 
0.210000 -0.896925 0.842451 0.835741 
0.220000 -0.913639 0.828903 0.840725 
0.230000 -0.930078 0.815033 0.845600 
0.240000 -0.946238 0.800872 0.850364 
0.250000 -0.962111 0.786453 0.855018 
0.260000 -0.977694 0.771809 0.859562 
0.270000 -0.992982 0.756969 0.863997 
0.280000 -1.007971 0.741965 0.868323 
0.290000 -1.022659 0.726827 0.872542 
0.300000 -1.037043 0.711585 0.876654 
0.310000 -1.051122 0.696265 0.880659 
0.320000 -1.064893 0.680896 0.884560 
0.330000 -1.078357 0.665503 0.888357 
0.340000 -1.091513 0.650112 0.892052 
0.350000 -1.104361 0.634747 0.895645 
0.360000 -1.116903 0.619431 0.899139 
0.370000 -1.129139 0.604184 0.902535 
0.380000 -1.141071 0.589028 0.905834 
0.390000 -1.152700 0.573982 0.909038 
0.400000 -1.164031 0.559063 0.912149 
0.410000 -1.175064 0.544289 0.915168 
0.420000 -1.185803 0.529674 0.918097 
0.430000 -1.196252 0.515234 0.920937 
0.440000 -1.206413 0.500980 0.923692 
0.450000 -1.216292 0.486926 0.926362 
0.460000 -1.225892 0.473081 0.928949 
0.470000 -1.235217 0.459457 0.931455 
0.480000 -1.244271 0.446060 0.933882 
0.490000 -1.253060 0.432900 0.936232 
0.500000 -1.261589 0.419982 0.938506 
0.510000 -1.269861 0.407314 0.940708 
0.520000 -1.277883 0.394898 0.942837 
0.530000 -1.285659 0.382740 0.944897 
0.540000 -1.293194 0.370843 0.946888 
0.550000 -1.300494 0.359209 0.948814 
0.560000 -1.307564 0.347840 0.950675 
0.570000 -1.314410 0.336737 0.952473 
0.580000 -1.321035 0.325901 0.954211 
0.590000 -1.327447 0.315331 0.955889 
0.600000 -1.333650 0.305027 0.957510 
0.610000 -1.339650 0.294988 0.959075 
0.620000 -1.345452 0.285212 0.960586 
0.630000 -1.351060 0.275697 0.962045 
0.640000 -1.356481 0.266440 0.963452 
0.650000 -1.361719 0.257440 0.964811 
0.660000 -1.366780 0.248692 0.966121 
0.670000 -1.371669 0.240194 0.967385 
0.680000 -1.376390 0.231941 0.968605 
0.690000 -1.380948 0.223931 0.969780 
0.700000 -1.385348 0.216158 0.970914 
0.710000 -1.389596 0.208619 0.972007 
0.720000 -1.393695 0.201310 0.973061 
0.730000 -1.397650 0.194225 0.974076 
0.740000 -1.401465 0.187361 0.975055 
0.750000 -1.405146 0.180712 0.975998 
0.760000 -1.408695 0.174273 0.976907 
0.770000 -1.412118 0.168041 0.977783 
0.780000 -1.415418 0.162010 0.978626 
0.790000 -1.418599 0.156175 0.979438 
0.800000 -1.421666 0.150531 0.980221 
0.810000 -1.424622 0.145074 0.980975 
0.820000 -1.427470 0.139799 0.981700 
0.830000 -1.430215 0.134700 0.982399 
0.840000 -1.432860 0.129773 0.983072 
0.850000 -1.435407 0.125014 0.983719 
0.860000 -1.437861 0.120416 0.984343 
0.870000 -1.440225 0.115977 0.984943 
0.880000 -1.442501 0.111691 0.985520 
0.890000 -1.444693 0.107554 0.986076 
0.900000 -1.446804 0.103561 0.986611 
0.910000 -1.448837 0.099709 0.987126 
0.920000 -1.450794 0.095992 0.987622 
0.930000 -1.452677 0.092406 0.988099 
0.940000 -1.454491 0.088948 0.988557 
0.950000 -1.456236 0.085613 0.988999 
0.960000 -1.457916 0.082397 0.989423 
0.970000 -1.459533 0.079297 0.989831 
0.980000 -1.461089 0.076309 0.990224 
0.990000 -1.462586 0.073429 0.990602 
1.000000 -1.464026 0.070653 0.990966 
1.010000 -1.465413 0.067979 0.991315 
1.020000 -1.466746 0.065402 0.991652 
1.030000 -1.468029 0.062919 0.991975 
1.040000 -1.469264 0.060528 0.992286 
1.050000 -1.470451 0.058225 0.992585 
1.060000 -1.471593 0.056007 0.992873 
1.070000 -1.472692 0.053871 0.993149 
1.080000 -1.473749 0.051814 0.993415 
1.090000 -1.474765 0.049833 0.993671 
1.100000 -1.475742 0.047927 0.993917 
1.110000 -1.476682 0.046091 0.994154 
1.120000 -1.477586 0.044325 0.994381 
1.130000 -1.478456 0.042624 0.994599 
1.140000 -1.479292 0.040987 0.994809 
1.150000 -1.480096 0.039412 0.995011 
1.160000 -1.480869 0.037897 0.995206 
1.170000 -1.481612 0.036438 0.995392 
1.180000 -1.482327 0.035034 0.995572 
1.190000 -1.483014 0.033684 0.995744 
1.200000 -1.483674 0.032385 0.995910 
1.210000 -1.484309 0.031135 0.996070 
1.220000 -1.484920 0.029933 0.996223 
1.230000 -1.485507 0.028776 0.996370 
1.240000 -1.486071 0.027663 0.996512 
1.250000 -1.486614 0.026593 0.996648 
1.260000 -1.487135 0.025564 0.996779 
1.270000 -1.487637 0.024574 0.996904 
1.280000 -1.488119 0.023622 0.997025 
1.290000 -1.488582 0.022706 0.997141 
1.300000 -1.489027 0.021826 0.997253 
1.310000 -1.489455 0.020979 0.997360 
1.320000 -1.489866 0.020164 0.997463 
1.330000 -1.490262 0.019382 0.997562 
1.340000 -1.490642 0.018629 0.997658 
1.350000 -1.491007 0.017905 0.997749 
1.360000 -1.491358 0.017209 0.997837 
1.370000 -1.491696 0.016540 0.997922 
1.380000 -1.492020 0.015896 0.998003 
1.390000 -1.492332 0.015278 0.998081 
1.400000 -1.492631 0.014683 0.998156 
1.410000 -1.492919 0.014111 0.998228 
1.420000 -1.493196 0.013562 0.998298 
1.430000 -1.493462 0.013034 0.998364 
1.440000 -1.493717 0.012526 0.998428 
1.450000 -1.493963 0.012038 0.998490 
1.460000 -1.494199 0.011568 0.998549 
1.470000 -1.494426 0.011117 0.998605 
1.480000 -1.494644 0.010684 0.998660 
1.490000 -1.494853 0.010267 0.998712 
1.500000 -1.495055 0.009866 0.998763 
1.510000 -1.495248 0.009481 0.998811 
1.520000 -1.495434 0.009111 0.998858 
1.530000 -1.495613 0.008756 0.998903 
1.540000 -1.495784 0.008414 0.998946 
1.550000 -1.495949 0.008085 0.998987 
1.560000 -1.496108 0.007769 0.999026 
1.570000 -1.496260 0.007466 0.999065 
1.580000 -1.496406 0.007174 0.999101 
1.590000 -1.496547 0.006894 0.999136 
1.600000 -1.496682 0.006624 0.999170 
1.610000 -1.496812 0.006365 0.999203 
1.620000 -1.496937 0.006117 0.999234 
1.630000 -1.497057 0.005878 0.999264 
1.640000 -1.497172 0.005648 0.999293 
1.650000 -1.497283 0.005427 0.999320 
1.660000 -1.497389 0.005215 0.999347 
1.670000 -1.497492 0.005011 0.999373 
1.680000 -1.497590 0.004815 0.999397 
1.690000 -1.497684 0.004626 0.999421 
1.700000 -1.497775 0.004445 0.999444 
1.710000 -1.497862 0.004271 0.999465 
1.720000 -1.497946 0.004104 0.999486 
1.730000 -1.498026 0.003944 0.999506 
1.740000 -1.498104 0.003789 0.999526 
1.750000 -1.498178 0.003641 0.999544 
1.760000 -1.498249 0.003498 0.999562 
1.770000 -1.498318 0.003362 0.999579 
1.780000 -1.498384 0.003230 0.999596 
1.790000 -1.498447 0.003103 0.999612 
1.800000 -1.498508 0.002982 0.999627 
1.810000 -1.498566 0.002865 0.999642 
1.820000 -1.498623 0.002753 0.999656 
1.830000 -1.498677 0.002645 0.999669 
1.840000 -1.498728 0.002542 0.999682 
1.850000 -1.498778 0.002442 0.999695 
1.860000 -1.498826 0.002346 0.999706 
1.870000 -1.498872 0.002255 0.999718 
1.880000 -1.498916 0.002166 0.999729 
1.890000 -1.498959 0.002081 0.999740 
1.900000 -1.499000 0.002000 0.999750 
1.910000 -1.499039 0.001922 0.999760 
1.920000 -1.499076 0.001846 0.999769 
1.930000 -1.499113 0.001774 0.999778 
1.940000 -1.499147 0.001704 0.999787 
1.950000 -1.499181 0.001638 0.999795 
1.960000 -1.499213 0.001573 0.999803 
1.970000 -1.499244 0.001512 0.999811 
1.980000 -1.499273 0.001453 0.999818 
1.990000 -1.499302 0.001396 0.999825 
2.000000 -1.499329 0.001341 0.999832 
2.010000 -1.499356 0.001288 0.999839 
2.020000 -1.499381 0.001238 0.999845 
2.030000 -1.499405 0.001189 0.999851 
2.040000 -1.499428 0.001143 0.999857 
2.050000 -1.499451 0.001098 0.999863 
2.060000 -1.499472 0.001055 0.999868 
2.070000 -1.499493 0.001014 0.999873 
2.080000 -1.499513 0.000974 0.999878 
2.090000 -1.499532 0.000936 0.999883 
2.100000 -1.499550 0.000899 0.999888 
2.110000 -1.499568 0.000864 0.999892 
2.120000 -1.499585 0.000830 0.999896 
2.130000 -1.499601 0.000797 0.999900 
2.140000 -1.499617 0.000766 0.999904 
2.150000 -1.499632 0.000736 0.999908 
2.160000 -1.499646 0.000707 0.999912 
2.170000 -1.499660 0.000680 0.999915 
2.180000 -1.499673 0.000653 0.999918 
2.190000 -1.499686 0.000627 0.999922 
2.200000 -1.499699 0.000603 0.999925 
2.210000 -1.499710 0.000579 0.999928 
2.220000 -1.499722 0.000556 0.999930 
2.230000 -1.499733 0.000535 0.999933 
2.240000 -1.499743 0.000514 0.999936 
2.250000 -1.499753 0.000494 0.999938 
2.260000 -1.499763 0.000474 0.999941 
2.270000 -1.499772 0.000456 0.999943 
2.280000 -1.499781 0.000438 0.999945 
2.290000 -1.499790 0.000421 0.999947 
2.300000 -1.499798 0.000404 0.999949 
2.310000 -1.499806 0.000388 0.999951 
2.320000 -1.499813 0.000373 0.999953 
2.330000 -1.499821 0.000358 0.999955 
2.340000 -1.499828 0.000344 0.999957 
2.350000 -1.499835 0.000331 0.999959 
2.360000 -1.499841 0.000318 0.999960 
2.370000 -1.499847 0.000305 0.999962 
2.380000 -1.499853 0.000293 0.999963 
2.390000 -1.499859 0.000282 0.999965 
2.400000 -1.499865 0.000271 0.999966 
2.410000 -1.499870 0.000260 0.999967 
2.420000 -1.499875 0.000250 0.999969 
2.430000 -1.499880 0.000240 0.999970 
2.440000 -1.499885 0.000231 0.999971 
2.450000 -1.499889 0.000222 0.999972 
2.460000 -1.499893 0.000213 0.999973 
2.470000 -1.499898 0.000205 0.999974 
2.480000 -1.499902 0.000197 0.999975 
2.490000 -1.499905 0.000189 0.999976 
2.500000 -1.499909 0.000182 0.999977 
2.510000 -1.499913 0.000174 0.999978 
2.520000 -1.499916 0.000168 0.999979 
2.530000 -1.499919 0.000161 0.999980 
2.540000 -1.499923 0.000155 0.999981 
2.550000 -1.499926 0.000149 0.999981 
2.560000 -1.499929 0.000143 0.999982 
2.570000 -1.499931 0.000137 0.999983 
2.580000 -1.499934 0.000132 0.999984 
2.590000 -1.499937 0.000127 0.999984 
2.600000 -1.499939 0.000122 0.999985 
2.610000 -1.499942 0.000117 0.999985 
2.620000 -1.499944 0.000112 0.999986 
2.630000 -1.499946 0.000108 0.999987 
2.640000 -1.499948 0.000104 0.999987 
2.650000 -1.499950 0.000100 0.999988 
2.660000 -1.499952 0.000096 0.999988 
2.670000 -1.499954 0.000092 0.999988 
2.680000 -1.499956 0.000088 0.999989 
2.690000 -1.499958 0.000085 0.999989 
2.700000 -1.499959 0.000082 0.999990 
2.710000 -1.499961 0.000078 0.999990 
2.720000 -1.499962 0.000075 0.999991 
2.730000 -1.499964 0.000072 0.999991 
2.740000 -1.499965 0.000070 0.999991 
2.750000 -1.499967 0.000067 0.999992 
2.760000 -1.499968 0.000064 0.999992 
2.770000 -1.499969 0.000062 0.999992 
2.780000 -1.499970 0.000059 0.999993 
2.790000 -1.499972 0.000057 0.999993 
2.800000 -1.499973 0.000055 0.999993 
2.810000 -1.499974 0.000053 0.999993 
2.820000 -1.499975 0.000050 0.999994 
2.830000 -1.499976 0.000049 0.999994 
2.840000 -1.499977 0.000047 0.999994 
2.850000 -1.499978 0.000045 0.999994 
2.860000 -1.499978 0.000043 0.999995 
2.870000 -1.499979 0.000041 0.999995 
2.880000 -1.499980 0.000040 0.999995 
2.890000 -1.499981 0.000038 0.999995 
2.900000 -1.499982 0.000037 0.999995 
2.910000 -1.499982 0.000035 0.999996 
2.920000 -1.499983 0.000034 0.999996 
2.930000 -1.499984 0.000033 0.999996 
2.940000 -1.499984 0.000031 0.999996 
2.950000 -1.499985 0.000030 0.999996 
2.960000 -1.499986 0.000029 0.999996 
2.970000 -1.499986 0.000028 0.999997 
2.980000 -1.499987 0.000027 0.999997 
2.990000 -1.499987 0.000026 0.999997 
3.000000 -1.499988 0.000025 0.999997 
3.010000 -1.499988 0.000024 0.999997 
3.020000 -1.499989 0.000023 0.999997 
3.030000 -1.499989 0.000022 0.999997 
3.040000 -1.499990 0.000021 0.999997 
3.050000 -1.499990 0.000020 0.999997 
3.060000 -1.499990 0.000019 0.999998 
3.070000 -1.499991 0.000019 0.999998 
3.080000 -1.499991 0.000018 0.999998 
3.090000 -1.499991 0.000017 0.999998 
3.100000 -1.499992 0.000016 0.999998 
3.110000 -1.499992 0.000016 0.999998 
3.120000 -1.499992 0.000015 0.999998 
3.130000 -1.499993 0.000015 0.999998 
3.140000 -1.499993 0.000014 0.999998 
3.150000 -1.499993 0.000013 0.999998 
3.160000 -1.499994 0.000013 0.999998 
3.170000 -1.499994 0.000012 0.999998 
3.180000 -1.499994 0.000012 0.999999 
3.190000 -1.499994 0.000011 0.999999 
3.200000 -1.499994 0.000011 0.999999 
3.210000 -1.499995 0.000011 0.999999 
3.220000 -1.499995 0.000010 0.999999 
3.230000 -1.499995 0.000010 0.999999 
3.240000 -1.499995 0.000009 0.999999 
3.250000 -1.499995 0.000009 0.999999 
3.260000 -1.499996 0.000009 0.999999 
3.270000 -1.499996 0.000008 0.999999 
3.280000 -1.499996 0.000008 0.999999 
3.290000 -1.499996 0.000008 0.999999 
3.300000 -1.499996 0.000007 0.999999 
3.310000 -1.499996 0.000007 0.999999 
3.320000 -1.499997 0.000007 0.999999 
3.330000 -1.499997 0.000007 0.999999 
3.340000 -1.499997 0.000006 0.999999 
3.350000 -1.499997 0.000006 0.999999 
3.360000 -1.499997 0.000006 0.999999 
3.370000 -1.499997 0.000006 0.999999 
3.380000 -1.499997 0.000005 0.999999 
3.390000 -1.499997 0.000005 0.999999 
3.400000 -1.499998 0.000005 0.999999 
3.410000 -1.499998 0.000005 0.999999 
3.420000 -1.499998 0.000005 0.999999 
3.430000 -1.499998 0.000004 0.999999 
3.440000 -1.499998 0.000004 0.999999 
3.450000 -1.499998 0.000004 0.999999 
3.460000 -1.499998 0.000004 1.000000 
3.470000 -1.499998 0.000004 1.000000 
3.480000 -1.499998 0.000004 1.000000 
3.490000 -1.499998 0.000003 1.000000 
3.500000 -1.499998 0.000003 1.000000 
3.510000 -1.499998 0.000003 1.000000 
3.520000 -1.499998 0.000003 1.000000 
3.530000 -1.499999 0.000003 1.000000 
3.540000 -1.499999 0.000003 1.000000 
3.550000 -1.499999 0.000003 1.000000 
3.560000 -1.499999 0.000003 1.000000 
3.570000 -1.499999 0.000003 1.000000 
3.580000 -1.499999 0.000002 1.000000 
3.590000 -1.499999 0.000002 1.000000 
3.600000 -1.499999 0.000002 1.000000 
3.610000 -1.499999 0.000002 1.000000 
3.620000 -1.499999 0.000002 1.000000 
3.630000 -1.499999 0.000002 1.000000 
3.640000 -1.499999 0.000002 1.000000 
3.650000 -1.499999 0.000002 1.000000 
3.660000 -1.499999 0.000002 1.000000 
3.670000 -1.499999 0.000002 1.000000 
3.680000 -1.499999 0.000002 1.000000 
3.690000 -1.499999 0.000002 1.000000 
3.700000 -1.499999 0.000001 1.000000 
3.710000 -1.499999 0.000001 1.000000 
3.720000 -1.499999 0.000001 1.000000 
3.730000 -1.499999 0.000001 1.000000 
3.740000 -1.499999 0.000001 1.000000 
3.750000 -1.499999 0.000001 1.000000 
3.760000 -1.499999 0.000001 1.000000 
3.770000 -1.499999 0.000001 1.000000 
3.780000 -1.499999 0.000001 1.000000 
3.790000 -1.499999 0.000001 1.000000 
3.800000 -1.499999 0.000001 1.000000 
3.810000 -1.500000 0.000001 1.000000 
3.820000 -1.500000 0.000001 1.000000 
3.830000 -1.500000 0.000001 1.000000 
3.840000 -1.500000 0.000001 1.000000 
3.850000 -1.500000 0.000001 1.000000 
3.860000 -1.500000 0.000001 1.000000 
3.870000 -1.500000 0.000001 1.000000 
3.880000 -1.500000 0.000001 1.000000 
3.890000 -1.500000 0.000001 1.000000 
3.900000 -1.500000 0.000001 1.000000 
3.910000 -1.500000 0.000001 1.000000 
3.920000 -1.500000 0.000001 1.000000 
3.930000 -1.500000 0.000001 1.000000 
3.940000 -1.500000 0.000001 1.000000 
3.950000 -1.500000 0.000001 1.000000 
3.960000 -1.500000 0.000001 1.000000 
3.970000 -1.500000 0.000001 1.000000 
3.980000 -1.500000 0.000000 1.000000 
3.990000 -1.500000 0.000000 1.000000 
4.000000 -1.500000 0.000000 1.000000 
QITE gs wfn 
01 0.707339257708 0.000000000000 I 
10 -0.706874228208 0.000000000000 I 
