0.000000 -1.500000 0.750000 0.125000 
0.010000 -1.514999 0.749925 0.128787 
0.020000 -1.529995 0.749625 0.132631 
0.030000 -1.544983 0.749101 0.136529 
0.040000 -1.559958 0.748353 0.140480 
0.050000 -1.574917 0.747382 0.144485 
0.060000 -1.589854 0.746191 0.148541 
0.070000 -1.604766 0.744779 0.152648 
0.080000 -1.619648 0.743151 0.156804 
0.090000 -1.634498 0.741285 0.161003 
0.100000 -1.649309 0.739207 0.165249 
0.110000 -1.664099 0.737160 0.169612 
0.120000 -1.678849 0.734929 0.174028 
0.130000 -1.693555 0.732515 0.178497 
0.140000 -1.708213 0.729922 0.183017 
0.150000 -1.722821 0.727153 0.187588 
0.160000 -1.737374 0.724212 0.192207 
0.170000 -1.751870 0.721101 0.196873 
0.180000 -1.766305 0.717824 0.201587 
0.190000 -1.780676 0.714386 0.206345 
0.200000 -1.794979 0.710791 0.211147 
0.210000 -1.809211 0.707037 0.215990 
0.220000 -1.823370 0.703135 0.220873 
0.230000 -1.837452 0.699088 0.225796 
0.240000 -1.851455 0.694900 0.230758 
0.250000 -1.865376 0.690578 0.235756 
0.260000 -1.879211 0.686125 0.240789 
0.270000 -1.892959 0.681547 0.245855 
0.280000 -1.906617 0.676849 0.250954 
0.290000 -1.920182 0.672035 0.256084 
0.300000 -1.933651 0.667111 0.261243 
0.310000 -1.947021 0.662074 0.266425 
0.320000 -1.960290 0.656937 0.271634 
0.330000 -1.973458 0.651706 0.276866 
0.340000 -1.986520 0.646386 0.282122 
0.350000 -1.999477 0.640982 0.287398 
0.360000 -2.012324 0.635500 0.292695 
0.370000 -2.025062 0.629945 0.298009 
0.380000 -2.037688 0.624322 0.303339 
0.390000 -2.050200 0.618637 0.308685 
0.400000 -2.062597 0.612895 0.314044 
0.410000 -2.074872 0.607089 0.319408 
0.420000 -2.087028 0.601236 0.324781 
0.430000 -2.099065 0.595342 0.330164 
0.440000 -2.110981 0.589412 0.335553 
0.450000 -2.122775 0.583450 0.340948 
0.460000 -2.134446 0.577462 0.346346 
0.470000 -2.145993 0.571453 0.351748 
0.480000 -2.157415 0.565426 0.357150 
0.490000 -2.168712 0.559388 0.362553 
0.500000 -2.179883 0.553341 0.367953 
0.510000 -2.190917 0.547276 0.373339 
0.520000 -2.201824 0.541213 0.378720 
0.530000 -2.212602 0.535155 0.384095 
0.540000 -2.223253 0.529106 0.389462 
0.550000 -2.233775 0.523071 0.394821 
0.560000 -2.244168 0.517054 0.400171 
0.570000 -2.254433 0.511057 0.405509 
0.580000 -2.264569 0.505084 0.410835 
0.590000 -2.274576 0.499139 0.416147 
0.600000 -2.284455 0.493225 0.421445 
0.610000 -2.294190 0.487329 0.426710 
0.620000 -2.303798 0.481471 0.431958 
0.630000 -2.313277 0.475653 0.437187 
0.640000 -2.322629 0.469878 0.442398 
0.650000 -2.331854 0.464149 0.447589 
0.660000 -2.340953 0.458467 0.452759 
0.670000 -2.349926 0.452836 0.457908 
0.680000 -2.358775 0.447256 0.463033 
0.690000 -2.367499 0.441729 0.468136 
0.700000 -2.376080 0.436247 0.473192 
0.710000 -2.384537 0.430821 0.478221 
0.720000 -2.392871 0.425454 0.483224 
0.730000 -2.401084 0.420149 0.488200 
0.740000 -2.409178 0.414906 0.493149 
0.750000 -2.417154 0.409727 0.498070 
0.760000 -2.425011 0.404611 0.502963 
0.770000 -2.432735 0.399555 0.507809 
0.780000 -2.440344 0.394565 0.512625 
0.790000 -2.447839 0.389641 0.517411 
0.800000 -2.455221 0.384786 0.522167 
0.810000 -2.462478 0.379995 0.526878 
0.820000 -2.469625 0.375273 0.531558 
0.830000 -2.476663 0.370620 0.536206 
0.840000 -2.483594 0.366035 0.540822 
0.850000 -2.490404 0.361518 0.545390 
0.860000 -2.497109 0.357069 0.549927 
0.870000 -2.503711 0.352690 0.554430 
0.880000 -2.510210 0.348379 0.558900 
0.890000 -2.516594 0.344136 0.563321 
0.900000 -2.522878 0.339961 0.567708 
0.910000 -2.529056 0.335854 0.572053 
0.920000 -2.535138 0.331815 0.576364 
0.930000 -2.541126 0.327843 0.580641 
0.940000 -2.547007 0.323937 0.584871 
0.950000 -2.552797 0.320098 0.589068 
0.960000 -2.558496 0.316324 0.593230 
0.970000 -2.564093 0.312615 0.597344 
0.980000 -2.569602 0.308971 0.601423 
0.990000 -2.575026 0.305389 0.605469 
1.000000 -2.580351 0.301871 0.609467 
1.010000 -2.585589 0.298416 0.613425 
1.020000 -2.590745 0.295020 0.617349 
1.030000 -2.595811 0.291687 0.621230 
1.040000 -2.600798 0.288411 0.625077 
1.050000 -2.605699 0.285196 0.628880 
1.060000 -2.610523 0.282037 0.632649 
1.070000 -2.615263 0.278937 0.636375 
1.080000 -2.619931 0.275891 0.640067 
1.090000 -2.624516 0.272902 0.643716 
1.100000 -2.629025 0.269967 0.647326 
1.110000 -2.633460 0.267085 0.650898 
1.120000 -2.637829 0.264253 0.654438 
1.130000 -2.642120 0.261475 0.657934 
1.140000 -2.646347 0.258745 0.661398 
1.150000 -2.650498 0.256067 0.664819 
1.160000 -2.654581 0.253437 0.668203 
1.170000 -2.658602 0.250853 0.671552 
1.180000 -2.662556 0.248315 0.674865 
1.190000 -2.666443 0.245825 0.678138 
1.200000 -2.670267 0.243379 0.681374 
1.210000 -2.674029 0.240977 0.684574 
1.220000 -2.677731 0.238618 0.687738 
1.230000 -2.681372 0.236301 0.690866 
1.240000 -2.684955 0.234025 0.693958 
1.250000 -2.688480 0.231789 0.697015 
1.260000 -2.691949 0.229592 0.700037 
1.270000 -2.695362 0.227433 0.703024 
1.280000 -2.698720 0.225313 0.705977 
1.290000 -2.702025 0.223228 0.708895 
1.300000 -2.705278 0.221180 0.711778 
1.310000 -2.708478 0.219167 0.714628 
1.320000 -2.711628 0.217189 0.717445 
1.330000 -2.714729 0.215244 0.720228 
1.340000 -2.717780 0.213331 0.722978 
1.350000 -2.720784 0.211451 0.725695 
1.360000 -2.723740 0.209602 0.728380 
1.370000 -2.726650 0.207784 0.731032 
1.380000 -2.729515 0.205996 0.733653 
1.390000 -2.732335 0.204237 0.736241 
1.400000 -2.735111 0.202507 0.738798 
1.410000 -2.737844 0.200805 0.741324 
1.420000 -2.740535 0.199130 0.743819 
1.430000 -2.743184 0.197482 0.746283 
1.440000 -2.745792 0.195860 0.748717 
1.450000 -2.748360 0.194264 0.751121 
1.460000 -2.750889 0.192693 0.753495 
1.470000 -2.753378 0.191146 0.755839 
1.480000 -2.755830 0.189624 0.758154 
1.490000 -2.758244 0.188125 0.760440 
1.500000 -2.760622 0.186648 0.762697 
1.510000 -2.762963 0.185195 0.764925 
1.520000 -2.765268 0.183763 0.767126 
1.530000 -2.767539 0.182353 0.769298 
1.540000 -2.769775 0.180964 0.771442 
1.550000 -2.771977 0.179596 0.773559 
1.560000 -2.774146 0.178247 0.775649 
1.570000 -2.776283 0.176919 0.777712 
1.580000 -2.778387 0.175610 0.779748 
1.590000 -2.780459 0.174321 0.781758 
1.600000 -2.782500 0.173050 0.783741 
1.610000 -2.784510 0.171797 0.785699 
1.620000 -2.786491 0.170562 0.787630 
1.630000 -2.788441 0.169345 0.789537 
1.640000 -2.790362 0.168145 0.791418 
1.650000 -2.792254 0.166963 0.793274 
1.660000 -2.794118 0.165797 0.795106 
1.670000 -2.795955 0.164647 0.796913 
1.680000 -2.797763 0.163514 0.798696 
1.690000 -2.799545 0.162396 0.800455 
1.700000 -2.801300 0.161294 0.802190 
1.710000 -2.803028 0.160207 0.803902 
1.720000 -2.804731 0.159135 0.805591 
1.730000 -2.806408 0.158078 0.807257 
1.740000 -2.808060 0.157035 0.808900 
1.750000 -2.809688 0.156007 0.810520 
1.760000 -2.811291 0.154993 0.812118 
1.770000 -2.812870 0.153992 0.813694 
1.780000 -2.814425 0.153005 0.815249 
1.790000 -2.815958 0.152032 0.816782 
1.800000 -2.817467 0.151072 0.818293 
1.810000 -2.818953 0.150125 0.819783 
1.820000 -2.820418 0.149190 0.821253 
1.830000 -2.821860 0.148269 0.822702 
1.840000 -2.823281 0.147359 0.824130 
1.850000 -2.824680 0.146462 0.825538 
1.860000 -2.826058 0.145578 0.826926 
1.870000 -2.827416 0.144705 0.828295 
1.880000 -2.828753 0.143843 0.829644 
1.890000 -2.830070 0.142994 0.830973 
1.900000 -2.831367 0.142155 0.832284 
1.910000 -2.832644 0.141329 0.833576 
1.920000 -2.833902 0.140513 0.834848 
1.930000 -2.835141 0.139708 0.836103 
1.940000 -2.836361 0.138914 0.837339 
1.950000 -2.837563 0.138131 0.838557 
1.960000 -2.838747 0.137358 0.839758 
1.970000 -2.839912 0.136596 0.840940 
1.980000 -2.841060 0.135844 0.842106 
1.990000 -2.842190 0.135102 0.843254 
2.000000 -2.843303 0.134371 0.844385 
2.010000 -2.844399 0.133649 0.845499 
2.020000 -2.845478 0.132937 0.846597 
2.030000 -2.846540 0.132235 0.847678 
2.040000 -2.847586 0.131542 0.848743 
2.050000 -2.848616 0.130859 0.849792 
2.060000 -2.849630 0.130185 0.850825 
2.070000 -2.850629 0.129520 0.851843 
2.080000 -2.851612 0.128864 0.852845 
2.090000 -2.852580 0.128218 0.853832 
2.100000 -2.853533 0.127580 0.854804 
2.110000 -2.854471 0.126951 0.855761 
2.120000 -2.855394 0.126331 0.856703 
2.130000 -2.856303 0.125719 0.857631 
2.140000 -2.857198 0.125116 0.858544 
2.150000 -2.858078 0.124521 0.859444 
2.160000 -2.858945 0.123935 0.860329 
2.170000 -2.859799 0.123357 0.861201 
2.180000 -2.860639 0.122786 0.862059 
2.190000 -2.861465 0.122224 0.862904 
2.200000 -2.862279 0.121670 0.863735 
2.210000 -2.863080 0.121124 0.864554 
2.220000 -2.863868 0.120585 0.865359 
2.230000 -2.864643 0.120054 0.866152 
2.240000 -2.865406 0.119530 0.866932 
2.250000 -2.866157 0.119014 0.867700 
2.260000 -2.866896 0.118506 0.868456 
2.270000 -2.867624 0.118004 0.869199 
2.280000 -2.868339 0.117510 0.869931 
2.290000 -2.869043 0.117023 0.870651 
2.300000 -2.869736 0.116543 0.871360 
2.310000 -2.870418 0.116070 0.872057 
2.320000 -2.871088 0.115604 0.872742 
2.330000 -2.871748 0.115144 0.873417 
2.340000 -2.872397 0.114692 0.874081 
2.350000 -2.873036 0.114245 0.874734 
2.360000 -2.873664 0.113806 0.875376 
2.370000 -2.874282 0.113373 0.876008 
2.380000 -2.874890 0.112946 0.876630 
2.390000 -2.875488 0.112526 0.877241 
2.400000 -2.876076 0.112112 0.877842 
2.410000 -2.876654 0.111704 0.878434 
2.420000 -2.877223 0.111302 0.879015 
2.430000 -2.877783 0.110906 0.879587 
2.440000 -2.878333 0.110516 0.880150 
2.450000 -2.878875 0.110132 0.880703 
2.460000 -2.879407 0.109753 0.881247 
2.470000 -2.879931 0.109381 0.881782 
2.480000 -2.880445 0.109014 0.882308 
2.490000 -2.880952 0.108652 0.882825 
2.500000 -2.881450 0.108296 0.883334 
2.510000 -2.881939 0.107946 0.883834 
2.520000 -2.882421 0.107601 0.884325 
2.530000 -2.882894 0.107261 0.884809 
2.540000 -2.883359 0.106926 0.885284 
2.550000 -2.883817 0.106597 0.885751 
2.560000 -2.884267 0.106273 0.886210 
2.570000 -2.884709 0.105953 0.886661 
2.580000 -2.885144 0.105639 0.887105 
2.590000 -2.885571 0.105330 0.887541 
2.600000 -2.885992 0.105025 0.887970 
2.610000 -2.886405 0.104725 0.888391 
2.620000 -2.886811 0.104430 0.888805 
2.630000 -2.887210 0.104139 0.889212 
2.640000 -2.887603 0.103853 0.889612 
2.650000 -2.887988 0.103572 0.890006 
2.660000 -2.888367 0.103295 0.890392 
2.670000 -2.888740 0.103022 0.890772 
2.680000 -2.889106 0.102754 0.891145 
2.690000 -2.889466 0.102490 0.891511 
2.700000 -2.889820 0.102231 0.891872 
2.710000 -2.890168 0.101975 0.892226 
2.720000 -2.890510 0.101723 0.892574 
2.730000 -2.890845 0.101476 0.892915 
2.740000 -2.891176 0.101233 0.893251 
2.750000 -2.891500 0.100993 0.893581 
2.760000 -2.891819 0.100757 0.893905 
2.770000 -2.892132 0.100526 0.894224 
2.780000 -2.892439 0.100297 0.894537 
2.790000 -2.892742 0.100073 0.894844 
2.800000 -2.893039 0.099852 0.895146 
2.810000 -2.893331 0.099635 0.895443 
2.820000 -2.893618 0.099422 0.895735 
2.830000 -2.893900 0.099212 0.896021 
2.840000 -2.894176 0.099005 0.896302 
2.850000 -2.894448 0.098802 0.896578 
2.860000 -2.894716 0.098602 0.896850 
2.870000 -2.894978 0.098406 0.897116 
2.880000 -2.895236 0.098212 0.897378 
2.890000 -2.895490 0.098022 0.897635 
2.900000 -2.895739 0.097836 0.897888 
2.910000 -2.895983 0.097652 0.898136 
2.920000 -2.896223 0.097471 0.898379 
2.930000 -2.896459 0.097293 0.898619 
2.940000 -2.896691 0.097119 0.898854 
2.950000 -2.896919 0.096947 0.899084 
2.960000 -2.897142 0.096778 0.899311 
2.970000 -2.897362 0.096612 0.899534 
2.980000 -2.897578 0.096449 0.899752 
2.990000 -2.897790 0.096288 0.899967 
3.000000 -2.897998 0.096131 0.900178 
3.010000 -2.898202 0.095975 0.900384 
3.020000 -2.898403 0.095823 0.900588 
3.030000 -2.898600 0.095673 0.900787 
3.040000 -2.898794 0.095526 0.900983 
3.050000 -2.898984 0.095381 0.901175 
3.060000 -2.899171 0.095239 0.901364 
3.070000 -2.899354 0.095099 0.901550 
3.080000 -2.899534 0.094961 0.901732 
3.090000 -2.899711 0.094826 0.901911 
3.100000 -2.899885 0.094693 0.902086 
3.110000 -2.900056 0.094563 0.902259 
3.120000 -2.900223 0.094435 0.902428 
3.130000 -2.900388 0.094308 0.902594 
3.140000 -2.900549 0.094185 0.902757 
3.150000 -2.900708 0.094063 0.902917 
3.160000 -2.900863 0.093943 0.903074 
3.170000 -2.901016 0.093826 0.903228 
3.180000 -2.901166 0.093710 0.903380 
3.190000 -2.901314 0.093597 0.903528 
3.200000 -2.901458 0.093485 0.903674 
3.210000 -2.901600 0.093376 0.903818 
3.220000 -2.901740 0.093268 0.903958 
3.230000 -2.901877 0.093162 0.904096 
3.240000 -2.902011 0.093058 0.904232 
3.250000 -2.902143 0.092956 0.904365 
3.260000 -2.902273 0.092856 0.904495 
3.270000 -2.902400 0.092757 0.904624 
3.280000 -2.902525 0.092660 0.904749 
3.290000 -2.902648 0.092565 0.904873 
3.300000 -2.902768 0.092472 0.904994 
3.310000 -2.902886 0.092380 0.905113 
3.320000 -2.903002 0.092290 0.905230 
3.330000 -2.903116 0.092201 0.905344 
3.340000 -2.903228 0.092114 0.905457 
3.350000 -2.903337 0.092029 0.905567 
3.360000 -2.903445 0.091945 0.905675 
3.370000 -2.903551 0.091862 0.905781 
3.380000 -2.903655 0.091781 0.905886 
3.390000 -2.903756 0.091702 0.905988 
3.400000 -2.903856 0.091624 0.906089 
3.410000 -2.903955 0.091547 0.906187 
3.420000 -2.904051 0.091472 0.906284 
3.430000 -2.904145 0.091398 0.906379 
3.440000 -2.904238 0.091325 0.906472 
3.450000 -2.904329 0.091253 0.906563 
3.460000 -2.904419 0.091183 0.906653 
3.470000 -2.904506 0.091115 0.906741 
3.480000 -2.904592 0.091047 0.906828 
3.490000 -2.904677 0.090981 0.906912 
3.500000 -2.904760 0.090915 0.906996 
3.510000 -2.904841 0.090851 0.907077 
3.520000 -2.904921 0.090788 0.907157 
3.530000 -2.905000 0.090727 0.907236 
3.540000 -2.905077 0.090666 0.907313 
3.550000 -2.905152 0.090607 0.907389 
3.560000 -2.905226 0.090548 0.907463 
3.570000 -2.905299 0.090491 0.907536 
3.580000 -2.905370 0.090434 0.907607 
3.590000 -2.905440 0.090379 0.907678 
3.600000 -2.905509 0.090325 0.907746 
3.610000 -2.905576 0.090271 0.907814 
3.620000 -2.905643 0.090219 0.907880 
3.630000 -2.905708 0.090168 0.907945 
3.640000 -2.905771 0.090117 0.908009 
3.650000 -2.905834 0.090068 0.908072 
3.660000 -2.905895 0.090019 0.908133 
3.670000 -2.905955 0.089971 0.908193 
3.680000 -2.906015 0.089924 0.908252 
3.690000 -2.906073 0.089878 0.908310 
3.700000 -2.906129 0.089833 0.908367 
3.710000 -2.906185 0.089789 0.908423 
3.720000 -2.906240 0.089745 0.908478 
3.730000 -2.906294 0.089702 0.908532 
3.740000 -2.906347 0.089660 0.908584 
3.750000 -2.906398 0.089619 0.908636 
3.760000 -2.906449 0.089579 0.908687 
3.770000 -2.906499 0.089539 0.908737 
3.780000 -2.906548 0.089500 0.908785 
3.790000 -2.906596 0.089462 0.908833 
3.800000 -2.906643 0.089424 0.908880 
3.810000 -2.906689 0.089387 0.908926 
3.820000 -2.906734 0.089351 0.908972 
3.830000 -2.906779 0.089316 0.909016 
3.840000 -2.906822 0.089281 0.909059 
3.850000 -2.906865 0.089247 0.909102 
3.860000 -2.906907 0.089213 0.909144 
3.870000 -2.906948 0.089180 0.909185 
3.880000 -2.906989 0.089148 0.909225 
3.890000 -2.907028 0.089116 0.909265 
3.900000 -2.907067 0.089085 0.909304 
3.910000 -2.907105 0.089054 0.909342 
3.920000 -2.907143 0.089024 0.909379 
3.930000 -2.907180 0.088995 0.909416 
3.940000 -2.907216 0.088966 0.909452 
3.950000 -2.907251 0.088937 0.909487 
3.960000 -2.907286 0.088910 0.909521 
3.970000 -2.907320 0.088882 0.909555 
3.980000 -2.907353 0.088855 0.909589 
3.990000 -2.907386 0.088829 0.909621 
4.000000 -2.907418 0.088803 0.909653 
4.010000 -2.907449 0.088778 0.909685 
4.020000 -2.907480 0.088753 0.909715 
4.030000 -2.907511 0.088729 0.909745 
4.040000 -2.907540 0.088705 0.909775 
4.050000 -2.907570 0.088681 0.909804 
4.060000 -2.907598 0.088658 0.909833 
4.070000 -2.907626 0.088635 0.909861 
4.080000 -2.907654 0.088613 0.909888 
4.090000 -2.907681 0.088591 0.909915 
4.100000 -2.907707 0.088570 0.909941 
4.110000 -2.907733 0.088549 0.909967 
4.120000 -2.907759 0.088528 0.909992 
4.130000 -2.907784 0.088508 0.910017 
4.140000 -2.907809 0.088488 0.910042 
4.150000 -2.907833 0.088469 0.910066 
4.160000 -2.907856 0.088450 0.910089 
4.170000 -2.907879 0.088431 0.910112 
4.180000 -2.907902 0.088413 0.910135 
4.190000 -2.907924 0.088395 0.910157 
4.200000 -2.907946 0.088377 0.910179 
4.210000 -2.907968 0.088360 0.910200 
4.220000 -2.907989 0.088343 0.910221 
4.230000 -2.908009 0.088326 0.910241 
4.240000 -2.908030 0.088309 0.910261 
4.250000 -2.908050 0.088293 0.910281 
4.260000 -2.908069 0.088278 0.910301 
4.270000 -2.908088 0.088262 0.910320 
4.280000 -2.908107 0.088247 0.910338 
4.290000 -2.908125 0.088232 0.910356 
4.300000 -2.908143 0.088217 0.910374 
4.310000 -2.908161 0.088203 0.910392 
4.320000 -2.908178 0.088189 0.910409 
4.330000 -2.908195 0.088175 0.910426 
4.340000 -2.908212 0.088162 0.910442 
4.350000 -2.908228 0.088148 0.910459 
4.360000 -2.908244 0.088135 0.910475 
4.370000 -2.908260 0.088122 0.910490 
4.380000 -2.908276 0.088110 0.910506 
4.390000 -2.908291 0.088097 0.910521 
4.400000 -2.908306 0.088085 0.910535 
4.410000 -2.908320 0.088074 0.910550 
4.420000 -2.908335 0.088062 0.910564 
4.430000 -2.908349 0.088050 0.910578 
4.440000 -2.908362 0.088039 0.910591 
4.450000 -2.908376 0.088028 0.910605 
4.460000 -2.908389 0.088017 0.910618 
4.470000 -2.908402 0.088007 0.910631 
4.480000 -2.908415 0.087997 0.910643 
4.490000 -2.908427 0.087986 0.910656 
4.500000 -2.908439 0.087976 0.910668 
4.510000 -2.908451 0.087967 0.910680 
4.520000 -2.908463 0.087957 0.910691 
4.530000 -2.908475 0.087948 0.910703 
4.540000 -2.908486 0.087938 0.910714 
4.550000 -2.908497 0.087929 0.910725 
4.560000 -2.908508 0.087920 0.910736 
4.570000 -2.908519 0.087912 0.910746 
4.580000 -2.908529 0.087903 0.910757 
4.590000 -2.908539 0.087895 0.910767 
4.600000 -2.908550 0.087886 0.910777 
4.610000 -2.908559 0.087878 0.910787 
4.620000 -2.908569 0.087870 0.910796 
4.630000 -2.908579 0.087863 0.910806 
4.640000 -2.908588 0.087855 0.910815 
4.650000 -2.908597 0.087848 0.910824 
4.660000 -2.908606 0.087840 0.910833 
4.670000 -2.908615 0.087833 0.910842 
4.680000 -2.908624 0.087826 0.910850 
4.690000 -2.908632 0.087819 0.910858 
4.700000 -2.908640 0.087812 0.910867 
4.710000 -2.908648 0.087806 0.910875 
4.720000 -2.908656 0.087799 0.910883 
4.730000 -2.908664 0.087793 0.910890 
4.740000 -2.908672 0.087786 0.910898 
4.750000 -2.908679 0.087780 0.910905 
4.760000 -2.908687 0.087774 0.910913 
4.770000 -2.908694 0.087768 0.910920 
4.780000 -2.908701 0.087762 0.910927 
4.790000 -2.908708 0.087757 0.910934 
4.800000 -2.908715 0.087751 0.910940 
4.810000 -2.908722 0.087746 0.910947 
4.820000 -2.908728 0.087740 0.910953 
4.830000 -2.908735 0.087735 0.910960 
4.840000 -2.908741 0.087730 0.910966 
4.850000 -2.908747 0.087725 0.910972 
4.860000 -2.908753 0.087720 0.910978 
4.870000 -2.908759 0.087715 0.910984 
4.880000 -2.908765 0.087710 0.910990 
4.890000 -2.908771 0.087705 0.910996 
4.900000 -2.908776 0.087701 0.911001 
4.910000 -2.908782 0.087696 0.911006 
4.920000 -2.908787 0.087692 0.911012 
4.930000 -2.908792 0.087687 0.911017 
4.940000 -2.908798 0.087683 0.911022 
4.950000 -2.908803 0.087679 0.911027 
4.960000 -2.908808 0.087675 0.911032 
4.970000 -2.908813 0.087671 0.911037 
4.980000 -2.908817 0.087667 0.911042 
4.990000 -2.908822 0.087663 0.911046 
5.000000 -2.908827 0.087659 0.911051 
5.010000 -2.908831 0.087655 0.911055 
5.020000 -2.908836 0.087652 0.911060 
5.030000 -2.908840 0.087648 0.911064 
5.040000 -2.908844 0.087645 0.911068 
5.050000 -2.908849 0.087641 0.911072 
5.060000 -2.908853 0.087638 0.911076 
5.070000 -2.908857 0.087634 0.911080 
5.080000 -2.908861 0.087631 0.911084 
5.090000 -2.908865 0.087628 0.911088 
5.100000 -2.908868 0.087625 0.911092 
5.110000 -2.908872 0.087622 0.911096 
5.120000 -2.908876 0.087619 0.911099 
5.130000 -2.908879 0.087616 0.911103 
5.140000 -2.908883 0.087613 0.911106 
5.150000 -2.908886 0.087610 0.911110 
5.160000 -2.908890 0.087607 0.911113 
5.170000 -2.908893 0.087605 0.911116 
5.180000 -2.908896 0.087602 0.911119 
5.190000 -2.908899 0.087599 0.911122 
5.200000 -2.908902 0.087597 0.911126 
5.210000 -2.908906 0.087594 0.911129 
5.220000 -2.908909 0.087592 0.911132 
5.230000 -2.908911 0.087589 0.911134 
5.240000 -2.908914 0.087587 0.911137 
5.250000 -2.908917 0.087584 0.911140 
5.260000 -2.908920 0.087582 0.911143 
5.270000 -2.908923 0.087580 0.911145 
5.280000 -2.908925 0.087578 0.911148 
5.290000 -2.908928 0.087576 0.911151 
5.300000 -2.908931 0.087573 0.911153 
5.310000 -2.908933 0.087571 0.911156 
5.320000 -2.908935 0.087569 0.911158 
5.330000 -2.908938 0.087567 0.911160 
5.340000 -2.908940 0.087565 0.911163 
5.350000 -2.908943 0.087563 0.911165 
5.360000 -2.908945 0.087562 0.911167 
5.370000 -2.908947 0.087560 0.911170 
5.380000 -2.908949 0.087558 0.911172 
5.390000 -2.908951 0.087556 0.911174 
5.400000 -2.908954 0.087554 0.911176 
5.410000 -2.908956 0.087553 0.911178 
5.420000 -2.908958 0.087551 0.911180 
5.430000 -2.908960 0.087549 0.911182 
5.440000 -2.908962 0.087548 0.911184 
5.450000 -2.908964 0.087546 0.911186 
5.460000 -2.908965 0.087545 0.911188 
5.470000 -2.908967 0.087543 0.911189 
5.480000 -2.908969 0.087542 0.911191 
5.490000 -2.908971 0.087540 0.911193 
5.500000 -2.908973 0.087539 0.911195 
5.510000 -2.908974 0.087537 0.911196 
5.520000 -2.908976 0.087536 0.911198 
5.530000 -2.908978 0.087535 0.911199 
5.540000 -2.908979 0.087533 0.911201 
5.550000 -2.908981 0.087532 0.911203 
5.560000 -2.908982 0.087531 0.911204 
5.570000 -2.908984 0.087529 0.911206 
5.580000 -2.908985 0.087528 0.911207 
5.590000 -2.908987 0.087527 0.911208 
5.600000 -2.908988 0.087526 0.911210 
5.610000 -2.908989 0.087525 0.911211 
5.620000 -2.908991 0.087524 0.911213 
5.630000 -2.908992 0.087522 0.911214 
5.640000 -2.908993 0.087521 0.911215 
5.650000 -2.908995 0.087520 0.911216 
5.660000 -2.908996 0.087519 0.911218 
5.670000 -2.908997 0.087518 0.911219 
5.680000 -2.908999 0.087517 0.911220 
5.690000 -2.909000 0.087516 0.911221 
5.700000 -2.909001 0.087515 0.911222 
5.710000 -2.909002 0.087514 0.911224 
5.720000 -2.909003 0.087513 0.911225 
5.730000 -2.909004 0.087512 0.911226 
5.740000 -2.909005 0.087511 0.911227 
5.750000 -2.909006 0.087511 0.911228 
5.760000 -2.909007 0.087510 0.911229 
5.770000 -2.909008 0.087509 0.911230 
5.780000 -2.909009 0.087508 0.911231 
5.790000 -2.909010 0.087507 0.911232 
5.800000 -2.909011 0.087506 0.911233 
5.810000 -2.909012 0.087506 0.911234 
5.820000 -2.909013 0.087505 0.911235 
5.830000 -2.909014 0.087504 0.911236 
5.840000 -2.909015 0.087503 0.911236 
5.850000 -2.909016 0.087503 0.911237 
5.860000 -2.909017 0.087502 0.911238 
5.870000 -2.909018 0.087501 0.911239 
5.880000 -2.909018 0.087501 0.911240 
5.890000 -2.909019 0.087500 0.911241 
5.900000 -2.909020 0.087499 0.911241 
5.910000 -2.909021 0.087499 0.911242 
5.920000 -2.909022 0.087498 0.911243 
5.930000 -2.909022 0.087497 0.911244 
5.940000 -2.909023 0.087497 0.911244 
5.950000 -2.909024 0.087496 0.911245 
5.960000 -2.909024 0.087496 0.911246 
5.970000 -2.909025 0.087495 0.911246 
5.980000 -2.909026 0.087495 0.911247 
5.990000 -2.909026 0.087494 0.911248 
6.000000 -2.909027 0.087493 0.911248 
6.010000 -2.909028 0.087493 0.911249 
6.020000 -2.909028 0.087492 0.911249 
6.030000 -2.909029 0.087492 0.911250 
6.040000 -2.909030 0.087491 0.911251 
6.050000 -2.909030 0.087491 0.911251 
6.060000 -2.909031 0.087490 0.911252 
6.070000 -2.909031 0.087490 0.911252 
6.080000 -2.909032 0.087489 0.911253 
6.090000 -2.909032 0.087489 0.911253 
6.100000 -2.909033 0.087489 0.911254 
6.110000 -2.909033 0.087488 0.911254 
6.120000 -2.909034 0.087488 0.911255 
6.130000 -2.909034 0.087487 0.911255 
6.140000 -2.909035 0.087487 0.911256 
6.150000 -2.909035 0.087487 0.911256 
6.160000 -2.909036 0.087486 0.911257 
6.170000 -2.909036 0.087486 0.911257 
6.180000 -2.909037 0.087485 0.911258 
6.190000 -2.909037 0.087485 0.911258 
6.200000 -2.909038 0.087485 0.911259 
6.210000 -2.909038 0.087484 0.911259 
6.220000 -2.909039 0.087484 0.911259 
6.230000 -2.909039 0.087484 0.911260 
6.240000 -2.909039 0.087483 0.911260 
6.250000 -2.909040 0.087483 0.911261 
6.260000 -2.909040 0.087483 0.911261 
6.270000 -2.909040 0.087482 0.911261 
6.280000 -2.909041 0.087482 0.911262 
6.290000 -2.909041 0.087482 0.911262 
6.300000 -2.909042 0.087481 0.911262 
6.310000 -2.909042 0.087481 0.911263 
6.320000 -2.909042 0.087481 0.911263 
6.330000 -2.909043 0.087480 0.911263 
6.340000 -2.909043 0.087480 0.911264 
6.350000 -2.909043 0.087480 0.911264 
6.360000 -2.909044 0.087480 0.911264 
6.370000 -2.909044 0.087479 0.911265 
6.380000 -2.909044 0.087479 0.911265 
6.390000 -2.909044 0.087479 0.911265 
6.400000 -2.909045 0.087479 0.911266 
6.410000 -2.909045 0.087478 0.911266 
6.420000 -2.909045 0.087478 0.911266 
6.430000 -2.909046 0.087478 0.911266 
6.440000 -2.909046 0.087478 0.911267 
6.450000 -2.909046 0.087478 0.911267 
6.460000 -2.909046 0.087477 0.911267 
6.470000 -2.909047 0.087477 0.911268 
6.480000 -2.909047 0.087477 0.911268 
6.490000 -2.909047 0.087477 0.911268 
6.500000 -2.909047 0.087476 0.911268 
6.510000 -2.909048 0.087476 0.911268 
6.520000 -2.909048 0.087476 0.911269 
6.530000 -2.909048 0.087476 0.911269 
6.540000 -2.909048 0.087476 0.911269 
6.550000 -2.909049 0.087476 0.911269 
6.560000 -2.909049 0.087475 0.911270 
6.570000 -2.909049 0.087475 0.911270 
6.580000 -2.909049 0.087475 0.911270 
6.590000 -2.909049 0.087475 0.911270 
6.600000 -2.909050 0.087475 0.911270 
6.610000 -2.909050 0.087475 0.911271 
6.620000 -2.909050 0.087474 0.911271 
6.630000 -2.909050 0.087474 0.911271 
6.640000 -2.909050 0.087474 0.911271 
6.650000 -2.909051 0.087474 0.911271 
6.660000 -2.909051 0.087474 0.911271 
6.670000 -2.909051 0.087474 0.911272 
6.680000 -2.909051 0.087473 0.911272 
6.690000 -2.909051 0.087473 0.911272 
6.700000 -2.909051 0.087473 0.911272 
6.710000 -2.909052 0.087473 0.911272 
6.720000 -2.909052 0.087473 0.911272 
6.730000 -2.909052 0.087473 0.911273 
6.740000 -2.909052 0.087473 0.911273 
6.750000 -2.909052 0.087473 0.911273 
6.760000 -2.909052 0.087472 0.911273 
6.770000 -2.909052 0.087472 0.911273 
6.780000 -2.909053 0.087472 0.911273 
6.790000 -2.909053 0.087472 0.911273 
6.800000 -2.909053 0.087472 0.911274 
6.810000 -2.909053 0.087472 0.911274 
6.820000 -2.909053 0.087472 0.911274 
6.830000 -2.909053 0.087472 0.911274 
6.840000 -2.909053 0.087472 0.911274 
6.850000 -2.909053 0.087471 0.911274 
6.860000 -2.909054 0.087471 0.911274 
6.870000 -2.909054 0.087471 0.911274 
6.880000 -2.909054 0.087471 0.911274 
6.890000 -2.909054 0.087471 0.911275 
6.900000 -2.909054 0.087471 0.911275 
6.910000 -2.909054 0.087471 0.911275 
6.920000 -2.909054 0.087471 0.911275 
6.930000 -2.909054 0.087471 0.911275 
6.940000 -2.909054 0.087471 0.911275 
6.950000 -2.909055 0.087471 0.911275 
6.960000 -2.909055 0.087470 0.911275 
6.970000 -2.909055 0.087470 0.911275 
6.980000 -2.909055 0.087470 0.911275 
6.990000 -2.909055 0.087470 0.911276 
7.000000 -2.909055 0.087470 0.911276 
7.010000 -2.909055 0.087470 0.911276 
7.020000 -2.909055 0.087470 0.911276 
7.030000 -2.909055 0.087470 0.911276 
7.040000 -2.909055 0.087470 0.911276 
7.050000 -2.909055 0.087470 0.911276 
7.060000 -2.909056 0.087470 0.911276 
7.070000 -2.909056 0.087470 0.911276 
7.080000 -2.909056 0.087470 0.911276 
7.090000 -2.909056 0.087470 0.911276 
7.100000 -2.909056 0.087469 0.911276 
7.110000 -2.909056 0.087469 0.911277 
7.120000 -2.909056 0.087469 0.911277 
7.130000 -2.909056 0.087469 0.911277 
7.140000 -2.909056 0.087469 0.911277 
7.150000 -2.909056 0.087469 0.911277 
7.160000 -2.909056 0.087469 0.911277 
7.170000 -2.909056 0.087469 0.911277 
7.180000 -2.909056 0.087469 0.911277 
7.190000 -2.909056 0.087469 0.911277 
7.200000 -2.909056 0.087469 0.911277 
7.210000 -2.909057 0.087469 0.911277 
7.220000 -2.909057 0.087469 0.911277 
7.230000 -2.909057 0.087469 0.911277 
7.240000 -2.909057 0.087469 0.911277 
7.250000 -2.909057 0.087469 0.911277 
7.260000 -2.909057 0.087469 0.911277 
7.270000 -2.909057 0.087469 0.911277 
7.280000 -2.909057 0.087469 0.911278 
7.290000 -2.909057 0.087469 0.911278 
7.300000 -2.909057 0.087468 0.911278 
7.310000 -2.909057 0.087468 0.911278 
7.320000 -2.909057 0.087468 0.911278 
7.330000 -2.909057 0.087468 0.911278 
7.340000 -2.909057 0.087468 0.911278 
7.350000 -2.909057 0.087468 0.911278 
7.360000 -2.909057 0.087468 0.911278 
7.370000 -2.909057 0.087468 0.911278 
7.380000 -2.909057 0.087468 0.911278 
7.390000 -2.909057 0.087468 0.911278 
7.400000 -2.909057 0.087468 0.911278 
7.410000 -2.909057 0.087468 0.911278 
7.420000 -2.909058 0.087468 0.911278 
7.430000 -2.909058 0.087468 0.911278 
7.440000 -2.909058 0.087468 0.911278 
7.450000 -2.909058 0.087468 0.911278 
7.460000 -2.909058 0.087468 0.911278 
7.470000 -2.909058 0.087468 0.911278 
7.480000 -2.909058 0.087468 0.911278 
7.490000 -2.909058 0.087468 0.911278 
7.500000 -2.909058 0.087468 0.911278 
7.510000 -2.909058 0.087468 0.911278 
7.520000 -2.909058 0.087468 0.911278 
7.530000 -2.909058 0.087468 0.911279 
7.540000 -2.909058 0.087468 0.911279 
7.550000 -2.909058 0.087468 0.911279 
7.560000 -2.909058 0.087468 0.911279 
7.570000 -2.909058 0.087468 0.911279 
7.580000 -2.909058 0.087468 0.911279 
7.590000 -2.909058 0.087468 0.911279 
7.600000 -2.909058 0.087468 0.911279 
7.610000 -2.909058 0.087468 0.911279 
7.620000 -2.909058 0.087467 0.911279 
7.630000 -2.909058 0.087467 0.911279 
7.640000 -2.909058 0.087467 0.911279 
7.650000 -2.909058 0.087467 0.911279 
7.660000 -2.909058 0.087467 0.911279 
7.670000 -2.909058 0.087467 0.911279 
7.680000 -2.909058 0.087467 0.911279 
7.690000 -2.909058 0.087467 0.911279 
7.700000 -2.909058 0.087467 0.911279 
7.710000 -2.909058 0.087467 0.911279 
7.720000 -2.909058 0.087467 0.911279 
7.730000 -2.909058 0.087467 0.911279 
7.740000 -2.909058 0.087467 0.911279 
7.750000 -2.909058 0.087467 0.911279 
7.760000 -2.909058 0.087467 0.911279 
7.770000 -2.909059 0.087467 0.911279 
7.780000 -2.909059 0.087467 0.911279 
7.790000 -2.909059 0.087467 0.911279 
7.800000 -2.909059 0.087467 0.911279 
7.810000 -2.909059 0.087467 0.911279 
7.820000 -2.909059 0.087467 0.911279 
7.830000 -2.909059 0.087467 0.911279 
7.840000 -2.909059 0.087467 0.911279 
7.850000 -2.909059 0.087467 0.911279 
7.860000 -2.909059 0.087467 0.911279 
7.870000 -2.909059 0.087467 0.911279 
7.880000 -2.909059 0.087467 0.911279 
7.890000 -2.909059 0.087467 0.911279 
7.900000 -2.909059 0.087467 0.911279 
7.910000 -2.909059 0.087467 0.911279 
7.920000 -2.909059 0.087467 0.911279 
7.930000 -2.909059 0.087467 0.911279 
7.940000 -2.909059 0.087467 0.911279 
7.950000 -2.909059 0.087467 0.911279 
7.960000 -2.909059 0.087467 0.911279 
7.970000 -2.909059 0.087467 0.911279 
7.980000 -2.909059 0.087467 0.911279 
7.990000 -2.909059 0.087467 0.911279 
8.000000 -2.909059 0.087467 0.911279 
