0.000000 -1.000000 6.000000 0.314809 
0.050000 -1.572044 5.306601 0.371498 
0.100000 -2.082567 4.499914 0.427872 
0.150000 -2.526324 3.684796 0.482514 
0.200000 -2.903576 2.934096 0.534291 
0.250000 -3.218102 2.273846 0.582042 
0.300000 -3.474917 1.719391 0.625106 
0.350000 -3.680026 1.273760 0.663172 
0.400000 -3.839765 0.931328 0.696189 
0.450000 -3.960483 0.682455 0.724341 
0.500000 -4.048366 0.515247 0.747986 
0.550000 -4.109498 0.415167 0.767471 
0.600000 -4.149138 0.369629 0.783403 
0.650000 -4.172147 0.366105 0.796348 
0.700000 -4.182810 0.392958 0.806876 
0.750000 -4.184757 0.439823 0.815455 
0.800000 -4.180939 0.498425 0.822557 
0.850000 -4.173705 0.561986 0.828510 
0.900000 -4.164774 0.625866 0.833617 
0.950000 -4.155495 0.686462 0.838106 
1.000000 -4.146760 0.741648 0.842169 
1.050000 -4.139155 0.790212 0.845936 
1.100000 -4.133030 0.831661 0.849499 
1.150000 -4.128561 0.865933 0.852933 
1.200000 -4.125802 0.893265 0.856289 
1.250000 -4.124723 0.914075 0.859602 
1.300000 -4.125236 0.928893 0.862893 
1.350000 -4.127219 0.938282 0.866175 
1.400000 -4.130524 0.942865 0.869450 
1.450000 -4.135002 0.943225 0.872719 
1.500000 -4.140499 0.939909 0.875979 
1.550000 -4.146866 0.933450 0.879222 
1.600000 -4.153962 0.924311 0.882444 
1.650000 -4.161664 0.912907 0.885639 
1.700000 -4.169847 0.899630 0.888799 
1.750000 -4.178399 0.884850 0.891915 
1.800000 -4.187228 0.868861 0.894984 
1.850000 -4.196247 0.851935 0.897998 
1.900000 -4.205373 0.834334 0.900953 
1.950000 -4.214535 0.816292 0.903843 
2.000000 -4.223695 0.797961 0.906671 
2.050000 -4.232559 0.780086 0.909370 
2.100000 -4.241309 0.762288 0.911999 
2.150000 -4.249900 0.744723 0.914555 
2.200000 -4.259085 0.725750 0.917226 
2.250000 -4.268109 0.707074 0.919825 
2.300000 -4.276941 0.688784 0.922351 
2.350000 -4.285554 0.670960 0.924800 
2.400000 -4.293926 0.653673 0.927170 
2.450000 -4.302038 0.636983 0.929462 
2.500000 -4.310409 0.619427 0.931769 
2.550000 -4.318983 0.600590 0.934065 
2.600000 -4.327319 0.582163 0.936281 
2.650000 -4.335344 0.564377 0.938409 
2.700000 -4.343042 0.547304 0.940449 
2.750000 -4.350440 0.530889 0.942410 
2.800000 -4.357579 0.515018 0.944299 
2.850000 -4.364454 0.499725 0.946117 
2.900000 -4.371082 0.484964 0.947869 
2.950000 -4.377471 0.470729 0.949557 
3.000000 -4.383629 0.457001 0.951184 
3.050000 -4.389587 0.443718 0.952756 
3.100000 -4.395331 0.430902 0.954271 
3.150000 -4.400866 0.418540 0.955731 
3.200000 -4.406201 0.406619 0.957139 
3.250000 -4.411341 0.395129 0.958495 
3.300000 -4.416294 0.384056 0.959803 
3.350000 -4.421065 0.373388 0.961063 
3.400000 -4.425655 0.363118 0.962278 
3.450000 -4.430074 0.353223 0.963448 
3.500000 -4.434332 0.343690 0.964576 
3.550000 -4.438435 0.334508 0.965664 
3.600000 -4.442389 0.325662 0.966713 
3.650000 -4.446198 0.317139 0.967724 
3.700000 -4.449870 0.308927 0.968700 
3.750000 -4.453408 0.301013 0.969640 
3.800000 -4.456819 0.293387 0.970547 
3.850000 -4.460107 0.286036 0.971422 
3.900000 -4.463276 0.278952 0.972265 
3.950000 -4.466331 0.272124 0.973078 
4.000000 -4.469275 0.265543 0.973863 
4.050000 -4.472113 0.259203 0.974620 
4.100000 -4.474849 0.253089 0.975350 
4.150000 -4.477487 0.247194 0.976054 
4.200000 -4.480032 0.241508 0.976734 
4.250000 -4.482486 0.236023 0.977389 
4.300000 -4.484854 0.230732 0.978021 
4.350000 -4.487138 0.225627 0.978632 
4.400000 -4.489341 0.220703 0.979220 
4.450000 -4.491466 0.215952 0.979789 
4.500000 -4.493516 0.211366 0.980337 
4.550000 -4.495494 0.206943 0.980866 
4.600000 -4.497403 0.202673 0.981376 
4.650000 -4.499245 0.198552 0.981869 
4.700000 -4.501023 0.194572 0.982345 
4.750000 -4.502739 0.190730 0.982804 
4.800000 -4.504395 0.187020 0.983247 
4.850000 -4.505994 0.183437 0.983674 
4.900000 -4.507537 0.179978 0.984087 
4.950000 -4.509027 0.176637 0.984485 
5.000000 -4.510464 0.173411 0.984870 
5.050000 -4.511851 0.170303 0.985241 
5.100000 -4.513190 0.167300 0.985599 
5.150000 -4.514482 0.164401 0.985945 
5.200000 -4.515729 0.161601 0.986278 
5.250000 -4.516933 0.158898 0.986600 
5.300000 -4.518096 0.156287 0.986911 
5.350000 -4.519218 0.153767 0.987211 
5.400000 -4.520301 0.151333 0.987501 
5.450000 -4.521346 0.148987 0.987781 
5.500000 -4.522354 0.146723 0.988050 
5.550000 -4.523325 0.144545 0.988310 
5.600000 -4.524262 0.142444 0.988561 
5.650000 -4.525166 0.140417 0.988804 
5.700000 -4.526038 0.138464 0.989037 
5.750000 -4.526879 0.136580 0.989263 
5.800000 -4.527690 0.134766 0.989480 
5.850000 -4.528470 0.133024 0.989690 
5.900000 -4.529222 0.131349 0.989892 
5.950000 -4.529945 0.129737 0.990087 
6.000000 -4.530643 0.128188 0.990275 
6.050000 -4.531313 0.126704 0.990456 
6.100000 -4.531958 0.125279 0.990630 
6.150000 -4.532579 0.123912 0.990798 
6.200000 -4.533175 0.122603 0.990960 
6.250000 -4.533748 0.121349 0.991116 
6.300000 -4.534298 0.120150 0.991266 
6.350000 -4.534825 0.119006 0.991410 
6.400000 -4.535331 0.117913 0.991549 
6.450000 -4.535816 0.116871 0.991683 
6.500000 -4.536286 0.115866 0.991812 
6.550000 -4.536735 0.114911 0.991936 
6.600000 -4.537164 0.114006 0.992056 
6.650000 -4.537574 0.113149 0.992171 
6.700000 -4.537966 0.112340 0.992281 
6.750000 -4.538342 0.111566 0.992387 
6.800000 -4.538701 0.110839 0.992489 
6.850000 -4.539042 0.110158 0.992587 
6.900000 -4.539369 0.109509 0.992681 
6.950000 -4.539683 0.108889 0.992772 
7.000000 -4.539980 0.108313 0.992859 
7.050000 -4.540266 0.107763 0.992943 
7.100000 -4.540536 0.107256 0.993023 
7.150000 -4.540790 0.106791 0.993100 
7.200000 -4.541032 0.106356 0.993173 
7.250000 -4.541259 0.105962 0.993243 
7.300000 -4.541471 0.105609 0.993310 
7.350000 -4.541673 0.105278 0.993374 
7.400000 -4.541863 0.104980 0.993435 
7.450000 -4.542039 0.104721 0.993493 
7.500000 -4.542202 0.104502 0.993548 
7.550000 -4.542353 0.104312 0.993601 
7.600000 -4.542491 0.104160 0.993650 
7.650000 -4.542617 0.104040 0.993697 
7.700000 -4.542732 0.103955 0.993742 
7.750000 -4.542834 0.103906 0.993783 
7.800000 -4.542925 0.103892 0.993823 
7.850000 -4.543005 0.103911 0.993859 
7.900000 -4.543073 0.103963 0.993894 
7.950000 -4.543131 0.104047 0.993926 
8.000000 -4.543179 0.104161 0.993956 
