FCI gs energy -4.575366 
FCI gs wfn 
00001111 -0.032222159240 0.000000000000 I 
00011011 0.089825161465 0.000000000000 I 
00011110 -0.094862414971 0.000000000000 I 
00100111 -0.089825161434 0.000000000000 I 
00101101 0.094862414915 0.000000000000 I 
00110011 -0.189035966393 0.000000000000 I 
00110110 0.218573577743 0.000000000000 I 
00111001 -0.218573577708 0.000000000000 I 
00111100 -0.156813807154 0.000000000000 I 
01001011 0.094862414971 0.000000000000 I 
01001110 -0.125631488855 0.000000000000 I 
01011010 0.070276161398 0.000000000000 I 
01100011 0.218573577743 0.000000000000 I 
01100110 -0.314809003636 0.000000000000 I 
01101001 0.244532840920 0.000000000000 I 
01101100 0.218573577743 0.000000000000 I 
01110010 -0.125631488855 0.000000000000 I 
01111000 -0.094862414971 0.000000000000 I 
10000111 -0.094862414915 0.000000000000 I 
10001101 0.125631488846 0.000000000000 I 
10010011 -0.218573577708 0.000000000000 I 
10010110 0.244532840920 0.000000000000 I 
10011001 -0.314809003612 0.000000000000 I 
10011100 -0.218573577708 0.000000000000 I 
10100101 0.070276161446 0.000000000000 I 
10110001 0.125631488846 0.000000000000 I 
10110100 0.094862414915 0.000000000000 I 
11000011 -0.156813807154 0.000000000000 I 
11000110 0.218573577743 0.000000000000 I 
11001001 -0.218573577708 0.000000000000 I 
11001100 -0.189035966393 0.000000000000 I 
11010010 0.094862414971 0.000000000000 I 
11011000 0.089825161465 0.000000000000 I 
11100001 -0.094862414915 0.000000000000 I 
11100100 -0.089825161434 0.000000000000 I 
11110000 -0.032222159240 0.000000000000 I 
ITE
0.000000 -1.000000 6.000000 0.314809 
0.050000 -1.566941 5.314211 0.371027 
0.100000 -2.060137 4.545984 0.425832 
0.150000 -2.476878 3.798344 0.477744 
0.200000 -2.822424 3.128044 0.525885 
0.250000 -3.105772 2.555622 0.569869 
0.300000 -3.336807 2.080642 0.609667 
0.350000 -3.524822 1.693219 0.645470 
0.400000 -3.677941 1.380525 0.677594 
0.450000 -3.802992 1.129824 0.706405 
0.500000 -3.905588 0.929651 0.732277 
0.550000 -3.990276 0.770159 0.755564 
0.600000 -4.060700 0.643116 0.776584 
0.650000 -4.119755 0.541765 0.795619 
0.700000 -4.169726 0.460641 0.812908 
0.750000 -4.212410 0.395374 0.828656 
0.800000 -4.249213 0.342505 0.843037 
0.850000 -4.281234 0.299319 0.856197 
0.900000 -4.309329 0.263700 0.868258 
0.950000 -4.334171 0.234006 0.879328 
1.000000 -4.356285 0.208972 0.889495 
1.050000 -4.376088 0.187623 0.898839 
1.100000 -4.393907 0.169211 0.907429 
1.150000 -4.410008 0.153163 0.915325 
1.200000 -4.424604 0.139039 0.922582 
1.250000 -4.437869 0.126500 0.929249 
1.300000 -4.449948 0.115287 0.935373 
1.350000 -4.460964 0.105195 0.940994 
1.400000 -4.471019 0.096067 0.946150 
1.450000 -4.480205 0.087776 0.950878 
1.500000 -4.488599 0.080224 0.955210 
1.550000 -4.496271 0.073328 0.959176 
1.600000 -4.503284 0.067020 0.962805 
1.650000 -4.509693 0.061244 0.966124 
1.700000 -4.515549 0.055952 0.969158 
1.750000 -4.520898 0.051102 0.971929 
1.800000 -4.525783 0.046655 0.974459 
1.850000 -4.530242 0.042580 0.976767 
1.900000 -4.534310 0.038846 0.978872 
1.950000 -4.538021 0.035425 0.980791 
2.000000 -4.541405 0.032294 0.982540 
2.050000 -4.544489 0.029428 0.984132 
2.100000 -4.547299 0.026808 0.985583 
2.150000 -4.549858 0.024412 0.986903 
2.200000 -4.552188 0.022223 0.988104 
2.250000 -4.554309 0.020224 0.989196 
2.300000 -4.556239 0.018400 0.990190 
2.350000 -4.557994 0.016736 0.991093 
2.400000 -4.559591 0.015218 0.991914 
2.450000 -4.561042 0.013835 0.992660 
2.500000 -4.562362 0.012575 0.993338 
2.550000 -4.563561 0.011427 0.993954 
2.600000 -4.564651 0.010382 0.994513 
2.650000 -4.565641 0.009431 0.995021 
2.700000 -4.566540 0.008566 0.995482 
2.750000 -4.567356 0.007779 0.995901 
2.800000 -4.568098 0.007064 0.996281 
2.850000 -4.568771 0.006413 0.996626 
2.900000 -4.569383 0.005822 0.996939 
2.950000 -4.569938 0.005285 0.997223 
3.000000 -4.570441 0.004797 0.997481 
3.050000 -4.570898 0.004353 0.997715 
3.100000 -4.571313 0.003950 0.997928 
3.150000 -4.571690 0.003585 0.998120 
3.200000 -4.572031 0.003253 0.998295 
3.250000 -4.572341 0.002951 0.998454 
3.300000 -4.572622 0.002677 0.998598 
3.350000 -4.572878 0.002429 0.998728 
3.400000 -4.573109 0.002204 0.998846 
3.450000 -4.573319 0.001999 0.998954 
3.500000 -4.573509 0.001813 0.999051 
3.550000 -4.573682 0.001645 0.999140 
3.600000 -4.573839 0.001492 0.999220 
3.650000 -4.573981 0.001353 0.999292 
3.700000 -4.574110 0.001227 0.999358 
3.750000 -4.574227 0.001113 0.999418 
3.800000 -4.574333 0.001010 0.999472 
3.850000 -4.574429 0.000916 0.999521 
3.900000 -4.574516 0.000830 0.999566 
3.950000 -4.574595 0.000753 0.999606 
4.000000 -4.574667 0.000683 0.999643 
4.050000 -4.574732 0.000619 0.999676 
4.100000 -4.574791 0.000562 0.999707 
4.150000 -4.574845 0.000509 0.999734 
4.200000 -4.574893 0.000462 0.999759 
4.250000 -4.574937 0.000419 0.999781 
4.300000 -4.574977 0.000380 0.999802 
4.350000 -4.575013 0.000345 0.999820 
4.400000 -4.575046 0.000312 0.999837 
4.450000 -4.575076 0.000283 0.999852 
4.500000 -4.575103 0.000257 0.999866 
4.550000 -4.575128 0.000233 0.999878 
4.600000 -4.575150 0.000211 0.999890 
4.650000 -4.575170 0.000192 0.999900 
4.700000 -4.575188 0.000174 0.999909 
4.750000 -4.575205 0.000158 0.999918 
4.800000 -4.575220 0.000143 0.999925 
4.850000 -4.575233 0.000130 0.999932 
4.900000 -4.575246 0.000117 0.999939 
4.950000 -4.575257 0.000107 0.999944 
5.000000 -4.575267 0.000097 0.999950 
5.050000 -4.575276 0.000088 0.999954 
5.100000 -4.575284 0.000079 0.999959 
5.150000 -4.575292 0.000072 0.999962 
5.200000 -4.575299 0.000065 0.999966 
5.250000 -4.575305 0.000059 0.999969 
5.300000 -4.575311 0.000054 0.999972 
5.350000 -4.575316 0.000049 0.999975 
5.400000 -4.575321 0.000044 0.999977 
5.450000 -4.575325 0.000040 0.999979 
5.500000 -4.575329 0.000036 0.999981 
5.550000 -4.575332 0.000033 0.999983 
5.600000 -4.575335 0.000030 0.999984 
5.650000 -4.575338 0.000027 0.999986 
5.700000 -4.575341 0.000025 0.999987 
5.750000 -4.575343 0.000022 0.999988 
5.800000 -4.575345 0.000020 0.999989 
5.850000 -4.575347 0.000018 0.999990 
5.900000 -4.575349 0.000017 0.999991 
5.950000 -4.575350 0.000015 0.999992 
6.000000 -4.575352 0.000014 0.999993 
6.050000 -4.575353 0.000012 0.999994 
6.100000 -4.575354 0.000011 0.999994 
6.150000 -4.575355 0.000010 0.999995 
6.200000 -4.575356 0.000009 0.999995 
6.250000 -4.575357 0.000008 0.999996 
6.300000 -4.575358 0.000008 0.999996 
6.350000 -4.575359 0.000007 0.999996 
6.400000 -4.575359 0.000006 0.999997 
6.450000 -4.575360 0.000006 0.999997 
6.500000 -4.575360 0.000005 0.999997 
6.550000 -4.575361 0.000005 0.999998 
6.600000 -4.575361 0.000004 0.999998 
6.650000 -4.575362 0.000004 0.999998 
6.700000 -4.575362 0.000003 0.999998 
6.750000 -4.575362 0.000003 0.999998 
6.800000 -4.575363 0.000003 0.999999 
6.850000 -4.575363 0.000003 0.999999 
6.900000 -4.575363 0.000002 0.999999 
6.950000 -4.575363 0.000002 0.999999 
7.000000 -4.575364 0.000002 0.999999 
7.050000 -4.575364 0.000002 0.999999 
7.100000 -4.575364 0.000002 0.999999 
7.150000 -4.575364 0.000001 0.999999 
7.200000 -4.575364 0.000001 0.999999 
7.250000 -4.575364 0.000001 0.999999 
7.300000 -4.575365 0.000001 0.999999 
7.350000 -4.575365 0.000001 0.999999 
7.400000 -4.575365 0.000001 1.000000 
7.450000 -4.575365 0.000001 1.000000 
7.500000 -4.575365 0.000001 1.000000 
7.550000 -4.575365 0.000001 1.000000 
7.600000 -4.575365 0.000001 1.000000 
7.650000 -4.575365 0.000001 1.000000 
7.700000 -4.575365 0.000000 1.000000 
7.750000 -4.575365 0.000000 1.000000 
7.800000 -4.575365 0.000000 1.000000 
7.850000 -4.575365 0.000000 1.000000 
7.900000 -4.575365 0.000000 1.000000 
7.950000 -4.575365 0.000000 1.000000 
8.000000 -4.575365 0.000000 1.000000 
ITE gs wfn 
00001111 0.032222156281 0.000000000000 I 
00011011 -0.089788552701 0.000000000000 I 
00011110 0.094796586942 0.000000000000 I 
00100111 0.089861748747 0.000000000000 I 
00101101 -0.094928219877 0.000000000000 I 
00110011 0.189035941715 0.000000000000 I 
00110110 -0.218495730203 0.000000000000 I 
00111001 0.218651365778 0.000000000000 I 
00111100 0.156813785434 0.000000000000 I 
01001011 -0.094796586942 0.000000000000 I 
01001110 0.125509169556 0.000000000000 I 
01011010 -0.070181958814 0.000000000000 I 
01100011 -0.218495730203 0.000000000000 I 
01100110 0.314594892646 0.000000000000 I 
01101001 -0.244532804686 0.000000000000 I 
01101100 -0.218495730203 0.000000000000 I 
01110010 0.125509169556 0.000000000000 I 
01111000 0.094796586942 0.000000000000 I 
10000111 0.094928219877 0.000000000000 I 
10001101 -0.125753785047 0.000000000000 I 
10010011 0.218651365778 0.000000000000 I 
10010110 -0.244532804686 0.000000000000 I 
10011001 0.315023037572 0.000000000000 I 
10011100 0.218651365778 0.000000000000 I 
10100101 -0.070370362031 0.000000000000 I 
10110001 -0.125753785047 0.000000000000 I 
10110100 -0.094928219877 0.000000000000 I 
11000011 0.156813785434 0.000000000000 I 
11000110 -0.218495730203 0.000000000000 I 
11001001 0.218651365778 0.000000000000 I 
11001100 0.189035941715 0.000000000000 I 
11010010 -0.094796586942 0.000000000000 I 
11011000 -0.089788552701 0.000000000000 I 
11100001 0.094928219877 0.000000000000 I 
11100100 0.089861748747 0.000000000000 I 
11110000 0.032222156281 0.000000000000 I 
