FCI gs energy -4.575366 
FCI gs wfn 
00001111 -0.032222159240 0.000000000000 I 
00011011 0.089825161465 0.000000000000 I 
00011110 -0.094862414971 0.000000000000 I 
00100111 -0.089825161434 0.000000000000 I 
00101101 0.094862414915 0.000000000000 I 
00110011 -0.189035966393 0.000000000000 I 
00110110 0.218573577743 0.000000000000 I 
00111001 -0.218573577708 0.000000000000 I 
00111100 -0.156813807154 0.000000000000 I 
01001011 0.094862414971 0.000000000000 I 
01001110 -0.125631488855 0.000000000000 I 
01011010 0.070276161398 0.000000000000 I 
01100011 0.218573577743 0.000000000000 I 
01100110 -0.314809003636 0.000000000000 I 
01101001 0.244532840920 0.000000000000 I 
01101100 0.218573577743 0.000000000000 I 
01110010 -0.125631488855 0.000000000000 I 
01111000 -0.094862414971 0.000000000000 I 
10000111 -0.094862414915 0.000000000000 I 
10001101 0.125631488846 0.000000000000 I 
10010011 -0.218573577708 0.000000000000 I 
10010110 0.244532840920 0.000000000000 I 
10011001 -0.314809003612 0.000000000000 I 
10011100 -0.218573577708 0.000000000000 I 
10100101 0.070276161446 0.000000000000 I 
10110001 0.125631488846 0.000000000000 I 
10110100 0.094862414915 0.000000000000 I 
11000011 -0.156813807154 0.000000000000 I 
11000110 0.218573577743 0.000000000000 I 
11001001 -0.218573577708 0.000000000000 I 
11001100 -0.189035966393 0.000000000000 I 
11010010 0.094862414971 0.000000000000 I 
11011000 0.089825161465 0.000000000000 I 
11100001 -0.094862414915 0.000000000000 I 
11100100 -0.089825161434 0.000000000000 I 
11110000 -0.032222159240 0.000000000000 I 
QITE
0.000000 -1.000000 6.000000 0.314809 
0.050000 -1.572045 5.306574 0.371506 
0.100000 -2.082507 4.498653 0.427863 
0.150000 -2.526236 3.683906 0.482517 
0.200000 -2.903448 2.933383 0.534297 
0.250000 -3.217924 2.273358 0.582052 
0.300000 -3.474761 1.719524 0.625135 
0.350000 -3.679966 1.274084 0.663221 
0.400000 -3.839875 0.931449 0.696260 
0.450000 -3.960825 0.682044 0.724440 
0.500000 -4.048982 0.513571 0.748006 
0.550000 -4.110413 0.412634 0.767530 
