FCI gs energy -11.211103 
FCI gs wfn 
000111 0.062920621519 0.000000000000 I 
001011 -0.207812695863 0.000000000000 I 
001101 0.207812695863 0.000000000000 I 
001110 -0.062920621519 0.000000000000 I 
010011 0.207812695863 0.000000000000 I 
010101 -0.478546013245 0.000000000000 I 
010110 0.207812695863 0.000000000000 I 
011001 0.207812695863 0.000000000000 I 
011010 -0.207812695863 0.000000000000 I 
011100 0.062920621519 0.000000000000 I 
100011 -0.062920621519 0.000000000000 I 
100101 0.207812695863 0.000000000000 I 
100110 -0.207812695863 0.000000000000 I 
101001 -0.207812695863 0.000000000000 I 
101010 0.478546013245 0.000000000000 I 
101100 -0.207812695863 0.000000000000 I 
110001 0.062920621519 0.000000000000 I 
110010 -0.207812695863 0.000000000000 I 
110100 0.207812695863 0.000000000000 I 
111000 -0.062920621519 0.000000000000 I 
QITE
0.000000 -6.000000 24.000000 0.478546 
0.010000 -6.460765 22.052737 0.502976 
0.020000 -6.882799 20.093882 0.526347 
0.030000 -7.266394 18.179372 0.548612 
0.040000 -7.612845 16.351712 0.569754 
0.050000 -7.924274 14.639322 0.589784 
0.060000 -8.203965 13.051941 0.608734 
0.070000 -8.452951 11.615972 0.626651 
0.080000 -8.674197 10.330938 0.643582 
0.090000 -8.871225 9.185872 0.659597 
0.100000 -9.046733 8.172836 0.674760 
0.110000 -9.201149 7.295987 0.688974 
0.120000 -9.339275 6.527077 0.702474 
0.130000 -9.463137 5.854983 0.715316 
0.140000 -9.574542 5.268819 0.727549 
0.150000 -9.675112 4.758101 0.739220 
0.160000 -9.766228 4.313528 0.750369 
0.170000 -9.849214 3.925582 0.761037 
0.180000 -9.924921 3.588447 0.771250 
0.190000 -9.994291 3.294997 0.781036 
0.200000 -10.058209 3.038385 0.790427 
0.210000 -10.116625 2.816773 0.799349 
0.220000 -10.170938 2.621615 0.807925 
0.230000 -10.221630 2.449061 0.816174 
0.240000 -10.269118 2.295784 0.824110 
0.250000 -10.313765 2.158855 0.831749 
0.260000 -10.355871 2.035872 0.839104 
0.270000 -10.395656 1.925006 0.846181 
0.280000 -10.433343 1.824458 0.852992 
0.290000 -10.469136 1.732618 0.859547 
0.300000 -10.503200 1.648207 0.865856 
0.310000 -10.535310 1.571226 0.871863 
0.320000 -10.565966 1.499629 0.877642 
0.330000 -10.595269 1.432690 0.883200 
0.340000 -10.623303 1.369797 0.888544 
0.350000 -10.650157 1.310389 0.893683 
0.360000 -10.675866 1.254166 0.898618 
0.370000 -10.700494 1.200746 0.903355 
0.380000 -10.724100 1.149813 0.907903 
0.390000 -10.746729 1.101121 0.912266 
0.400000 -10.768433 1.054447 0.916452 
0.410000 -10.788973 1.010235 0.920413 
0.420000 -10.808666 0.967744 0.924210 
0.430000 -10.827545 0.926862 0.927847 
0.440000 -10.845639 0.887495 0.931330 
0.450000 -10.862979 0.849561 0.934663 
0.460000 -10.879596 0.812980 0.937854 
0.470000 -10.895510 0.777719 0.940906 
0.480000 -10.910734 0.743753 0.943821 
0.490000 -10.925304 0.711012 0.946606 
0.500000 -10.939243 0.679459 0.949267 
0.510000 -10.952434 0.649387 0.951781 
0.520000 -10.965047 0.620419 0.954181 
0.530000 -10.977103 0.592526 0.956471 
0.540000 -10.988623 0.565680 0.958656 
0.550000 -10.999632 0.539843 0.960741 
0.560000 -11.010142 0.515005 0.962728 
0.570000 -11.020170 0.491148 0.964621 
0.580000 -11.029738 0.468235 0.966424 
0.590000 -11.038864 0.446240 0.968142 
0.600000 -11.047570 0.425131 0.969779 
0.610000 -11.055772 0.405127 0.971318 
0.620000 -11.063590 0.385952 0.972784 
0.630000 -11.071040 0.367581 0.974179 
0.640000 -11.078137 0.349989 0.975506 
0.650000 -11.084899 0.333146 0.976769 
0.660000 -11.091337 0.317033 0.977970 
0.670000 -11.097462 0.301632 0.979112 
0.680000 -11.103292 0.286912 0.980197 
0.690000 -11.108838 0.272848 0.981229 
0.700000 -11.114117 0.259411 0.982210 
0.710000 -11.119080 0.246722 0.983131 
0.720000 -11.123800 0.234613 0.984007 
0.730000 -11.128288 0.223061 0.984839 
0.740000 -11.132556 0.212042 0.985629 
0.750000 -11.136620 0.201518 0.986381 
0.760000 -11.140473 0.191510 0.987094 
0.770000 -11.144134 0.181975 0.987770 
0.780000 -11.147611 0.172894 0.988412 
0.790000 -11.150915 0.164245 0.989022 
0.800000 -11.154057 0.156001 0.989602 
0.810000 -11.157008 0.148244 0.990146 
0.820000 -11.159810 0.140862 0.990663 
0.830000 -11.162471 0.133840 0.991153 
0.840000 -11.164997 0.127160 0.991618 
0.850000 -11.167397 0.120803 0.992060 
0.860000 -11.169673 0.114763 0.992478 
0.870000 -11.171832 0.109024 0.992876 
0.880000 -11.173881 0.103569 0.993252 
0.890000 -11.175826 0.098386 0.993609 
0.900000 -11.177671 0.093459 0.993949 
0.910000 -11.179400 0.088834 0.994266 
0.920000 -11.181040 0.084442 0.994567 
0.930000 -11.182596 0.080270 0.994853 
0.940000 -11.184072 0.076308 0.995123 
0.950000 -11.185473 0.072544 0.995380 
0.960000 -11.186801 0.068973 0.995624 
0.970000 -11.188060 0.065584 0.995855 
0.980000 -11.189254 0.062367 0.996074 
0.990000 -11.190387 0.059314 0.996281 
1.000000 -11.191461 0.056415 0.996478 
1.010000 -11.192469 0.053687 0.996663 
1.020000 -11.193425 0.051099 0.996838 
1.030000 -11.194332 0.048644 0.997004 
1.040000 -11.195192 0.046314 0.997161 
1.050000 -11.196007 0.044105 0.997310 
1.060000 -11.196779 0.042010 0.997451 
1.070000 -11.197512 0.040021 0.997585 
1.080000 -11.198206 0.038136 0.997712 
1.090000 -11.198864 0.036350 0.997833 
1.100000 -11.199488 0.034655 0.997947 
1.110000 -11.200069 0.033078 0.998053 
1.120000 -11.200621 0.031583 0.998154 
1.130000 -11.201143 0.030165 0.998250 
1.140000 -11.201639 0.028820 0.998341 
1.150000 -11.202109 0.027545 0.998426 
1.160000 -11.202554 0.026336 0.998508 
1.170000 -11.202976 0.025190 0.998585 
1.180000 -11.203376 0.024102 0.998658 
1.190000 -11.203755 0.023072 0.998728 
1.200000 -11.204114 0.022095 0.998793 
1.210000 -11.204453 0.021170 0.998855 
1.220000 -11.204775 0.020293 0.998914 
1.230000 -11.205079 0.019462 0.998970 
1.240000 -11.205368 0.018675 0.999022 
1.250000 -11.205641 0.017929 0.999072 
1.260000 -11.205900 0.017222 0.999120 
1.270000 -11.206146 0.016552 0.999164 
1.280000 -11.206379 0.015916 0.999207 
1.290000 -11.206599 0.015315 0.999247 
1.300000 -11.206808 0.014744 0.999285 
1.310000 -11.207002 0.014209 0.999321 
1.320000 -11.207186 0.013701 0.999354 
1.330000 -11.207360 0.013221 0.999386 
1.340000 -11.207525 0.012766 0.999416 
1.350000 -11.207682 0.012335 0.999445 
1.360000 -11.207830 0.011927 0.999472 
1.370000 -11.207971 0.011540 0.999497 
1.380000 -11.208104 0.011174 0.999522 
1.390000 -11.208231 0.010827 0.999545 
1.400000 -11.208350 0.010498 0.999566 
1.410000 -11.208462 0.010194 0.999587 
1.420000 -11.208569 0.009906 0.999606 
1.430000 -11.208669 0.009634 0.999625 
1.440000 -11.208765 0.009375 0.999642 
1.450000 -11.208855 0.009130 0.999659 
1.460000 -11.208941 0.008898 0.999675 
1.470000 -11.209022 0.008678 0.999689 
1.480000 -11.209099 0.008470 0.999704 
1.490000 -11.209172 0.008272 0.999717 
1.500000 -11.209241 0.008084 0.999730 
1.510000 -11.209308 0.007899 0.999742 
1.520000 -11.209370 0.007724 0.999753 
1.530000 -11.209430 0.007559 0.999764 
1.540000 -11.209486 0.007402 0.999774 
1.550000 -11.209540 0.007254 0.999784 
1.560000 -11.209590 0.007114 0.999793 
1.570000 -11.209638 0.006982 0.999802 
1.580000 -11.209684 0.006856 0.999810 
1.590000 -11.209727 0.006737 0.999818 
1.600000 -11.209768 0.006625 0.999825 
1.610000 -11.209806 0.006514 0.999832 
1.620000 -11.209843 0.006409 0.999839 
1.630000 -11.209878 0.006311 0.999845 
1.640000 -11.209910 0.006219 0.999851 
1.650000 -11.209941 0.006132 0.999857 
1.660000 -11.209971 0.006049 0.999862 
1.670000 -11.209998 0.005972 0.999867 
1.680000 -11.210025 0.005899 0.999872 
1.690000 -11.210050 0.005830 0.999876 
1.700000 -11.210073 0.005765 0.999880 
1.710000 -11.210093 0.005716 0.999884 
1.720000 -11.210112 0.005670 0.999888 
1.730000 -11.210131 0.005627 0.999891 
1.740000 -11.210148 0.005587 0.999895 
1.750000 -11.210164 0.005548 0.999898 
1.760000 -11.210179 0.005512 0.999901 
1.770000 -11.210194 0.005478 0.999904 
1.780000 -11.210208 0.005445 0.999906 
1.790000 -11.210221 0.005414 0.999909 
1.800000 -11.210233 0.005385 0.999911 
1.810000 -11.210246 0.005347 0.999913 
1.820000 -11.210258 0.005313 0.999915 
1.830000 -11.210269 0.005281 0.999918 
1.840000 -11.210280 0.005251 0.999919 
1.850000 -11.210290 0.005223 0.999921 
1.860000 -11.210300 0.005196 0.999923 
1.870000 -11.210309 0.005172 0.999925 
1.880000 -11.210317 0.005148 0.999926 
1.890000 -11.210325 0.005126 0.999928 
1.900000 -11.210333 0.005105 0.999929 
1.910000 -11.210340 0.005091 0.999930 
1.920000 -11.210346 0.005079 0.999932 
1.930000 -11.210352 0.005067 0.999933 
1.940000 -11.210357 0.005056 0.999934 
1.950000 -11.210363 0.005045 0.999935 
1.960000 -11.210368 0.005036 0.999936 
1.970000 -11.210373 0.005026 0.999937 
1.980000 -11.210377 0.005017 0.999938 
1.990000 -11.210381 0.005009 0.999939 
2.000000 -11.210385 0.005001 0.999940 
2.010000 -11.210392 0.004972 0.999940 
2.020000 -11.210397 0.004946 0.999941 
2.030000 -11.210403 0.004923 0.999942 
2.040000 -11.210408 0.004902 0.999943 
2.050000 -11.210412 0.004882 0.999944 
2.060000 -11.210417 0.004865 0.999944 
2.070000 -11.210421 0.004848 0.999945 
2.080000 -11.210425 0.004833 0.999945 
2.090000 -11.210428 0.004819 0.999946 
2.100000 -11.210431 0.004807 0.999947 
2.110000 -11.210433 0.004802 0.999947 
2.120000 -11.210435 0.004799 0.999947 
2.130000 -11.210437 0.004796 0.999948 
2.140000 -11.210439 0.004794 0.999948 
2.150000 -11.210440 0.004793 0.999948 
2.160000 -11.210441 0.004791 0.999949 
2.170000 -11.210443 0.004790 0.999949 
2.180000 -11.210444 0.004788 0.999949 
2.190000 -11.210445 0.004787 0.999949 
2.200000 -11.210446 0.004786 0.999950 
2.210000 -11.210447 0.004785 0.999950 
2.220000 -11.210448 0.004785 0.999950 
2.230000 -11.210449 0.004784 0.999950 
2.240000 -11.210450 0.004784 0.999951 
2.250000 -11.210451 0.004784 0.999951 
2.260000 -11.210452 0.004784 0.999951 
2.270000 -11.210452 0.004785 0.999951 
2.280000 -11.210453 0.004785 0.999951 
2.290000 -11.210454 0.004785 0.999951 
2.300000 -11.210454 0.004785 0.999952 
2.310000 -11.210455 0.004782 0.999952 
2.320000 -11.210456 0.004780 0.999952 
2.330000 -11.210457 0.004778 0.999952 
2.340000 -11.210457 0.004777 0.999952 
2.350000 -11.210458 0.004776 0.999952 
2.360000 -11.210458 0.004775 0.999952 
2.370000 -11.210459 0.004774 0.999952 
2.380000 -11.210460 0.004773 0.999953 
2.390000 -11.210460 0.004772 0.999953 
2.400000 -11.210461 0.004772 0.999953 
2.410000 -11.210462 0.004764 0.999953 
2.420000 -11.210463 0.004758 0.999953 
2.430000 -11.210464 0.004753 0.999953 
2.440000 -11.210464 0.004748 0.999953 
2.450000 -11.210465 0.004744 0.999953 
2.460000 -11.210466 0.004741 0.999953 
2.470000 -11.210467 0.004737 0.999953 
2.480000 -11.210467 0.004735 0.999954 
2.490000 -11.210468 0.004732 0.999954 
2.500000 -11.210468 0.004730 0.999954 
2.510000 -11.210468 0.004729 0.999954 
2.520000 -11.210468 0.004729 0.999954 
2.530000 -11.210469 0.004729 0.999954 
2.540000 -11.210469 0.004730 0.999954 
2.550000 -11.210469 0.004731 0.999954 
2.560000 -11.210469 0.004732 0.999954 
2.570000 -11.210469 0.004733 0.999954 
2.580000 -11.210469 0.004734 0.999954 
2.590000 -11.210469 0.004734 0.999954 
2.600000 -11.210469 0.004735 0.999954 
2.610000 -11.210470 0.004728 0.999954 
2.620000 -11.210470 0.004722 0.999954 
2.630000 -11.210471 0.004716 0.999954 
2.640000 -11.210472 0.004711 0.999954 
2.650000 -11.210472 0.004707 0.999954 
2.660000 -11.210473 0.004703 0.999954 
2.670000 -11.210473 0.004699 0.999954 
2.680000 -11.210474 0.004696 0.999954 
2.690000 -11.210474 0.004693 0.999954 
2.700000 -11.210475 0.004691 0.999954 
2.710000 -11.210475 0.004692 0.999954 
2.720000 -11.210475 0.004693 0.999954 
2.730000 -11.210474 0.004694 0.999954 
2.740000 -11.210474 0.004696 0.999954 
2.750000 -11.210474 0.004698 0.999954 
2.760000 -11.210474 0.004699 0.999954 
2.770000 -11.210474 0.004701 0.999954 
2.780000 -11.210474 0.004703 0.999954 
2.790000 -11.210474 0.004704 0.999954 
2.800000 -11.210473 0.004705 0.999954 
2.810000 -11.210474 0.004703 0.999954 
2.820000 -11.210474 0.004701 0.999954 
2.830000 -11.210474 0.004700 0.999954 
2.840000 -11.210474 0.004700 0.999954 
2.850000 -11.210474 0.004700 0.999954 
2.860000 -11.210474 0.004700 0.999954 
2.870000 -11.210474 0.004700 0.999954 
2.880000 -11.210474 0.004701 0.999954 
2.890000 -11.210474 0.004701 0.999954 
2.900000 -11.210474 0.004702 0.999954 
2.910000 -11.210474 0.004702 0.999954 
2.920000 -11.210474 0.004702 0.999954 
2.930000 -11.210473 0.004703 0.999954 
2.940000 -11.210473 0.004704 0.999954 
2.950000 -11.210473 0.004706 0.999954 
2.960000 -11.210473 0.004707 0.999954 
2.970000 -11.210473 0.004709 0.999954 
2.980000 -11.210473 0.004710 0.999954 
2.990000 -11.210473 0.004712 0.999954 
3.000000 -11.210473 0.004713 0.999954 
3.010000 -11.210473 0.004710 0.999954 
3.020000 -11.210473 0.004709 0.999954 
3.030000 -11.210473 0.004708 0.999954 
3.040000 -11.210473 0.004707 0.999954 
3.050000 -11.210473 0.004707 0.999954 
3.060000 -11.210473 0.004706 0.999954 
3.070000 -11.210473 0.004706 0.999954 
3.080000 -11.210473 0.004706 0.999954 
3.090000 -11.210473 0.004706 0.999954 
3.100000 -11.210473 0.004707 0.999954 
3.110000 -11.210474 0.004700 0.999954 
3.120000 -11.210475 0.004695 0.999955 
3.130000 -11.210475 0.004690 0.999955 
3.140000 -11.210476 0.004687 0.999955 
3.150000 -11.210476 0.004683 0.999955 
3.160000 -11.210477 0.004680 0.999955 
3.170000 -11.210477 0.004678 0.999955 
3.180000 -11.210477 0.004676 0.999955 
3.190000 -11.210478 0.004674 0.999955 
3.200000 -11.210478 0.004672 0.999955 
3.210000 -11.210478 0.004672 0.999955 
3.220000 -11.210478 0.004673 0.999955 
3.230000 -11.210478 0.004674 0.999955 
3.240000 -11.210478 0.004675 0.999955 
3.250000 -11.210478 0.004676 0.999955 
3.260000 -11.210477 0.004677 0.999955 
3.270000 -11.210477 0.004679 0.999955 
3.280000 -11.210477 0.004680 0.999955 
3.290000 -11.210477 0.004681 0.999955 
3.300000 -11.210477 0.004682 0.999955 
3.310000 -11.210477 0.004683 0.999955 
3.320000 -11.210477 0.004684 0.999955 
3.330000 -11.210477 0.004686 0.999955 
3.340000 -11.210477 0.004687 0.999955 
3.350000 -11.210476 0.004689 0.999955 
3.360000 -11.210476 0.004691 0.999955 
3.370000 -11.210476 0.004693 0.999955 
3.380000 -11.210476 0.004695 0.999955 
3.390000 -11.210476 0.004697 0.999955 
3.400000 -11.210476 0.004698 0.999955 
3.410000 -11.210477 0.004691 0.999955 
3.420000 -11.210477 0.004684 0.999955 
3.430000 -11.210478 0.004679 0.999955 
3.440000 -11.210478 0.004675 0.999955 
3.450000 -11.210478 0.004672 0.999955 
3.460000 -11.210479 0.004669 0.999955 
3.470000 -11.210479 0.004666 0.999955 
3.480000 -11.210479 0.004664 0.999955 
3.490000 -11.210479 0.004662 0.999955 
3.500000 -11.210480 0.004661 0.999955 
3.510000 -11.210479 0.004665 0.999955 
3.520000 -11.210478 0.004670 0.999955 
3.530000 -11.210478 0.004675 0.999955 
3.540000 -11.210477 0.004679 0.999955 
3.550000 -11.210476 0.004684 0.999955 
3.560000 -11.210476 0.004689 0.999955 
3.570000 -11.210475 0.004693 0.999955 
3.580000 -11.210475 0.004697 0.999955 
3.590000 -11.210474 0.004701 0.999955 
3.600000 -11.210474 0.004705 0.999955 
3.610000 -11.210473 0.004709 0.999955 
3.620000 -11.210473 0.004714 0.999954 
3.630000 -11.210472 0.004718 0.999954 
3.640000 -11.210472 0.004723 0.999954 
3.650000 -11.210471 0.004727 0.999954 
3.660000 -11.210471 0.004731 0.999954 
3.670000 -11.210471 0.004734 0.999954 
3.680000 -11.210470 0.004738 0.999954 
3.690000 -11.210470 0.004741 0.999954 
3.700000 -11.210470 0.004744 0.999954 
3.710000 -11.210470 0.004739 0.999954 
3.720000 -11.210471 0.004735 0.999954 
3.730000 -11.210471 0.004732 0.999954 
3.740000 -11.210472 0.004729 0.999954 
3.750000 -11.210472 0.004727 0.999954 
3.760000 -11.210472 0.004726 0.999955 
3.770000 -11.210473 0.004725 0.999955 
3.780000 -11.210473 0.004723 0.999955 
3.790000 -11.210473 0.004723 0.999955 
3.800000 -11.210473 0.004722 0.999955 
3.810000 -11.210473 0.004721 0.999955 
3.820000 -11.210473 0.004721 0.999955 
3.830000 -11.210473 0.004722 0.999955 
3.840000 -11.210473 0.004723 0.999955 
3.850000 -11.210473 0.004725 0.999955 
3.860000 -11.210473 0.004726 0.999955 
3.870000 -11.210472 0.004728 0.999955 
3.880000 -11.210472 0.004729 0.999955 
3.890000 -11.210472 0.004731 0.999955 
3.900000 -11.210472 0.004732 0.999955 
3.910000 -11.210472 0.004729 0.999955 
3.920000 -11.210472 0.004726 0.999955 
3.930000 -11.210473 0.004724 0.999955 
3.940000 -11.210473 0.004723 0.999955 
3.950000 -11.210473 0.004722 0.999955 
3.960000 -11.210473 0.004722 0.999955 
3.970000 -11.210473 0.004721 0.999955 
3.980000 -11.210473 0.004721 0.999955 
3.990000 -11.210473 0.004721 0.999955 
4.000000 -11.210473 0.004721 0.999955 
QITE gs wfn 
000111 -0.064732019623 0.000052072741 I 
001011 0.211706591179 -0.000105800079 I 
001101 -0.209865459610 0.000091181231 I 
001110 0.062905018159 -0.000009008846 I 
010011 -0.208088972782 0.000081338692 I 
010101 0.478564968239 -0.000196896182 I 
010110 -0.205723882951 0.000102462776 I 
011001 -0.207534724328 0.000107351391 I 
011010 0.203955013142 -0.000114800546 I 
011100 -0.061115932940 0.000049927928 I 
100011 0.061122734715 -0.000011867686 I 
100101 -0.203941628938 0.000054365457 I 
100110 0.207516942642 -0.000085082441 I 
101001 0.205668721022 -0.000117133056 I 
101010 -0.478484552322 0.000260593426 I 
101100 0.208094202081 -0.000119152262 I 
110001 -0.062884341094 0.000044016231 I 
110010 0.209836802910 -0.000108521245 I 
110100 -0.211709129120 0.000137189437 I 
111000 0.064727120160 -0.000061089844 I 
