FCI gs energy -5.000000 
FCI gs wfn 
000110 1.000000000000 0.000000000000 I 
QITE
0.000000 -3.000000 1.500000 0.093750 
0.010000 -3.029852 1.484853 0.097547 
0.020000 -3.059399 1.469387 0.101435 
0.030000 -3.088635 1.453636 0.105412 
0.040000 -3.117555 1.437631 0.109478 
0.050000 -3.146156 1.421404 0.113633 
0.060000 -3.174434 1.404978 0.117875 
0.070000 -3.202387 1.388381 0.122203 
0.080000 -3.230004 1.371649 0.126616 
0.090000 -3.257287 1.354822 0.131115 
0.100000 -3.284235 1.337911 0.135697 
0.110000 -3.310865 1.321275 0.140402 
0.120000 -3.337162 1.304625 0.145195 
0.130000 -3.363127 1.287981 0.150072 
0.140000 -3.388761 1.271362 0.155034 
0.150000 -3.414064 1.254783 0.160078 
0.160000 -3.439037 1.238260 0.165204 
0.170000 -3.463683 1.221804 0.170410 
0.180000 -3.488000 1.205437 0.175695 
0.190000 -3.511995 1.189162 0.181057 
0.200000 -3.535665 1.172998 0.186495 
0.210000 -3.558988 1.156808 0.192001 
0.220000 -3.581991 1.140749 0.197580 
0.230000 -3.604677 1.124830 0.203229 
0.240000 -3.627048 1.109059 0.208947 
0.250000 -3.649109 1.093441 0.214732 
0.260000 -3.670863 1.077980 0.220583 
0.270000 -3.692313 1.062679 0.226496 
0.280000 -3.713461 1.047550 0.232472 
0.290000 -3.734312 1.032589 0.238507 
0.300000 -3.754867 1.017805 0.244600 
0.310000 -3.775088 1.003042 0.250732 
0.320000 -3.795021 0.988466 0.256918 
0.330000 -3.814669 0.974076 0.263154 
0.340000 -3.834036 0.959873 0.269438 
0.350000 -3.853126 0.945855 0.275770 
0.360000 -3.871944 0.932021 0.282145 
0.370000 -3.890490 0.918373 0.288563 
0.380000 -3.908772 0.904904 0.295021 
0.390000 -3.926790 0.891620 0.301517 
0.400000 -3.944550 0.878515 0.308049 
0.410000 -3.961989 0.865478 0.314592 
0.420000 -3.979177 0.852628 0.321168 
0.430000 -3.996117 0.839961 0.327772 
0.440000 -4.012813 0.827476 0.334404 
0.450000 -4.029268 0.815169 0.341061 
0.460000 -4.045486 0.803035 0.347741 
0.470000 -4.061472 0.791069 0.354441 
0.480000 -4.077227 0.779272 0.361161 
0.490000 -4.092745 0.767636 0.367895 
0.500000 -4.108040 0.756164 0.374644 
0.510000 -4.123051 0.744767 0.381374 
0.520000 -4.137845 0.733538 0.388114 
0.530000 -4.152426 0.722472 0.394863 
0.540000 -4.166795 0.711566 0.401619 
0.550000 -4.180957 0.700815 0.408379 
0.560000 -4.194914 0.690216 0.415142 
0.570000 -4.208671 0.679764 0.421906 
0.580000 -4.222218 0.669454 0.428665 
0.590000 -4.235568 0.659288 0.435421 
0.600000 -4.248725 0.649263 0.442172 
0.610000 -4.261621 0.639310 0.448869 
0.620000 -4.274330 0.629500 0.455558 
0.630000 -4.286854 0.619830 0.462238 
0.640000 -4.299197 0.610295 0.468906 
0.650000 -4.311360 0.600894 0.475560 
0.660000 -4.323338 0.591618 0.482195 
0.670000 -4.335143 0.582468 0.488814 
0.680000 -4.346762 0.573424 0.495395 
0.690000 -4.358210 0.564504 0.501956 
0.700000 -4.369479 0.555710 0.508495 
0.710000 -4.380535 0.546993 0.514970 
0.720000 -4.391429 0.538398 0.521423 
0.730000 -4.402163 0.529922 0.527850 
0.740000 -4.412740 0.521563 0.534251 
0.750000 -4.423154 0.513317 0.540620 
0.760000 -4.433414 0.505190 0.546963 
0.770000 -4.443510 0.497154 0.553256 
0.780000 -4.453451 0.489227 0.559513 
0.790000 -4.463237 0.481405 0.565733 
0.800000 -4.472874 0.473694 0.571919 
0.810000 -4.482318 0.466055 0.578020 
0.820000 -4.491620 0.458521 0.584085 
0.830000 -4.500785 0.451091 0.590114 
0.840000 -4.509812 0.443764 0.596106 
0.850000 -4.518694 0.436540 0.602056 
0.860000 -4.527443 0.429416 0.607965 
0.870000 -4.536045 0.422371 0.613812 
0.880000 -4.544493 0.415413 0.619594 
0.890000 -4.552813 0.408552 0.625335 
0.900000 -4.561004 0.401791 0.631034 
0.910000 -4.569036 0.395106 0.636652 
0.920000 -4.576946 0.388515 0.642227 
0.930000 -4.584736 0.382015 0.647758 
0.940000 -4.592402 0.375610 0.653242 
0.950000 -4.599938 0.369285 0.658665 
0.960000 -4.607358 0.363048 0.664042 
0.970000 -4.614657 0.356903 0.669368 
0.980000 -4.621817 0.350830 0.674616 
0.990000 -4.628860 0.344844 0.679814 
1.000000 -4.635789 0.338944 0.684959 
1.010000 -4.642585 0.333121 0.690028 
1.020000 -4.649276 0.327383 0.695051 
1.030000 -4.655863 0.321728 0.700028 
1.040000 -4.662332 0.316151 0.704939 
1.050000 -4.668700 0.310656 0.709803 
1.060000 -4.674951 0.305236 0.714599 
1.070000 -4.681090 0.299892 0.719331 
1.080000 -4.687127 0.294630 0.724012 
1.090000 -4.693063 0.289443 0.728639 
1.100000 -4.698900 0.284335 0.733212 
1.110000 -4.704618 0.279301 0.737705 
1.120000 -4.710245 0.274341 0.742151 
1.130000 -4.715773 0.269456 0.746539 
1.140000 -4.721209 0.264645 0.750875 
1.150000 -4.726539 0.259903 0.755140 
1.160000 -4.731781 0.255236 0.759356 
1.170000 -4.736930 0.250639 0.763514 
1.180000 -4.741989 0.246113 0.767618 
1.190000 -4.746954 0.241656 0.771659 
1.200000 -4.751831 0.237267 0.775644 
1.210000 -4.756614 0.232950 0.779566 
1.220000 -4.761320 0.228700 0.783442 
1.230000 -4.765937 0.224518 0.787259 
1.240000 -4.770475 0.220401 0.791025 
1.250000 -4.774924 0.216351 0.794729 
1.260000 -4.779295 0.212365 0.798379 
1.270000 -4.783586 0.208444 0.801976 
1.280000 -4.787796 0.204586 0.805517 
1.290000 -4.791931 0.200790 0.809005 
1.300000 -4.795985 0.197057 0.812436 
1.310000 -4.799965 0.193388 0.815814 
1.320000 -4.803877 0.189778 0.819148 
1.330000 -4.807715 0.186229 0.822427 
1.340000 -4.811480 0.182738 0.825653 
1.350000 -4.815176 0.179307 0.828830 
1.360000 -4.818802 0.175933 0.831955 
1.370000 -4.822359 0.172617 0.835029 
1.380000 -4.825850 0.169358 0.838055 
1.390000 -4.829275 0.166153 0.841029 
1.400000 -4.832634 0.163005 0.843956 
1.410000 -4.835927 0.159913 0.846831 
1.420000 -4.839159 0.156875 0.849661 
1.430000 -4.842331 0.153890 0.852447 
1.440000 -4.845439 0.150957 0.855181 
1.450000 -4.848490 0.148076 0.857872 
1.460000 -4.851480 0.145245 0.860515 
1.470000 -4.854415 0.142465 0.863115 
1.480000 -4.857291 0.139735 0.865669 
1.490000 -4.860112 0.137053 0.868179 
1.500000 -4.862881 0.134419 0.870649 
1.510000 -4.865594 0.131835 0.873073 
1.520000 -4.868255 0.129297 0.875457 
1.530000 -4.870866 0.126805 0.877801 
1.540000 -4.873423 0.124359 0.880100 
1.550000 -4.875932 0.121957 0.882361 
1.560000 -4.878390 0.119600 0.884580 
1.570000 -4.880801 0.117286 0.886761 
1.580000 -4.883164 0.115015 0.888902 
1.590000 -4.885481 0.112786 0.891006 
1.600000 -4.887752 0.110598 0.893070 
1.610000 -4.889977 0.108453 0.895097 
1.620000 -4.892160 0.106347 0.897090 
1.630000 -4.894298 0.104282 0.899044 
1.640000 -4.896395 0.102254 0.900964 
1.650000 -4.898451 0.100265 0.902849 
1.660000 -4.900464 0.098314 0.904699 
1.670000 -4.902439 0.096400 0.906515 
1.680000 -4.904374 0.094522 0.908298 
1.690000 -4.906269 0.092681 0.910047 
1.700000 -4.908127 0.090875 0.911763 
1.710000 -4.909948 0.089104 0.913448 
1.720000 -4.911733 0.087366 0.915103 
1.730000 -4.913481 0.085663 0.916726 
1.740000 -4.915195 0.083993 0.918319 
1.750000 -4.916874 0.082354 0.919881 
1.760000 -4.918519 0.080748 0.921414 
1.770000 -4.920131 0.079173 0.922918 
1.780000 -4.921711 0.077628 0.924394 
1.790000 -4.923259 0.076114 0.925842 
1.800000 -4.924776 0.074629 0.927262 
1.810000 -4.926261 0.073175 0.928655 
1.820000 -4.927716 0.071750 0.930021 
1.830000 -4.929142 0.070352 0.931362 
1.840000 -4.930539 0.068982 0.932677 
1.850000 -4.931908 0.067639 0.933966 
1.860000 -4.933249 0.066322 0.935231 
1.870000 -4.934563 0.065031 0.936472 
1.880000 -4.935850 0.063766 0.937689 
1.890000 -4.937112 0.062525 0.938882 
1.900000 -4.938348 0.061310 0.940053 
1.910000 -4.939559 0.060118 0.941201 
1.920000 -4.940745 0.058951 0.942327 
1.930000 -4.941907 0.057806 0.943431 
1.940000 -4.943046 0.056684 0.944514 
1.950000 -4.944162 0.055585 0.945576 
1.960000 -4.945255 0.054507 0.946617 
1.970000 -4.946326 0.053451 0.947638 
1.980000 -4.947375 0.052415 0.948639 
1.990000 -4.948403 0.051401 0.949621 
2.000000 -4.949410 0.050406 0.950584 
2.010000 -4.950397 0.049432 0.951528 
2.020000 -4.951364 0.048478 0.952454 
2.030000 -4.952311 0.047542 0.953362 
2.040000 -4.953239 0.046625 0.954252 
2.050000 -4.954148 0.045727 0.955125 
2.060000 -4.955039 0.044846 0.955980 
2.070000 -4.955911 0.043983 0.956819 
2.080000 -4.956766 0.043137 0.957642 
2.090000 -4.957604 0.042308 0.958449 
2.100000 -4.958425 0.041495 0.959240 
2.110000 -4.959229 0.040700 0.960015 
2.120000 -4.960017 0.039920 0.960776 
2.130000 -4.960789 0.039155 0.961521 
2.140000 -4.961546 0.038406 0.962252 
2.150000 -4.962287 0.037672 0.962969 
2.160000 -4.963014 0.036952 0.963671 
2.170000 -4.963725 0.036247 0.964360 
2.180000 -4.964423 0.035556 0.965036 
2.190000 -4.965106 0.034878 0.965698 
2.200000 -4.965776 0.034214 0.966348 
2.210000 -4.966432 0.033563 0.966984 
2.220000 -4.967075 0.032926 0.967609 
2.230000 -4.967706 0.032300 0.968221 
2.240000 -4.968323 0.031688 0.968821 
2.250000 -4.968929 0.031087 0.969410 
2.260000 -4.969522 0.030498 0.969987 
2.270000 -4.970104 0.029921 0.970553 
2.280000 -4.970673 0.029355 0.971108 
2.290000 -4.971232 0.028801 0.971652 
2.300000 -4.971779 0.028257 0.972186 
2.310000 -4.972316 0.027724 0.972709 
2.320000 -4.972842 0.027202 0.973222 
2.330000 -4.973357 0.026690 0.973725 
2.340000 -4.973862 0.026188 0.974219 
2.350000 -4.974358 0.025696 0.974703 
2.360000 -4.974843 0.025213 0.975177 
2.370000 -4.975319 0.024740 0.975643 
2.380000 -4.975786 0.024277 0.976099 
2.390000 -4.976243 0.023822 0.976547 
2.400000 -4.976691 0.023376 0.976986 
2.410000 -4.977131 0.022939 0.977416 
2.420000 -4.977562 0.022511 0.977838 
2.430000 -4.977984 0.022091 0.978252 
2.440000 -4.978398 0.021679 0.978658 
2.450000 -4.978804 0.021275 0.979057 
2.460000 -4.979202 0.020879 0.979447 
2.470000 -4.979592 0.020490 0.979830 
2.480000 -4.979975 0.020109 0.980206 
2.490000 -4.980350 0.019736 0.980574 
2.500000 -4.980718 0.019369 0.980936 
2.510000 -4.981079 0.019010 0.981291 
2.520000 -4.981433 0.018658 0.981638 
2.530000 -4.981780 0.018313 0.981979 
2.540000 -4.982120 0.017974 0.982314 
2.550000 -4.982453 0.017641 0.982642 
2.560000 -4.982781 0.017315 0.982964 
2.570000 -4.983101 0.016996 0.983280 
2.580000 -4.983416 0.016682 0.983590 
2.590000 -4.983725 0.016374 0.983894 
2.600000 -4.984027 0.016073 0.984192 
2.610000 -4.984324 0.015777 0.984485 
2.620000 -4.984615 0.015487 0.984771 
2.630000 -4.984901 0.015202 0.985053 
2.640000 -4.985181 0.014922 0.985329 
2.650000 -4.985456 0.014648 0.985600 
2.660000 -4.985725 0.014379 0.985866 
2.670000 -4.985989 0.014116 0.986127 
2.680000 -4.986249 0.013857 0.986383 
2.690000 -4.986503 0.013603 0.986634 
2.700000 -4.986753 0.013353 0.986880 
2.710000 -4.986997 0.013109 0.987122 
2.720000 -4.987237 0.012870 0.987359 
2.730000 -4.987473 0.012635 0.987591 
2.740000 -4.987704 0.012404 0.987819 
2.750000 -4.987930 0.012177 0.988043 
2.760000 -4.988153 0.011955 0.988263 
2.770000 -4.988371 0.011737 0.988479 
2.780000 -4.988585 0.011523 0.988690 
2.790000 -4.988795 0.011313 0.988898 
2.800000 -4.989001 0.011107 0.989102 
2.810000 -4.989203 0.010905 0.989302 
2.820000 -4.989402 0.010706 0.989498 
2.830000 -4.989597 0.010511 0.989691 
2.840000 -4.989788 0.010320 0.989880 
2.850000 -4.989975 0.010132 0.990066 
2.860000 -4.990159 0.009948 0.990248 
2.870000 -4.990340 0.009767 0.990426 
2.880000 -4.990517 0.009589 0.990602 
2.890000 -4.990691 0.009415 0.990774 
2.900000 -4.990862 0.009244 0.990943 
2.910000 -4.991029 0.009076 0.991109 
2.920000 -4.991194 0.008911 0.991272 
2.930000 -4.991355 0.008749 0.991432 
2.940000 -4.991514 0.008590 0.991589 
2.950000 -4.991669 0.008434 0.991743 
2.960000 -4.991822 0.008281 0.991894 
2.970000 -4.991972 0.008130 0.992042 
2.980000 -4.992119 0.007983 0.992188 
2.990000 -4.992263 0.007838 0.992331 
3.000000 -4.992405 0.007696 0.992471 
3.010000 -4.992544 0.007556 0.992609 
3.020000 -4.992680 0.007419 0.992744 
3.030000 -4.992814 0.007284 0.992877 
3.040000 -4.992946 0.007152 0.993007 
3.050000 -4.993075 0.007022 0.993135 
3.060000 -4.993201 0.006895 0.993260 
3.070000 -4.993326 0.006770 0.993384 
3.080000 -4.993448 0.006647 0.993505 
3.090000 -4.993568 0.006526 0.993623 
3.100000 -4.993685 0.006408 0.993740 
3.110000 -4.993801 0.006292 0.993855 
3.120000 -4.993914 0.006177 0.993967 
3.130000 -4.994026 0.006065 0.994077 
3.140000 -4.994135 0.005955 0.994186 
3.150000 -4.994242 0.005847 0.994292 
3.160000 -4.994348 0.005741 0.994397 
3.170000 -4.994451 0.005636 0.994499 
3.180000 -4.994553 0.005534 0.994600 
3.190000 -4.994653 0.005433 0.994699 
3.200000 -4.994750 0.005335 0.994796 
3.210000 -4.994846 0.005238 0.994891 
3.220000 -4.994941 0.005143 0.994984 
3.230000 -4.995033 0.005049 0.995076 
3.240000 -4.995124 0.004958 0.995166 
3.250000 -4.995213 0.004867 0.995255 
3.260000 -4.995301 0.004779 0.995341 
3.270000 -4.995387 0.004692 0.995427 
3.280000 -4.995471 0.004607 0.995510 
3.290000 -4.995554 0.004523 0.995593 
3.300000 -4.995636 0.004441 0.995673 
3.310000 -4.995715 0.004360 0.995752 
3.320000 -4.995794 0.004281 0.995830 
3.330000 -4.995871 0.004203 0.995907 
3.340000 -4.995947 0.004126 0.995982 
3.350000 -4.996021 0.004051 0.996055 
3.360000 -4.996094 0.003977 0.996128 
3.370000 -4.996165 0.003905 0.996199 
3.380000 -4.996236 0.003834 0.996268 
3.390000 -4.996305 0.003764 0.996337 
3.400000 -4.996373 0.003695 0.996404 
3.410000 -4.996439 0.003628 0.996470 
3.420000 -4.996504 0.003561 0.996535 
3.430000 -4.996569 0.003496 0.996598 
3.440000 -4.996632 0.003433 0.996661 
3.450000 -4.996693 0.003370 0.996722 
3.460000 -4.996754 0.003308 0.996782 
3.470000 -4.996814 0.003248 0.996841 
3.480000 -4.996872 0.003188 0.996900 
3.490000 -4.996930 0.003130 0.996957 
3.500000 -4.996986 0.003073 0.997013 
3.510000 -4.997042 0.003016 0.997067 
3.520000 -4.997096 0.002961 0.997121 
3.530000 -4.997150 0.002907 0.997174 
3.540000 -4.997202 0.002854 0.997226 
3.550000 -4.997253 0.002801 0.997277 
3.560000 -4.997304 0.002750 0.997327 
3.570000 -4.997354 0.002699 0.997377 
3.580000 -4.997402 0.002650 0.997425 
3.590000 -4.997450 0.002601 0.997472 
3.600000 -4.997497 0.002553 0.997519 
3.610000 -4.997543 0.002506 0.997565 
3.620000 -4.997589 0.002460 0.997610 
3.630000 -4.997633 0.002415 0.997654 
3.640000 -4.997677 0.002371 0.997697 
3.650000 -4.997720 0.002327 0.997740 
3.660000 -4.997762 0.002284 0.997781 
3.670000 -4.997803 0.002242 0.997822 
3.680000 -4.997844 0.002201 0.997863 
3.690000 -4.997884 0.002160 0.997902 
3.700000 -4.997923 0.002120 0.997941 
3.710000 -4.997962 0.002081 0.997979 
3.720000 -4.997999 0.002042 0.998016 
3.730000 -4.998036 0.002005 0.998053 
3.740000 -4.998073 0.001968 0.998089 
3.750000 -4.998108 0.001931 0.998125 
3.760000 -4.998144 0.001895 0.998159 
3.770000 -4.998178 0.001860 0.998194 
3.780000 -4.998212 0.001826 0.998227 
3.790000 -4.998245 0.001792 0.998260 
3.800000 -4.998278 0.001759 0.998292 
3.810000 -4.998310 0.001726 0.998324 
3.820000 -4.998341 0.001694 0.998355 
3.830000 -4.998372 0.001662 0.998386 
3.840000 -4.998402 0.001631 0.998416 
3.850000 -4.998432 0.001601 0.998445 
3.860000 -4.998461 0.001571 0.998474 
3.870000 -4.998490 0.001542 0.998502 
3.880000 -4.998518 0.001513 0.998530 
3.890000 -4.998546 0.001485 0.998558 
3.900000 -4.998573 0.001457 0.998585 
3.910000 -4.998599 0.001430 0.998611 
3.920000 -4.998626 0.001403 0.998637 
3.930000 -4.998651 0.001377 0.998662 
3.940000 -4.998676 0.001351 0.998687 
3.950000 -4.998701 0.001326 0.998712 
3.960000 -4.998725 0.001301 0.998736 
3.970000 -4.998749 0.001277 0.998759 
3.980000 -4.998773 0.001253 0.998783 
3.990000 -4.998796 0.001230 0.998805 
4.000000 -4.998818 0.001207 0.998828 
4.010000 -4.998840 0.001184 0.998850 
4.020000 -4.998862 0.001162 0.998871 
4.030000 -4.998883 0.001140 0.998892 
4.040000 -4.998904 0.001119 0.998913 
4.050000 -4.998925 0.001098 0.998933 
4.060000 -4.998945 0.001077 0.998953 
4.070000 -4.998965 0.001057 0.998973 
4.080000 -4.998984 0.001037 0.998992 
4.090000 -4.999003 0.001018 0.999011 
4.100000 -4.999022 0.000999 0.999030 
4.110000 -4.999040 0.000980 0.999048 
4.120000 -4.999058 0.000961 0.999066 
4.130000 -4.999076 0.000943 0.999083 
4.140000 -4.999093 0.000926 0.999101 
4.150000 -4.999110 0.000908 0.999117 
4.160000 -4.999127 0.000891 0.999134 
4.170000 -4.999144 0.000874 0.999150 
4.180000 -4.999160 0.000858 0.999166 
4.190000 -4.999175 0.000841 0.999182 
4.200000 -4.999191 0.000826 0.999197 
4.210000 -4.999206 0.000810 0.999212 
4.220000 -4.999221 0.000795 0.999227 
4.230000 -4.999236 0.000780 0.999242 
4.240000 -4.999250 0.000765 0.999256 
4.250000 -4.999264 0.000750 0.999270 
4.260000 -4.999278 0.000736 0.999284 
4.270000 -4.999292 0.000722 0.999297 
4.280000 -4.999305 0.000709 0.999311 
4.290000 -4.999318 0.000695 0.999324 
4.300000 -4.999331 0.000682 0.999336 
4.310000 -4.999344 0.000669 0.999349 
4.320000 -4.999356 0.000656 0.999361 
4.330000 -4.999369 0.000644 0.999373 
4.340000 -4.999381 0.000632 0.999385 
4.350000 -4.999392 0.000620 0.999397 
4.360000 -4.999404 0.000608 0.999408 
4.370000 -4.999415 0.000596 0.999419 
4.380000 -4.999426 0.000585 0.999430 
4.390000 -4.999437 0.000574 0.999441 
4.400000 -4.999448 0.000563 0.999452 
4.410000 -4.999458 0.000552 0.999462 
4.420000 -4.999468 0.000542 0.999472 
4.430000 -4.999479 0.000532 0.999482 
4.440000 -4.999488 0.000522 0.999492 
4.450000 -4.999498 0.000512 0.999502 
4.460000 -4.999508 0.000502 0.999511 
4.470000 -4.999517 0.000492 0.999521 
4.480000 -4.999526 0.000483 0.999530 
4.490000 -4.999535 0.000474 0.999539 
4.500000 -4.999544 0.000465 0.999547 
4.510000 -4.999553 0.000456 0.999556 
4.520000 -4.999561 0.000447 0.999564 
4.530000 -4.999570 0.000439 0.999573 
4.540000 -4.999578 0.000430 0.999581 
4.550000 -4.999586 0.000422 0.999589 
4.560000 -4.999594 0.000414 0.999597 
4.570000 -4.999602 0.000406 0.999604 
4.580000 -4.999609 0.000398 0.999612 
4.590000 -4.999617 0.000390 0.999619 
4.600000 -4.999624 0.000383 0.999627 
4.610000 -4.999631 0.000376 0.999634 
4.620000 -4.999638 0.000368 0.999641 
4.630000 -4.999645 0.000361 0.999648 
4.640000 -4.999652 0.000354 0.999654 
4.650000 -4.999659 0.000348 0.999661 
4.660000 -4.999665 0.000341 0.999667 
4.670000 -4.999672 0.000334 0.999674 
4.680000 -4.999678 0.000328 0.999680 
4.690000 -4.999684 0.000322 0.999686 
4.700000 -4.999690 0.000315 0.999692 
4.710000 -4.999696 0.000309 0.999698 
4.720000 -4.999702 0.000303 0.999704 
4.730000 -4.999708 0.000297 0.999710 
4.740000 -4.999713 0.000292 0.999715 
4.750000 -4.999719 0.000286 0.999721 
4.760000 -4.999724 0.000280 0.999726 
4.770000 -4.999730 0.000275 0.999731 
4.780000 -4.999735 0.000270 0.999737 
4.790000 -4.999740 0.000264 0.999742 
4.800000 -4.999745 0.000259 0.999747 
4.810000 -4.999750 0.000254 0.999752 
4.820000 -4.999755 0.000249 0.999756 
4.830000 -4.999760 0.000244 0.999761 
4.840000 -4.999764 0.000240 0.999766 
4.850000 -4.999769 0.000235 0.999770 
4.860000 -4.999773 0.000231 0.999775 
4.870000 -4.999778 0.000226 0.999779 
4.880000 -4.999782 0.000222 0.999783 
4.890000 -4.999786 0.000217 0.999787 
4.900000 -4.999790 0.000213 0.999791 
4.910000 -4.999794 0.000209 0.999795 
4.920000 -4.999798 0.000205 0.999799 
4.930000 -4.999802 0.000201 0.999803 
4.940000 -4.999806 0.000197 0.999807 
4.950000 -4.999810 0.000193 0.999811 
4.960000 -4.999813 0.000190 0.999814 
4.970000 -4.999817 0.000186 0.999818 
4.980000 -4.999820 0.000182 0.999821 
4.990000 -4.999824 0.000179 0.999825 
5.000000 -4.999827 0.000175 0.999828 
5.010000 -4.999831 0.000172 0.999832 
5.020000 -4.999834 0.000168 0.999835 
5.030000 -4.999837 0.000165 0.999838 
5.040000 -4.999840 0.000162 0.999841 
5.050000 -4.999843 0.000159 0.999844 
5.060000 -4.999847 0.000156 0.999847 
5.070000 -4.999850 0.000153 0.999850 
5.080000 -4.999852 0.000150 0.999853 
5.090000 -4.999855 0.000147 0.999856 
5.100000 -4.999858 0.000144 0.999859 
5.110000 -4.999861 0.000141 0.999862 
5.120000 -4.999864 0.000138 0.999864 
5.130000 -4.999866 0.000136 0.999867 
5.140000 -4.999869 0.000133 0.999869 
5.150000 -4.999871 0.000130 0.999872 
5.160000 -4.999874 0.000128 0.999874 
5.170000 -4.999876 0.000125 0.999877 
5.180000 -4.999879 0.000123 0.999879 
5.190000 -4.999881 0.000121 0.999881 
5.200000 -4.999883 0.000118 0.999884 
5.210000 -4.999886 0.000116 0.999886 
5.220000 -4.999888 0.000114 0.999888 
5.230000 -4.999890 0.000111 0.999890 
5.240000 -4.999892 0.000109 0.999893 
5.250000 -4.999894 0.000107 0.999895 
5.260000 -4.999896 0.000105 0.999897 
5.270000 -4.999898 0.000103 0.999899 
5.280000 -4.999900 0.000101 0.999901 
5.290000 -4.999902 0.000099 0.999903 
5.300000 -4.999904 0.000097 0.999905 
5.310000 -4.999906 0.000095 0.999906 
5.320000 -4.999908 0.000093 0.999908 
5.330000 -4.999910 0.000091 0.999910 
5.340000 -4.999911 0.000090 0.999912 
5.350000 -4.999913 0.000088 0.999913 
5.360000 -4.999915 0.000086 0.999915 
5.370000 -4.999916 0.000084 0.999917 
5.380000 -4.999918 0.000083 0.999918 
5.390000 -4.999920 0.000081 0.999920 
5.400000 -4.999921 0.000080 0.999922 
5.410000 -4.999923 0.000078 0.999923 
5.420000 -4.999924 0.000077 0.999924 
5.430000 -4.999926 0.000075 0.999926 
5.440000 -4.999927 0.000074 0.999927 
5.450000 -4.999929 0.000072 0.999929 
5.460000 -4.999930 0.000071 0.999930 
5.470000 -4.999931 0.000069 0.999931 
5.480000 -4.999933 0.000068 0.999933 
5.490000 -4.999934 0.000067 0.999934 
5.500000 -4.999935 0.000066 0.999935 
5.510000 -4.999936 0.000064 0.999937 
5.520000 -4.999938 0.000063 0.999938 
5.530000 -4.999939 0.000062 0.999939 
5.540000 -4.999940 0.000060 0.999940 
5.550000 -4.999941 0.000059 0.999941 
5.560000 -4.999942 0.000058 0.999943 
5.570000 -4.999943 0.000057 0.999944 
5.580000 -4.999945 0.000056 0.999945 
5.590000 -4.999946 0.000055 0.999946 
5.600000 -4.999947 0.000054 0.999947 
5.610000 -4.999948 0.000053 0.999948 
5.620000 -4.999949 0.000052 0.999949 
5.630000 -4.999950 0.000051 0.999950 
5.640000 -4.999951 0.000050 0.999951 
5.650000 -4.999952 0.000049 0.999952 
5.660000 -4.999953 0.000048 0.999953 
5.670000 -4.999954 0.000047 0.999954 
5.680000 -4.999954 0.000046 0.999955 
5.690000 -4.999955 0.000045 0.999955 
5.700000 -4.999956 0.000044 0.999956 
5.710000 -4.999957 0.000043 0.999957 
5.720000 -4.999958 0.000042 0.999958 
5.730000 -4.999959 0.000042 0.999959 
5.740000 -4.999960 0.000041 0.999960 
5.750000 -4.999960 0.000040 0.999960 
5.760000 -4.999961 0.000039 0.999961 
5.770000 -4.999962 0.000038 0.999962 
5.780000 -4.999963 0.000038 0.999963 
5.790000 -4.999963 0.000037 0.999963 
5.800000 -4.999964 0.000036 0.999964 
5.810000 -4.999965 0.000035 0.999965 
5.820000 -4.999965 0.000035 0.999966 
5.830000 -4.999966 0.000034 0.999966 
5.840000 -4.999967 0.000033 0.999967 
5.850000 -4.999967 0.000033 0.999968 
5.860000 -4.999968 0.000032 0.999968 
5.870000 -4.999969 0.000031 0.999969 
5.880000 -4.999969 0.000031 0.999969 
5.890000 -4.999970 0.000030 0.999970 
5.900000 -4.999971 0.000030 0.999971 
5.910000 -4.999971 0.000029 0.999971 
5.920000 -4.999972 0.000029 0.999972 
5.930000 -4.999972 0.000028 0.999972 
5.940000 -4.999973 0.000027 0.999973 
5.950000 -4.999973 0.000027 0.999973 
5.960000 -4.999974 0.000026 0.999974 
5.970000 -4.999974 0.000026 0.999974 
5.980000 -4.999975 0.000025 0.999975 
5.990000 -4.999975 0.000025 0.999975 
6.000000 -4.999976 0.000024 0.999976 
6.010000 -4.999976 0.000024 0.999976 
6.020000 -4.999977 0.000023 0.999977 
6.030000 -4.999977 0.000023 0.999977 
6.040000 -4.999978 0.000022 0.999978 
6.050000 -4.999978 0.000022 0.999978 
6.060000 -4.999979 0.000022 0.999979 
6.070000 -4.999979 0.000021 0.999979 
6.080000 -4.999979 0.000021 0.999979 
6.090000 -4.999980 0.000020 0.999980 
6.100000 -4.999980 0.000020 0.999980 
6.110000 -4.999981 0.000020 0.999981 
6.120000 -4.999981 0.000019 0.999981 
6.130000 -4.999981 0.000019 0.999981 
6.140000 -4.999982 0.000018 0.999982 
6.150000 -4.999982 0.000018 0.999982 
6.160000 -4.999982 0.000018 0.999983 
6.170000 -4.999983 0.000017 0.999983 
6.180000 -4.999983 0.000017 0.999983 
6.190000 -4.999983 0.000017 0.999984 
6.200000 -4.999984 0.000016 0.999984 
6.210000 -4.999984 0.000016 0.999984 
6.220000 -4.999984 0.000016 0.999984 
6.230000 -4.999985 0.000015 0.999985 
6.240000 -4.999985 0.000015 0.999985 
6.250000 -4.999985 0.000015 0.999985 
6.260000 -4.999986 0.000015 0.999986 
6.270000 -4.999986 0.000014 0.999986 
6.280000 -4.999986 0.000014 0.999986 
6.290000 -4.999986 0.000014 0.999987 
6.300000 -4.999987 0.000013 0.999987 
6.310000 -4.999987 0.000013 0.999987 
6.320000 -4.999987 0.000013 0.999987 
6.330000 -4.999987 0.000013 0.999988 
6.340000 -4.999988 0.000012 0.999988 
6.350000 -4.999988 0.000012 0.999988 
6.360000 -4.999988 0.000012 0.999988 
6.370000 -4.999988 0.000012 0.999988 
6.380000 -4.999989 0.000011 0.999989 
6.390000 -4.999989 0.000011 0.999989 
6.400000 -4.999989 0.000011 0.999989 
6.410000 -4.999989 0.000011 0.999989 
6.420000 -4.999990 0.000011 0.999990 
6.430000 -4.999990 0.000010 0.999990 
6.440000 -4.999990 0.000010 0.999990 
6.450000 -4.999990 0.000010 0.999990 
6.460000 -4.999990 0.000010 0.999990 
6.470000 -4.999991 0.000010 0.999991 
6.480000 -4.999991 0.000009 0.999991 
6.490000 -4.999991 0.000009 0.999991 
6.500000 -4.999991 0.000009 0.999991 
6.510000 -4.999991 0.000009 0.999991 
6.520000 -4.999991 0.000009 0.999991 
6.530000 -4.999992 0.000008 0.999992 
6.540000 -4.999992 0.000008 0.999992 
6.550000 -4.999992 0.000008 0.999992 
6.560000 -4.999992 0.000008 0.999992 
6.570000 -4.999992 0.000008 0.999992 
6.580000 -4.999992 0.000008 0.999992 
6.590000 -4.999993 0.000008 0.999993 
6.600000 -4.999993 0.000007 0.999993 
6.610000 -4.999993 0.000007 0.999993 
6.620000 -4.999993 0.000007 0.999993 
6.630000 -4.999993 0.000007 0.999993 
6.640000 -4.999993 0.000007 0.999993 
6.650000 -4.999993 0.000007 0.999993 
6.660000 -4.999994 0.000007 0.999994 
6.670000 -4.999994 0.000006 0.999994 
6.680000 -4.999994 0.000006 0.999994 
6.690000 -4.999994 0.000006 0.999994 
6.700000 -4.999994 0.000006 0.999994 
6.710000 -4.999994 0.000006 0.999994 
6.720000 -4.999994 0.000006 0.999994 
6.730000 -4.999994 0.000006 0.999994 
6.740000 -4.999994 0.000006 0.999994 
6.750000 -4.999995 0.000005 0.999995 
6.760000 -4.999995 0.000005 0.999995 
6.770000 -4.999995 0.000005 0.999995 
6.780000 -4.999995 0.000005 0.999995 
6.790000 -4.999995 0.000005 0.999995 
6.800000 -4.999995 0.000005 0.999995 
6.810000 -4.999995 0.000005 0.999995 
6.820000 -4.999995 0.000005 0.999995 
6.830000 -4.999995 0.000005 0.999995 
6.840000 -4.999995 0.000005 0.999995 
6.850000 -4.999996 0.000004 0.999996 
6.860000 -4.999996 0.000004 0.999996 
6.870000 -4.999996 0.000004 0.999996 
6.880000 -4.999996 0.000004 0.999996 
6.890000 -4.999996 0.000004 0.999996 
6.900000 -4.999996 0.000004 0.999996 
6.910000 -4.999996 0.000004 0.999996 
6.920000 -4.999996 0.000004 0.999996 
6.930000 -4.999996 0.000004 0.999996 
6.940000 -4.999996 0.000004 0.999996 
6.950000 -4.999996 0.000004 0.999996 
6.960000 -4.999996 0.000004 0.999996 
6.970000 -4.999996 0.000004 0.999997 
6.980000 -4.999997 0.000003 0.999997 
6.990000 -4.999997 0.000003 0.999997 
7.000000 -4.999997 0.000003 0.999997 
7.010000 -4.999997 0.000003 0.999997 
7.020000 -4.999997 0.000003 0.999997 
7.030000 -4.999997 0.000003 0.999997 
7.040000 -4.999997 0.000003 0.999997 
7.050000 -4.999997 0.000003 0.999997 
7.060000 -4.999997 0.000003 0.999997 
7.070000 -4.999997 0.000003 0.999997 
7.080000 -4.999997 0.000003 0.999997 
7.090000 -4.999997 0.000003 0.999997 
7.100000 -4.999997 0.000003 0.999997 
7.110000 -4.999997 0.000003 0.999997 
7.120000 -4.999997 0.000003 0.999997 
7.130000 -4.999997 0.000003 0.999997 
7.140000 -4.999997 0.000003 0.999998 
7.150000 -4.999998 0.000002 0.999998 
7.160000 -4.999998 0.000002 0.999998 
7.170000 -4.999998 0.000002 0.999998 
7.180000 -4.999998 0.000002 0.999998 
7.190000 -4.999998 0.000002 0.999998 
7.200000 -4.999998 0.000002 0.999998 
7.210000 -4.999998 0.000002 0.999998 
7.220000 -4.999998 0.000002 0.999998 
7.230000 -4.999998 0.000002 0.999998 
7.240000 -4.999998 0.000002 0.999998 
7.250000 -4.999998 0.000002 0.999998 
7.260000 -4.999998 0.000002 0.999998 
7.270000 -4.999998 0.000002 0.999998 
7.280000 -4.999998 0.000002 0.999998 
7.290000 -4.999998 0.000002 0.999998 
7.300000 -4.999998 0.000002 0.999998 
7.310000 -4.999998 0.000002 0.999998 
7.320000 -4.999998 0.000002 0.999998 
7.330000 -4.999998 0.000002 0.999998 
7.340000 -4.999998 0.000002 0.999998 
7.350000 -4.999998 0.000002 0.999998 
7.360000 -4.999998 0.000002 0.999998 
7.370000 -4.999998 0.000002 0.999998 
7.380000 -4.999998 0.000002 0.999998 
7.390000 -4.999998 0.000002 0.999998 
7.400000 -4.999998 0.000002 0.999999 
7.410000 -4.999999 0.000001 0.999999 
7.420000 -4.999999 0.000001 0.999999 
7.430000 -4.999999 0.000001 0.999999 
7.440000 -4.999999 0.000001 0.999999 
7.450000 -4.999999 0.000001 0.999999 
7.460000 -4.999999 0.000001 0.999999 
7.470000 -4.999999 0.000001 0.999999 
7.480000 -4.999999 0.000001 0.999999 
7.490000 -4.999999 0.000001 0.999999 
7.500000 -4.999999 0.000001 0.999999 
7.510000 -4.999999 0.000001 0.999999 
7.520000 -4.999999 0.000001 0.999999 
7.530000 -4.999999 0.000001 0.999999 
7.540000 -4.999999 0.000001 0.999999 
7.550000 -4.999999 0.000001 0.999999 
7.560000 -4.999999 0.000001 0.999999 
7.570000 -4.999999 0.000001 0.999999 
7.580000 -4.999999 0.000001 0.999999 
7.590000 -4.999999 0.000001 0.999999 
7.600000 -4.999999 0.000001 0.999999 
7.610000 -4.999999 0.000001 0.999999 
7.620000 -4.999999 0.000001 0.999999 
7.630000 -4.999999 0.000001 0.999999 
7.640000 -4.999999 0.000001 0.999999 
7.650000 -4.999999 0.000001 0.999999 
7.660000 -4.999999 0.000001 0.999999 
7.670000 -4.999999 0.000001 0.999999 
7.680000 -4.999999 0.000001 0.999999 
7.690000 -4.999999 0.000001 0.999999 
7.700000 -4.999999 0.000001 0.999999 
7.710000 -4.999999 0.000001 0.999999 
7.720000 -4.999999 0.000001 0.999999 
7.730000 -4.999999 0.000001 0.999999 
7.740000 -4.999999 0.000001 0.999999 
7.750000 -4.999999 0.000001 0.999999 
7.760000 -4.999999 0.000001 0.999999 
7.770000 -4.999999 0.000001 0.999999 
7.780000 -4.999999 0.000001 0.999999 
7.790000 -4.999999 0.000001 0.999999 
7.800000 -4.999999 0.000001 0.999999 
7.810000 -4.999999 0.000001 0.999999 
7.820000 -4.999999 0.000001 0.999999 
7.830000 -4.999999 0.000001 0.999999 
7.840000 -4.999999 0.000001 0.999999 
7.850000 -4.999999 0.000001 0.999999 
7.860000 -4.999999 0.000001 0.999999 
7.870000 -4.999999 0.000001 0.999999 
7.880000 -4.999999 0.000001 0.999999 
7.890000 -4.999999 0.000001 0.999999 
7.900000 -4.999999 0.000001 0.999999 
7.910000 -4.999999 0.000001 0.999999 
7.920000 -4.999999 0.000001 0.999999 
7.930000 -4.999999 0.000001 0.999999 
7.940000 -4.999999 0.000001 0.999999 
7.950000 -4.999999 0.000001 0.999999 
7.960000 -4.999999 0.000001 1.000000 
7.970000 -5.000000 0.000001 1.000000 
7.980000 -5.000000 0.000001 1.000000 
7.990000 -5.000000 0.000001 1.000000 
8.000000 -5.000000 0.000001 1.000000 
8.010000 -5.000000 0.000001 1.000000
8.020000 -5.000000 0.000001 1.000000
8.030000 -5.000000 0.000001 1.000000
8.040000 -5.000000 0.000001 1.000000
8.050000 -5.000000 0.000001 1.000000
8.060000 -5.000000 0.000001 1.000000
8.070000 -5.000000 0.000001 1.000000
8.080000 -5.000000 0.000001 1.000000
8.090000 -5.000000 0.000001 1.000000
8.100000 -5.000000 0.000001 1.000000
8.110000 -5.000000 0.000001 1.000000
8.120000 -5.000000 0.000001 1.000000
8.130000 -5.000000 0.000001 1.000000
8.140000 -5.000000 0.000001 1.000000
8.150000 -5.000000 0.000001 1.000000
8.160000 -5.000000 0.000001 1.000000
8.170000 -5.000000 0.000001 1.000000
8.180000 -5.000000 0.000001 1.000000
8.190000 -5.000000 0.000001 1.000000
8.200000 -5.000000 0.000001 1.000000
8.210000 -5.000000 0.000001 1.000000
8.220000 -5.000000 0.000001 1.000000
8.230000 -5.000000 0.000001 1.000000
8.240000 -5.000000 0.000001 1.000000
8.250000 -5.000000 0.000001 1.000000
8.260000 -5.000000 0.000001 1.000000
8.270000 -5.000000 0.000001 1.000000
8.280000 -5.000000 0.000001 1.000000
8.290000 -5.000000 0.000001 1.000000
8.300000 -5.000000 0.000001 1.000000
8.310000 -5.000000 0.000001 1.000000
8.320000 -5.000000 0.000001 1.000000
8.330000 -5.000000 0.000001 1.000000
8.340000 -5.000000 0.000001 1.000000
8.350000 -5.000000 0.000001 1.000000
8.360000 -5.000000 0.000001 1.000000
8.370000 -5.000000 0.000001 1.000000
8.380000 -5.000000 0.000001 1.000000
8.390000 -5.000000 0.000001 1.000000
8.400000 -5.000000 0.000001 1.000000
8.410000 -5.000000 0.000001 1.000000
8.420000 -5.000000 0.000001 1.000000
8.430000 -5.000000 0.000001 1.000000
8.440000 -5.000000 0.000001 1.000000
8.450000 -5.000000 0.000001 1.000000
8.460000 -5.000000 0.000001 1.000000
8.470000 -5.000000 0.000001 1.000000
8.480000 -5.000000 0.000001 1.000000
8.490000 -5.000000 0.000001 1.000000
8.500000 -5.000000 0.000001 1.000000
8.510000 -5.000000 0.000001 1.000000
8.520000 -5.000000 0.000001 1.000000
8.530000 -5.000000 0.000001 1.000000
8.540000 -5.000000 0.000001 1.000000
8.550000 -5.000000 0.000001 1.000000
8.560000 -5.000000 0.000001 1.000000
8.570000 -5.000000 0.000001 1.000000
8.580000 -5.000000 0.000001 1.000000
8.590000 -5.000000 0.000001 1.000000
8.600000 -5.000000 0.000001 1.000000
8.610000 -5.000000 0.000001 1.000000
8.620000 -5.000000 0.000001 1.000000
8.630000 -5.000000 0.000001 1.000000
8.640000 -5.000000 0.000001 1.000000
8.650000 -5.000000 0.000001 1.000000
8.660000 -5.000000 0.000001 1.000000
8.670000 -5.000000 0.000001 1.000000
8.680000 -5.000000 0.000001 1.000000
8.690000 -5.000000 0.000001 1.000000
8.700000 -5.000000 0.000001 1.000000
8.710000 -5.000000 0.000001 1.000000
8.720000 -5.000000 0.000001 1.000000
8.730000 -5.000000 0.000001 1.000000
8.740000 -5.000000 0.000001 1.000000
8.750000 -5.000000 0.000001 1.000000
8.760000 -5.000000 0.000001 1.000000
8.770000 -5.000000 0.000001 1.000000
8.780000 -5.000000 0.000001 1.000000
8.790000 -5.000000 0.000001 1.000000
8.800000 -5.000000 0.000001 1.000000
8.810000 -5.000000 0.000001 1.000000
8.820000 -5.000000 0.000001 1.000000
8.830000 -5.000000 0.000001 1.000000
8.840000 -5.000000 0.000001 1.000000
8.850000 -5.000000 0.000001 1.000000
8.860000 -5.000000 0.000001 1.000000
8.870000 -5.000000 0.000001 1.000000
8.880000 -5.000000 0.000001 1.000000
8.890000 -5.000000 0.000001 1.000000
8.900000 -5.000000 0.000001 1.000000
8.910000 -5.000000 0.000001 1.000000
8.920000 -5.000000 0.000001 1.000000
8.930000 -5.000000 0.000001 1.000000
8.940000 -5.000000 0.000001 1.000000
8.950000 -5.000000 0.000001 1.000000
8.960000 -5.000000 0.000001 1.000000
8.970000 -5.000000 0.000001 1.000000
8.980000 -5.000000 0.000001 1.000000
8.990000 -5.000000 0.000001 1.000000
9.000000 -5.000000 0.000001 1.000000
9.010000 -5.000000 0.000001 1.000000
9.020000 -5.000000 0.000001 1.000000
9.030000 -5.000000 0.000001 1.000000
9.040000 -5.000000 0.000001 1.000000
9.050000 -5.000000 0.000001 1.000000
9.060000 -5.000000 0.000001 1.000000
9.070000 -5.000000 0.000001 1.000000
9.080000 -5.000000 0.000001 1.000000
9.090000 -5.000000 0.000001 1.000000
9.100000 -5.000000 0.000001 1.000000
9.110000 -5.000000 0.000001 1.000000
9.120000 -5.000000 0.000001 1.000000
9.130000 -5.000000 0.000001 1.000000
9.140000 -5.000000 0.000001 1.000000
9.150000 -5.000000 0.000001 1.000000
9.160000 -5.000000 0.000001 1.000000
9.170000 -5.000000 0.000001 1.000000
9.180000 -5.000000 0.000001 1.000000
9.190000 -5.000000 0.000001 1.000000
9.200000 -5.000000 0.000001 1.000000
9.210000 -5.000000 0.000001 1.000000
9.220000 -5.000000 0.000001 1.000000
9.230000 -5.000000 0.000001 1.000000
9.240000 -5.000000 0.000001 1.000000
9.250000 -5.000000 0.000001 1.000000
9.260000 -5.000000 0.000001 1.000000
9.270000 -5.000000 0.000001 1.000000
9.280000 -5.000000 0.000001 1.000000
9.290000 -5.000000 0.000001 1.000000
9.300000 -5.000000 0.000001 1.000000
9.310000 -5.000000 0.000001 1.000000
9.320000 -5.000000 0.000001 1.000000
9.330000 -5.000000 0.000001 1.000000
9.340000 -5.000000 0.000001 1.000000
9.350000 -5.000000 0.000001 1.000000
9.360000 -5.000000 0.000001 1.000000
9.370000 -5.000000 0.000001 1.000000
9.380000 -5.000000 0.000001 1.000000
9.390000 -5.000000 0.000001 1.000000
9.400000 -5.000000 0.000001 1.000000
9.410000 -5.000000 0.000001 1.000000
9.420000 -5.000000 0.000001 1.000000
9.430000 -5.000000 0.000001 1.000000
9.440000 -5.000000 0.000001 1.000000
9.450000 -5.000000 0.000001 1.000000
9.460000 -5.000000 0.000001 1.000000
9.470000 -5.000000 0.000001 1.000000
9.480000 -5.000000 0.000001 1.000000
9.490000 -5.000000 0.000001 1.000000
9.500000 -5.000000 0.000001 1.000000
9.510000 -5.000000 0.000001 1.000000
9.520000 -5.000000 0.000001 1.000000
9.530000 -5.000000 0.000001 1.000000
9.540000 -5.000000 0.000001 1.000000
9.550000 -5.000000 0.000001 1.000000
9.560000 -5.000000 0.000001 1.000000
9.570000 -5.000000 0.000001 1.000000
9.580000 -5.000000 0.000001 1.000000
9.590000 -5.000000 0.000001 1.000000
9.600000 -5.000000 0.000001 1.000000
9.610000 -5.000000 0.000001 1.000000
9.620000 -5.000000 0.000001 1.000000
9.630000 -5.000000 0.000001 1.000000
9.640000 -5.000000 0.000001 1.000000
9.650000 -5.000000 0.000001 1.000000
9.660000 -5.000000 0.000001 1.000000
9.670000 -5.000000 0.000001 1.000000
9.680000 -5.000000 0.000001 1.000000
9.690000 -5.000000 0.000001 1.000000
9.700000 -5.000000 0.000001 1.000000
9.710000 -5.000000 0.000001 1.000000
9.720000 -5.000000 0.000001 1.000000
9.730000 -5.000000 0.000001 1.000000
9.740000 -5.000000 0.000001 1.000000
9.750000 -5.000000 0.000001 1.000000
9.760000 -5.000000 0.000001 1.000000
9.770000 -5.000000 0.000001 1.000000
9.780000 -5.000000 0.000001 1.000000
9.790000 -5.000000 0.000001 1.000000
9.800000 -5.000000 0.000001 1.000000
9.810000 -5.000000 0.000001 1.000000
9.820000 -5.000000 0.000001 1.000000
9.830000 -5.000000 0.000001 1.000000
9.840000 -5.000000 0.000001 1.000000
9.850000 -5.000000 0.000001 1.000000
9.860000 -5.000000 0.000001 1.000000
9.870000 -5.000000 0.000001 1.000000
9.880000 -5.000000 0.000001 1.000000
9.890000 -5.000000 0.000001 1.000000
9.900000 -5.000000 0.000001 1.000000
9.910000 -5.000000 0.000001 1.000000
9.920000 -5.000000 0.000001 1.000000
9.930000 -5.000000 0.000001 1.000000
9.940000 -5.000000 0.000001 1.000000
9.950000 -5.000000 0.000001 1.000000
9.960000 -5.000000 0.000001 1.000000
9.970000 -5.000000 0.000001 1.000000
9.980000 -5.000000 0.000001 1.000000
9.990000 -5.000000 0.000001 1.000000
10.000000 -5.000000 0.000001 1.000000
10.010000 -5.000000 0.000001 1.000000
10.020000 -5.000000 0.000001 1.000000
10.030000 -5.000000 0.000001 1.000000
10.040000 -5.000000 0.000001 1.000000
10.050000 -5.000000 0.000001 1.000000
10.060000 -5.000000 0.000001 1.000000
10.070000 -5.000000 0.000001 1.000000
10.080000 -5.000000 0.000001 1.000000
10.090000 -5.000000 0.000001 1.000000
10.100000 -5.000000 0.000001 1.000000
10.110000 -5.000000 0.000001 1.000000
10.120000 -5.000000 0.000001 1.000000
10.130000 -5.000000 0.000001 1.000000
10.140000 -5.000000 0.000001 1.000000
10.150000 -5.000000 0.000001 1.000000
10.160000 -5.000000 0.000001 1.000000
10.170000 -5.000000 0.000001 1.000000
10.180000 -5.000000 0.000001 1.000000
10.190000 -5.000000 0.000001 1.000000
10.200000 -5.000000 0.000001 1.000000
10.210000 -5.000000 0.000001 1.000000
10.220000 -5.000000 0.000001 1.000000
10.230000 -5.000000 0.000001 1.000000
10.240000 -5.000000 0.000001 1.000000
10.250000 -5.000000 0.000001 1.000000
10.260000 -5.000000 0.000001 1.000000
10.270000 -5.000000 0.000001 1.000000
10.280000 -5.000000 0.000001 1.000000
10.290000 -5.000000 0.000001 1.000000
10.300000 -5.000000 0.000001 1.000000
10.310000 -5.000000 0.000001 1.000000
10.320000 -5.000000 0.000001 1.000000
10.330000 -5.000000 0.000001 1.000000
10.340000 -5.000000 0.000001 1.000000
10.350000 -5.000000 0.000001 1.000000
10.360000 -5.000000 0.000001 1.000000
10.370000 -5.000000 0.000001 1.000000
10.380000 -5.000000 0.000001 1.000000
10.390000 -5.000000 0.000001 1.000000
10.400000 -5.000000 0.000001 1.000000
10.410000 -5.000000 0.000001 1.000000
10.420000 -5.000000 0.000001 1.000000
10.430000 -5.000000 0.000001 1.000000
10.440000 -5.000000 0.000001 1.000000
10.450000 -5.000000 0.000001 1.000000
10.460000 -5.000000 0.000001 1.000000
10.470000 -5.000000 0.000001 1.000000
10.480000 -5.000000 0.000001 1.000000
10.490000 -5.000000 0.000001 1.000000
10.500000 -5.000000 0.000001 1.000000
10.510000 -5.000000 0.000001 1.000000
10.520000 -5.000000 0.000001 1.000000
10.530000 -5.000000 0.000001 1.000000
10.540000 -5.000000 0.000001 1.000000
10.550000 -5.000000 0.000001 1.000000
10.560000 -5.000000 0.000001 1.000000
10.570000 -5.000000 0.000001 1.000000
10.580000 -5.000000 0.000001 1.000000
10.590000 -5.000000 0.000001 1.000000
10.600000 -5.000000 0.000001 1.000000
10.610000 -5.000000 0.000001 1.000000
10.620000 -5.000000 0.000001 1.000000
10.630000 -5.000000 0.000001 1.000000
10.640000 -5.000000 0.000001 1.000000
10.650000 -5.000000 0.000001 1.000000
10.660000 -5.000000 0.000001 1.000000
10.670000 -5.000000 0.000001 1.000000
10.680000 -5.000000 0.000001 1.000000
10.690000 -5.000000 0.000001 1.000000
10.700000 -5.000000 0.000001 1.000000
10.710000 -5.000000 0.000001 1.000000
10.720000 -5.000000 0.000001 1.000000
10.730000 -5.000000 0.000001 1.000000
10.740000 -5.000000 0.000001 1.000000
10.750000 -5.000000 0.000001 1.000000
10.760000 -5.000000 0.000001 1.000000
10.770000 -5.000000 0.000001 1.000000
10.780000 -5.000000 0.000001 1.000000
10.790000 -5.000000 0.000001 1.000000
10.800000 -5.000000 0.000001 1.000000
10.810000 -5.000000 0.000001 1.000000
10.820000 -5.000000 0.000001 1.000000
10.830000 -5.000000 0.000001 1.000000
10.840000 -5.000000 0.000001 1.000000
10.850000 -5.000000 0.000001 1.000000
10.860000 -5.000000 0.000001 1.000000
10.870000 -5.000000 0.000001 1.000000
10.880000 -5.000000 0.000001 1.000000
10.890000 -5.000000 0.000001 1.000000
10.900000 -5.000000 0.000001 1.000000
10.910000 -5.000000 0.000001 1.000000
10.920000 -5.000000 0.000001 1.000000
10.930000 -5.000000 0.000001 1.000000
10.940000 -5.000000 0.000001 1.000000
10.950000 -5.000000 0.000001 1.000000
10.960000 -5.000000 0.000001 1.000000
10.970000 -5.000000 0.000001 1.000000
10.980000 -5.000000 0.000001 1.000000
10.990000 -5.000000 0.000001 1.000000
11.000000 -5.000000 0.000001 1.000000
11.010000 -5.000000 0.000001 1.000000
11.020000 -5.000000 0.000001 1.000000
11.030000 -5.000000 0.000001 1.000000
11.040000 -5.000000 0.000001 1.000000
11.050000 -5.000000 0.000001 1.000000
11.060000 -5.000000 0.000001 1.000000
11.070000 -5.000000 0.000001 1.000000
11.080000 -5.000000 0.000001 1.000000
11.090000 -5.000000 0.000001 1.000000
11.100000 -5.000000 0.000001 1.000000
11.110000 -5.000000 0.000001 1.000000
11.120000 -5.000000 0.000001 1.000000
11.130000 -5.000000 0.000001 1.000000
11.140000 -5.000000 0.000001 1.000000
11.150000 -5.000000 0.000001 1.000000
11.160000 -5.000000 0.000001 1.000000
11.170000 -5.000000 0.000001 1.000000
11.180000 -5.000000 0.000001 1.000000
11.190000 -5.000000 0.000001 1.000000
11.200000 -5.000000 0.000001 1.000000
11.210000 -5.000000 0.000001 1.000000
11.220000 -5.000000 0.000001 1.000000
11.230000 -5.000000 0.000001 1.000000
11.240000 -5.000000 0.000001 1.000000
11.250000 -5.000000 0.000001 1.000000
11.260000 -5.000000 0.000001 1.000000
11.270000 -5.000000 0.000001 1.000000
11.280000 -5.000000 0.000001 1.000000
11.290000 -5.000000 0.000001 1.000000
11.300000 -5.000000 0.000001 1.000000
11.310000 -5.000000 0.000001 1.000000
11.320000 -5.000000 0.000001 1.000000
11.330000 -5.000000 0.000001 1.000000
11.340000 -5.000000 0.000001 1.000000
11.350000 -5.000000 0.000001 1.000000
11.360000 -5.000000 0.000001 1.000000
11.370000 -5.000000 0.000001 1.000000
11.380000 -5.000000 0.000001 1.000000
11.390000 -5.000000 0.000001 1.000000
11.400000 -5.000000 0.000001 1.000000
11.410000 -5.000000 0.000001 1.000000
11.420000 -5.000000 0.000001 1.000000
11.430000 -5.000000 0.000001 1.000000
11.440000 -5.000000 0.000001 1.000000
11.450000 -5.000000 0.000001 1.000000
11.460000 -5.000000 0.000001 1.000000
11.470000 -5.000000 0.000001 1.000000
11.480000 -5.000000 0.000001 1.000000
11.490000 -5.000000 0.000001 1.000000
11.500000 -5.000000 0.000001 1.000000
11.510000 -5.000000 0.000001 1.000000
11.520000 -5.000000 0.000001 1.000000
11.530000 -5.000000 0.000001 1.000000
11.540000 -5.000000 0.000001 1.000000
11.550000 -5.000000 0.000001 1.000000
11.560000 -5.000000 0.000001 1.000000
11.570000 -5.000000 0.000001 1.000000
11.580000 -5.000000 0.000001 1.000000
11.590000 -5.000000 0.000001 1.000000
11.600000 -5.000000 0.000001 1.000000
11.610000 -5.000000 0.000001 1.000000
11.620000 -5.000000 0.000001 1.000000
11.630000 -5.000000 0.000001 1.000000
11.640000 -5.000000 0.000001 1.000000
11.650000 -5.000000 0.000001 1.000000
11.660000 -5.000000 0.000001 1.000000
11.670000 -5.000000 0.000001 1.000000
11.680000 -5.000000 0.000001 1.000000
11.690000 -5.000000 0.000001 1.000000
11.700000 -5.000000 0.000001 1.000000
11.710000 -5.000000 0.000001 1.000000
11.720000 -5.000000 0.000001 1.000000
11.730000 -5.000000 0.000001 1.000000
11.740000 -5.000000 0.000001 1.000000
11.750000 -5.000000 0.000001 1.000000
11.760000 -5.000000 0.000001 1.000000
11.770000 -5.000000 0.000001 1.000000
11.780000 -5.000000 0.000001 1.000000
11.790000 -5.000000 0.000001 1.000000
11.800000 -5.000000 0.000001 1.000000
11.810000 -5.000000 0.000001 1.000000
11.820000 -5.000000 0.000001 1.000000
11.830000 -5.000000 0.000001 1.000000
11.840000 -5.000000 0.000001 1.000000
11.850000 -5.000000 0.000001 1.000000
11.860000 -5.000000 0.000001 1.000000
11.870000 -5.000000 0.000001 1.000000
11.880000 -5.000000 0.000001 1.000000
11.890000 -5.000000 0.000001 1.000000
11.900000 -5.000000 0.000001 1.000000
11.910000 -5.000000 0.000001 1.000000
11.920000 -5.000000 0.000001 1.000000
11.930000 -5.000000 0.000001 1.000000
11.940000 -5.000000 0.000001 1.000000
11.950000 -5.000000 0.000001 1.000000
11.960000 -5.000000 0.000001 1.000000
11.970000 -5.000000 0.000001 1.000000
11.980000 -5.000000 0.000001 1.000000
11.990000 -5.000000 0.000001 1.000000
12.000000 -5.000000 0.000001 1.000000
12.010000 -5.000000 0.000001 1.000000
12.020000 -5.000000 0.000001 1.000000
12.030000 -5.000000 0.000001 1.000000
12.040000 -5.000000 0.000001 1.000000
12.050000 -5.000000 0.000001 1.000000
12.060000 -5.000000 0.000001 1.000000
12.070000 -5.000000 0.000001 1.000000
12.080000 -5.000000 0.000001 1.000000
12.090000 -5.000000 0.000001 1.000000
12.100000 -5.000000 0.000001 1.000000
12.110000 -5.000000 0.000001 1.000000
12.120000 -5.000000 0.000001 1.000000
12.130000 -5.000000 0.000001 1.000000
12.140000 -5.000000 0.000001 1.000000
12.150000 -5.000000 0.000001 1.000000
12.160000 -5.000000 0.000001 1.000000
12.170000 -5.000000 0.000001 1.000000
12.180000 -5.000000 0.000001 1.000000
12.190000 -5.000000 0.000001 1.000000
12.200000 -5.000000 0.000001 1.000000
12.210000 -5.000000 0.000001 1.000000
12.220000 -5.000000 0.000001 1.000000
12.230000 -5.000000 0.000001 1.000000
12.240000 -5.000000 0.000001 1.000000
12.250000 -5.000000 0.000001 1.000000
12.260000 -5.000000 0.000001 1.000000
12.270000 -5.000000 0.000001 1.000000
12.280000 -5.000000 0.000001 1.000000
12.290000 -5.000000 0.000001 1.000000
12.300000 -5.000000 0.000001 1.000000
12.310000 -5.000000 0.000001 1.000000
12.320000 -5.000000 0.000001 1.000000
12.330000 -5.000000 0.000001 1.000000
12.340000 -5.000000 0.000001 1.000000
12.350000 -5.000000 0.000001 1.000000
12.360000 -5.000000 0.000001 1.000000
12.370000 -5.000000 0.000001 1.000000
12.380000 -5.000000 0.000001 1.000000
12.390000 -5.000000 0.000001 1.000000
12.400000 -5.000000 0.000001 1.000000
12.410000 -5.000000 0.000001 1.000000
12.420000 -5.000000 0.000001 1.000000
12.430000 -5.000000 0.000001 1.000000
12.440000 -5.000000 0.000001 1.000000
12.450000 -5.000000 0.000001 1.000000
12.460000 -5.000000 0.000001 1.000000
12.470000 -5.000000 0.000001 1.000000
12.480000 -5.000000 0.000001 1.000000
12.490000 -5.000000 0.000001 1.000000
12.500000 -5.000000 0.000001 1.000000
12.510000 -5.000000 0.000001 1.000000
12.520000 -5.000000 0.000001 1.000000
12.530000 -5.000000 0.000001 1.000000
12.540000 -5.000000 0.000001 1.000000
12.550000 -5.000000 0.000001 1.000000
12.560000 -5.000000 0.000001 1.000000
12.570000 -5.000000 0.000001 1.000000
12.580000 -5.000000 0.000001 1.000000
12.590000 -5.000000 0.000001 1.000000
12.600000 -5.000000 0.000001 1.000000
12.610000 -5.000000 0.000001 1.000000
12.620000 -5.000000 0.000001 1.000000
12.630000 -5.000000 0.000001 1.000000
12.640000 -5.000000 0.000001 1.000000
12.650000 -5.000000 0.000001 1.000000
12.660000 -5.000000 0.000001 1.000000
12.670000 -5.000000 0.000001 1.000000
12.680000 -5.000000 0.000001 1.000000
12.690000 -5.000000 0.000001 1.000000
12.700000 -5.000000 0.000001 1.000000
12.710000 -5.000000 0.000001 1.000000
12.720000 -5.000000 0.000001 1.000000
12.730000 -5.000000 0.000001 1.000000
12.740000 -5.000000 0.000001 1.000000
12.750000 -5.000000 0.000001 1.000000
12.760000 -5.000000 0.000001 1.000000
12.770000 -5.000000 0.000001 1.000000
12.780000 -5.000000 0.000001 1.000000
12.790000 -5.000000 0.000001 1.000000
12.800000 -5.000000 0.000001 1.000000
12.810000 -5.000000 0.000001 1.000000
12.820000 -5.000000 0.000001 1.000000
12.830000 -5.000000 0.000001 1.000000
12.840000 -5.000000 0.000001 1.000000
12.850000 -5.000000 0.000001 1.000000
12.860000 -5.000000 0.000001 1.000000
12.870000 -5.000000 0.000001 1.000000
12.880000 -5.000000 0.000001 1.000000
12.890000 -5.000000 0.000001 1.000000
12.900000 -5.000000 0.000001 1.000000
12.910000 -5.000000 0.000001 1.000000
12.920000 -5.000000 0.000001 1.000000
12.930000 -5.000000 0.000001 1.000000
12.940000 -5.000000 0.000001 1.000000
12.950000 -5.000000 0.000001 1.000000
12.960000 -5.000000 0.000001 1.000000
12.970000 -5.000000 0.000001 1.000000
12.980000 -5.000000 0.000001 1.000000
12.990000 -5.000000 0.000001 1.000000
13.000000 -5.000000 0.000001 1.000000
13.010000 -5.000000 0.000001 1.000000
13.020000 -5.000000 0.000001 1.000000
13.030000 -5.000000 0.000001 1.000000
13.040000 -5.000000 0.000001 1.000000
13.050000 -5.000000 0.000001 1.000000
13.060000 -5.000000 0.000001 1.000000
13.070000 -5.000000 0.000001 1.000000
13.080000 -5.000000 0.000001 1.000000
13.090000 -5.000000 0.000001 1.000000
13.100000 -5.000000 0.000001 1.000000
13.110000 -5.000000 0.000001 1.000000
13.120000 -5.000000 0.000001 1.000000
13.130000 -5.000000 0.000001 1.000000
13.140000 -5.000000 0.000001 1.000000
13.150000 -5.000000 0.000001 1.000000
13.160000 -5.000000 0.000001 1.000000
13.170000 -5.000000 0.000001 1.000000
13.180000 -5.000000 0.000001 1.000000
13.190000 -5.000000 0.000001 1.000000
13.200000 -5.000000 0.000001 1.000000
13.210000 -5.000000 0.000001 1.000000
13.220000 -5.000000 0.000001 1.000000
13.230000 -5.000000 0.000001 1.000000
13.240000 -5.000000 0.000001 1.000000
13.250000 -5.000000 0.000001 1.000000
13.260000 -5.000000 0.000001 1.000000
13.270000 -5.000000 0.000001 1.000000
13.280000 -5.000000 0.000001 1.000000
13.290000 -5.000000 0.000001 1.000000
13.300000 -5.000000 0.000001 1.000000
13.310000 -5.000000 0.000001 1.000000
13.320000 -5.000000 0.000001 1.000000
13.330000 -5.000000 0.000001 1.000000
13.340000 -5.000000 0.000001 1.000000
13.350000 -5.000000 0.000001 1.000000
13.360000 -5.000000 0.000001 1.000000
13.370000 -5.000000 0.000001 1.000000
13.380000 -5.000000 0.000001 1.000000
13.390000 -5.000000 0.000001 1.000000
13.400000 -5.000000 0.000001 1.000000
13.410000 -5.000000 0.000001 1.000000
13.420000 -5.000000 0.000001 1.000000
13.430000 -5.000000 0.000001 1.000000
13.440000 -5.000000 0.000001 1.000000
13.450000 -5.000000 0.000001 1.000000
13.460000 -5.000000 0.000001 1.000000
13.470000 -5.000000 0.000001 1.000000
13.480000 -5.000000 0.000001 1.000000
13.490000 -5.000000 0.000001 1.000000
13.500000 -5.000000 0.000001 1.000000
13.510000 -5.000000 0.000001 1.000000
13.520000 -5.000000 0.000001 1.000000
13.530000 -5.000000 0.000001 1.000000
13.540000 -5.000000 0.000001 1.000000
13.550000 -5.000000 0.000001 1.000000
13.560000 -5.000000 0.000001 1.000000
13.570000 -5.000000 0.000001 1.000000
13.580000 -5.000000 0.000001 1.000000
13.590000 -5.000000 0.000001 1.000000
13.600000 -5.000000 0.000001 1.000000
13.610000 -5.000000 0.000001 1.000000
13.620000 -5.000000 0.000001 1.000000
13.630000 -5.000000 0.000001 1.000000
13.640000 -5.000000 0.000001 1.000000
13.650000 -5.000000 0.000001 1.000000
13.660000 -5.000000 0.000001 1.000000
13.670000 -5.000000 0.000001 1.000000
13.680000 -5.000000 0.000001 1.000000
13.690000 -5.000000 0.000001 1.000000
13.700000 -5.000000 0.000001 1.000000
13.710000 -5.000000 0.000001 1.000000
13.720000 -5.000000 0.000001 1.000000
13.730000 -5.000000 0.000001 1.000000
13.740000 -5.000000 0.000001 1.000000
13.750000 -5.000000 0.000001 1.000000
13.760000 -5.000000 0.000001 1.000000
13.770000 -5.000000 0.000001 1.000000
13.780000 -5.000000 0.000001 1.000000
13.790000 -5.000000 0.000001 1.000000
13.800000 -5.000000 0.000001 1.000000
13.810000 -5.000000 0.000001 1.000000
13.820000 -5.000000 0.000001 1.000000
13.830000 -5.000000 0.000001 1.000000
13.840000 -5.000000 0.000001 1.000000
13.850000 -5.000000 0.000001 1.000000
13.860000 -5.000000 0.000001 1.000000
13.870000 -5.000000 0.000001 1.000000
13.880000 -5.000000 0.000001 1.000000
13.890000 -5.000000 0.000001 1.000000
13.900000 -5.000000 0.000001 1.000000
13.910000 -5.000000 0.000001 1.000000
13.920000 -5.000000 0.000001 1.000000
13.930000 -5.000000 0.000001 1.000000
13.940000 -5.000000 0.000001 1.000000
13.950000 -5.000000 0.000001 1.000000
13.960000 -5.000000 0.000001 1.000000
13.970000 -5.000000 0.000001 1.000000
13.980000 -5.000000 0.000001 1.000000
13.990000 -5.000000 0.000001 1.000000
14.000000 -5.000000 0.000001 1.000000
14.010000 -5.000000 0.000001 1.000000
14.020000 -5.000000 0.000001 1.000000
14.030000 -5.000000 0.000001 1.000000
14.040000 -5.000000 0.000001 1.000000
14.050000 -5.000000 0.000001 1.000000
14.060000 -5.000000 0.000001 1.000000
14.070000 -5.000000 0.000001 1.000000
14.080000 -5.000000 0.000001 1.000000
14.090000 -5.000000 0.000001 1.000000
14.100000 -5.000000 0.000001 1.000000
14.110000 -5.000000 0.000001 1.000000
14.120000 -5.000000 0.000001 1.000000
14.130000 -5.000000 0.000001 1.000000
14.140000 -5.000000 0.000001 1.000000
14.150000 -5.000000 0.000001 1.000000
14.160000 -5.000000 0.000001 1.000000
14.170000 -5.000000 0.000001 1.000000
14.180000 -5.000000 0.000001 1.000000
14.190000 -5.000000 0.000001 1.000000
14.200000 -5.000000 0.000001 1.000000
14.210000 -5.000000 0.000001 1.000000
14.220000 -5.000000 0.000001 1.000000
14.230000 -5.000000 0.000001 1.000000
14.240000 -5.000000 0.000001 1.000000
14.250000 -5.000000 0.000001 1.000000
14.260000 -5.000000 0.000001 1.000000
14.270000 -5.000000 0.000001 1.000000
14.280000 -5.000000 0.000001 1.000000
14.290000 -5.000000 0.000001 1.000000
14.300000 -5.000000 0.000001 1.000000
14.310000 -5.000000 0.000001 1.000000
14.320000 -5.000000 0.000001 1.000000
14.330000 -5.000000 0.000001 1.000000
14.340000 -5.000000 0.000001 1.000000
14.350000 -5.000000 0.000001 1.000000
14.360000 -5.000000 0.000001 1.000000
14.370000 -5.000000 0.000001 1.000000
14.380000 -5.000000 0.000001 1.000000
14.390000 -5.000000 0.000001 1.000000
14.400000 -5.000000 0.000001 1.000000
14.410000 -5.000000 0.000001 1.000000
14.420000 -5.000000 0.000001 1.000000
14.430000 -5.000000 0.000001 1.000000
14.440000 -5.000000 0.000001 1.000000
14.450000 -5.000000 0.000001 1.000000
14.460000 -5.000000 0.000001 1.000000
14.470000 -5.000000 0.000001 1.000000
14.480000 -5.000000 0.000001 1.000000
14.490000 -5.000000 0.000001 1.000000
14.500000 -5.000000 0.000001 1.000000
14.510000 -5.000000 0.000001 1.000000
14.520000 -5.000000 0.000001 1.000000
14.530000 -5.000000 0.000001 1.000000
14.540000 -5.000000 0.000001 1.000000
14.550000 -5.000000 0.000001 1.000000
14.560000 -5.000000 0.000001 1.000000
14.570000 -5.000000 0.000001 1.000000
14.580000 -5.000000 0.000001 1.000000
14.590000 -5.000000 0.000001 1.000000
14.600000 -5.000000 0.000001 1.000000
14.610000 -5.000000 0.000001 1.000000
14.620000 -5.000000 0.000001 1.000000
14.630000 -5.000000 0.000001 1.000000
14.640000 -5.000000 0.000001 1.000000
14.650000 -5.000000 0.000001 1.000000
14.660000 -5.000000 0.000001 1.000000
14.670000 -5.000000 0.000001 1.000000
14.680000 -5.000000 0.000001 1.000000
14.690000 -5.000000 0.000001 1.000000
14.700000 -5.000000 0.000001 1.000000
14.710000 -5.000000 0.000001 1.000000
14.720000 -5.000000 0.000001 1.000000
14.730000 -5.000000 0.000001 1.000000
14.740000 -5.000000 0.000001 1.000000
14.750000 -5.000000 0.000001 1.000000
14.760000 -5.000000 0.000001 1.000000
14.770000 -5.000000 0.000001 1.000000
14.780000 -5.000000 0.000001 1.000000
14.790000 -5.000000 0.000001 1.000000
14.800000 -5.000000 0.000001 1.000000
14.810000 -5.000000 0.000001 1.000000
14.820000 -5.000000 0.000001 1.000000
14.830000 -5.000000 0.000001 1.000000
14.840000 -5.000000 0.000001 1.000000
14.850000 -5.000000 0.000001 1.000000
14.860000 -5.000000 0.000001 1.000000
14.870000 -5.000000 0.000001 1.000000
14.880000 -5.000000 0.000001 1.000000
14.890000 -5.000000 0.000001 1.000000
14.900000 -5.000000 0.000001 1.000000
14.910000 -5.000000 0.000001 1.000000
14.920000 -5.000000 0.000001 1.000000
14.930000 -5.000000 0.000001 1.000000
14.940000 -5.000000 0.000001 1.000000
14.950000 -5.000000 0.000001 1.000000
14.960000 -5.000000 0.000001 1.000000
14.970000 -5.000000 0.000001 1.000000
14.980000 -5.000000 0.000001 1.000000
14.990000 -5.000000 0.000001 1.000000
15.000000 -5.000000 0.000001 1.000000
15.010000 -5.000000 0.000001 1.000000
15.020000 -5.000000 0.000001 1.000000
15.030000 -5.000000 0.000001 1.000000
15.040000 -5.000000 0.000001 1.000000
15.050000 -5.000000 0.000001 1.000000
15.060000 -5.000000 0.000001 1.000000
15.070000 -5.000000 0.000001 1.000000
15.080000 -5.000000 0.000001 1.000000
15.090000 -5.000000 0.000001 1.000000
15.100000 -5.000000 0.000001 1.000000
15.110000 -5.000000 0.000001 1.000000
15.120000 -5.000000 0.000001 1.000000
15.130000 -5.000000 0.000001 1.000000
15.140000 -5.000000 0.000001 1.000000
15.150000 -5.000000 0.000001 1.000000
15.160000 -5.000000 0.000001 1.000000
15.170000 -5.000000 0.000001 1.000000
15.180000 -5.000000 0.000001 1.000000
15.190000 -5.000000 0.000001 1.000000
15.200000 -5.000000 0.000001 1.000000
15.210000 -5.000000 0.000001 1.000000
15.220000 -5.000000 0.000001 1.000000
15.230000 -5.000000 0.000001 1.000000
15.240000 -5.000000 0.000001 1.000000
15.250000 -5.000000 0.000001 1.000000
15.260000 -5.000000 0.000001 1.000000
15.270000 -5.000000 0.000001 1.000000
15.280000 -5.000000 0.000001 1.000000
15.290000 -5.000000 0.000001 1.000000
15.300000 -5.000000 0.000001 1.000000
15.310000 -5.000000 0.000001 1.000000
15.320000 -5.000000 0.000001 1.000000
15.330000 -5.000000 0.000001 1.000000
15.340000 -5.000000 0.000001 1.000000
15.350000 -5.000000 0.000001 1.000000
15.360000 -5.000000 0.000001 1.000000
15.370000 -5.000000 0.000001 1.000000
15.380000 -5.000000 0.000001 1.000000
15.390000 -5.000000 0.000001 1.000000
15.400000 -5.000000 0.000001 1.000000
15.410000 -5.000000 0.000001 1.000000
15.420000 -5.000000 0.000001 1.000000
15.430000 -5.000000 0.000001 1.000000
15.440000 -5.000000 0.000001 1.000000
15.450000 -5.000000 0.000001 1.000000
15.460000 -5.000000 0.000001 1.000000
15.470000 -5.000000 0.000001 1.000000
15.480000 -5.000000 0.000001 1.000000
15.490000 -5.000000 0.000001 1.000000
15.500000 -5.000000 0.000001 1.000000
15.510000 -5.000000 0.000001 1.000000
15.520000 -5.000000 0.000001 1.000000
15.530000 -5.000000 0.000001 1.000000
15.540000 -5.000000 0.000001 1.000000
15.550000 -5.000000 0.000001 1.000000
15.560000 -5.000000 0.000001 1.000000
15.570000 -5.000000 0.000001 1.000000
15.580000 -5.000000 0.000001 1.000000
15.590000 -5.000000 0.000001 1.000000
15.600000 -5.000000 0.000001 1.000000
15.610000 -5.000000 0.000001 1.000000
15.620000 -5.000000 0.000001 1.000000
15.630000 -5.000000 0.000001 1.000000
15.640000 -5.000000 0.000001 1.000000
15.650000 -5.000000 0.000001 1.000000
15.660000 -5.000000 0.000001 1.000000
15.670000 -5.000000 0.000001 1.000000
15.680000 -5.000000 0.000001 1.000000
15.690000 -5.000000 0.000001 1.000000
15.700000 -5.000000 0.000001 1.000000
15.710000 -5.000000 0.000001 1.000000
15.720000 -5.000000 0.000001 1.000000
15.730000 -5.000000 0.000001 1.000000
15.740000 -5.000000 0.000001 1.000000
15.750000 -5.000000 0.000001 1.000000
15.760000 -5.000000 0.000001 1.000000
15.770000 -5.000000 0.000001 1.000000
15.780000 -5.000000 0.000001 1.000000
15.790000 -5.000000 0.000001 1.000000
15.800000 -5.000000 0.000001 1.000000
15.810000 -5.000000 0.000001 1.000000
15.820000 -5.000000 0.000001 1.000000
15.830000 -5.000000 0.000001 1.000000
15.840000 -5.000000 0.000001 1.000000
15.850000 -5.000000 0.000001 1.000000
15.860000 -5.000000 0.000001 1.000000
15.870000 -5.000000 0.000001 1.000000
15.880000 -5.000000 0.000001 1.000000
15.890000 -5.000000 0.000001 1.000000
15.900000 -5.000000 0.000001 1.000000
15.910000 -5.000000 0.000001 1.000000
15.920000 -5.000000 0.000001 1.000000
15.930000 -5.000000 0.000001 1.000000
15.940000 -5.000000 0.000001 1.000000
15.950000 -5.000000 0.000001 1.000000
15.960000 -5.000000 0.000001 1.000000
15.970000 -5.000000 0.000001 1.000000
15.980000 -5.000000 0.000001 1.000000
15.990000 -5.000000 0.000001 1.000000
16.000000 -5.000000 0.000001 1.000000
QITE gs wfn 
000000 -0.000032614422 0.000000215078 I 
000001 -0.000013838173 0.000004233883 I 
000010 -0.000009381955 -0.000007880979 I 
000011 -0.000024530811 -0.000008841438 I 
000100 -0.000010612341 -0.000008344631 I 
000101 0.000201151875 -0.000004974682 I 
000110 0.501222358179 -0.000065513584 I 
000111 0.498442365694 -0.000125194334 I 
001000 -0.000002692241 0.000010634068 I 
001001 0.000003420383 -0.000010415809 I 
001010 0.000074044705 0.000000285079 I 
001011 0.000020739783 0.000000040241 I 
001100 -0.000006396305 -0.000003748748 I 
001101 0.000001271090 -0.000021431927 I 
001110 0.000381927090 -0.000039913024 I 
001111 0.000008165455 -0.000005675830 I 
010100 -0.000011925147 0.000004131761 I 
010101 0.017496947670 0.000001841412 I 
010110 0.000067837595 0.000003144189 I 
010111 0.000065740654 -0.000003556793 I 
011000 0.000164379249 -0.000000297415 I 
011001 0.000164305911 -0.000000311174 I 
011100 -0.000006330521 -0.000005045610 I 
011101 -0.000015616234 0.000006204742 I 
011110 -0.000000409277 0.000004689365 I 
011111 -0.000000608642 -0.000002467276 I 
100000 0.000001406265 0.000006265808 I 
100001 -0.000003466073 -0.000001363000 I 
100010 -0.000011444163 0.000002750727 I 
100011 -0.000007190648 -0.000004888455 I 
100110 0.000164301707 0.000000127878 I 
100111 0.000163878706 0.000000114070 I 
101000 0.000052458222 0.000005835737 I 
101001 0.000053028018 -0.000003873818 I 
101010 0.017501658378 0.000007662473 I 
101011 0.000001170446 0.000014326906 I 
110000 -0.000001606358 0.000008435447 I 
110001 0.000288113868 0.000034540331 I 
110010 0.000003320575 -0.000030838680 I 
110011 0.000027615918 -0.000010245798 I 
110100 -0.000004277279 -0.000006143881 I 
110101 0.000073245982 -0.000000420013 I 
110110 -0.000004629849 -0.000009200446 I 
110111 0.000000085237 0.000010774968 I 
111000 0.498491766746 -0.000145155603 I 
111001 0.501222861185 0.000131666766 I 
111010 0.000184357798 -0.000011064717 I 
111011 0.000008116955 0.000001189296 I 
111100 0.000026937985 0.000004181470 I 
111101 0.000024586968 0.000004115306 I 
111110 0.000001076419 -0.000003271591 I 
111111 0.000015644430 -0.000002408225 I 
