0.000000 -3.000000 1.500000 0.093750 
0.010000 -3.029898 1.484739 0.097546 
0.020000 -3.059633 1.468817 0.101426 
0.030000 -3.089192 1.452266 0.105390 
0.040000 -3.118561 1.435120 0.109436 
0.050000 -3.147734 1.417354 0.113560 
0.060000 -3.176703 1.399225 0.117767 
0.070000 -3.205468 1.380852 0.122072 
0.080000 -3.234005 1.362072 0.126460 
0.090000 -3.262307 1.342936 0.130927 
0.100000 -3.290361 1.323458 0.135473 
0.110000 -3.318165 1.303746 0.140116 
0.120000 -3.345705 1.283764 0.144838 
0.130000 -3.372970 1.263545 0.149636 
0.140000 -3.399954 1.243122 0.154510 
0.150000 -3.426647 1.222530 0.159457 
0.160000 -3.453041 1.201800 0.164476 
0.170000 -3.479129 1.180966 0.169564 
0.180000 -3.504903 1.160061 0.174719 
0.190000 -3.530356 1.139119 0.179939 
0.200000 -3.555481 1.118168 0.185222 
0.210000 -3.580271 1.097241 0.190565 
0.220000 -3.604721 1.076371 0.195965 
0.230000 -3.628825 1.055589 0.201421 
0.240000 -3.652577 1.034925 0.206929 
0.250000 -3.675972 1.014409 0.212488 
0.260000 -3.699006 0.994068 0.218093 
0.270000 -3.721674 0.973931 0.223743 
0.280000 -3.743971 0.954025 0.229435 
0.290000 -3.765895 0.934375 0.235165 
0.300000 -3.787443 0.915006 0.240931 
0.310000 -3.808610 0.895940 0.246729 
0.320000 -3.829394 0.877202 0.252556 
0.330000 -3.849793 0.858813 0.258410 
0.340000 -3.869806 0.840792 0.264288 
0.350000 -3.889431 0.823159 0.270186 
0.360000 -3.908666 0.805933 0.276101 
0.370000 -3.927511 0.789128 0.282030 
0.380000 -3.945966 0.772761 0.287970 
0.390000 -3.964029 0.756845 0.293918 
0.400000 -3.981703 0.741394 0.299871 
0.410000 -3.998986 0.726417 0.305826 
0.420000 -4.015881 0.711926 0.311780 
0.430000 -4.032388 0.697928 0.317730 
0.440000 -4.048509 0.684431 0.323672 
0.450000 -4.064246 0.671441 0.329605 
0.460000 -4.079600 0.658963 0.335524 
0.470000 -4.094576 0.647000 0.341428 
0.480000 -4.109174 0.635555 0.347313 
0.490000 -4.123399 0.624628 0.353176 
0.500000 -4.137254 0.614220 0.359016 
0.510000 -4.150742 0.604328 0.364829 
0.520000 -4.163868 0.594952 0.370613 
0.530000 -4.176634 0.586087 0.376365 
0.540000 -4.189047 0.577729 0.382084 
0.550000 -4.201110 0.569873 0.387766 
0.560000 -4.212828 0.562512 0.393409 
0.570000 -4.224206 0.555640 0.399013 
0.580000 -4.235249 0.549248 0.404573 
0.590000 -4.245963 0.543328 0.410089 
0.600000 -4.256354 0.537871 0.415558 
0.610000 -4.266426 0.532866 0.420980 
0.620000 -4.276185 0.528302 0.426351 
0.630000 -4.285638 0.524169 0.431671 
0.640000 -4.294791 0.520454 0.436937 
0.650000 -4.303649 0.517147 0.442150 
0.660000 -4.312219 0.514233 0.447307 
0.670000 -4.320508 0.511701 0.452407 
0.680000 -4.328521 0.509538 0.457448 
0.690000 -4.336265 0.507729 0.462431 
0.700000 -4.343746 0.506262 0.467354 
0.710000 -4.350971 0.505122 0.472216 
0.720000 -4.357946 0.504297 0.477017 
0.730000 -4.364678 0.503772 0.481755 
0.740000 -4.371174 0.503533 0.486430 
0.750000 -4.377439 0.503568 0.491042 
0.760000 -4.383480 0.503861 0.495590 
0.770000 -4.389304 0.504400 0.500074 
0.780000 -4.394916 0.505172 0.504494 
0.790000 -4.400324 0.506162 0.508849 
0.800000 -4.405533 0.507359 0.513139 
0.810000 -4.410549 0.508748 0.517365 
0.820000 -4.415379 0.510318 0.521526 
0.830000 -4.420028 0.512057 0.525622 
0.840000 -4.424503 0.513952 0.529653 
0.850000 -4.428808 0.515992 0.533620 
0.860000 -4.432951 0.518166 0.537523 
0.870000 -4.436936 0.520461 0.541361 
0.880000 -4.440769 0.522869 0.545136 
0.890000 -4.444454 0.525379 0.548848 
0.900000 -4.447999 0.527980 0.552497 
0.910000 -4.451407 0.530663 0.556084 
0.920000 -4.454683 0.533420 0.559608 
0.930000 -4.457833 0.536240 0.563071 
0.940000 -4.460860 0.539117 0.566474 
0.950000 -4.463771 0.542041 0.569816 
0.960000 -4.466568 0.545005 0.573098 
0.970000 -4.469257 0.548003 0.576321 
0.980000 -4.471841 0.551026 0.579486 
0.990000 -4.474325 0.554069 0.582593 
1.000000 -4.476712 0.557125 0.585643 
1.010000 -4.479007 0.560188 0.588636 
1.020000 -4.481213 0.563254 0.591573 
1.030000 -4.483334 0.566316 0.594456 
1.040000 -4.485373 0.569370 0.597284 
1.050000 -4.487333 0.572412 0.600058 
1.060000 -4.489217 0.575437 0.602780 
1.070000 -4.491029 0.578441 0.605450 
1.080000 -4.492772 0.581421 0.608068 
1.090000 -4.494448 0.584374 0.610635 
1.100000 -4.496060 0.587295 0.613152 
1.110000 -4.497610 0.590183 0.615620 
1.120000 -4.499102 0.593035 0.618040 
1.130000 -4.500537 0.595848 0.620411 
1.140000 -4.501918 0.598620 0.622736 
1.150000 -4.503247 0.601350 0.625014 
1.160000 -4.504526 0.604035 0.627247 
1.170000 -4.505758 0.606675 0.629434 
1.180000 -4.506943 0.609267 0.631578 
1.190000 -4.508084 0.611811 0.633677 
1.200000 -4.509182 0.614306 0.635734 
1.210000 -4.510240 0.616750 0.637749 
1.220000 -4.511258 0.619143 0.639722 
1.230000 -4.512239 0.621485 0.641654 
1.240000 -4.513183 0.623775 0.643545 
1.250000 -4.514092 0.626012 0.645397 
1.260000 -4.514968 0.628197 0.647210 
1.270000 -4.515811 0.630329 0.648984 
1.280000 -4.516623 0.632409 0.650720 
1.290000 -4.517404 0.634435 0.652419 
1.300000 -4.518156 0.636410 0.654082 
1.310000 -4.518881 0.638332 0.655708 
1.320000 -4.519577 0.640202 0.657298 
1.330000 -4.520248 0.642021 0.658854 
1.340000 -4.520893 0.643789 0.660374 
1.350000 -4.521513 0.645506 0.661861 
1.360000 -4.522109 0.647173 0.663314 
1.370000 -4.522681 0.648791 0.664734 
1.380000 -4.523231 0.650359 0.666122 
1.390000 -4.523759 0.651880 0.667477 
1.400000 -4.524266 0.653353 0.668801 
1.410000 -4.524751 0.654780 0.670094 
1.420000 -4.525216 0.656160 0.671356 
1.430000 -4.525661 0.657496 0.672587 
1.440000 -4.526086 0.658787 0.673789 
1.450000 -4.526493 0.660035 0.674961 
1.460000 -4.526880 0.661240 0.676104 
1.470000 -4.527249 0.662403 0.677219 
1.480000 -4.527601 0.663525 0.678305 
1.490000 -4.527934 0.664608 0.679363 
1.500000 -4.528251 0.665651 0.680394 
1.510000 -4.528550 0.666655 0.681397 
1.520000 -4.528832 0.667623 0.682374 
1.530000 -4.529098 0.668554 0.683324 
1.540000 -4.529348 0.669449 0.684249 
1.550000 -4.529581 0.670310 0.685147 
1.560000 -4.529798 0.671136 0.686020 
1.570000 -4.530000 0.671930 0.686868 
1.580000 -4.530186 0.672692 0.687690 
1.590000 -4.530357 0.673422 0.688489 
1.600000 -4.530512 0.674122 0.689263 
1.610000 -4.530652 0.674793 0.690013 
1.620000 -4.530777 0.675435 0.690739 
1.630000 -4.530887 0.676049 0.691443 
1.640000 -4.530983 0.676637 0.692123 
1.650000 -4.531063 0.677198 0.692780 
1.660000 -4.531129 0.677734 0.693414 
1.670000 -4.531180 0.678245 0.694026 
1.680000 -4.531217 0.678733 0.694617 
1.690000 -4.531239 0.679197 0.695185 
1.700000 -4.531247 0.679640 0.695732 
1.710000 -4.531241 0.680061 0.696257 
1.720000 -4.531220 0.680462 0.696761 
1.730000 -4.531185 0.680842 0.697245 
1.740000 -4.531136 0.681204 0.697708 
1.750000 -4.531072 0.681546 0.698150 
1.760000 -4.530995 0.681872 0.698572 
1.770000 -4.530903 0.682180 0.698974 
1.780000 -4.530797 0.682471 0.699357 
1.790000 -4.530677 0.682747 0.699720 
1.800000 -4.530543 0.683008 0.700063 
1.810000 -4.530395 0.683254 0.700388 
1.820000 -4.530233 0.683486 0.700693 
1.830000 -4.530057 0.683705 0.700980 
1.840000 -4.529867 0.683912 0.701248 
1.850000 -4.529663 0.684106 0.701498 
1.860000 -4.529445 0.684289 0.701730 
1.870000 -4.529213 0.684461 0.701943 
1.880000 -4.528968 0.684623 0.702139 
1.890000 -4.528708 0.684775 0.702318 
1.900000 -4.528434 0.684917 0.702479 
1.910000 -4.528146 0.685051 0.702622 
1.920000 -4.527845 0.685177 0.702749 
1.930000 -4.527529 0.685295 0.702859 
1.940000 -4.527200 0.685405 0.702952 
1.950000 -4.526856 0.685509 0.703028 
1.960000 -4.526499 0.685606 0.703088 
1.970000 -4.526128 0.685698 0.703132 
1.980000 -4.525744 0.685784 0.703160 
1.990000 -4.525345 0.685865 0.703172 
2.000000 -4.524932 0.685942 0.703169 
2.010000 -4.524506 0.686014 0.703150 
2.020000 -4.524066 0.686083 0.703115 
2.030000 -4.523612 0.686148 0.703066 
2.040000 -4.523145 0.686211 0.703001 
2.050000 -4.522664 0.686270 0.702921 
2.060000 -4.522169 0.686328 0.702827 
2.070000 -4.521660 0.686384 0.702719 
2.080000 -4.521138 0.686438 0.702595 
2.090000 -4.520603 0.686491 0.702458 
2.100000 -4.520053 0.686543 0.702307 
2.110000 -4.519491 0.686594 0.702141 
2.120000 -4.518914 0.686646 0.701962 
2.130000 -4.518325 0.686697 0.701769 
2.140000 -4.517722 0.686749 0.701563 
2.150000 -4.517105 0.686801 0.701344 
2.160000 -4.516476 0.686854 0.701111 
2.170000 -4.515832 0.686909 0.700866 
2.180000 -4.515176 0.686965 0.700608 
2.190000 -4.514507 0.687023 0.700337 
2.200000 -4.513824 0.687082 0.700053 
2.210000 -4.513129 0.687144 0.699757 
2.220000 -4.512420 0.687209 0.699449 
2.230000 -4.511699 0.687276 0.699129 
2.240000 -4.510965 0.687345 0.698797 
2.250000 -4.510218 0.687418 0.698453 
2.260000 -4.509458 0.687495 0.698098 
2.270000 -4.508686 0.687574 0.697731 
2.280000 -4.507901 0.687657 0.697353 
2.290000 -4.507103 0.687745 0.696963 
2.300000 -4.506293 0.687836 0.696563 
2.310000 -4.505471 0.687931 0.696152 
2.320000 -4.504637 0.688030 0.695730 
2.330000 -4.503790 0.688134 0.695298 
2.340000 -4.502932 0.688243 0.694855 
2.350000 -4.502062 0.688356 0.694402 
2.360000 -4.501179 0.688474 0.693939 
2.370000 -4.500285 0.688597 0.693466 
2.380000 -4.499380 0.688725 0.692983 
2.390000 -4.498463 0.688859 0.692491 
2.400000 -4.497534 0.688997 0.691989 
2.410000 -4.496594 0.689141 0.691478 
2.420000 -4.495643 0.689291 0.690957 
2.430000 -4.494681 0.689446 0.690428 
2.440000 -4.493709 0.689606 0.689890 
2.450000 -4.492725 0.689772 0.689343 
2.460000 -4.491731 0.689944 0.688788 
2.470000 -4.490726 0.690122 0.688224 
2.480000 -4.489711 0.690305 0.687652 
2.490000 -4.488686 0.690495 0.687073 
2.500000 -4.487650 0.690690 0.686485 
2.510000 -4.486605 0.690891 0.685889 
2.520000 -4.485550 0.691098 0.685286 
2.530000 -4.484486 0.691311 0.684676 
2.540000 -4.483412 0.691530 0.684058 
2.550000 -4.482328 0.691755 0.683433 
2.560000 -4.481236 0.691986 0.682802 
2.570000 -4.480135 0.692222 0.682163 
2.580000 -4.479025 0.692465 0.681518 
2.590000 -4.477907 0.692713 0.680867 
2.600000 -4.476780 0.692968 0.680209 
2.610000 -4.475646 0.693228 0.679545 
2.620000 -4.474503 0.693494 0.678876 
2.630000 -4.473353 0.693765 0.678201 
2.640000 -4.472195 0.694042 0.677520 
2.650000 -4.471030 0.694325 0.676834 
2.660000 -4.469858 0.694613 0.676142 
2.670000 -4.468679 0.694907 0.675446 
2.680000 -4.467493 0.695206 0.674745 
2.690000 -4.466301 0.695510 0.674039 
2.700000 -4.465103 0.695820 0.673329 
2.710000 -4.463900 0.696134 0.672614 
2.720000 -4.462690 0.696454 0.671895 
2.730000 -4.461475 0.696778 0.671173 
2.740000 -4.460255 0.697107 0.670446 
2.750000 -4.459031 0.697441 0.669717 
2.760000 -4.457801 0.697779 0.668983 
2.770000 -4.456568 0.698121 0.668247 
2.780000 -4.455330 0.698468 0.667508 
2.790000 -4.454089 0.698818 0.666766 
2.800000 -4.452845 0.699173 0.666022 
2.810000 -4.451597 0.699531 0.665275 
2.820000 -4.450347 0.699893 0.664526 
2.830000 -4.449094 0.700258 0.663775 
2.840000 -4.447839 0.700626 0.663022 
2.850000 -4.446582 0.700998 0.662268 
2.860000 -4.445324 0.701372 0.661513 
2.870000 -4.444065 0.701749 0.660757 
2.880000 -4.442805 0.702128 0.660000 
2.890000 -4.441544 0.702510 0.659242 
2.900000 -4.440284 0.702893 0.658484 
2.910000 -4.439024 0.703278 0.657725 
2.920000 -4.437765 0.703665 0.656967 
2.930000 -4.436507 0.704053 0.656209 
2.940000 -4.435250 0.704442 0.655452 
2.950000 -4.433995 0.704832 0.654695 
2.960000 -4.432743 0.705223 0.653939 
2.970000 -4.431493 0.705614 0.653185 
2.980000 -4.430247 0.706005 0.652432 
2.990000 -4.429004 0.706396 0.651681 
3.000000 -4.427765 0.706786 0.650932 
3.010000 -4.426531 0.707176 0.650185 
3.020000 -4.425302 0.707564 0.649441 
3.030000 -4.424078 0.707952 0.648699 
3.040000 -4.422861 0.708337 0.647961 
3.050000 -4.421649 0.708721 0.647226 
3.060000 -4.420445 0.709102 0.646494 
3.070000 -4.419248 0.709481 0.645767 
3.080000 -4.418059 0.709857 0.645043 
3.090000 -4.416878 0.710230 0.644324 
3.100000 -4.415707 0.710599 0.643610 
3.110000 -4.414544 0.710965 0.642901 
3.120000 -4.413392 0.711326 0.642197 
3.130000 -4.412251 0.711683 0.641499 
3.140000 -4.411121 0.712034 0.640807 
3.150000 -4.410002 0.712380 0.640121 
3.160000 -4.408896 0.712721 0.639441 
3.170000 -4.407803 0.713055 0.638768 
3.180000 -4.406724 0.713384 0.638103 
3.190000 -4.405658 0.713705 0.637445 
3.200000 -4.404608 0.714019 0.636795 
3.210000 -4.403573 0.714325 0.636153 
3.220000 -4.402554 0.714623 0.635519 
3.230000 -4.401551 0.714913 0.634895 
3.240000 -4.400566 0.715193 0.634279 
3.250000 -4.399599 0.715465 0.633673 
3.260000 -4.398651 0.715726 0.633077 
3.270000 -4.397722 0.715978 0.632491 
3.280000 -4.396814 0.716218 0.631916 
3.290000 -4.395926 0.716447 0.631351 
3.300000 -4.395059 0.716665 0.630798 
3.310000 -4.394215 0.716870 0.630256 
3.320000 -4.393394 0.717063 0.629727 
3.330000 -4.392597 0.717243 0.629210 
3.340000 -4.391824 0.717409 0.628705 
3.350000 -4.391076 0.717561 0.628214 
3.360000 -4.390354 0.717698 0.627736 
3.370000 -4.389659 0.717819 0.627272 
3.380000 -4.388992 0.717925 0.626822 
3.390000 -4.388352 0.718015 0.626387 
3.400000 -4.387742 0.718088 0.625967 
3.410000 -4.387162 0.718143 0.625563 
3.420000 -4.386613 0.718180 0.625174 
3.430000 -4.386095 0.718199 0.624802 
3.440000 -4.385609 0.718198 0.624446 
3.450000 -4.385156 0.718177 0.624107 
3.460000 -4.384738 0.718136 0.623786 
3.470000 -4.384354 0.718073 0.623482 
3.480000 -4.384006 0.717989 0.623197 
3.490000 -4.383694 0.717882 0.622930 
3.500000 -4.383420 0.717753 0.622683 
3.510000 -4.383184 0.717599 0.622455 
3.520000 -4.382986 0.717421 0.622246 
3.530000 -4.382829 0.717218 0.622058 
3.540000 -4.382712 0.716988 0.621891 
3.550000 -4.382637 0.716733 0.621745 
3.560000 -4.382604 0.716449 0.621620 
3.570000 -4.382614 0.716138 0.621517 
3.580000 -4.382669 0.715798 0.621437 
3.590000 -4.382768 0.715428 0.621379 
3.600000 -4.382913 0.715027 0.621344 
3.610000 -4.383104 0.714596 0.621333 
3.620000 -4.383343 0.714132 0.621346 
3.630000 -4.383630 0.713636 0.621382 
3.640000 -4.383965 0.713105 0.621444 
3.650000 -4.384351 0.712541 0.621530 
3.660000 -4.384787 0.711940 0.621642 
3.670000 -4.385274 0.711304 0.621780 
3.680000 -4.385814 0.710630 0.621943 
3.690000 -4.386406 0.709918 0.622134 
3.700000 -4.387052 0.709167 0.622351 
3.710000 -4.387752 0.708377 0.622595 
3.720000 -4.388507 0.707545 0.622866 
3.730000 -4.389318 0.706672 0.623165 
3.740000 -4.390186 0.705756 0.623493 
3.750000 -4.391110 0.704797 0.623848 
3.760000 -4.392092 0.703793 0.624233 
3.770000 -4.393132 0.702743 0.624646 
3.780000 -4.394231 0.701647 0.625089 
3.790000 -4.395390 0.700503 0.625561 
3.800000 -4.396608 0.699311 0.626063 
3.810000 -4.397887 0.698069 0.626594 
3.820000 -4.399227 0.696777 0.627156 
3.830000 -4.400628 0.695433 0.627748 
3.840000 -4.402091 0.694037 0.628371 
3.850000 -4.403616 0.692587 0.629025 
3.860000 -4.405204 0.691083 0.629709 
3.870000 -4.406854 0.689523 0.630425 
3.880000 -4.408568 0.687907 0.631171 
3.890000 -4.410345 0.686233 0.631949 
3.900000 -4.412186 0.684501 0.632758 
3.910000 -4.414091 0.682710 0.633598 
3.920000 -4.416059 0.680858 0.634470 
3.930000 -4.418091 0.678945 0.635373 
3.940000 -4.420188 0.676970 0.636308 
3.950000 -4.422348 0.674931 0.637274 
3.960000 -4.424573 0.672829 0.638271 
3.970000 -4.426861 0.670661 0.639300 
3.980000 -4.429213 0.668428 0.640360 
3.990000 -4.431628 0.666128 0.641451 
4.000000 -4.434107 0.663761 0.642573 
4.010000 -4.436648 0.661326 0.643726 
4.020000 -4.439252 0.658822 0.644909 
4.030000 -4.441919 0.656248 0.646123 
4.040000 -4.444647 0.653604 0.647367 
4.050000 -4.447436 0.650889 0.648640 
4.060000 -4.450286 0.648103 0.649944 
4.070000 -4.453196 0.645245 0.651277 
4.080000 -4.456165 0.642314 0.652638 
4.090000 -4.459193 0.639311 0.654028 
4.100000 -4.462278 0.636234 0.655447 
4.110000 -4.465421 0.633084 0.656893 
4.120000 -4.468620 0.629861 0.658367 
4.130000 -4.471874 0.626563 0.659867 
4.140000 -4.475181 0.623191 0.661394 
4.150000 -4.478542 0.619746 0.662946 
4.160000 -4.481955 0.616226 0.664524 
4.170000 -4.485419 0.612632 0.666127 
4.180000 -4.488931 0.608965 0.667753 
4.190000 -4.492493 0.605224 0.669404 
4.200000 -4.496101 0.601410 0.671077 
4.210000 -4.499754 0.597523 0.672772 
4.220000 -4.503451 0.593564 0.674489 
4.230000 -4.507191 0.589534 0.676226 
4.240000 -4.510972 0.585432 0.677984 
4.250000 -4.514793 0.581261 0.679761 
4.260000 -4.518651 0.577020 0.681556 
4.270000 -4.522545 0.572711 0.683369 
4.280000 -4.526473 0.568335 0.685199 
4.290000 -4.530435 0.563893 0.687044 
4.300000 -4.534427 0.559386 0.688905 
4.310000 -4.538447 0.554816 0.690781 
4.320000 -4.542496 0.550183 0.692669 
4.330000 -4.546569 0.545491 0.694571 
4.340000 -4.550665 0.540739 0.696483 
4.350000 -4.554783 0.535931 0.698407 
4.360000 -4.558920 0.531068 0.700340 
4.370000 -4.563075 0.526151 0.702282 
4.380000 -4.567245 0.521183 0.704231 
4.390000 -4.571428 0.516166 0.706188 
4.400000 -4.575622 0.511103 0.708150 
4.410000 -4.579826 0.505995 0.710117 
4.420000 -4.584036 0.500844 0.712089 
4.430000 -4.588251 0.495654 0.714063 
4.440000 -4.592470 0.490427 0.716039 
4.450000 -4.596689 0.485165 0.718015 
4.460000 -4.600906 0.479872 0.719992 
4.470000 -4.605121 0.474549 0.721968 
4.480000 -4.609329 0.469200 0.723942 
4.490000 -4.613531 0.463828 0.725913 
4.500000 -4.617722 0.458436 0.727879 
4.510000 -4.621902 0.453026 0.729841 
4.520000 -4.626068 0.447601 0.731797 
4.530000 -4.630218 0.442166 0.733746 
4.540000 -4.634350 0.436722 0.735687 
4.550000 -4.638462 0.431273 0.737620 
4.560000 -4.642553 0.425822 0.739543 
4.570000 -4.646620 0.420373 0.741455 
4.580000 -4.650662 0.414929 0.743356 
4.590000 -4.654676 0.409492 0.745245 
4.600000 -4.658660 0.404066 0.747120 
4.610000 -4.662614 0.398655 0.748982 
4.620000 -4.666535 0.393262 0.750828 
4.630000 -4.670421 0.387889 0.752659 
4.640000 -4.674272 0.382541 0.754474 
4.650000 -4.678084 0.377220 0.756272 
4.660000 -4.681857 0.371929 0.758051 
4.670000 -4.685589 0.366672 0.759812 
4.680000 -4.689278 0.361452 0.761554 
4.690000 -4.692924 0.356272 0.763276 
4.700000 -4.696524 0.351135 0.764977 
4.710000 -4.700077 0.346044 0.766657 
4.720000 -4.703583 0.341002 0.768315 
4.730000 -4.707039 0.336012 0.769950 
4.740000 -4.710445 0.331076 0.771562 
4.750000 -4.713799 0.326198 0.773151 
4.760000 -4.717101 0.321380 0.774716 
4.770000 -4.720349 0.316625 0.776257 
4.780000 -4.723542 0.311935 0.777772 
4.790000 -4.726680 0.307313 0.779262 
4.800000 -4.729761 0.302761 0.780726 
4.810000 -4.732785 0.298282 0.782164 
4.820000 -4.735750 0.293878 0.783576 
4.830000 -4.738657 0.289551 0.784960 
4.840000 -4.741505 0.285303 0.786317 
4.850000 -4.744292 0.281136 0.787647 
4.860000 -4.747019 0.277052 0.788949 
4.870000 -4.749685 0.273053 0.790223 
4.880000 -4.752288 0.269140 0.791469 
4.890000 -4.754830 0.265316 0.792687 
4.900000 -4.757310 0.261581 0.793876 
4.910000 -4.759727 0.257937 0.795036 
4.920000 -4.762080 0.254386 0.796167 
4.930000 -4.764371 0.250928 0.797270 
4.940000 -4.766598 0.247566 0.798343 
4.950000 -4.768761 0.244299 0.799388 
4.960000 -4.770861 0.241129 0.800403 
4.970000 -4.772898 0.238056 0.801389 
4.980000 -4.774870 0.235083 0.802346 
4.990000 -4.776779 0.232208 0.803274 
5.000000 -4.778624 0.229433 0.804173 
5.010000 -4.780406 0.226759 0.805043 
5.020000 -4.782125 0.224185 0.805884 
5.030000 -4.783780 0.221712 0.806696 
5.040000 -4.785372 0.219341 0.807479 
5.050000 -4.786902 0.217071 0.808233 
5.060000 -4.788369 0.214903 0.808959 
5.070000 -4.789774 0.212836 0.809657 
5.080000 -4.791118 0.210871 0.810326 
5.090000 -4.792399 0.209008 0.810967 
5.100000 -4.793620 0.207246 0.811580 
5.110000 -4.794780 0.205585 0.812166 
5.120000 -4.795880 0.204025 0.812724 
5.130000 -4.796920 0.202565 0.813255 
5.140000 -4.797901 0.201204 0.813758 
5.150000 -4.798823 0.199944 0.814235 
5.160000 -4.799687 0.198782 0.814685 
5.170000 -4.800493 0.197718 0.815109 
5.180000 -4.801241 0.196751 0.815507 
5.190000 -4.801933 0.195882 0.815879 
5.200000 -4.802570 0.195108 0.816225 
5.210000 -4.803150 0.194430 0.816546 
5.220000 -4.803676 0.193846 0.816842 
5.230000 -4.804147 0.193356 0.817113 
5.240000 -4.804565 0.192957 0.817359 
5.250000 -4.804930 0.192651 0.817582 
5.260000 -4.805243 0.192435 0.817780 
5.270000 -4.805504 0.192308 0.817956 
5.280000 -4.805714 0.192270 0.818107 
5.290000 -4.805874 0.192320 0.818236 
5.300000 -4.805984 0.192455 0.818342 
5.310000 -4.806045 0.192676 0.818426 
5.320000 -4.806057 0.192980 0.818488 
5.330000 -4.806022 0.193367 0.818528 
5.340000 -4.805940 0.193836 0.818547 
5.350000 -4.805812 0.194385 0.818545 
5.360000 -4.805639 0.195013 0.818522 
5.370000 -4.805420 0.195719 0.818478 
5.380000 -4.805157 0.196502 0.818415 
5.390000 -4.804851 0.197360 0.818332 
5.400000 -4.804502 0.198292 0.818229 
5.410000 -4.804111 0.199297 0.818107 
5.420000 -4.803678 0.200373 0.817966 
5.430000 -4.803205 0.201520 0.817807 
5.440000 -4.802692 0.202736 0.817629 
5.450000 -4.802139 0.204019 0.817433 
5.460000 -4.801548 0.205368 0.817220 
5.470000 -4.800918 0.206783 0.816990 
5.480000 -4.800251 0.208262 0.816742 
5.490000 -4.799548 0.209803 0.816478 
5.500000 -4.798808 0.211405 0.816198 
5.510000 -4.798033 0.213068 0.815901 
5.520000 -4.797223 0.214789 0.815589 
5.530000 -4.796379 0.216568 0.815261 
5.540000 -4.795501 0.218403 0.814918 
5.550000 -4.794591 0.220293 0.814560 
5.560000 -4.793648 0.222236 0.814187 
5.570000 -4.792673 0.224233 0.813800 
5.580000 -4.791668 0.226280 0.813399 
5.590000 -4.790632 0.228378 0.812984 
5.600000 -4.789566 0.230525 0.812556 
5.610000 -4.788471 0.232720 0.812114 
5.620000 -4.787347 0.234961 0.811659 
5.630000 -4.786195 0.237248 0.811191 
5.640000 -4.785015 0.239579 0.810711 
5.650000 -4.783808 0.241954 0.810219 
5.660000 -4.782575 0.244370 0.809715 
5.670000 -4.781316 0.246828 0.809199 
5.680000 -4.780031 0.249326 0.808671 
5.690000 -4.778722 0.251862 0.808132 
5.700000 -4.777388 0.254437 0.807582 
5.710000 -4.776030 0.257048 0.807022 
5.720000 -4.774649 0.259695 0.806450 
5.730000 -4.773244 0.262377 0.805869 
5.740000 -4.771818 0.265093 0.805277 
5.750000 -4.770369 0.267842 0.804675 
5.760000 -4.768899 0.270622 0.804064 
5.770000 -4.767408 0.273434 0.803443 
5.780000 -4.765896 0.276276 0.802813 
5.790000 -4.764364 0.279146 0.802173 
5.800000 -4.762812 0.282045 0.801525 
5.810000 -4.761241 0.284972 0.800868 
5.820000 -4.759652 0.287925 0.800203 
5.830000 -4.758043 0.290903 0.799529 
5.840000 -4.756417 0.293907 0.798847 
5.850000 -4.754773 0.296934 0.798157 
5.860000 -4.753112 0.299985 0.797459 
5.870000 -4.751433 0.303058 0.796754 
5.880000 -4.749739 0.306152 0.796041 
5.890000 -4.748028 0.309268 0.795322 
5.900000 -4.746301 0.312404 0.794594 
5.910000 -4.744559 0.315559 0.793860 
5.920000 -4.742802 0.318733 0.793120 
5.930000 -4.741030 0.321925 0.792372 
5.940000 -4.739243 0.325134 0.791618 
5.950000 -4.737443 0.328361 0.790858 
5.960000 -4.735628 0.331603 0.790092 
5.970000 -4.733800 0.334860 0.789319 
5.980000 -4.731959 0.338132 0.788541 
5.990000 -4.730105 0.341419 0.787757 
6.000000 -4.728239 0.344719 0.786967 
6.010000 -4.726360 0.348032 0.786172 
6.020000 -4.724469 0.351357 0.785371 
6.030000 -4.722567 0.354694 0.784565 
6.040000 -4.720653 0.358043 0.783754 
6.050000 -4.718728 0.361402 0.782938 
6.060000 -4.716792 0.364771 0.782117 
6.070000 -4.714845 0.368150 0.781291 
6.080000 -4.712888 0.371539 0.780461 
6.090000 -4.710920 0.374936 0.779626 
6.100000 -4.708943 0.378341 0.778787 
6.110000 -4.706955 0.381754 0.777943 
6.120000 -4.704959 0.385174 0.777095 
6.130000 -4.702953 0.388602 0.776243 
6.140000 -4.700938 0.392035 0.775387 
6.150000 -4.698914 0.395475 0.774527 
6.160000 -4.696881 0.398920 0.773663 
6.170000 -4.694840 0.402370 0.772795 
6.180000 -4.692791 0.405825 0.771924 
6.190000 -4.690734 0.409285 0.771049 
6.200000 -4.688668 0.412748 0.770170 
6.210000 -4.686595 0.416216 0.769289 
6.220000 -4.684515 0.419686 0.768403 
6.230000 -4.682427 0.423159 0.767515 
6.240000 -4.680332 0.426635 0.766623 
6.250000 -4.678230 0.430114 0.765729 
6.260000 -4.676122 0.433594 0.764831 
6.270000 -4.674006 0.437075 0.763930 
6.280000 -4.671884 0.440558 0.763027 
6.290000 -4.669756 0.444042 0.762121 
6.300000 -4.667621 0.447527 0.761211 
6.310000 -4.665481 0.451012 0.760300 
6.320000 -4.663334 0.454497 0.759385 
6.330000 -4.661182 0.457982 0.758468 
6.340000 -4.659024 0.461467 0.757549 
6.350000 -4.656860 0.464951 0.756627 
6.360000 -4.654691 0.468434 0.755703 
6.370000 -4.652517 0.471916 0.754777 
6.380000 -4.650338 0.475396 0.753848 
6.390000 -4.648153 0.478875 0.752917 
6.400000 -4.645964 0.482351 0.751984 
6.410000 -4.643770 0.485826 0.751049 
6.420000 -4.641572 0.489298 0.750111 
6.430000 -4.639368 0.492768 0.749172 
6.440000 -4.637161 0.496235 0.748231 
6.450000 -4.634949 0.499699 0.747288 
6.460000 -4.632732 0.503160 0.746343 
6.470000 -4.630512 0.506617 0.745396 
6.480000 -4.628287 0.510071 0.744448 
6.490000 -4.626059 0.513521 0.743498 
6.500000 -4.623827 0.516968 0.742546 
6.510000 -4.621591 0.520410 0.741592 
6.520000 -4.619351 0.523847 0.740637 
6.530000 -4.617108 0.527281 0.739681 
6.540000 -4.614861 0.530710 0.738723 
6.550000 -4.612611 0.534133 0.737763 
6.560000 -4.610357 0.537553 0.736802 
6.570000 -4.608100 0.540966 0.735839 
6.580000 -4.605840 0.544375 0.734876 
6.590000 -4.603577 0.547779 0.733910 
6.600000 -4.601311 0.551176 0.732944 
6.610000 -4.599042 0.554568 0.731976 
6.620000 -4.596770 0.557955 0.731007 
6.630000 -4.594495 0.561335 0.730037 
6.640000 -4.592218 0.564710 0.729066 
6.650000 -4.589938 0.568078 0.728093 
6.660000 -4.587655 0.571439 0.727120 
6.670000 -4.585370 0.574795 0.726145 
6.680000 -4.583082 0.578144 0.725169 
6.690000 -4.580792 0.581486 0.724193 
6.700000 -4.578500 0.584821 0.723215 
6.710000 -4.576205 0.588149 0.722236 
6.720000 -4.573908 0.591471 0.721257 
6.730000 -4.571609 0.594785 0.720276 
6.740000 -4.569308 0.598092 0.719295 
6.750000 -4.567005 0.601391 0.718312 
6.760000 -4.564700 0.604683 0.717329 
6.770000 -4.562393 0.607968 0.716345 
6.780000 -4.560084 0.611245 0.715361 
6.790000 -4.557773 0.614514 0.714375 
6.800000 -4.555461 0.617775 0.713389 
6.810000 -4.553147 0.621028 0.712402 
6.820000 -4.550831 0.624273 0.711415 
6.830000 -4.548514 0.627511 0.710426 
6.840000 -4.546195 0.630739 0.709437 
6.850000 -4.543875 0.633960 0.708448 
6.860000 -4.541553 0.637172 0.707458 
6.870000 -4.539230 0.640375 0.706467 
6.880000 -4.536906 0.643570 0.705476 
6.890000 -4.534581 0.646756 0.704484 
6.900000 -4.532254 0.649934 0.703492 
6.910000 -4.529926 0.653102 0.702500 
6.920000 -4.527597 0.656262 0.701507 
6.930000 -4.525267 0.659412 0.700513 
6.940000 -4.522936 0.662554 0.699519 
6.950000 -4.520605 0.665686 0.698525 
6.960000 -4.518272 0.668809 0.697530 
6.970000 -4.515939 0.671922 0.696535 
6.980000 -4.513604 0.675026 0.695540 
6.990000 -4.511270 0.678120 0.694544 
7.000000 -4.508934 0.681205 0.693549 
7.010000 -4.506598 0.684280 0.692552 
7.020000 -4.504261 0.687346 0.691556 
7.030000 -4.501924 0.690401 0.690560 
7.040000 -4.499587 0.693446 0.689563 
7.050000 -4.497249 0.696482 0.688566 
7.060000 -4.494911 0.699507 0.687570 
7.070000 -4.492573 0.702522 0.686573 
7.080000 -4.490234 0.705527 0.685576 
7.090000 -4.487896 0.708521 0.684579 
7.100000 -4.485557 0.711505 0.683582 
7.110000 -4.483219 0.714478 0.682585 
7.120000 -4.480880 0.717441 0.681588 
7.130000 -4.478542 0.720393 0.680591 
7.140000 -4.476204 0.723334 0.679594 
7.150000 -4.473867 0.726264 0.678597 
7.160000 -4.471530 0.729183 0.677601 
7.170000 -4.469193 0.732091 0.676605 
7.180000 -4.466857 0.734988 0.675609 
7.190000 -4.464521 0.737874 0.674613 
7.200000 -4.462186 0.740748 0.673618 
7.210000 -4.459852 0.743611 0.672622 
7.220000 -4.457519 0.746463 0.671628 
7.230000 -4.455187 0.749303 0.670633 
7.240000 -4.452855 0.752131 0.669639 
7.250000 -4.450525 0.754947 0.668646 
7.260000 -4.448196 0.757751 0.667653 
7.270000 -4.445869 0.760544 0.666660 
7.280000 -4.443542 0.763324 0.665669 
7.290000 -4.441218 0.766092 0.664677 
7.300000 -4.438894 0.768848 0.663687 
7.310000 -4.436573 0.771592 0.662697 
7.320000 -4.434253 0.774323 0.661708 
7.330000 -4.431935 0.777041 0.660720 
7.340000 -4.429620 0.779747 0.659732 
7.350000 -4.427306 0.782440 0.658746 
7.360000 -4.424994 0.785120 0.657760 
7.370000 -4.422685 0.787787 0.656775 
7.380000 -4.420379 0.790440 0.655791 
7.390000 -4.418075 0.793081 0.654809 
7.400000 -4.415773 0.795708 0.653827 
7.410000 -4.413475 0.798322 0.652847 
7.420000 -4.411179 0.800922 0.651868 
7.430000 -4.408887 0.803509 0.650890 
7.440000 -4.406598 0.806081 0.649914 
7.450000 -4.404312 0.808640 0.648939 
7.460000 -4.402030 0.811185 0.647965 
7.470000 -4.399751 0.813715 0.646993 
7.480000 -4.397477 0.816231 0.646023 
7.490000 -4.395206 0.818733 0.645054 
7.500000 -4.392940 0.821220 0.644087 
7.510000 -4.390677 0.823693 0.643122 
7.520000 -4.388420 0.826150 0.642158 
7.530000 -4.386167 0.828593 0.641197 
7.540000 -4.383919 0.831020 0.640237 
7.550000 -4.381676 0.833432 0.639280 
7.560000 -4.379438 0.835829 0.638324 
7.570000 -4.377205 0.838210 0.637371 
7.580000 -4.374979 0.840576 0.636421 
7.590000 -4.372758 0.842925 0.635472 
7.600000 -4.370543 0.845259 0.634527 
7.610000 -4.368334 0.847577 0.633583 
7.620000 -4.366132 0.849878 0.632643 
7.630000 -4.363936 0.852163 0.631705 
7.640000 -4.361747 0.854431 0.630770 
7.650000 -4.359566 0.856682 0.629838 
7.660000 -4.357392 0.858916 0.628909 
7.670000 -4.355225 0.861134 0.627983 
7.680000 -4.353067 0.863334 0.627061 
7.690000 -4.350917 0.865516 0.626141 
7.700000 -4.348775 0.867681 0.625226 
7.710000 -4.346641 0.869828 0.624313 
7.720000 -4.344517 0.871957 0.623405 
7.730000 -4.342402 0.874067 0.622500 
7.740000 -4.340297 0.876160 0.621600 
7.750000 -4.338201 0.878234 0.620703 
7.760000 -4.336116 0.880288 0.619811 
7.770000 -4.334041 0.882324 0.618922 
7.780000 -4.331977 0.884341 0.618039 
7.790000 -4.329924 0.886339 0.617160 
7.800000 -4.327882 0.888316 0.616285 
7.810000 -4.325853 0.890275 0.615416 
7.820000 -4.323835 0.892213 0.614551 
7.830000 -4.321830 0.894130 0.613692 
7.840000 -4.319838 0.896028 0.612838 
7.850000 -4.317859 0.897904 0.611989 
7.860000 -4.315894 0.899760 0.611146 
7.870000 -4.313944 0.901594 0.610309 
7.880000 -4.312007 0.903408 0.609478 
7.890000 -4.310086 0.905199 0.608652 
7.900000 -4.308179 0.906969 0.607834 
7.910000 -4.306289 0.908716 0.607021 
7.920000 -4.304415 0.910442 0.606216 
7.930000 -4.302557 0.912144 0.605417 
7.940000 -4.300717 0.913824 0.604625 
7.950000 -4.298894 0.915480 0.603841 
7.960000 -4.297089 0.917113 0.603063 
7.970000 -4.295303 0.918723 0.602294 
7.980000 -4.293536 0.920308 0.601532 
7.990000 -4.291788 0.921869 0.600779 
8.000000 -4.290061 0.923405 0.600034 
8.010000 -4.288354 0.924917 0.599297 
8.020000 -4.286669 0.926404 0.598569 
8.030000 -4.285005 0.927865 0.597849 
8.040000 -4.283363 0.929300 0.597139 
8.050000 -4.281745 0.930709 0.596439 
8.060000 -4.280150 0.932091 0.595748 
8.070000 -4.278579 0.933447 0.595067 
8.080000 -4.277033 0.934776 0.594396 
8.090000 -4.275512 0.936077 0.593736 
8.100000 -4.274017 0.937351 0.593086 
8.110000 -4.272549 0.938596 0.592447 
8.120000 -4.271108 0.939813 0.591819 
8.130000 -4.269695 0.941001 0.591203 
8.140000 -4.268310 0.942159 0.590599 
8.150000 -4.266955 0.943288 0.590007 
8.160000 -4.265630 0.944387 0.589427 
8.170000 -4.264336 0.945455 0.588859 
8.180000 -4.263074 0.946493 0.588305 
8.190000 -4.261843 0.947499 0.587764 
8.200000 -4.260646 0.948473 0.587236 
8.210000 -4.259482 0.949415 0.586722 
8.220000 -4.258353 0.950325 0.586223 
8.230000 -4.257259 0.951201 0.585738 
8.240000 -4.256202 0.952044 0.585268 
8.250000 -4.255181 0.952852 0.584813 
8.260000 -4.254198 0.953626 0.584373 
8.270000 -4.253254 0.954365 0.583950 
8.280000 -4.252349 0.955069 0.583542 
8.290000 -4.251485 0.955736 0.583151 
8.300000 -4.250661 0.956366 0.582777 
8.310000 -4.249880 0.956959 0.582421 
8.320000 -4.249141 0.957515 0.582081 
8.330000 -4.248447 0.958031 0.581760 
8.340000 -4.247797 0.958509 0.581458 
8.350000 -4.247193 0.958948 0.581174 
8.360000 -4.246635 0.959345 0.580909 
8.370000 -4.246125 0.959702 0.580663 
8.380000 -4.245663 0.960018 0.580438 
8.390000 -4.245251 0.960291 0.580233 
8.400000 -4.244889 0.960521 0.580048 
8.410000 -4.244578 0.960708 0.579885 
8.420000 -4.244320 0.960850 0.579742 
8.430000 -4.244114 0.960947 0.579622 
8.440000 -4.243963 0.960997 0.579524 
8.450000 -4.243867 0.961002 0.579449 
8.460000 -4.243827 0.960958 0.579396 
8.470000 -4.243844 0.960867 0.579367 
8.480000 -4.243920 0.960726 0.579362 
8.490000 -4.244054 0.960534 0.579382 
8.500000 -4.244248 0.960292 0.579425 
8.510000 -4.244503 0.959998 0.579494 
8.520000 -4.244821 0.959651 0.579588 
8.530000 -4.245201 0.959251 0.579708 
8.540000 -4.245645 0.958795 0.579855 
8.550000 -4.246153 0.958284 0.580027 
8.560000 -4.246728 0.957716 0.580227 
8.570000 -4.247369 0.957090 0.580455 
8.580000 -4.248078 0.956405 0.580710 
8.590000 -4.248856 0.955660 0.580993 
8.600000 -4.249703 0.954854 0.581304 
8.610000 -4.250621 0.953986 0.581645 
8.620000 -4.251609 0.953054 0.582015 
8.630000 -4.252670 0.952057 0.582414 
8.640000 -4.253804 0.950995 0.582843 
8.650000 -4.255011 0.949865 0.583303 
8.660000 -4.256294 0.948667 0.583793 
8.670000 -4.257651 0.947400 0.584314 
8.680000 -4.259085 0.946061 0.584867 
8.690000 -4.260595 0.944650 0.585450 
8.700000 -4.262183 0.943166 0.586066 
8.710000 -4.263849 0.941606 0.586714 
8.720000 -4.265594 0.939971 0.587394 
8.730000 -4.267419 0.938257 0.588107 
8.740000 -4.269323 0.936465 0.588852 
8.750000 -4.271309 0.934592 0.589631 
8.760000 -4.273375 0.932637 0.590443 
8.770000 -4.275522 0.930598 0.591288 
8.780000 -4.277752 0.928475 0.592167 
8.790000 -4.280064 0.926265 0.593080 
8.800000 -4.282458 0.923968 0.594026 
8.810000 -4.284936 0.921581 0.595007 
8.820000 -4.287496 0.919104 0.596021 
8.830000 -4.290140 0.916534 0.597070 
8.840000 -4.292867 0.913871 0.598153 
8.850000 -4.295678 0.911113 0.599270 
8.860000 -4.298572 0.908259 0.600422 
8.870000 -4.301549 0.905307 0.601608 
8.880000 -4.304610 0.902255 0.602828 
8.890000 -4.307754 0.899103 0.604082 
8.900000 -4.310980 0.895849 0.605370 
8.910000 -4.314290 0.892491 0.606692 
8.920000 -4.317681 0.889029 0.608047 
8.930000 -4.321154 0.885461 0.609436 
8.940000 -4.324709 0.881787 0.610859 
8.950000 -4.328344 0.878004 0.612315 
8.960000 -4.332059 0.874112 0.613803 
8.970000 -4.335853 0.870110 0.615324 
8.980000 -4.339726 0.865996 0.616878 
8.990000 -4.343677 0.861770 0.618463 
9.000000 -4.347704 0.857432 0.620079 
9.010000 -4.351807 0.852979 0.621727 
9.020000 -4.355984 0.848413 0.623405 
9.030000 -4.360235 0.843731 0.625114 
9.040000 -4.364557 0.838934 0.626852 
9.050000 -4.368951 0.834021 0.628619 
9.060000 -4.373414 0.828991 0.630415 
9.070000 -4.377945 0.823845 0.632239 
9.080000 -4.382542 0.818583 0.634090 
9.090000 -4.387204 0.813205 0.635967 
9.100000 -4.391930 0.807710 0.637871 
9.110000 -4.396716 0.802099 0.639800 
9.120000 -4.401562 0.796373 0.641753 
9.130000 -4.406465 0.790531 0.643730 
9.140000 -4.411424 0.784575 0.645730 
9.150000 -4.416436 0.778506 0.647752 
9.160000 -4.421500 0.772324 0.649795 
9.170000 -4.426613 0.766031 0.651858 
9.180000 -4.431773 0.759628 0.653941 
9.190000 -4.436977 0.753115 0.656042 
9.200000 -4.442224 0.746496 0.658161 
9.210000 -4.447511 0.739771 0.660296 
9.220000 -4.452835 0.732943 0.662447 
9.230000 -4.458194 0.726014 0.664613 
9.240000 -4.463586 0.718985 0.666791 
9.250000 -4.469007 0.711859 0.668983 
9.260000 -4.474456 0.704639 0.671185 
9.270000 -4.479928 0.697328 0.673398 
9.280000 -4.485423 0.689927 0.675620 
9.290000 -4.490937 0.682441 0.677850 
9.300000 -4.496467 0.674873 0.680087 
9.310000 -4.502010 0.667225 0.682330 
9.320000 -4.507565 0.659501 0.684577 
9.330000 -4.513127 0.651706 0.686828 
9.340000 -4.518694 0.643841 0.689081 
9.350000 -4.524263 0.635913 0.691336 
9.360000 -4.529832 0.627923 0.693590 
9.370000 -4.535397 0.619878 0.695844 
9.380000 -4.540956 0.611780 0.698095 
9.390000 -4.546506 0.603634 0.700343 
9.400000 -4.552045 0.595446 0.702586 
9.410000 -4.557568 0.587218 0.704824 
9.420000 -4.563074 0.578957 0.707054 
9.430000 -4.568560 0.570666 0.709277 
9.440000 -4.574023 0.562351 0.711491 
9.450000 -4.579460 0.554017 0.713695 
9.460000 -4.584869 0.545668 0.715888 
9.470000 -4.590247 0.537309 0.718068 
9.480000 -4.595592 0.528946 0.720235 
9.490000 -4.600901 0.520584 0.722387 
9.500000 -4.606171 0.512228 0.724525 
9.510000 -4.611401 0.503882 0.726646 
9.520000 -4.616587 0.495552 0.728749 
9.530000 -4.621727 0.487244 0.730835 
9.540000 -4.626820 0.478962 0.732901 
9.550000 -4.631863 0.470712 0.734947 
9.560000 -4.636853 0.462498 0.736973 
9.570000 -4.641789 0.454325 0.738976 
9.580000 -4.646669 0.446199 0.740957 
9.590000 -4.651490 0.438125 0.742914 
9.600000 -4.656252 0.430107 0.744847 
9.610000 -4.660951 0.422150 0.746756 
9.620000 -4.665587 0.414259 0.748638 
9.630000 -4.670157 0.406439 0.750495 
9.640000 -4.674660 0.398694 0.752324 
9.650000 -4.679095 0.391029 0.754126 
9.660000 -4.683460 0.383447 0.755899 
9.670000 -4.687753 0.375954 0.757644 
9.680000 -4.691974 0.368553 0.759360 
9.690000 -4.696122 0.361248 0.761046 
9.700000 -4.700194 0.354043 0.762702 
9.710000 -4.704190 0.346942 0.764327 
9.720000 -4.708110 0.339949 0.765921 
9.730000 -4.711951 0.333067 0.767484 
9.740000 -4.715714 0.326299 0.769014 
9.750000 -4.719397 0.319648 0.770513 
9.760000 -4.723000 0.313118 0.771980 
9.770000 -4.726522 0.306712 0.773413 
9.780000 -4.729963 0.300431 0.774814 
9.790000 -4.733322 0.294279 0.776182 
9.800000 -4.736599 0.288257 0.777517 
9.810000 -4.739793 0.282370 0.778818 
9.820000 -4.742905 0.276617 0.780086 
9.830000 -4.745933 0.271002 0.781321 
9.840000 -4.748878 0.265526 0.782521 
9.850000 -4.751740 0.260190 0.783688 
9.860000 -4.754518 0.254997 0.784822 
9.870000 -4.757214 0.249947 0.785921 
9.880000 -4.759825 0.245042 0.786987 
9.890000 -4.762354 0.240282 0.788020 
9.900000 -4.764800 0.235669 0.789019 
9.910000 -4.767163 0.231204 0.789984 
9.920000 -4.769444 0.226886 0.790916 
9.930000 -4.771643 0.222717 0.791815 
9.940000 -4.773760 0.218696 0.792681 
9.950000 -4.775796 0.214824 0.793514 
9.960000 -4.777751 0.211102 0.794314 
9.970000 -4.779626 0.207528 0.795082 
9.980000 -4.781421 0.204103 0.795818 
9.990000 -4.783137 0.200826 0.796522 
10.000000 -4.784775 0.197697 0.797194 
10.010000 -4.786335 0.194716 0.797834 
10.020000 -4.787817 0.191882 0.798443 
10.030000 -4.789223 0.189193 0.799021 
10.040000 -4.790554 0.186651 0.799569 
10.050000 -4.791809 0.184252 0.800086 
10.060000 -4.792990 0.181997 0.800573 
10.070000 -4.794098 0.179884 0.801030 
10.080000 -4.795133 0.177913 0.801458 
10.090000 -4.796097 0.176081 0.801857 
10.100000 -4.796990 0.174388 0.802227 
10.110000 -4.797813 0.172832 0.802569 
10.120000 -4.798567 0.171412 0.802883 
10.130000 -4.799252 0.170126 0.803169 
10.140000 -4.799871 0.168973 0.803428 
10.150000 -4.800423 0.167951 0.803660 
10.160000 -4.800909 0.167059 0.803866 
10.170000 -4.801332 0.166294 0.804045 
10.180000 -4.801691 0.165655 0.804199 
10.190000 -4.801987 0.165140 0.804328 
10.200000 -4.802222 0.164747 0.804431 
10.210000 -4.802396 0.164475 0.804510 
10.220000 -4.802511 0.164322 0.804565 
10.230000 -4.802567 0.164285 0.804595 
10.240000 -4.802565 0.164363 0.804603 
10.250000 -4.802507 0.164554 0.804587 
10.260000 -4.802393 0.164856 0.804549 
10.270000 -4.802224 0.165266 0.804489 
10.280000 -4.802001 0.165784 0.804407 
10.290000 -4.801726 0.166406 0.804303 
10.300000 -4.801399 0.167131 0.804179 
10.310000 -4.801021 0.167957 0.804033 
10.320000 -4.800593 0.168882 0.803867 
10.330000 -4.800115 0.169903 0.803682 
10.340000 -4.799590 0.171020 0.803477 
10.350000 -4.799018 0.172229 0.803252 
10.360000 -4.798399 0.173529 0.803009 
10.370000 -4.797735 0.174918 0.802748 
10.380000 -4.797027 0.176394 0.802468 
10.390000 -4.796275 0.177954 0.802171 
10.400000 -4.795480 0.179598 0.801856 
10.410000 -4.794644 0.181322 0.801525 
10.420000 -4.793766 0.183125 0.801177 
10.430000 -4.792849 0.185006 0.800812 
10.440000 -4.791893 0.186962 0.800432 
10.450000 -4.790898 0.188991 0.800036 
10.460000 -4.789865 0.191092 0.799624 
10.470000 -4.788796 0.193262 0.799198 
10.480000 -4.787691 0.195500 0.798757 
10.490000 -4.786551 0.197804 0.798302 
10.500000 -4.785376 0.200173 0.797832 
10.510000 -4.784168 0.202604 0.797350 
10.520000 -4.782927 0.205095 0.796853 
10.530000 -4.781653 0.207646 0.796344 
10.540000 -4.780349 0.210254 0.795822 
10.550000 -4.779014 0.212918 0.795287 
10.560000 -4.777648 0.215636 0.794740 
10.570000 -4.776254 0.218407 0.794181 
10.580000 -4.774831 0.221229 0.793611 
10.590000 -4.773380 0.224100 0.793029 
10.600000 -4.771902 0.227018 0.792436 
10.610000 -4.770398 0.229984 0.791833 
10.620000 -4.768867 0.232994 0.791218 
10.630000 -4.767311 0.236047 0.790594 
10.640000 -4.765731 0.239143 0.789959 
10.650000 -4.764126 0.242279 0.789315 
10.660000 -4.762498 0.245455 0.788660 
10.670000 -4.760847 0.248668 0.787997 
10.680000 -4.759174 0.251919 0.787324 
10.690000 -4.757478 0.255204 0.786643 
10.700000 -4.755762 0.258523 0.785953 
10.710000 -4.754025 0.261876 0.785254 
10.720000 -4.752268 0.265260 0.784547 
10.730000 -4.750491 0.268674 0.783832 
10.740000 -4.748695 0.272118 0.783109 
10.750000 -4.746880 0.275590 0.782379 
10.760000 -4.745047 0.279089 0.781641 
10.770000 -4.743196 0.282614 0.780896 
10.780000 -4.741328 0.286163 0.780144 
10.790000 -4.739444 0.289737 0.779385 
10.800000 -4.737542 0.293333 0.778619 
10.810000 -4.735625 0.296951 0.777847 
10.820000 -4.733693 0.300591 0.777068 
10.830000 -4.731745 0.304250 0.776284 
10.840000 -4.729783 0.307928 0.775493 
10.850000 -4.727807 0.311624 0.774696 
10.860000 -4.725816 0.315337 0.773894 
10.870000 -4.723812 0.319067 0.773086 
10.880000 -4.721795 0.322812 0.772273 
10.890000 -4.719765 0.326572 0.771454 
10.900000 -4.717723 0.330346 0.770631 
10.910000 -4.715669 0.334133 0.769802 
10.920000 -4.713603 0.337932 0.768969 
10.930000 -4.711525 0.341743 0.768131 
10.940000 -4.709437 0.345565 0.767288 
10.950000 -4.707337 0.349397 0.766441 
10.960000 -4.705227 0.353238 0.765590 
10.970000 -4.703107 0.357089 0.764734 
10.980000 -4.700977 0.360948 0.763874 
10.990000 -4.698838 0.364814 0.763011 
11.000000 -4.696689 0.368687 0.762143 
11.010000 -4.694531 0.372567 0.761272 
11.020000 -4.692364 0.376452 0.760397 
11.030000 -4.690189 0.380343 0.759519 
11.040000 -4.688006 0.384238 0.758637 
11.050000 -4.685814 0.388137 0.757752 
11.060000 -4.683615 0.392040 0.756864 
11.070000 -4.681408 0.395946 0.755973 
11.080000 -4.679194 0.399855 0.755078 
11.090000 -4.676972 0.403766 0.754181 
11.100000 -4.674744 0.407678 0.753281 
11.110000 -4.672509 0.411592 0.752378 
11.120000 -4.670267 0.415506 0.751472 
11.130000 -4.668020 0.419421 0.750564 
11.140000 -4.665766 0.423336 0.749653 
11.150000 -4.663506 0.427250 0.748740 
11.160000 -4.661241 0.431164 0.747824 
11.170000 -4.658970 0.435076 0.746906 
11.180000 -4.656693 0.438986 0.745986 
11.190000 -4.654412 0.442895 0.745064 
11.200000 -4.652125 0.446801 0.744140 
11.210000 -4.649834 0.450705 0.743213 
11.220000 -4.647538 0.454605 0.742285 
11.230000 -4.645237 0.458502 0.741355 
11.240000 -4.642932 0.462396 0.740423 
11.250000 -4.640622 0.466286 0.739489 
11.260000 -4.638309 0.470171 0.738553 
11.270000 -4.635991 0.474052 0.737616 
11.280000 -4.633670 0.477928 0.736677 
11.290000 -4.631345 0.481800 0.735737 
11.300000 -4.629017 0.485665 0.734795 
11.310000 -4.626684 0.489526 0.733851 
11.320000 -4.624349 0.493380 0.732907 
11.330000 -4.622011 0.497229 0.731960 
11.340000 -4.619669 0.501071 0.731013 
11.350000 -4.617324 0.504907 0.730064 
11.360000 -4.614977 0.508736 0.729114 
11.370000 -4.612626 0.512558 0.728163 
11.380000 -4.610273 0.516373 0.727211 
11.390000 -4.607918 0.520180 0.726258 
11.400000 -4.605560 0.523981 0.725304 
11.410000 -4.603199 0.527773 0.724348 
11.420000 -4.600836 0.531558 0.723392 
11.430000 -4.598471 0.535335 0.722435 
11.440000 -4.596104 0.539103 0.721477 
11.450000 -4.593735 0.542863 0.720518 
11.460000 -4.591365 0.546615 0.719558 
11.470000 -4.588992 0.550358 0.718597 
11.480000 -4.586617 0.554092 0.717636 
11.490000 -4.584241 0.557817 0.716674 
11.500000 -4.581863 0.561533 0.715711 
11.510000 -4.579484 0.565240 0.714748 
11.520000 -4.577103 0.568937 0.713784 
11.530000 -4.574721 0.572625 0.712819 
11.540000 -4.572337 0.576303 0.711854 
11.550000 -4.569952 0.579972 0.710888 
11.560000 -4.567566 0.583630 0.709922 
11.570000 -4.565179 0.587279 0.708955 
11.580000 -4.562791 0.590917 0.707987 
11.590000 -4.560402 0.594546 0.707020 
11.600000 -4.558012 0.598164 0.706052 
11.610000 -4.555621 0.601771 0.705083 
11.620000 -4.553229 0.605368 0.704114 
11.630000 -4.550837 0.608955 0.703145 
11.640000 -4.548444 0.612531 0.702175 
11.650000 -4.546050 0.616096 0.701206 
11.660000 -4.543655 0.619650 0.700235 
11.670000 -4.541261 0.623193 0.699265 
11.680000 -4.538865 0.626725 0.698295 
11.690000 -4.536470 0.630246 0.697324 
11.700000 -4.534074 0.633756 0.696353 
11.710000 -4.531677 0.637254 0.695382 
11.720000 -4.529281 0.640741 0.694410 
11.730000 -4.526884 0.644216 0.693439 
11.740000 -4.524487 0.647680 0.692468 
11.750000 -4.522090 0.651133 0.691496 
11.760000 -4.519693 0.654574 0.690525 
11.770000 -4.517296 0.658002 0.689553 
11.780000 -4.514899 0.661420 0.688581 
11.790000 -4.512503 0.664825 0.687610 
11.800000 -4.510106 0.668218 0.686638 
11.810000 -4.507710 0.671599 0.685667 
11.820000 -4.505314 0.674968 0.684695 
11.830000 -4.502918 0.678325 0.683724 
11.840000 -4.500523 0.681670 0.682753 
11.850000 -4.498128 0.685002 0.681782 
11.860000 -4.495733 0.688322 0.680811 
11.870000 -4.493340 0.691630 0.679840 
11.880000 -4.490946 0.694925 0.678870 
11.890000 -4.488554 0.698207 0.677899 
11.900000 -4.486162 0.701477 0.676929 
11.910000 -4.483771 0.704735 0.675959 
11.920000 -4.481380 0.707979 0.674990 
11.930000 -4.478991 0.711211 0.674021 
11.940000 -4.476603 0.714430 0.673052 
11.950000 -4.474215 0.717635 0.672083 
11.960000 -4.471829 0.720828 0.671115 
11.970000 -4.469443 0.724008 0.670148 
11.980000 -4.467059 0.727175 0.669180 
11.990000 -4.464676 0.730328 0.668214 
12.000000 -4.462295 0.733469 0.667247 
12.010000 -4.459914 0.736596 0.666282 
12.020000 -4.457536 0.739709 0.665316 
12.030000 -4.455158 0.742809 0.664352 
12.040000 -4.452783 0.745896 0.663388 
12.050000 -4.450408 0.748969 0.662424 
12.060000 -4.448036 0.752028 0.661461 
12.070000 -4.445665 0.755074 0.660499 
12.080000 -4.443297 0.758106 0.659538 
12.090000 -4.440930 0.761124 0.658577 
12.100000 -4.438565 0.764128 0.657617 
12.110000 -4.436202 0.767118 0.656658 
12.120000 -4.433841 0.770094 0.655699 
12.130000 -4.431483 0.773056 0.654742 
12.140000 -4.429127 0.776004 0.653785 
12.150000 -4.426773 0.778938 0.652830 
12.160000 -4.424422 0.781857 0.651875 
12.170000 -4.422074 0.784762 0.650922 
12.180000 -4.419728 0.787652 0.649969 
12.190000 -4.417385 0.790527 0.649017 
12.200000 -4.415045 0.793388 0.648067 
12.210000 -4.412708 0.796234 0.647118 
12.220000 -4.410373 0.799066 0.646170 
12.230000 -4.408043 0.801882 0.645223 
12.240000 -4.405715 0.804684 0.644277 
12.250000 -4.403391 0.807470 0.643333 
12.260000 -4.401070 0.810241 0.642391 
12.270000 -4.398753 0.812997 0.641449 
12.280000 -4.396440 0.815737 0.640509 
12.290000 -4.394131 0.818462 0.639571 
12.300000 -4.391826 0.821172 0.638634 
12.310000 -4.389525 0.823866 0.637699 
12.320000 -4.387228 0.826544 0.636765 
12.330000 -4.384936 0.829206 0.635834 
12.340000 -4.382648 0.831852 0.634904 
12.350000 -4.380365 0.834482 0.633976 
12.360000 -4.378086 0.837096 0.633050 
12.370000 -4.375813 0.839694 0.632125 
12.380000 -4.373545 0.842275 0.631203 
12.390000 -4.371283 0.844840 0.630283 
12.400000 -4.369025 0.847388 0.629365 
12.410000 -4.366774 0.849919 0.628449 
12.420000 -4.364528 0.852434 0.627536 
12.430000 -4.362289 0.854931 0.626625 
12.440000 -4.360055 0.857412 0.625717 
12.450000 -4.357828 0.859875 0.624811 
12.460000 -4.355608 0.862321 0.623907 
12.470000 -4.353394 0.864749 0.623006 
12.480000 -4.351188 0.867160 0.622108 
12.490000 -4.348988 0.869553 0.621213 
12.500000 -4.346796 0.871928 0.620321 
12.510000 -4.344612 0.874285 0.619432 
12.520000 -4.342435 0.876624 0.618546 
12.530000 -4.340267 0.878944 0.617663 
12.540000 -4.338107 0.881246 0.616783 
12.550000 -4.335955 0.883529 0.615907 
12.560000 -4.333813 0.885794 0.615034 
12.570000 -4.331679 0.888040 0.614165 
12.580000 -4.329555 0.890266 0.613300 
12.590000 -4.327440 0.892473 0.612438 
12.600000 -4.325335 0.894661 0.611580 
12.610000 -4.323240 0.896829 0.610726 
12.620000 -4.321156 0.898977 0.609877 
12.630000 -4.319082 0.901106 0.609032 
12.640000 -4.317020 0.903214 0.608191 
12.650000 -4.314969 0.905302 0.607354 
12.660000 -4.312929 0.907369 0.606522 
12.670000 -4.310902 0.909416 0.605695 
12.680000 -4.308887 0.911442 0.604873 
12.690000 -4.306884 0.913446 0.604056 
12.700000 -4.304895 0.915430 0.603244 
12.710000 -4.302918 0.917392 0.602437 
12.720000 -4.300956 0.919332 0.601636 
12.730000 -4.299008 0.921250 0.600840 
12.740000 -4.297074 0.923146 0.600050 
12.750000 -4.295155 0.925020 0.599266 
12.760000 -4.293251 0.926871 0.598488 
12.770000 -4.291363 0.928699 0.597716 
12.780000 -4.289491 0.930505 0.596951 
12.790000 -4.287636 0.932287 0.596192 
12.800000 -4.285797 0.934045 0.595440 
12.810000 -4.283976 0.935780 0.594695 
12.820000 -4.282173 0.937490 0.593957 
12.830000 -4.280388 0.939177 0.593226 
12.840000 -4.278621 0.940839 0.592503 
12.850000 -4.276874 0.942476 0.591787 
12.860000 -4.275147 0.944088 0.591079 
12.870000 -4.273440 0.945674 0.590380 
12.880000 -4.271754 0.947235 0.589688 
12.890000 -4.270089 0.948771 0.589005 
12.900000 -4.268446 0.950279 0.588331 
12.910000 -4.266826 0.951762 0.587665 
12.920000 -4.265228 0.953217 0.587009 
12.930000 -4.263654 0.954646 0.586362 
12.940000 -4.262104 0.956047 0.585725 
12.950000 -4.260579 0.957420 0.585097 
12.960000 -4.259078 0.958765 0.584480 
12.970000 -4.257604 0.960081 0.583873 
12.980000 -4.256157 0.961369 0.583276 
12.990000 -4.254736 0.962628 0.582690 
13.000000 -4.253343 0.963857 0.582116 
13.010000 -4.251979 0.965056 0.581552 
13.020000 -4.250644 0.966225 0.581000 
13.030000 -4.249338 0.967364 0.580461 
13.040000 -4.248064 0.968471 0.579933 
13.050000 -4.246820 0.969547 0.579417 
13.060000 -4.245608 0.970591 0.578915 
13.070000 -4.244429 0.971603 0.578425 
13.080000 -4.243283 0.972582 0.577949 
13.090000 -4.242172 0.973527 0.577486 
13.100000 -4.241095 0.974440 0.577037 
13.110000 -4.240054 0.975318 0.576602 
13.120000 -4.239050 0.976161 0.576182 
13.130000 -4.238082 0.976970 0.575777 
13.140000 -4.237153 0.977743 0.575387 
13.150000 -4.236263 0.978480 0.575012 
13.160000 -4.235412 0.979181 0.574653 
13.170000 -4.234602 0.979844 0.574311 
13.180000 -4.233833 0.980470 0.573984 
13.190000 -4.233106 0.981057 0.573675 
13.200000 -4.232423 0.981606 0.573383 
13.210000 -4.231783 0.982116 0.573108 
13.220000 -4.231188 0.982585 0.572851 
13.230000 -4.230639 0.983014 0.572613 
13.240000 -4.230137 0.983402 0.572393 
13.250000 -4.229682 0.983747 0.572191 
13.260000 -4.229276 0.984050 0.572010 
13.270000 -4.228919 0.984310 0.571848 
13.280000 -4.228612 0.984527 0.571706 
13.290000 -4.228356 0.984698 0.571584 
13.300000 -4.228153 0.984824 0.571483 
13.310000 -4.228003 0.984904 0.571403 
13.320000 -4.227906 0.984937 0.571345 
13.330000 -4.227865 0.984922 0.571309 
13.340000 -4.227880 0.984859 0.571295 
13.350000 -4.227951 0.984746 0.571304 
13.360000 -4.228081 0.984583 0.571336 
13.370000 -4.228269 0.984369 0.571391 
13.380000 -4.228517 0.984103 0.571470 
13.390000 -4.228825 0.983785 0.571573 
13.400000 -4.229196 0.983412 0.571701 
13.410000 -4.229628 0.982984 0.571854 
13.420000 -4.230125 0.982501 0.572032 
13.430000 -4.230686 0.981961 0.572236 
13.440000 -4.231312 0.981363 0.572465 
13.450000 -4.232004 0.980706 0.572722 
13.460000 -4.232764 0.979989 0.573005 
13.470000 -4.233592 0.979212 0.573315 
13.480000 -4.234488 0.978372 0.573653 
13.490000 -4.235455 0.977468 0.574018 
13.500000 -4.236492 0.976500 0.574412 
13.510000 -4.237601 0.975467 0.574834 
13.520000 -4.238782 0.974366 0.575285 
13.530000 -4.240036 0.973197 0.575766 
13.540000 -4.241364 0.971959 0.576275 
13.550000 -4.242767 0.970651 0.576815 
13.560000 -4.244245 0.969270 0.577385 
13.570000 -4.245799 0.967816 0.577985 
13.580000 -4.247431 0.966287 0.578615 
13.590000 -4.249139 0.964683 0.579277 
13.600000 -4.250926 0.963001 0.579969 
13.610000 -4.252791 0.961240 0.580693 
13.620000 -4.254736 0.959399 0.581449 
13.630000 -4.256760 0.957476 0.582236 
13.640000 -4.258865 0.955471 0.583056 
13.650000 -4.261050 0.953381 0.583907 
13.660000 -4.263316 0.951205 0.584791 
13.670000 -4.265664 0.948942 0.585707 
13.680000 -4.268093 0.946591 0.586656 
13.690000 -4.270604 0.944149 0.587638 
13.700000 -4.273198 0.941615 0.588652 
13.710000 -4.275874 0.938988 0.589700 
13.720000 -4.278632 0.936267 0.590780 
13.730000 -4.281473 0.933450 0.591893 
13.740000 -4.284397 0.930535 0.593039 
13.750000 -4.287403 0.927522 0.594218 
13.760000 -4.290491 0.924409 0.595430 
13.770000 -4.293661 0.921193 0.596674 
13.780000 -4.296914 0.917876 0.597951 
13.790000 -4.300248 0.914453 0.599261 
13.800000 -4.303663 0.910926 0.600604 
13.810000 -4.307160 0.907292 0.601978 
13.820000 -4.310736 0.903550 0.603385 
13.830000 -4.314393 0.899699 0.604823 
13.840000 -4.318128 0.895738 0.606293 
13.850000 -4.321942 0.891666 0.607795 
13.860000 -4.325834 0.887481 0.609327 
13.870000 -4.329802 0.883184 0.610890 
13.880000 -4.333847 0.878773 0.612483 
13.890000 -4.337966 0.874248 0.614106 
13.900000 -4.342159 0.869607 0.615759 
13.910000 -4.346425 0.864851 0.617441 
13.920000 -4.350762 0.859978 0.619151 
13.930000 -4.355170 0.854988 0.620889 
13.940000 -4.359646 0.849882 0.622655 
13.950000 -4.364189 0.844658 0.624448 
13.960000 -4.368799 0.839317 0.626266 
13.970000 -4.373472 0.833859 0.628111 
13.980000 -4.378208 0.828284 0.629981 
13.990000 -4.383005 0.822592 0.631875 
14.000000 -4.387861 0.816783 0.633792 
14.010000 -4.392774 0.810859 0.635732 
14.020000 -4.397743 0.804819 0.637695 
14.030000 -4.402764 0.798665 0.639679 
14.040000 -4.407837 0.792398 0.641683 
14.050000 -4.412959 0.786018 0.643707 
14.060000 -4.418127 0.779527 0.645749 
14.070000 -4.423340 0.772927 0.647810 
14.080000 -4.428596 0.766218 0.649887 
14.090000 -4.433891 0.759403 0.651981 
14.100000 -4.439224 0.752484 0.654089 
14.110000 -4.444591 0.745462 0.656212 
14.120000 -4.449991 0.738339 0.658347 
14.130000 -4.455421 0.731119 0.660495 
14.140000 -4.460879 0.723803 0.662654 
14.150000 -4.466361 0.716395 0.664822 
14.160000 -4.471865 0.708896 0.667000 
14.170000 -4.477389 0.701311 0.669185 
14.180000 -4.482929 0.693642 0.671378 
14.190000 -4.488483 0.685892 0.673576 
14.200000 -4.494049 0.678065 0.675778 
14.210000 -4.499622 0.670165 0.677984 
14.220000 -4.505202 0.662194 0.680193 
14.230000 -4.510784 0.654158 0.682402 
14.240000 -4.516366 0.646060 0.684612 
14.250000 -4.521945 0.637904 0.686821 
14.260000 -4.527519 0.629694 0.689028 
14.270000 -4.533084 0.621435 0.691232 
14.280000 -4.538639 0.613131 0.693432 
14.290000 -4.544179 0.604787 0.695626 
14.300000 -4.549703 0.596407 0.697814 
14.310000 -4.555207 0.587996 0.699994 
14.320000 -4.560689 0.579560 0.702165 
14.330000 -4.566147 0.571102 0.704327 
14.340000 -4.571577 0.562627 0.706479 
14.350000 -4.576977 0.554142 0.708618 
14.360000 -4.582344 0.545650 0.710745 
14.370000 -4.587677 0.537157 0.712858 
14.380000 -4.592972 0.528669 0.714956 
14.390000 -4.598227 0.520189 0.717039 
14.400000 -4.603439 0.511724 0.719105 
14.410000 -4.608607 0.503278 0.721153 
14.420000 -4.613728 0.494856 0.723183 
14.430000 -4.618800 0.486465 0.725193 
14.440000 -4.623820 0.478108 0.727184 
14.450000 -4.628787 0.469791 0.729153 
14.460000 -4.633699 0.461519 0.731100 
14.470000 -4.638553 0.453297 0.733025 
14.480000 -4.643348 0.445129 0.734927 
14.490000 -4.648082 0.437022 0.736804 
14.500000 -4.652753 0.428978 0.738656 
14.510000 -4.657359 0.421004 0.740484 
14.520000 -4.661900 0.413104 0.742285 
14.530000 -4.666372 0.405281 0.744059 
14.540000 -4.670776 0.397542 0.745806 
14.550000 -4.675109 0.389889 0.747525 
14.560000 -4.679370 0.382327 0.749215 
14.570000 -4.683558 0.374861 0.750877 
14.580000 -4.687672 0.367493 0.752510 
14.590000 -4.691710 0.360229 0.754112 
14.600000 -4.695672 0.353071 0.755685 
14.610000 -4.699557 0.346023 0.757227 
14.620000 -4.703364 0.339089 0.758738 
14.630000 -4.707091 0.332271 0.760218 
14.640000 -4.710739 0.325574 0.761666 
14.650000 -4.714307 0.318999 0.763083 
14.660000 -4.717793 0.312550 0.764467 
14.670000 -4.721198 0.306229 0.765819 
14.680000 -4.724522 0.300038 0.767139 
14.690000 -4.727763 0.293981 0.768427 
14.700000 -4.730921 0.288060 0.769681 
14.710000 -4.733996 0.282275 0.770903 
14.720000 -4.736989 0.276630 0.772092 
14.730000 -4.739898 0.271125 0.773248 
14.740000 -4.742724 0.265764 0.774371 
14.750000 -4.745467 0.260546 0.775462 
14.760000 -4.748127 0.255473 0.776519 
14.770000 -4.750704 0.250546 0.777543 
14.780000 -4.753198 0.245767 0.778535 
14.790000 -4.755609 0.241136 0.779493 
14.800000 -4.757937 0.236654 0.780420 
14.810000 -4.760184 0.232321 0.781313 
14.820000 -4.762348 0.228137 0.782174 
14.830000 -4.764432 0.224104 0.783003 
14.840000 -4.766434 0.220221 0.783800 
14.850000 -4.768356 0.216488 0.784565 
14.860000 -4.770198 0.212906 0.785298 
14.870000 -4.771960 0.209473 0.786000 
14.880000 -4.773644 0.206189 0.786671 
14.890000 -4.775249 0.203055 0.787310 
14.900000 -4.776777 0.200069 0.787919 
14.910000 -4.778228 0.197232 0.788497 
14.920000 -4.779603 0.194541 0.789046 
14.930000 -4.780903 0.191997 0.789564 
14.940000 -4.782128 0.189597 0.790052 
14.950000 -4.783279 0.187343 0.790512 
14.960000 -4.784356 0.185231 0.790942 
14.970000 -4.785362 0.183262 0.791344 
14.980000 -4.786296 0.181433 0.791717 
14.990000 -4.787160 0.179744 0.792062 
15.000000 -4.787954 0.178192 0.792380 
15.010000 -4.788679 0.176777 0.792670 
15.020000 -4.789337 0.175498 0.792934 
15.030000 -4.789927 0.174351 0.793171 
15.040000 -4.790452 0.173337 0.793382 
15.050000 -4.790911 0.172452 0.793566 
15.060000 -4.791306 0.171696 0.793726 
15.070000 -4.791638 0.171067 0.793860 
15.080000 -4.791908 0.170562 0.793970 
15.090000 -4.792117 0.170181 0.794055 
15.100000 -4.792265 0.169920 0.794116 
15.110000 -4.792354 0.169779 0.794154 
15.120000 -4.792384 0.169755 0.794168 
15.130000 -4.792357 0.169846 0.794160 
15.140000 -4.792273 0.170051 0.794129 
15.150000 -4.792134 0.170367 0.794076 
15.160000 -4.791941 0.170793 0.794001 
15.170000 -4.791693 0.171326 0.793906 
15.180000 -4.791394 0.171965 0.793789 
15.190000 -4.791042 0.172707 0.793651 
15.200000 -4.790640 0.173550 0.793494 
15.210000 -4.790188 0.174493 0.793316 
15.220000 -4.789687 0.175533 0.793120 
15.230000 -4.789138 0.176669 0.792904 
15.240000 -4.788542 0.177898 0.792669 
15.250000 -4.787900 0.179218 0.792416 
15.260000 -4.787212 0.180628 0.792145 
15.270000 -4.786481 0.182125 0.791857 
15.280000 -4.785706 0.183707 0.791551 
15.290000 -4.784888 0.185373 0.791228 
15.300000 -4.784029 0.187120 0.790889 
15.310000 -4.783129 0.188947 0.790533 
15.320000 -4.782189 0.190851 0.790161 
15.330000 -4.781209 0.192831 0.789774 
15.340000 -4.780192 0.194885 0.789372 
15.350000 -4.779137 0.197011 0.788954 
15.360000 -4.778045 0.199207 0.788522 
15.370000 -4.776917 0.201472 0.788076 
15.380000 -4.775754 0.203803 0.787616 
15.390000 -4.774557 0.206198 0.787142 
15.400000 -4.773327 0.208657 0.786654 
15.410000 -4.772063 0.211176 0.786154 
15.420000 -4.770768 0.213756 0.785640 
15.430000 -4.769441 0.216393 0.785115 
15.440000 -4.768083 0.219086 0.784577 
15.450000 -4.766696 0.221834 0.784027 
15.460000 -4.765279 0.224635 0.783465 
15.470000 -4.763833 0.227487 0.782892 
15.480000 -4.762360 0.230389 0.782308 
15.490000 -4.760860 0.233339 0.781713 
15.500000 -4.759333 0.236336 0.781107 
15.510000 -4.757780 0.239379 0.780491 
15.520000 -4.756201 0.242465 0.779865 
15.530000 -4.754598 0.245593 0.779229 
15.540000 -4.752971 0.248763 0.778583 
15.550000 -4.751320 0.251972 0.777928 
15.560000 -4.749647 0.255219 0.777264 
15.570000 -4.747951 0.258504 0.776591 
15.580000 -4.746233 0.261824 0.775909 
15.590000 -4.744494 0.265178 0.775218 
15.600000 -4.742734 0.268566 0.774519 
15.610000 -4.740954 0.271985 0.773813 
15.620000 -4.739154 0.275435 0.773098 
15.630000 -4.737335 0.278915 0.772375 
15.640000 -4.735497 0.282423 0.771646 
15.650000 -4.733641 0.285959 0.770908 
15.660000 -4.731767 0.289521 0.770164 
15.670000 -4.729876 0.293107 0.769413 
15.680000 -4.727968 0.296718 0.768655 
15.690000 -4.726043 0.300352 0.767890 
15.700000 -4.724103 0.304008 0.767119 
15.710000 -4.722147 0.307686 0.766342 
15.720000 -4.720176 0.311383 0.765558 
15.730000 -4.718190 0.315099 0.764769 
15.740000 -4.716190 0.318834 0.763974 
15.750000 -4.714176 0.322586 0.763174 
15.760000 -4.712148 0.326355 0.762368 
15.770000 -4.710107 0.330139 0.761556 
15.780000 -4.708053 0.333938 0.760740 
15.790000 -4.705987 0.337752 0.759918 
15.800000 -4.703909 0.341578 0.759092 
15.810000 -4.701818 0.345417 0.758261 
15.820000 -4.699717 0.349268 0.757425 
15.830000 -4.697604 0.353130 0.756584 
15.840000 -4.695480 0.357002 0.755740 
15.850000 -4.693346 0.360884 0.754891 
15.860000 -4.691201 0.364774 0.754038 
15.870000 -4.689047 0.368673 0.753181 
15.880000 -4.686883 0.372580 0.752320 
15.890000 -4.684709 0.376493 0.751455 
15.900000 -4.682527 0.380413 0.750587 
15.910000 -4.680335 0.384339 0.749715 
15.920000 -4.678135 0.388270 0.748840 
15.930000 -4.675927 0.392206 0.747961 
15.940000 -4.673711 0.396146 0.747079 
15.950000 -4.671486 0.400089 0.746194 
15.960000 -4.669255 0.404036 0.745305 
15.970000 -4.667015 0.407985 0.744414 
15.980000 -4.664769 0.411936 0.743520 
15.990000 -4.662515 0.415889 0.742623 
16.000000 -4.660255 0.419843 0.741723 
