FCI gs energy -3.000000 
FCI gs wfn 
0011 1.000000000000 0.000000000000 I 
FCI ITE
0.000000 -1.500000 0.750000 0.128787 
0.010000 -1.514999 0.749925 0.132650 
0.020000 -1.529996 0.749700 0.136587 
0.030000 -1.544986 0.749325 0.140599 
0.040000 -1.559968 0.748801 0.144686 
0.050000 -1.574937 0.748128 0.148847 
0.060000 -1.589892 0.747307 0.153081 
0.070000 -1.604829 0.746337 0.157390 
0.080000 -1.619745 0.745220 0.161771 
0.090000 -1.634637 0.743958 0.166224 
0.100000 -1.649502 0.742550 0.170750 
0.110000 -1.664338 0.740998 0.175347 
0.120000 -1.679141 0.739303 0.180014 
0.130000 -1.693909 0.737467 0.184751 
0.140000 -1.708639 0.735490 0.189557 
0.150000 -1.723327 0.733375 0.194431 
0.160000 -1.737973 0.731123 0.199372 
0.170000 -1.752571 0.728736 0.204379 
0.180000 -1.767121 0.726215 0.209450 
0.190000 -1.781619 0.723564 0.214586 
0.200000 -1.796063 0.720782 0.219784 
0.210000 -1.810450 0.717874 0.225043 
0.220000 -1.824777 0.714840 0.230362 
0.230000 -1.839042 0.711683 0.235740 
0.240000 -1.853244 0.708406 0.241175 
0.250000 -1.867378 0.705011 0.246666 
0.260000 -1.881443 0.701500 0.252211 
0.270000 -1.895437 0.697877 0.257809 
0.280000 -1.909358 0.694142 0.263458 
0.290000 -1.923202 0.690300 0.269156 
0.300000 -1.936969 0.686353 0.274902 
0.310000 -1.950656 0.682303 0.280694 
0.320000 -1.964260 0.678154 0.286531 
0.330000 -1.977781 0.673908 0.292409 
0.340000 -1.991216 0.669569 0.298329 
0.350000 -2.004563 0.665139 0.304288 
0.360000 -2.017821 0.660621 0.310283 
0.370000 -2.030988 0.656017 0.316314 
0.380000 -2.044061 0.651333 0.322377 
0.390000 -2.057040 0.646569 0.328473 
0.400000 -2.069923 0.641729 0.334597 
0.410000 -2.082709 0.636817 0.340749 
0.420000 -2.095396 0.631835 0.346926 
0.430000 -2.107982 0.626786 0.353127 
0.440000 -2.120467 0.621674 0.359349 
0.450000 -2.132848 0.616501 0.365590 
0.460000 -2.145126 0.611271 0.371850 
0.470000 -2.157299 0.605986 0.378124 
0.480000 -2.169365 0.600650 0.384412 
0.490000 -2.181325 0.595266 0.390712 
0.500000 -2.193176 0.589836 0.397021 
0.510000 -2.204918 0.584364 0.403338 
0.520000 -2.216550 0.578852 0.409660 
0.530000 -2.228072 0.573304 0.415986 
0.540000 -2.239482 0.567722 0.422314 
0.550000 -2.250780 0.562110 0.428642 
0.560000 -2.261966 0.556469 0.434968 
0.570000 -2.273039 0.550804 0.441289 
0.580000 -2.283998 0.545116 0.447605 
0.590000 -2.294843 0.539408 0.453914 
0.600000 -2.305574 0.533683 0.460213 
0.610000 -2.316191 0.527944 0.466501 
0.620000 -2.326692 0.522193 0.472777 
0.630000 -2.337078 0.516433 0.479037 
0.640000 -2.347349 0.510666 0.485282 
0.650000 -2.357505 0.504895 0.491508 
0.660000 -2.367545 0.499122 0.497716 
0.670000 -2.377470 0.493349 0.503902 
0.680000 -2.387279 0.487579 0.510065 
0.690000 -2.396973 0.481813 0.516204 
0.700000 -2.406552 0.476055 0.522318 
0.710000 -2.416015 0.470305 0.528405 
0.720000 -2.425364 0.464567 0.534463 
0.730000 -2.434598 0.458842 0.540492 
0.740000 -2.443718 0.453132 0.546490 
0.750000 -2.452723 0.447439 0.552455 
0.760000 -2.461615 0.441765 0.558387 
0.770000 -2.470394 0.436112 0.564284 
0.780000 -2.479060 0.430480 0.570145 
0.790000 -2.487614 0.424873 0.575969 
0.800000 -2.496055 0.419291 0.581754 
0.810000 -2.504385 0.413737 0.587501 
0.820000 -2.512605 0.408211 0.593208 
0.830000 -2.520714 0.402714 0.598874 
0.840000 -2.528714 0.397249 0.604497 
0.850000 -2.536604 0.391817 0.610078 
0.860000 -2.544386 0.386419 0.615615 
0.870000 -2.552061 0.381056 0.621108 
0.880000 -2.559629 0.375729 0.626556 
0.890000 -2.567091 0.370439 0.631958 
0.900000 -2.574447 0.365188 0.637313 
0.910000 -2.581698 0.359976 0.642621 
0.920000 -2.588846 0.354805 0.647881 
0.930000 -2.595891 0.349674 0.653093 
0.940000 -2.602833 0.344586 0.658257 
0.950000 -2.609675 0.339541 0.663371 
0.960000 -2.616415 0.334539 0.668435 
0.970000 -2.623056 0.329581 0.673449 
0.980000 -2.629599 0.324669 0.678413 
0.990000 -2.636043 0.319802 0.683325 
1.000000 -2.642391 0.314981 0.688187 
1.010000 -2.648643 0.310206 0.692997 
1.020000 -2.654800 0.305479 0.697756 
1.030000 -2.660862 0.300799 0.702463 
1.040000 -2.666832 0.296168 0.707117 
1.050000 -2.672710 0.291584 0.711720 
1.060000 -2.678496 0.287049 0.716270 
1.070000 -2.684192 0.282563 0.720768 
1.080000 -2.689799 0.278126 0.725213 
1.090000 -2.695317 0.273739 0.729606 
1.100000 -2.700749 0.269401 0.733947 
1.110000 -2.706094 0.265113 0.738235 
1.120000 -2.711353 0.260874 0.742471 
1.130000 -2.716529 0.256686 0.746654 
1.140000 -2.721621 0.252547 0.750785 
1.150000 -2.726631 0.248459 0.754863 
1.160000 -2.731560 0.244420 0.758890 
1.170000 -2.736408 0.240432 0.762865 
1.180000 -2.741177 0.236493 0.766788 
1.190000 -2.745868 0.232604 0.770660 
1.200000 -2.750482 0.228765 0.774480 
1.210000 -2.755019 0.224976 0.778249 
1.220000 -2.759481 0.221236 0.781967 
1.230000 -2.763869 0.217545 0.785635 
1.240000 -2.768183 0.213904 0.789252 
1.250000 -2.772425 0.210311 0.792820 
1.260000 -2.776596 0.206767 0.796337 
1.270000 -2.780696 0.203272 0.799805 
1.280000 -2.784727 0.199825 0.803224 
1.290000 -2.788690 0.196426 0.806595 
1.300000 -2.792585 0.193075 0.809916 
1.310000 -2.796413 0.189771 0.813190 
1.320000 -2.800176 0.186514 0.816416 
1.330000 -2.803874 0.183304 0.819595 
1.340000 -2.807508 0.180141 0.822727 
1.350000 -2.811080 0.177023 0.825813 
1.360000 -2.814590 0.173951 0.828852 
1.370000 -2.818038 0.170925 0.831845 
1.380000 -2.821427 0.167944 0.834794 
1.390000 -2.824756 0.165007 0.837697 
1.400000 -2.828027 0.162114 0.840556 
1.410000 -2.831241 0.159266 0.843371 
1.420000 -2.834398 0.156460 0.846143 
1.430000 -2.837500 0.153698 0.848872 
1.440000 -2.840547 0.150978 0.851557 
1.450000 -2.843539 0.148301 0.854201 
1.460000 -2.846479 0.145665 0.856803 
1.470000 -2.849366 0.143070 0.859364 
1.480000 -2.852202 0.140517 0.861884 
1.490000 -2.854987 0.138003 0.864363 
1.500000 -2.857722 0.135530 0.866803 
1.510000 -2.860409 0.133096 0.869203 
1.520000 -2.863046 0.130701 0.871565 
1.530000 -2.865637 0.128345 0.873888 
1.540000 -2.868181 0.126027 0.876173 
1.550000 -2.870678 0.123747 0.878420 
1.560000 -2.873131 0.121504 0.880631 
1.570000 -2.875539 0.119298 0.882805 
1.580000 -2.877903 0.117128 0.884942 
1.590000 -2.880224 0.114994 0.887045 
1.600000 -2.882503 0.112895 0.889112 
1.610000 -2.884740 0.110832 0.891144 
1.620000 -2.886936 0.108803 0.893142 
1.630000 -2.889092 0.106807 0.895106 
1.640000 -2.891209 0.104846 0.897037 
1.650000 -2.893286 0.102918 0.898936 
1.660000 -2.895326 0.101022 0.900801 
1.670000 -2.897328 0.099159 0.902635 
1.680000 -2.899292 0.097327 0.904438 
1.690000 -2.901221 0.095527 0.906209 
1.700000 -2.903114 0.093757 0.907950 
1.710000 -2.904971 0.092019 0.909660 
1.720000 -2.906795 0.090310 0.911341 
1.730000 -2.908584 0.088630 0.912993 
1.740000 -2.910340 0.086980 0.914616 
1.750000 -2.912063 0.085359 0.916210 
1.760000 -2.913755 0.083766 0.917777 
1.770000 -2.915414 0.082201 0.919316 
1.780000 -2.917043 0.080663 0.920827 
1.790000 -2.918641 0.079153 0.922312 
1.800000 -2.920209 0.077669 0.923771 
1.810000 -2.921748 0.076211 0.925204 
1.820000 -2.923258 0.074779 0.926611 
1.830000 -2.924739 0.073373 0.927994 
1.840000 -2.926193 0.071991 0.929351 
1.850000 -2.927619 0.070635 0.930684 
1.860000 -2.929018 0.069302 0.931994 
1.870000 -2.930391 0.067994 0.933280 
1.880000 -2.931738 0.066709 0.934542 
1.890000 -2.933060 0.065447 0.935782 
1.900000 -2.934356 0.064207 0.936999 
1.910000 -2.935628 0.062991 0.938195 
1.920000 -2.936876 0.061796 0.939369 
1.930000 -2.938100 0.060623 0.940521 
1.940000 -2.939301 0.059471 0.941652 
1.950000 -2.940479 0.058340 0.942763 
1.960000 -2.941635 0.057230 0.943853 
1.970000 -2.942768 0.056140 0.944924 
1.980000 -2.943880 0.055070 0.945975 
1.990000 -2.944971 0.054019 0.947006 
2.000000 -2.946041 0.052988 0.948019 
2.010000 -2.947091 0.051976 0.949013 
2.020000 -2.948121 0.050982 0.949988 
2.030000 -2.949130 0.050007 0.950946 
2.040000 -2.950121 0.049050 0.951885 
2.050000 -2.951092 0.048110 0.952808 
2.060000 -2.952045 0.047188 0.953713 
2.070000 -2.952980 0.046283 0.954602 
2.080000 -2.953897 0.045395 0.955474 
2.090000 -2.954796 0.044523 0.956329 
2.100000 -2.955678 0.043667 0.957169 
2.110000 -2.956543 0.042828 0.957993 
2.120000 -2.957391 0.042004 0.958802 
2.130000 -2.958223 0.041195 0.959596 
2.140000 -2.959039 0.040402 0.960374 
2.150000 -2.959839 0.039623 0.961139 
2.160000 -2.960624 0.038859 0.961888 
2.170000 -2.961394 0.038109 0.962624 
2.180000 -2.962149 0.037374 0.963346 
2.190000 -2.962889 0.036652 0.964054 
2.200000 -2.963615 0.035944 0.964749 
2.210000 -2.964327 0.035249 0.965431 
2.220000 -2.965025 0.034567 0.966100 
2.230000 -2.965709 0.033899 0.966756 
2.240000 -2.966381 0.033242 0.967400 
2.250000 -2.967039 0.032599 0.968032 
2.260000 -2.967685 0.031967 0.968651 
2.270000 -2.968318 0.031347 0.969259 
2.280000 -2.968939 0.030740 0.969856 
2.290000 -2.969548 0.030143 0.970441 
2.300000 -2.970145 0.029558 0.971015 
2.310000 -2.970730 0.028984 0.971578 
2.320000 -2.971304 0.028421 0.972130 
2.330000 -2.971867 0.027869 0.972672 
2.340000 -2.972419 0.027328 0.973203 
2.350000 -2.972960 0.026796 0.973724 
2.360000 -2.973491 0.026275 0.974236 
2.370000 -2.974011 0.025764 0.974737 
2.380000 -2.974521 0.025262 0.975229 
2.390000 -2.975022 0.024770 0.975712 
2.400000 -2.975512 0.024288 0.976185 
2.410000 -2.975993 0.023815 0.976649 
2.420000 -2.976465 0.023350 0.977104 
2.430000 -2.976927 0.022895 0.977551 
2.440000 -2.977381 0.022449 0.977989 
2.450000 -2.977825 0.022011 0.978418 
2.460000 -2.978261 0.021581 0.978840 
2.470000 -2.978689 0.021160 0.979253 
2.480000 -2.979108 0.020747 0.979658 
2.490000 -2.979519 0.020342 0.980056 
2.500000 -2.979921 0.019944 0.980445 
2.510000 -2.980316 0.019554 0.980828 
2.520000 -2.980704 0.019172 0.981202 
2.530000 -2.981083 0.018797 0.981570 
2.540000 -2.981456 0.018430 0.981931 
2.550000 -2.981821 0.018069 0.982284 
2.560000 -2.982178 0.017716 0.982631 
2.570000 -2.982529 0.017369 0.982971 
2.580000 -2.982873 0.017029 0.983304 
2.590000 -2.983210 0.016696 0.983631 
2.600000 -2.983541 0.016369 0.983952 
2.610000 -2.983865 0.016048 0.984266 
2.620000 -2.984183 0.015734 0.984575 
2.630000 -2.984495 0.015425 0.984877 
2.640000 -2.984800 0.015123 0.985173 
2.650000 -2.985100 0.014826 0.985464 
2.660000 -2.985393 0.014536 0.985749 
2.670000 -2.985681 0.014251 0.986029 
2.680000 -2.985963 0.013971 0.986303 
2.690000 -2.986240 0.013697 0.986572 
2.700000 -2.986511 0.013428 0.986835 
2.710000 -2.986777 0.013165 0.987094 
2.720000 -2.987038 0.012906 0.987347 
2.730000 -2.987293 0.012653 0.987596 
2.740000 -2.987544 0.012404 0.987839 
2.750000 -2.987790 0.012161 0.988078 
2.760000 -2.988030 0.011922 0.988312 
2.770000 -2.988266 0.011688 0.988542 
2.780000 -2.988498 0.011458 0.988767 
2.790000 -2.988725 0.011233 0.988988 
2.800000 -2.988947 0.011012 0.989204 
2.810000 -2.989165 0.010796 0.989417 
2.820000 -2.989379 0.010583 0.989625 
2.830000 -2.989589 0.010375 0.989829 
2.840000 -2.989794 0.010171 0.990029 
2.850000 -2.989996 0.009971 0.990225 
2.860000 -2.990193 0.009775 0.990417 
2.870000 -2.990387 0.009583 0.990606 
2.880000 -2.990576 0.009394 0.990791 
2.890000 -2.990762 0.009209 0.990972 
2.900000 -2.990945 0.009028 0.991150 
2.910000 -2.991124 0.008850 0.991324 
2.920000 -2.991299 0.008676 0.991495 
2.930000 -2.991471 0.008505 0.991662 
2.940000 -2.991639 0.008338 0.991826 
2.950000 -2.991804 0.008173 0.991987 
2.960000 -2.991966 0.008013 0.992145 
2.970000 -2.992125 0.007855 0.992300 
2.980000 -2.992280 0.007700 0.992452 
2.990000 -2.992433 0.007548 0.992600 
3.000000 -2.992582 0.007400 0.992746 
3.010000 -2.992729 0.007254 0.992889 
3.020000 -2.992872 0.007111 0.993029 
3.030000 -2.993013 0.006971 0.993167 
3.040000 -2.993151 0.006833 0.993301 
3.050000 -2.993286 0.006699 0.993434 
3.060000 -2.993419 0.006566 0.993563 
3.070000 -2.993549 0.006437 0.993690 
3.080000 -2.993677 0.006310 0.993814 
3.090000 -2.993802 0.006186 0.993936 
3.100000 -2.993924 0.006064 0.994056 
3.110000 -2.994044 0.005944 0.994173 
3.120000 -2.994162 0.005827 0.994288 
3.130000 -2.994277 0.005712 0.994401 
3.140000 -2.994390 0.005599 0.994511 
3.150000 -2.994501 0.005489 0.994620 
3.160000 -2.994610 0.005380 0.994726 
3.170000 -2.994716 0.005274 0.994830 
3.180000 -2.994821 0.005170 0.994932 
3.190000 -2.994923 0.005068 0.995032 
3.200000 -2.995024 0.004968 0.995130 
3.210000 -2.995122 0.004870 0.995226 
3.220000 -2.995218 0.004774 0.995320 
3.230000 -2.995313 0.004680 0.995413 
3.240000 -2.995406 0.004587 0.995503 
3.250000 -2.995496 0.004497 0.995592 
3.260000 -2.995585 0.004408 0.995679 
3.270000 -2.995673 0.004321 0.995764 
3.280000 -2.995758 0.004236 0.995848 
3.290000 -2.995842 0.004152 0.995930 
3.300000 -2.995924 0.004070 0.996010 
3.310000 -2.996005 0.003990 0.996089 
3.320000 -2.996084 0.003911 0.996166 
3.330000 -2.996161 0.003834 0.996242 
3.340000 -2.996237 0.003758 0.996316 
3.350000 -2.996312 0.003684 0.996389 
3.360000 -2.996385 0.003611 0.996460 
3.370000 -2.996456 0.003540 0.996530 
3.380000 -2.996526 0.003470 0.996599 
3.390000 -2.996595 0.003401 0.996666 
3.400000 -2.996662 0.003334 0.996732 
3.410000 -2.996728 0.003268 0.996797 
3.420000 -2.996793 0.003203 0.996860 
3.430000 -2.996857 0.003140 0.996922 
3.440000 -2.996919 0.003078 0.996983 
3.450000 -2.996980 0.003017 0.997042 
3.460000 -2.997039 0.002958 0.997101 
3.470000 -2.997098 0.002899 0.997158 
3.480000 -2.997155 0.002842 0.997214 
3.490000 -2.997212 0.002786 0.997269 
3.500000 -2.997267 0.002731 0.997323 
3.510000 -2.997321 0.002677 0.997376 
3.520000 -2.997374 0.002624 0.997428 
3.530000 -2.997426 0.002572 0.997479 
3.540000 -2.997477 0.002521 0.997529 
3.550000 -2.997527 0.002471 0.997578 
3.560000 -2.997576 0.002422 0.997626 
3.570000 -2.997624 0.002374 0.997672 
3.580000 -2.997671 0.002328 0.997718 
3.590000 -2.997717 0.002282 0.997764 
3.600000 -2.997762 0.002236 0.997808 
3.610000 -2.997806 0.002192 0.997851 
3.620000 -2.997850 0.002149 0.997894 
3.630000 -2.997892 0.002106 0.997935 
3.640000 -2.997934 0.002065 0.997976 
3.650000 -2.997975 0.002024 0.998016 
3.660000 -2.998015 0.001984 0.998055 
3.670000 -2.998054 0.001945 0.998094 
3.680000 -2.998093 0.001906 0.998132 
3.690000 -2.998130 0.001868 0.998168 
3.700000 -2.998167 0.001832 0.998205 
3.710000 -2.998204 0.001795 0.998240 
3.720000 -2.998239 0.001760 0.998275 
3.730000 -2.998274 0.001725 0.998309 
3.740000 -2.998308 0.001691 0.998343 
3.750000 -2.998342 0.001657 0.998375 
3.760000 -2.998374 0.001625 0.998407 
3.770000 -2.998407 0.001593 0.998439 
3.780000 -2.998438 0.001561 0.998470 
3.790000 -2.998469 0.001530 0.998500 
3.800000 -2.998499 0.001500 0.998530 
3.810000 -2.998529 0.001470 0.998559 
3.820000 -2.998558 0.001441 0.998587 
3.830000 -2.998587 0.001413 0.998615 
3.840000 -2.998615 0.001385 0.998643 
3.850000 -2.998642 0.001357 0.998670 
3.860000 -2.998669 0.001330 0.998696 
3.870000 -2.998695 0.001304 0.998722 
3.880000 -2.998721 0.001278 0.998747 
3.890000 -2.998746 0.001253 0.998772 
3.900000 -2.998771 0.001228 0.998796 
3.910000 -2.998796 0.001204 0.998820 
3.920000 -2.998819 0.001180 0.998843 
3.930000 -2.998843 0.001157 0.998866 
3.940000 -2.998866 0.001134 0.998889 
3.950000 -2.998888 0.001111 0.998911 
3.960000 -2.998910 0.001089 0.998932 
3.970000 -2.998932 0.001068 0.998953 
3.980000 -2.998953 0.001047 0.998974 
3.990000 -2.998974 0.001026 0.998994 
4.000000 -2.998994 0.001006 0.999014 
4.010000 -2.999014 0.000986 0.999034 
4.020000 -2.999033 0.000966 0.999053 
4.030000 -2.999053 0.000947 0.999072 
4.040000 -2.999071 0.000928 0.999090 
4.050000 -2.999090 0.000910 0.999108 
4.060000 -2.999108 0.000892 0.999126 
4.070000 -2.999125 0.000874 0.999143 
4.080000 -2.999143 0.000857 0.999160 
4.090000 -2.999160 0.000840 0.999176 
4.100000 -2.999176 0.000824 0.999193 
4.110000 -2.999193 0.000807 0.999209 
4.120000 -2.999209 0.000791 0.999224 
4.130000 -2.999224 0.000776 0.999240 
4.140000 -2.999240 0.000760 0.999255 
4.150000 -2.999255 0.000745 0.999270 
4.160000 -2.999269 0.000730 0.999284 
4.170000 -2.999284 0.000716 0.999298 
4.180000 -2.999298 0.000702 0.999312 
4.190000 -2.999312 0.000688 0.999326 
4.200000 -2.999326 0.000674 0.999339 
4.210000 -2.999339 0.000661 0.999352 
4.220000 -2.999352 0.000648 0.999365 
4.230000 -2.999365 0.000635 0.999378 
4.240000 -2.999377 0.000622 0.999390 
4.250000 -2.999390 0.000610 0.999402 
4.260000 -2.999402 0.000598 0.999414 
4.270000 -2.999414 0.000586 0.999425 
4.280000 -2.999425 0.000575 0.999437 
4.290000 -2.999437 0.000563 0.999448 
4.300000 -2.999448 0.000552 0.999459 
4.310000 -2.999459 0.000541 0.999470 
4.320000 -2.999469 0.000530 0.999480 
4.330000 -2.999480 0.000520 0.999490 
4.340000 -2.999490 0.000510 0.999500 
4.350000 -2.999500 0.000500 0.999510 
4.360000 -2.999510 0.000490 0.999520 
4.370000 -2.999520 0.000480 0.999529 
4.380000 -2.999529 0.000471 0.999539 
4.390000 -2.999539 0.000461 0.999548 
4.400000 -2.999548 0.000452 0.999557 
4.410000 -2.999557 0.000443 0.999566 
4.420000 -2.999566 0.000434 0.999574 
4.430000 -2.999574 0.000426 0.999583 
4.440000 -2.999583 0.000417 0.999591 
4.450000 -2.999591 0.000409 0.999599 
4.460000 -2.999599 0.000401 0.999607 
4.470000 -2.999607 0.000393 0.999615 
4.480000 -2.999615 0.000385 0.999622 
4.490000 -2.999622 0.000378 0.999630 
4.500000 -2.999630 0.000370 0.999637 
4.510000 -2.999637 0.000363 0.999644 
4.520000 -2.999644 0.000356 0.999651 
4.530000 -2.999651 0.000349 0.999658 
4.540000 -2.999658 0.000342 0.999665 
4.550000 -2.999665 0.000335 0.999672 
4.560000 -2.999672 0.000328 0.999678 
4.570000 -2.999678 0.000322 0.999685 
4.580000 -2.999685 0.000315 0.999691 
4.590000 -2.999691 0.000309 0.999697 
4.600000 -2.999697 0.000303 0.999703 
4.610000 -2.999703 0.000297 0.999709 
4.620000 -2.999709 0.000291 0.999715 
4.630000 -2.999715 0.000285 0.999720 
4.640000 -2.999720 0.000280 0.999726 
4.650000 -2.999726 0.000274 0.999731 
4.660000 -2.999731 0.000269 0.999737 
4.670000 -2.999737 0.000263 0.999742 
4.680000 -2.999742 0.000258 0.999747 
4.690000 -2.999747 0.000253 0.999752 
4.700000 -2.999752 0.000248 0.999757 
4.710000 -2.999757 0.000243 0.999762 
4.720000 -2.999762 0.000238 0.999766 
4.730000 -2.999766 0.000234 0.999771 
4.740000 -2.999771 0.000229 0.999775 
4.750000 -2.999775 0.000225 0.999780 
4.760000 -2.999780 0.000220 0.999784 
4.770000 -2.999784 0.000216 0.999789 
4.780000 -2.999789 0.000211 0.999793 
4.790000 -2.999793 0.000207 0.999797 
4.800000 -2.999797 0.000203 0.999801 
4.810000 -2.999801 0.000199 0.999805 
4.820000 -2.999805 0.000195 0.999809 
4.830000 -2.999809 0.000191 0.999812 
4.840000 -2.999812 0.000188 0.999816 
4.850000 -2.999816 0.000184 0.999820 
4.860000 -2.999820 0.000180 0.999823 
4.870000 -2.999823 0.000177 0.999827 
4.880000 -2.999827 0.000173 0.999830 
4.890000 -2.999830 0.000170 0.999834 
4.900000 -2.999834 0.000166 0.999837 
4.910000 -2.999837 0.000163 0.999840 
4.920000 -2.999840 0.000160 0.999843 
4.930000 -2.999843 0.000157 0.999846 
4.940000 -2.999846 0.000154 0.999849 
4.950000 -2.999849 0.000151 0.999852 
4.960000 -2.999852 0.000148 0.999855 
4.970000 -2.999855 0.000145 0.999858 
4.980000 -2.999858 0.000142 0.999861 
4.990000 -2.999861 0.000139 0.999864 
5.000000 -2.999864 0.000136 0.999867 
5.010000 -2.999867 0.000133 0.999869 
5.020000 -2.999869 0.000131 0.999872 
5.030000 -2.999872 0.000128 0.999874 
5.040000 -2.999874 0.000126 0.999877 
5.050000 -2.999877 0.000123 0.999879 
5.060000 -2.999879 0.000121 0.999882 
5.070000 -2.999882 0.000118 0.999884 
5.080000 -2.999884 0.000116 0.999886 
5.090000 -2.999886 0.000114 0.999888 
5.100000 -2.999888 0.000112 0.999891 
5.110000 -2.999891 0.000109 0.999893 
5.120000 -2.999893 0.000107 0.999895 
5.130000 -2.999895 0.000105 0.999897 
5.140000 -2.999897 0.000103 0.999899 
5.150000 -2.999899 0.000101 0.999901 
5.160000 -2.999901 0.000099 0.999903 
5.170000 -2.999903 0.000097 0.999905 
5.180000 -2.999905 0.000095 0.999907 
5.190000 -2.999907 0.000093 0.999909 
5.200000 -2.999909 0.000091 0.999911 
5.210000 -2.999911 0.000089 0.999912 
5.220000 -2.999912 0.000088 0.999914 
5.230000 -2.999914 0.000086 0.999916 
5.240000 -2.999916 0.000084 0.999917 
5.250000 -2.999917 0.000083 0.999919 
5.260000 -2.999919 0.000081 0.999921 
5.270000 -2.999921 0.000079 0.999922 
5.280000 -2.999922 0.000078 0.999924 
5.290000 -2.999924 0.000076 0.999925 
5.300000 -2.999925 0.000075 0.999927 
5.310000 -2.999927 0.000073 0.999928 
5.320000 -2.999928 0.000072 0.999930 
5.330000 -2.999930 0.000070 0.999931 
5.340000 -2.999931 0.000069 0.999932 
5.350000 -2.999932 0.000068 0.999934 
5.360000 -2.999934 0.000066 0.999935 
5.370000 -2.999935 0.000065 0.999936 
5.380000 -2.999936 0.000064 0.999938 
5.390000 -2.999938 0.000062 0.999939 
5.400000 -2.999939 0.000061 0.999940 
5.410000 -2.999940 0.000060 0.999941 
5.420000 -2.999941 0.000059 0.999942 
5.430000 -2.999942 0.000058 0.999944 
5.440000 -2.999944 0.000056 0.999945 
5.450000 -2.999945 0.000055 0.999946 
5.460000 -2.999946 0.000054 0.999947 
5.470000 -2.999947 0.000053 0.999948 
5.480000 -2.999948 0.000052 0.999949 
5.490000 -2.999949 0.000051 0.999950 
5.500000 -2.999950 0.000050 0.999951 
5.510000 -2.999951 0.000049 0.999952 
5.520000 -2.999952 0.000048 0.999953 
5.530000 -2.999953 0.000047 0.999954 
5.540000 -2.999954 0.000046 0.999955 
5.550000 -2.999955 0.000045 0.999956 
5.560000 -2.999956 0.000044 0.999956 
5.570000 -2.999956 0.000044 0.999957 
5.580000 -2.999957 0.000043 0.999958 
5.590000 -2.999958 0.000042 0.999959 
5.600000 -2.999959 0.000041 0.999960 
5.610000 -2.999960 0.000040 0.999961 
5.620000 -2.999961 0.000039 0.999961 
5.630000 -2.999961 0.000039 0.999962 
5.640000 -2.999962 0.000038 0.999963 
5.650000 -2.999963 0.000037 0.999964 
5.660000 -2.999964 0.000036 0.999964 
5.670000 -2.999964 0.000036 0.999965 
5.680000 -2.999965 0.000035 0.999966 
5.690000 -2.999966 0.000034 0.999966 
5.700000 -2.999966 0.000034 0.999967 
5.710000 -2.999967 0.000033 0.999968 
5.720000 -2.999968 0.000032 0.999968 
5.730000 -2.999968 0.000032 0.999969 
5.740000 -2.999969 0.000031 0.999970 
5.750000 -2.999970 0.000030 0.999970 
5.760000 -2.999970 0.000030 0.999971 
5.770000 -2.999971 0.000029 0.999971 
5.780000 -2.999971 0.000029 0.999972 
5.790000 -2.999972 0.000028 0.999973 
5.800000 -2.999973 0.000027 0.999973 
5.810000 -2.999973 0.000027 0.999974 
5.820000 -2.999974 0.000026 0.999974 
5.830000 -2.999974 0.000026 0.999975 
5.840000 -2.999975 0.000025 0.999975 
5.850000 -2.999975 0.000025 0.999976 
5.860000 -2.999976 0.000024 0.999976 
5.870000 -2.999976 0.000024 0.999977 
5.880000 -2.999977 0.000023 0.999977 
5.890000 -2.999977 0.000023 0.999977 
5.900000 -2.999977 0.000023 0.999978 
5.910000 -2.999978 0.000022 0.999978 
5.920000 -2.999978 0.000022 0.999979 
5.930000 -2.999979 0.000021 0.999979 
5.940000 -2.999979 0.000021 0.999980 
5.950000 -2.999980 0.000020 0.999980 
5.960000 -2.999980 0.000020 0.999980 
5.970000 -2.999980 0.000020 0.999981 
5.980000 -2.999981 0.000019 0.999981 
5.990000 -2.999981 0.000019 0.999982 
6.000000 -2.999982 0.000018 0.999982 
6.010000 -2.999982 0.000018 0.999982 
6.020000 -2.999982 0.000018 0.999983 
6.030000 -2.999983 0.000017 0.999983 
6.040000 -2.999983 0.000017 0.999983 
6.050000 -2.999983 0.000017 0.999984 
6.060000 -2.999984 0.000016 0.999984 
6.070000 -2.999984 0.000016 0.999984 
6.080000 -2.999984 0.000016 0.999985 
6.090000 -2.999985 0.000015 0.999985 
6.100000 -2.999985 0.000015 0.999985 
6.110000 -2.999985 0.000015 0.999986 
6.120000 -2.999986 0.000014 0.999986 
6.130000 -2.999986 0.000014 0.999986 
6.140000 -2.999986 0.000014 0.999986 
6.150000 -2.999986 0.000014 0.999987 
6.160000 -2.999987 0.000013 0.999987 
6.170000 -2.999987 0.000013 0.999987 
6.180000 -2.999987 0.000013 0.999987 
6.190000 -2.999987 0.000013 0.999988 
6.200000 -2.999988 0.000012 0.999988 
6.210000 -2.999988 0.000012 0.999988 
6.220000 -2.999988 0.000012 0.999988 
6.230000 -2.999988 0.000012 0.999989 
6.240000 -2.999989 0.000011 0.999989 
6.250000 -2.999989 0.000011 0.999989 
6.260000 -2.999989 0.000011 0.999989 
6.270000 -2.999989 0.000011 0.999989 
6.280000 -2.999989 0.000011 0.999990 
6.290000 -2.999990 0.000010 0.999990 
6.300000 -2.999990 0.000010 0.999990 
6.310000 -2.999990 0.000010 0.999990 
6.320000 -2.999990 0.000010 0.999990 
6.330000 -2.999990 0.000010 0.999991 
6.340000 -2.999991 0.000009 0.999991 
6.350000 -2.999991 0.000009 0.999991 
6.360000 -2.999991 0.000009 0.999991 
6.370000 -2.999991 0.000009 0.999991 
6.380000 -2.999991 0.000009 0.999992 
6.390000 -2.999992 0.000008 0.999992 
6.400000 -2.999992 0.000008 0.999992 
6.410000 -2.999992 0.000008 0.999992 
6.420000 -2.999992 0.000008 0.999992 
6.430000 -2.999992 0.000008 0.999992 
6.440000 -2.999992 0.000008 0.999993 
6.450000 -2.999993 0.000007 0.999993 
6.460000 -2.999993 0.000007 0.999993 
6.470000 -2.999993 0.000007 0.999993 
6.480000 -2.999993 0.000007 0.999993 
6.490000 -2.999993 0.000007 0.999993 
6.500000 -2.999993 0.000007 0.999993 
6.510000 -2.999993 0.000007 0.999993 
6.520000 -2.999993 0.000007 0.999994 
6.530000 -2.999994 0.000006 0.999994 
6.540000 -2.999994 0.000006 0.999994 
6.550000 -2.999994 0.000006 0.999994 
6.560000 -2.999994 0.000006 0.999994 
6.570000 -2.999994 0.000006 0.999994 
6.580000 -2.999994 0.000006 0.999994 
6.590000 -2.999994 0.000006 0.999994 
6.600000 -2.999994 0.000006 0.999995 
6.610000 -2.999995 0.000005 0.999995 
6.620000 -2.999995 0.000005 0.999995 
6.630000 -2.999995 0.000005 0.999995 
6.640000 -2.999995 0.000005 0.999995 
6.650000 -2.999995 0.000005 0.999995 
6.660000 -2.999995 0.000005 0.999995 
6.670000 -2.999995 0.000005 0.999995 
6.680000 -2.999995 0.000005 0.999995 
6.690000 -2.999995 0.000005 0.999995 
6.700000 -2.999995 0.000005 0.999996 
6.710000 -2.999996 0.000004 0.999996 
6.720000 -2.999996 0.000004 0.999996 
6.730000 -2.999996 0.000004 0.999996 
6.740000 -2.999996 0.000004 0.999996 
6.750000 -2.999996 0.000004 0.999996 
6.760000 -2.999996 0.000004 0.999996 
6.770000 -2.999996 0.000004 0.999996 
6.780000 -2.999996 0.000004 0.999996 
6.790000 -2.999996 0.000004 0.999996 
6.800000 -2.999996 0.000004 0.999996 
6.810000 -2.999996 0.000004 0.999996 
6.820000 -2.999996 0.000004 0.999996 
6.830000 -2.999996 0.000004 0.999997 
6.840000 -2.999997 0.000003 0.999997 
6.850000 -2.999997 0.000003 0.999997 
6.860000 -2.999997 0.000003 0.999997 
6.870000 -2.999997 0.000003 0.999997 
6.880000 -2.999997 0.000003 0.999997 
6.890000 -2.999997 0.000003 0.999997 
6.900000 -2.999997 0.000003 0.999997 
6.910000 -2.999997 0.000003 0.999997 
6.920000 -2.999997 0.000003 0.999997 
6.930000 -2.999997 0.000003 0.999997 
6.940000 -2.999997 0.000003 0.999997 
6.950000 -2.999997 0.000003 0.999997 
6.960000 -2.999997 0.000003 0.999997 
6.970000 -2.999997 0.000003 0.999997 
6.980000 -2.999997 0.000003 0.999997 
6.990000 -2.999997 0.000003 0.999998 
7.000000 -2.999998 0.000002 0.999998 
7.010000 -2.999998 0.000002 0.999998 
7.020000 -2.999998 0.000002 0.999998 
7.030000 -2.999998 0.000002 0.999998 
7.040000 -2.999998 0.000002 0.999998 
7.050000 -2.999998 0.000002 0.999998 
7.060000 -2.999998 0.000002 0.999998 
7.070000 -2.999998 0.000002 0.999998 
7.080000 -2.999998 0.000002 0.999998 
7.090000 -2.999998 0.000002 0.999998 
7.100000 -2.999998 0.000002 0.999998 
7.110000 -2.999998 0.000002 0.999998 
7.120000 -2.999998 0.000002 0.999998 
7.130000 -2.999998 0.000002 0.999998 
7.140000 -2.999998 0.000002 0.999998 
7.150000 -2.999998 0.000002 0.999998 
7.160000 -2.999998 0.000002 0.999998 
7.170000 -2.999998 0.000002 0.999998 
7.180000 -2.999998 0.000002 0.999998 
7.190000 -2.999998 0.000002 0.999998 
7.200000 -2.999998 0.000002 0.999998 
7.210000 -2.999998 0.000002 0.999998 
7.220000 -2.999998 0.000002 0.999998 
7.230000 -2.999998 0.000002 0.999998 
7.240000 -2.999998 0.000002 0.999998 
7.250000 -2.999998 0.000002 0.999999 
7.260000 -2.999999 0.000001 0.999999 
7.270000 -2.999999 0.000001 0.999999 
7.280000 -2.999999 0.000001 0.999999 
7.290000 -2.999999 0.000001 0.999999 
7.300000 -2.999999 0.000001 0.999999 
7.310000 -2.999999 0.000001 0.999999 
7.320000 -2.999999 0.000001 0.999999 
7.330000 -2.999999 0.000001 0.999999 
7.340000 -2.999999 0.000001 0.999999 
7.350000 -2.999999 0.000001 0.999999 
7.360000 -2.999999 0.000001 0.999999 
7.370000 -2.999999 0.000001 0.999999 
7.380000 -2.999999 0.000001 0.999999 
7.390000 -2.999999 0.000001 0.999999 
7.400000 -2.999999 0.000001 0.999999 
7.410000 -2.999999 0.000001 0.999999 
7.420000 -2.999999 0.000001 0.999999 
7.430000 -2.999999 0.000001 0.999999 
7.440000 -2.999999 0.000001 0.999999 
7.450000 -2.999999 0.000001 0.999999 
7.460000 -2.999999 0.000001 0.999999 
7.470000 -2.999999 0.000001 0.999999 
7.480000 -2.999999 0.000001 0.999999 
7.490000 -2.999999 0.000001 0.999999 
7.500000 -2.999999 0.000001 0.999999 
7.510000 -2.999999 0.000001 0.999999 
7.520000 -2.999999 0.000001 0.999999 
7.530000 -2.999999 0.000001 0.999999 
7.540000 -2.999999 0.000001 0.999999 
7.550000 -2.999999 0.000001 0.999999 
7.560000 -2.999999 0.000001 0.999999 
7.570000 -2.999999 0.000001 0.999999 
7.580000 -2.999999 0.000001 0.999999 
7.590000 -2.999999 0.000001 0.999999 
7.600000 -2.999999 0.000001 0.999999 
7.610000 -2.999999 0.000001 0.999999 
7.620000 -2.999999 0.000001 0.999999 
7.630000 -2.999999 0.000001 0.999999 
7.640000 -2.999999 0.000001 0.999999 
7.650000 -2.999999 0.000001 0.999999 
7.660000 -2.999999 0.000001 0.999999 
7.670000 -2.999999 0.000001 0.999999 
7.680000 -2.999999 0.000001 0.999999 
7.690000 -2.999999 0.000001 0.999999 
7.700000 -2.999999 0.000001 0.999999 
7.710000 -2.999999 0.000001 0.999999 
7.720000 -2.999999 0.000001 0.999999 
7.730000 -2.999999 0.000001 0.999999 
7.740000 -2.999999 0.000001 0.999999 
7.750000 -2.999999 0.000001 0.999999 
7.760000 -2.999999 0.000001 0.999999 
7.770000 -2.999999 0.000001 0.999999 
7.780000 -2.999999 0.000001 0.999999 
7.790000 -2.999999 0.000001 0.999999 
7.800000 -2.999999 0.000001 1.000000 
7.810000 -3.000000 0.000000 1.000000 
7.820000 -3.000000 0.000000 1.000000 
7.830000 -3.000000 0.000000 1.000000 
7.840000 -3.000000 0.000000 1.000000 
7.850000 -3.000000 0.000000 1.000000 
7.860000 -3.000000 0.000000 1.000000 
7.870000 -3.000000 0.000000 1.000000 
7.880000 -3.000000 0.000000 1.000000 
7.890000 -3.000000 0.000000 1.000000 
7.900000 -3.000000 0.000000 1.000000 
7.910000 -3.000000 0.000000 1.000000 
7.920000 -3.000000 0.000000 1.000000 
7.930000 -3.000000 0.000000 1.000000 
7.940000 -3.000000 0.000000 1.000000 
7.950000 -3.000000 0.000000 1.000000 
7.960000 -3.000000 0.000000 1.000000 
7.970000 -3.000000 0.000000 1.000000 
7.980000 -3.000000 0.000000 1.000000 
7.990000 -3.000000 0.000000 1.000000 
8.000000 -3.000000 0.000000 1.000000 
FCI ITE gs wfn 
0010 -0.000234912748 0.000000000000 I 
0011 0.707106664188 0.000000000000 I 
0100 -0.000234912748 0.000000000000 I 
0110 0.000234847602 0.000000000000 I 
1001 0.000234847602 0.000000000000 I 
1011 -0.000234782474 0.000000000000 I 
1100 0.707106664188 0.000000000000 I 
1101 -0.000234782474 0.000000000000 I 
