FCI gs energy -3.000000 
FCI gs wfn 
0011 1.000000000000 0.000000000000 I 
QITE
0.000000 -1.500000 0.750000 0.125000 
0.010000 -1.514998 0.749925 0.128787 
0.020000 -1.529993 0.749675 0.132643 
0.030000 -1.544982 0.749251 0.136567 
0.040000 -1.559961 0.748654 0.140559 
0.050000 -1.574927 0.747883 0.144618 
0.060000 -1.589877 0.746939 0.148743 
0.070000 -1.604808 0.745822 0.152935 
0.080000 -1.619715 0.744537 0.157192 
0.090000 -1.634596 0.743082 0.161513 
0.100000 -1.649448 0.741459 0.165898 
0.110000 -1.664285 0.739911 0.170422 
0.120000 -1.679091 0.738220 0.175018 
0.130000 -1.693861 0.736389 0.179683 
0.140000 -1.708594 0.734418 0.184417 
0.150000 -1.723286 0.732310 0.189220 
0.160000 -1.737935 0.730063 0.194090 
0.170000 -1.752538 0.727684 0.199026 
0.180000 -1.767092 0.725171 0.204027 
0.190000 -1.781594 0.722528 0.209092 
0.200000 -1.796043 0.719755 0.214221 
0.210000 -1.810430 0.716849 0.219417 
0.220000 -1.824758 0.713819 0.224675 
0.230000 -1.839024 0.710668 0.229992 
0.240000 -1.853227 0.707397 0.235367 
0.250000 -1.867363 0.704011 0.240799 
0.260000 -1.881431 0.700510 0.246285 
0.270000 -1.895428 0.696897 0.251826 
0.280000 -1.909352 0.693175 0.257418 
0.290000 -1.923200 0.689348 0.263061 
0.300000 -1.936972 0.685416 0.268753 
0.310000 -1.950656 0.681366 0.274497 
0.320000 -1.964260 0.677218 0.280287 
0.330000 -1.977780 0.672978 0.286121 
0.340000 -1.991215 0.668646 0.291998 
0.350000 -2.004563 0.664226 0.297915 
0.360000 -2.017823 0.659721 0.303872 
0.370000 -2.030993 0.655135 0.309865 
0.380000 -2.044070 0.650469 0.315894 
0.390000 -2.057055 0.645726 0.321956 
0.400000 -2.069945 0.640910 0.328049 
0.410000 -2.082726 0.635994 0.334171 
0.420000 -2.095409 0.631012 0.340322 
0.430000 -2.107994 0.625968 0.346498 
0.440000 -2.120479 0.620864 0.352699 
0.450000 -2.132862 0.615704 0.358922 
0.460000 -2.145143 0.610490 0.365166 
0.470000 -2.157321 0.605226 0.371429 
0.480000 -2.169394 0.599914 0.377708 
0.490000 -2.181362 0.594557 0.384002 
0.500000 -2.193223 0.589157 0.390309 
0.510000 -2.204958 0.583677 0.396614 
0.520000 -2.216585 0.578164 0.402929 
0.530000 -2.228104 0.572619 0.409252 
0.540000 -2.239514 0.567046 0.415580 
0.550000 -2.250814 0.561447 0.421913 
0.560000 -2.262004 0.555825 0.428247 
0.570000 -2.273084 0.550181 0.434582 
0.580000 -2.284052 0.544519 0.440915 
0.590000 -2.294899 0.538823 0.447236 
0.600000 -2.305623 0.533094 0.453542 
0.610000 -2.316228 0.527352 0.459836 
0.620000 -2.326721 0.521603 0.466122 
0.630000 -2.337103 0.515851 0.472399 
0.640000 -2.347372 0.510097 0.478664 
0.650000 -2.357530 0.504343 0.484916 
0.660000 -2.367559 0.498568 0.491138 
0.670000 -2.377477 0.492800 0.497345 
0.680000 -2.387282 0.487039 0.503534 
0.690000 -2.396976 0.481288 0.509704 
0.700000 -2.406552 0.475540 0.515847 
0.710000 -2.416004 0.469792 0.521956 
0.720000 -2.425346 0.464060 0.528042 
0.730000 -2.434576 0.458347 0.534104 
0.740000 -2.443697 0.452654 0.540141 
0.750000 -2.452692 0.446964 0.546134 
0.760000 -2.461578 0.441298 0.552100 
0.770000 -2.470354 0.435657 0.558037 
0.780000 -2.479016 0.430036 0.563937 
0.790000 -2.487562 0.424436 0.569796 
0.800000 -2.496000 0.418865 0.575624 
0.810000 -2.504321 0.413316 0.581406 
0.820000 -2.512535 0.407800 0.587155 
0.830000 -2.520644 0.402318 0.592869 
0.840000 -2.528641 0.396866 0.598539 
0.850000 -2.536525 0.391442 0.604162 
0.860000 -2.544306 0.386056 0.609748 
0.870000 -2.551977 0.380703 0.615288 
0.880000 -2.559539 0.375385 0.620781 
0.890000 -2.567000 0.370107 0.626235 
0.900000 -2.574348 0.364864 0.631634 
0.910000 -2.581592 0.359660 0.636987 
0.920000 -2.588737 0.354500 0.642298 
0.930000 -2.595774 0.349378 0.647557 
0.940000 -2.602714 0.344302 0.652773 
0.950000 -2.609548 0.339265 0.657934 
0.960000 -2.616288 0.334275 0.663052 
0.970000 -2.622922 0.329326 0.668115 
0.980000 -2.629461 0.324423 0.673131 
0.990000 -2.635903 0.319566 0.678097 
1.000000 -2.642245 0.314754 0.683008 
1.010000 -2.648491 0.309988 0.687869 
1.020000 -2.654647 0.305272 0.692684 
1.030000 -2.660705 0.300601 0.697442 
1.040000 -2.666672 0.295979 0.702151 
1.050000 -2.672545 0.291404 0.706805 
1.060000 -2.678329 0.286879 0.711411 
1.070000 -2.684024 0.282402 0.715964 
1.080000 -2.689626 0.277974 0.720462 
1.090000 -2.695141 0.273595 0.724907 
1.100000 -2.700569 0.269265 0.729300 
1.110000 -2.705910 0.264985 0.733641 
1.120000 -2.711167 0.260755 0.737929 
1.130000 -2.716339 0.256574 0.742165 
1.140000 -2.721429 0.252443 0.746348 
1.150000 -2.726436 0.248362 0.750480 
1.160000 -2.731362 0.244331 0.754560 
1.170000 -2.736208 0.240350 0.758587 
1.180000 -2.740976 0.236419 0.762563 
1.190000 -2.745665 0.232537 0.766487 
1.200000 -2.750277 0.228705 0.770360 
1.210000 -2.754812 0.224923 0.774182 
1.220000 -2.759273 0.221190 0.777952 
1.230000 -2.763659 0.217507 0.781672 
1.240000 -2.767973 0.213872 0.785342 
1.250000 -2.772214 0.210287 0.788961 
1.260000 -2.776384 0.206749 0.792530 
1.270000 -2.780484 0.203260 0.796050 
1.280000 -2.784514 0.199819 0.799520 
1.290000 -2.788476 0.196426 0.802941 
1.300000 -2.792371 0.193080 0.806314 
1.310000 -2.796200 0.189781 0.809638 
1.320000 -2.799963 0.186529 0.812914 
1.330000 -2.803661 0.183324 0.816142 
1.340000 -2.807296 0.180165 0.819323 
1.350000 -2.810868 0.177052 0.822457 
1.360000 -2.814378 0.173984 0.825545 
1.370000 -2.817827 0.170961 0.828587 
1.380000 -2.821217 0.167984 0.831583 
1.390000 -2.824547 0.165051 0.834534 
1.400000 -2.827819 0.162162 0.837440 
1.410000 -2.831034 0.159316 0.840302 
1.420000 -2.834192 0.156514 0.843119 
1.430000 -2.837295 0.153755 0.845894 
1.440000 -2.840343 0.151038 0.848625 
1.450000 -2.843337 0.148363 0.851313 
1.460000 -2.846278 0.145730 0.853960 
1.470000 -2.849166 0.143138 0.856564 
1.480000 -2.852004 0.140586 0.859128 
1.490000 -2.854790 0.138075 0.861651 
1.500000 -2.857527 0.135604 0.864133 
1.510000 -2.860215 0.133172 0.866575 
1.520000 -2.862854 0.130780 0.868978 
1.530000 -2.865446 0.128426 0.871342 
1.540000 -2.867991 0.126110 0.873668 
1.550000 -2.870491 0.123831 0.875956 
1.560000 -2.872945 0.121590 0.878206 
1.570000 -2.875354 0.119385 0.880419 
1.580000 -2.877720 0.117216 0.882596 
1.590000 -2.880043 0.115083 0.884736 
1.600000 -2.882324 0.112986 0.886841 
1.610000 -2.884563 0.110923 0.888911 
1.620000 -2.886761 0.108895 0.890945 
1.630000 -2.888918 0.106901 0.892946 
1.640000 -2.891036 0.104940 0.894913 
1.650000 -2.893116 0.103013 0.896846 
1.660000 -2.895157 0.101118 0.898747 
1.670000 -2.897160 0.099255 0.900615 
1.680000 -2.899127 0.097424 0.902451 
1.690000 -2.901057 0.095624 0.904256 
1.700000 -2.902952 0.093855 0.906030 
1.710000 -2.904811 0.092116 0.907773 
1.720000 -2.906637 0.090408 0.909486 
1.730000 -2.908428 0.088728 0.911170 
1.740000 -2.910186 0.087078 0.912824 
1.750000 -2.911911 0.085457 0.914449 
1.760000 -2.913604 0.083864 0.916046 
1.770000 -2.915266 0.082299 0.917615 
1.780000 -2.916896 0.080761 0.919157 
1.790000 -2.918497 0.079250 0.920671 
1.800000 -2.920067 0.077766 0.922158 
1.810000 -2.921607 0.076307 0.923619 
1.820000 -2.923119 0.074875 0.925054 
1.830000 -2.924603 0.073468 0.926464 
1.840000 -2.926058 0.072086 0.927849 
1.850000 -2.927486 0.070729 0.929209 
1.860000 -2.928887 0.069396 0.930544 
1.870000 -2.930262 0.068087 0.931856 
1.880000 -2.931611 0.066801 0.933144 
1.890000 -2.932935 0.065538 0.934409 
1.900000 -2.934233 0.064299 0.935651 
1.910000 -2.935507 0.063081 0.936870 
1.920000 -2.936756 0.061885 0.938068 
1.930000 -2.937982 0.060712 0.939243 
1.940000 -2.939185 0.059559 0.940398 
1.950000 -2.940365 0.058427 0.941531 
1.960000 -2.941522 0.057316 0.942644 
1.970000 -2.942658 0.056225 0.943736 
1.980000 -2.943772 0.055154 0.944809 
1.990000 -2.944864 0.054103 0.945862 
2.000000 -2.945936 0.053071 0.946895 
2.010000 -2.946987 0.052058 0.947909 
2.020000 -2.948018 0.051064 0.948905 
2.030000 -2.949030 0.050087 0.949883 
2.040000 -2.950022 0.049129 0.950842 
2.050000 -2.950995 0.048189 0.951783 
2.060000 -2.951950 0.047266 0.952708 
2.070000 -2.952886 0.046360 0.953615 
2.080000 -2.953804 0.045471 0.954505 
2.090000 -2.954705 0.044598 0.955379 
2.100000 -2.955588 0.043741 0.956236 
2.110000 -2.956455 0.042901 0.957077 
2.120000 -2.957304 0.042076 0.957903 
2.130000 -2.958138 0.041267 0.958713 
2.140000 -2.958955 0.040472 0.959509 
2.150000 -2.959757 0.039693 0.960289 
2.160000 -2.960543 0.038928 0.961054 
2.170000 -2.961314 0.038177 0.961806 
2.180000 -2.962070 0.037441 0.962543 
2.190000 -2.962812 0.036718 0.963266 
2.200000 -2.963539 0.036009 0.963976 
2.210000 -2.964252 0.035313 0.964672 
2.220000 -2.964952 0.034631 0.965355 
2.230000 -2.965638 0.033961 0.966026 
2.240000 -2.966310 0.033304 0.966683 
2.250000 -2.966970 0.032659 0.967328 
2.260000 -2.967617 0.032027 0.967961 
2.270000 -2.968251 0.031406 0.968582 
2.280000 -2.968873 0.030797 0.969192 
2.290000 -2.969483 0.030200 0.969789 
2.300000 -2.970081 0.029614 0.970376 
2.310000 -2.970668 0.029040 0.970951 
2.320000 -2.971243 0.028476 0.971515 
2.330000 -2.971807 0.027923 0.972068 
2.340000 -2.972360 0.027380 0.972611 
2.350000 -2.972902 0.026848 0.973144 
2.360000 -2.973434 0.026326 0.973666 
2.370000 -2.973955 0.025814 0.974178 
2.380000 -2.974467 0.025312 0.974681 
2.390000 -2.974968 0.024819 0.975174 
2.400000 -2.975459 0.024336 0.975658 
2.410000 -2.975941 0.023862 0.976132 
2.420000 -2.976414 0.023397 0.976597 
2.430000 -2.976877 0.022941 0.977053 
2.440000 -2.977332 0.022494 0.977501 
2.450000 -2.977777 0.022055 0.977940 
2.460000 -2.978214 0.021625 0.978370 
2.470000 -2.978642 0.021203 0.978792 
2.480000 -2.979062 0.020789 0.979206 
2.490000 -2.979474 0.020383 0.979612 
2.500000 -2.979877 0.019985 0.980011 
2.510000 -2.980273 0.019594 0.980401 
2.520000 -2.980661 0.019212 0.980784 
2.530000 -2.981042 0.018836 0.981160 
2.540000 -2.981415 0.018468 0.981528 
2.550000 -2.981780 0.018107 0.981890 
2.560000 -2.982139 0.017752 0.982244 
2.570000 -2.982491 0.017405 0.982591 
2.580000 -2.982835 0.017065 0.982932 
2.590000 -2.983173 0.016730 0.983266 
2.600000 -2.983505 0.016403 0.983594 
2.610000 -2.983829 0.016082 0.983915 
2.620000 -2.984148 0.015767 0.984231 
2.630000 -2.984460 0.015458 0.984540 
2.640000 -2.984766 0.015155 0.984843 
2.650000 -2.985066 0.014858 0.985140 
2.660000 -2.985361 0.014567 0.985431 
2.670000 -2.985649 0.014281 0.985717 
2.680000 -2.985932 0.014001 0.985997 
2.690000 -2.986209 0.013726 0.986272 
2.700000 -2.986481 0.013457 0.986541 
2.710000 -2.986747 0.013193 0.986805 
2.720000 -2.987009 0.012934 0.987064 
2.730000 -2.987265 0.012680 0.987318 
2.740000 -2.987516 0.012431 0.987567 
2.750000 -2.987762 0.012187 0.987811 
2.760000 -2.988003 0.011948 0.988051 
2.770000 -2.988240 0.011713 0.988286 
2.780000 -2.988472 0.011483 0.988516 
2.790000 -2.988699 0.011257 0.988741 
2.800000 -2.988922 0.011036 0.988963 
2.810000 -2.989141 0.010819 0.989180 
2.820000 -2.989355 0.010606 0.989392 
2.830000 -2.989565 0.010398 0.989601 
2.840000 -2.989771 0.010193 0.989805 
2.850000 -2.989973 0.009993 0.990006 
2.860000 -2.990171 0.009796 0.990203 
2.870000 -2.990365 0.009604 0.990395 
2.880000 -2.990555 0.009415 0.990584 
2.890000 -2.990741 0.009229 0.990770 
2.900000 -2.990924 0.009048 0.990951 
2.910000 -2.991103 0.008870 0.991129 
2.920000 -2.991279 0.008695 0.991304 
2.930000 -2.991451 0.008524 0.991475 
2.940000 -2.991620 0.008356 0.991643 
2.950000 -2.991785 0.008192 0.991808 
2.960000 -2.991948 0.008030 0.991969 
2.970000 -2.992107 0.007872 0.992127 
2.980000 -2.992263 0.007717 0.992282 
2.990000 -2.992415 0.007565 0.992434 
3.000000 -2.992565 0.007416 0.992583 
3.010000 -2.992712 0.007270 0.992729 
3.020000 -2.992856 0.007127 0.992873 
3.030000 -2.992997 0.006986 0.993013 
3.040000 -2.993135 0.006849 0.993151 
3.050000 -2.993271 0.006714 0.993286 
3.060000 -2.993404 0.006581 0.993418 
3.070000 -2.993534 0.006451 0.993548 
3.080000 -2.993662 0.006324 0.993675 
3.090000 -2.993787 0.006200 0.993800 
3.100000 -2.993910 0.006077 0.993922 
3.110000 -2.994030 0.005957 0.994042 
3.120000 -2.994148 0.005840 0.994160 
3.130000 -2.994264 0.005725 0.994275 
3.140000 -2.994377 0.005612 0.994388 
3.150000 -2.994488 0.005501 0.994499 
3.160000 -2.994597 0.005393 0.994607 
3.170000 -2.994704 0.005286 0.994713 
3.180000 -2.994809 0.005182 0.994818 
3.190000 -2.994911 0.005080 0.994920 
3.200000 -2.995012 0.004979 0.995020 
3.210000 -2.995111 0.004881 0.995119 
3.220000 -2.995207 0.004785 0.995215 
3.230000 -2.995302 0.004690 0.995309 
3.240000 -2.995395 0.004598 0.995402 
3.250000 -2.995486 0.004507 0.995493 
3.260000 -2.995575 0.004418 0.995582 
3.270000 -2.995663 0.004331 0.995669 
3.280000 -2.995749 0.004245 0.995754 
3.290000 -2.995833 0.004162 0.995838 
3.300000 -2.995915 0.004079 0.995920 
3.310000 -2.995996 0.003999 0.996001 
3.320000 -2.996075 0.003920 0.996080 
3.330000 -2.996153 0.003842 0.996157 
3.340000 -2.996229 0.003767 0.996233 
3.350000 -2.996303 0.003692 0.996308 
3.360000 -2.996376 0.003619 0.996381 
3.370000 -2.996448 0.003548 0.996452 
3.380000 -2.996518 0.003478 0.996522 
3.390000 -2.996587 0.003409 0.996591 
3.400000 -2.996655 0.003342 0.996658 
3.410000 -2.996721 0.003276 0.996724 
3.420000 -2.996786 0.003211 0.996789 
3.430000 -2.996849 0.003147 0.996853 
3.440000 -2.996912 0.003085 0.996915 
3.450000 -2.996973 0.003024 0.996976 
3.460000 -2.997033 0.002964 0.997035 
3.470000 -2.997091 0.002906 0.997094 
3.480000 -2.997149 0.002848 0.997151 
3.490000 -2.997205 0.002792 0.997208 
3.500000 -2.997260 0.002737 0.997263 
3.510000 -2.997315 0.002683 0.997317 
3.520000 -2.997368 0.002630 0.997370 
3.530000 -2.997420 0.002578 0.997422 
3.540000 -2.997471 0.002527 0.997473 
3.550000 -2.997521 0.002477 0.997523 
3.560000 -2.997570 0.002428 0.997572 
3.570000 -2.997618 0.002380 0.997620 
3.580000 -2.997665 0.002333 0.997667 
3.590000 -2.997711 0.002287 0.997713 
3.600000 -2.997757 0.002242 0.997758 
3.610000 -2.997801 0.002197 0.997803 
3.620000 -2.997845 0.002154 0.997846 
3.630000 -2.997887 0.002111 0.997889 
3.640000 -2.997929 0.002069 0.997930 
3.650000 -2.997970 0.002029 0.997971 
3.660000 -2.998010 0.001988 0.998011 
3.670000 -2.998050 0.001949 0.998051 
3.680000 -2.998088 0.001911 0.998089 
3.690000 -2.998126 0.001873 0.998127 
3.700000 -2.998163 0.001836 0.998164 
3.710000 -2.998199 0.001799 0.998200 
3.720000 -2.998235 0.001764 0.998236 
3.730000 -2.998270 0.001729 0.998271 
3.740000 -2.998304 0.001695 0.998305 
3.750000 -2.998338 0.001661 0.998339 
3.760000 -2.998371 0.001628 0.998372 
3.770000 -2.998403 0.001596 0.998404 
3.780000 -2.998435 0.001565 0.998435 
3.790000 -2.998466 0.001534 0.998466 
3.800000 -2.998496 0.001503 0.998497 
3.810000 -2.998526 0.001474 0.998526 
3.820000 -2.998555 0.001444 0.998556 
3.830000 -2.998583 0.001416 0.998584 
3.840000 -2.998611 0.001388 0.998612 
3.850000 -2.998639 0.001360 0.998640 
3.860000 -2.998666 0.001333 0.998666 
3.870000 -2.998692 0.001307 0.998693 
3.880000 -2.998718 0.001281 0.998719 
3.890000 -2.998744 0.001256 0.998744 
3.900000 -2.998768 0.001231 0.998769 
3.910000 -2.998793 0.001207 0.998793 
3.920000 -2.998817 0.001183 0.998817 
3.930000 -2.998840 0.001159 0.998841 
3.940000 -2.998863 0.001136 0.998864 
3.950000 -2.998886 0.001114 0.998886 
3.960000 -2.998908 0.001092 0.998908 
3.970000 -2.998929 0.001070 0.998930 
3.980000 -2.998950 0.001049 0.998951 
3.990000 -2.998971 0.001028 0.998972 
4.000000 -2.998992 0.001008 0.998992 
4.010000 -2.999012 0.000988 0.999012 
4.020000 -2.999031 0.000969 0.999031 
4.030000 -2.999050 0.000949 0.999051 
4.040000 -2.999069 0.000931 0.999069 
4.050000 -2.999088 0.000912 0.999088 
4.060000 -2.999106 0.000894 0.999106 
4.070000 -2.999123 0.000876 0.999124 
4.080000 -2.999141 0.000859 0.999141 
4.090000 -2.999158 0.000842 0.999158 
4.100000 -2.999174 0.000825 0.999175 
4.110000 -2.999191 0.000809 0.999191 
4.120000 -2.999207 0.000793 0.999207 
4.130000 -2.999222 0.000777 0.999223 
4.140000 -2.999238 0.000762 0.999238 
4.150000 -2.999253 0.000747 0.999253 
4.160000 -2.999268 0.000732 0.999268 
4.170000 -2.999282 0.000718 0.999282 
4.180000 -2.999296 0.000703 0.999297 
4.190000 -2.999310 0.000690 0.999310 
4.200000 -2.999324 0.000676 0.999324 
4.210000 -2.999337 0.000662 0.999337 
4.220000 -2.999350 0.000649 0.999351 
4.230000 -2.999363 0.000637 0.999363 
4.240000 -2.999376 0.000624 0.999376 
4.250000 -2.999388 0.000612 0.999388 
4.260000 -2.999400 0.000599 0.999401 
4.270000 -2.999412 0.000588 0.999412 
4.280000 -2.999424 0.000576 0.999424 
4.290000 -2.999435 0.000565 0.999435 
4.300000 -2.999446 0.000553 0.999447 
4.310000 -2.999457 0.000542 0.999458 
4.320000 -2.999468 0.000532 0.999468 
4.330000 -2.999479 0.000521 0.999479 
4.340000 -2.999489 0.000511 0.999489 
4.350000 -2.999499 0.000501 0.999499 
4.360000 -2.999509 0.000491 0.999509 
4.370000 -2.999519 0.000481 0.999519 
4.380000 -2.999528 0.000472 0.999528 
4.390000 -2.999538 0.000462 0.999538 
4.400000 -2.999547 0.000453 0.999547 
4.410000 -2.999556 0.000444 0.999556 
4.420000 -2.999565 0.000435 0.999565 
4.430000 -2.999573 0.000427 0.999573 
4.440000 -2.999582 0.000418 0.999582 
4.450000 -2.999590 0.000410 0.999590 
4.460000 -2.999598 0.000402 0.999598 
4.470000 -2.999606 0.000394 0.999606 
4.480000 -2.999614 0.000386 0.999614 
4.490000 -2.999621 0.000378 0.999621 
4.500000 -2.999629 0.000371 0.999629 
4.510000 -2.999636 0.000364 0.999636 
4.520000 -2.999643 0.000356 0.999644 
4.530000 -2.999651 0.000349 0.999651 
4.540000 -2.999657 0.000342 0.999658 
4.550000 -2.999664 0.000336 0.999664 
4.560000 -2.999671 0.000329 0.999671 
4.570000 -2.999677 0.000323 0.999677 
4.580000 -2.999684 0.000316 0.999684 
4.590000 -2.999690 0.000310 0.999690 
4.600000 -2.999696 0.000304 0.999696 
4.610000 -2.999702 0.000298 0.999702 
4.620000 -2.999708 0.000292 0.999708 
4.630000 -2.999714 0.000286 0.999714 
4.640000 -2.999720 0.000280 0.999720 
4.650000 -2.999725 0.000275 0.999725 
4.660000 -2.999731 0.000269 0.999731 
4.670000 -2.999736 0.000264 0.999736 
4.680000 -2.999741 0.000259 0.999741 
4.690000 -2.999746 0.000254 0.999746 
4.700000 -2.999751 0.000249 0.999751 
4.710000 -2.999756 0.000244 0.999756 
4.720000 -2.999761 0.000239 0.999761 
4.730000 -2.999766 0.000234 0.999766 
4.740000 -2.999770 0.000230 0.999770 
4.750000 -2.999775 0.000225 0.999775 
4.760000 -2.999779 0.000221 0.999779 
4.770000 -2.999784 0.000216 0.999784 
4.780000 -2.999788 0.000212 0.999788 
4.790000 -2.999792 0.000208 0.999792 
4.800000 -2.999796 0.000204 0.999796 
4.810000 -2.999800 0.000200 0.999800 
4.820000 -2.999804 0.000196 0.999804 
4.830000 -2.999808 0.000192 0.999808 
4.840000 -2.999812 0.000188 0.999812 
4.850000 -2.999816 0.000184 0.999816 
4.860000 -2.999819 0.000181 0.999819 
4.870000 -2.999823 0.000177 0.999823 
4.880000 -2.999826 0.000174 0.999826 
4.890000 -2.999830 0.000170 0.999830 
4.900000 -2.999833 0.000167 0.999833 
4.910000 -2.999837 0.000163 0.999837 
4.920000 -2.999840 0.000160 0.999840 
4.930000 -2.999843 0.000157 0.999843 
4.940000 -2.999846 0.000154 0.999846 
4.950000 -2.999849 0.000151 0.999849 
4.960000 -2.999852 0.000148 0.999852 
4.970000 -2.999855 0.000145 0.999855 
4.980000 -2.999858 0.000142 0.999858 
4.990000 -2.999861 0.000139 0.999861 
5.000000 -2.999863 0.000137 0.999863 
5.010000 -2.999866 0.000134 0.999866 
5.020000 -2.999869 0.000131 0.999869 
5.030000 -2.999871 0.000129 0.999871 
5.040000 -2.999874 0.000126 0.999874 
5.050000 -2.999876 0.000124 0.999876 
5.060000 -2.999879 0.000121 0.999879 
5.070000 -2.999881 0.000119 0.999881 
5.080000 -2.999884 0.000116 0.999884 
5.090000 -2.999886 0.000114 0.999886 
5.100000 -2.999888 0.000112 0.999888 
5.110000 -2.999890 0.000110 0.999890 
5.120000 -2.999893 0.000107 0.999893 
5.130000 -2.999895 0.000105 0.999895 
5.140000 -2.999897 0.000103 0.999897 
5.150000 -2.999899 0.000101 0.999899 
5.160000 -2.999901 0.000099 0.999901 
5.170000 -2.999903 0.000097 0.999903 
5.180000 -2.999905 0.000095 0.999905 
5.190000 -2.999907 0.000093 0.999907 
5.200000 -2.999908 0.000092 0.999908 
5.210000 -2.999910 0.000090 0.999910 
5.220000 -2.999912 0.000088 0.999912 
5.230000 -2.999914 0.000086 0.999914 
5.240000 -2.999916 0.000084 0.999916 
5.250000 -2.999917 0.000083 0.999917 
5.260000 -2.999919 0.000081 0.999919 
5.270000 -2.999920 0.000080 0.999920 
5.280000 -2.999922 0.000078 0.999922 
5.290000 -2.999924 0.000076 0.999924 
5.300000 -2.999925 0.000075 0.999925 
5.310000 -2.999927 0.000073 0.999927 
5.320000 -2.999928 0.000072 0.999928 
5.330000 -2.999929 0.000071 0.999929 
5.340000 -2.999931 0.000069 0.999931 
5.350000 -2.999932 0.000068 0.999932 
5.360000 -2.999934 0.000066 0.999934 
5.370000 -2.999935 0.000065 0.999935 
5.380000 -2.999936 0.000064 0.999936 
5.390000 -2.999937 0.000063 0.999937 
5.400000 -2.999939 0.000061 0.999939 
5.410000 -2.999940 0.000060 0.999940 
5.420000 -2.999941 0.000059 0.999941 
5.430000 -2.999942 0.000058 0.999942 
5.440000 -2.999943 0.000057 0.999943 
5.450000 -2.999944 0.000056 0.999944 
5.460000 -2.999946 0.000054 0.999946 
5.470000 -2.999947 0.000053 0.999947 
5.480000 -2.999948 0.000052 0.999948 
5.490000 -2.999949 0.000051 0.999949 
5.500000 -2.999950 0.000050 0.999950 
5.510000 -2.999951 0.000049 0.999951 
5.520000 -2.999952 0.000048 0.999952 
5.530000 -2.999953 0.000047 0.999953 
5.540000 -2.999954 0.000046 0.999954 
5.550000 -2.999955 0.000045 0.999955 
5.560000 -2.999955 0.000045 0.999955 
5.570000 -2.999956 0.000044 0.999956 
5.580000 -2.999957 0.000043 0.999957 
5.590000 -2.999958 0.000042 0.999958 
5.600000 -2.999959 0.000041 0.999959 
5.610000 -2.999960 0.000040 0.999960 
5.620000 -2.999960 0.000040 0.999960 
5.630000 -2.999961 0.000039 0.999961 
5.640000 -2.999962 0.000038 0.999962 
5.650000 -2.999963 0.000037 0.999963 
5.660000 -2.999964 0.000036 0.999964 
5.670000 -2.999964 0.000036 0.999964 
5.680000 -2.999965 0.000035 0.999965 
5.690000 -2.999966 0.000034 0.999966 
5.700000 -2.999966 0.000034 0.999966 
5.710000 -2.999967 0.000033 0.999967 
5.720000 -2.999968 0.000032 0.999968 
5.730000 -2.999968 0.000032 0.999968 
5.740000 -2.999969 0.000031 0.999969 
5.750000 -2.999970 0.000030 0.999970 
5.760000 -2.999970 0.000030 0.999970 
5.770000 -2.999971 0.000029 0.999971 
5.780000 -2.999971 0.000029 0.999971 
5.790000 -2.999972 0.000028 0.999972 
5.800000 -2.999972 0.000028 0.999972 
5.810000 -2.999973 0.000027 0.999973 
5.820000 -2.999974 0.000026 0.999974 
5.830000 -2.999974 0.000026 0.999974 
5.840000 -2.999975 0.000025 0.999975 
5.850000 -2.999975 0.000025 0.999975 
5.860000 -2.999976 0.000024 0.999976 
5.870000 -2.999976 0.000024 0.999976 
5.880000 -2.999977 0.000023 0.999977 
5.890000 -2.999977 0.000023 0.999977 
5.900000 -2.999977 0.000023 0.999977 
5.910000 -2.999978 0.000022 0.999978 
5.920000 -2.999978 0.000022 0.999978 
5.930000 -2.999979 0.000021 0.999979 
5.940000 -2.999979 0.000021 0.999979 
5.950000 -2.999980 0.000020 0.999980 
5.960000 -2.999980 0.000020 0.999980 
5.970000 -2.999980 0.000020 0.999980 
5.980000 -2.999981 0.000019 0.999981 
5.990000 -2.999981 0.000019 0.999981 
6.000000 -2.999982 0.000018 0.999982 
6.010000 -2.999982 0.000018 0.999982 
6.020000 -2.999982 0.000018 0.999982 
6.030000 -2.999983 0.000017 0.999983 
6.040000 -2.999983 0.000017 0.999983 
6.050000 -2.999983 0.000017 0.999983 
6.060000 -2.999984 0.000016 0.999984 
6.070000 -2.999984 0.000016 0.999984 
6.080000 -2.999984 0.000016 0.999984 
6.090000 -2.999985 0.000015 0.999985 
6.100000 -2.999985 0.000015 0.999985 
6.110000 -2.999985 0.000015 0.999985 
6.120000 -2.999985 0.000015 0.999985 
6.130000 -2.999986 0.000014 0.999986 
6.140000 -2.999986 0.000014 0.999986 
6.150000 -2.999986 0.000014 0.999986 
6.160000 -2.999987 0.000013 0.999987 
6.170000 -2.999987 0.000013 0.999987 
6.180000 -2.999987 0.000013 0.999987 
6.190000 -2.999987 0.000013 0.999987 
6.200000 -2.999988 0.000012 0.999988 
6.210000 -2.999988 0.000012 0.999988 
6.220000 -2.999988 0.000012 0.999988 
6.230000 -2.999988 0.000012 0.999988 
6.240000 -2.999989 0.000011 0.999989 
6.250000 -2.999989 0.000011 0.999989 
6.260000 -2.999989 0.000011 0.999989 
6.270000 -2.999989 0.000011 0.999989 
6.280000 -2.999989 0.000011 0.999989 
6.290000 -2.999990 0.000010 0.999990 
6.300000 -2.999990 0.000010 0.999990 
6.310000 -2.999990 0.000010 0.999990 
6.320000 -2.999990 0.000010 0.999990 
6.330000 -2.999990 0.000010 0.999990 
6.340000 -2.999991 0.000009 0.999991 
6.350000 -2.999991 0.000009 0.999991 
6.360000 -2.999991 0.000009 0.999991 
6.370000 -2.999991 0.000009 0.999991 
6.380000 -2.999991 0.000009 0.999991 
6.390000 -2.999992 0.000008 0.999992 
6.400000 -2.999992 0.000008 0.999992 
6.410000 -2.999992 0.000008 0.999992 
6.420000 -2.999992 0.000008 0.999992 
6.430000 -2.999992 0.000008 0.999992 
6.440000 -2.999992 0.000008 0.999992 
6.450000 -2.999992 0.000008 0.999992 
6.460000 -2.999993 0.000007 0.999993 
6.470000 -2.999993 0.000007 0.999993 
6.480000 -2.999993 0.000007 0.999993 
6.490000 -2.999993 0.000007 0.999993 
6.500000 -2.999993 0.000007 0.999993 
6.510000 -2.999993 0.000007 0.999993 
6.520000 -2.999993 0.000007 0.999993 
6.530000 -2.999994 0.000006 0.999994 
6.540000 -2.999994 0.000006 0.999994 
6.550000 -2.999994 0.000006 0.999994 
6.560000 -2.999994 0.000006 0.999994 
6.570000 -2.999994 0.000006 0.999994 
6.580000 -2.999994 0.000006 0.999994 
6.590000 -2.999994 0.000006 0.999994 
6.600000 -2.999994 0.000006 0.999994 
6.610000 -2.999995 0.000005 0.999995 
6.620000 -2.999995 0.000005 0.999995 
6.630000 -2.999995 0.000005 0.999995 
6.640000 -2.999995 0.000005 0.999995 
6.650000 -2.999995 0.000005 0.999995 
6.660000 -2.999995 0.000005 0.999995 
6.670000 -2.999995 0.000005 0.999995 
6.680000 -2.999995 0.000005 0.999995 
6.690000 -2.999995 0.000005 0.999995 
6.700000 -2.999995 0.000005 0.999995 
6.710000 -2.999996 0.000004 0.999996 
6.720000 -2.999996 0.000004 0.999996 
6.730000 -2.999996 0.000004 0.999996 
6.740000 -2.999996 0.000004 0.999996 
6.750000 -2.999996 0.000004 0.999996 
6.760000 -2.999996 0.000004 0.999996 
6.770000 -2.999996 0.000004 0.999996 
6.780000 -2.999996 0.000004 0.999996 
6.790000 -2.999996 0.000004 0.999996 
6.800000 -2.999996 0.000004 0.999996 
6.810000 -2.999996 0.000004 0.999996 
6.820000 -2.999996 0.000004 0.999996 
6.830000 -2.999996 0.000004 0.999996 
6.840000 -2.999997 0.000003 0.999997 
6.850000 -2.999997 0.000003 0.999997 
6.860000 -2.999997 0.000003 0.999997 
6.870000 -2.999997 0.000003 0.999997 
6.880000 -2.999997 0.000003 0.999997 
6.890000 -2.999997 0.000003 0.999997 
6.900000 -2.999997 0.000003 0.999997 
6.910000 -2.999997 0.000003 0.999997 
6.920000 -2.999997 0.000003 0.999997 
6.930000 -2.999997 0.000003 0.999997 
6.940000 -2.999997 0.000003 0.999997 
6.950000 -2.999997 0.000003 0.999997 
6.960000 -2.999997 0.000003 0.999997 
6.970000 -2.999997 0.000003 0.999997 
6.980000 -2.999997 0.000003 0.999997 
6.990000 -2.999997 0.000003 0.999997 
7.000000 -2.999997 0.000003 0.999997 
7.010000 -2.999998 0.000002 0.999998 
7.020000 -2.999998 0.000002 0.999998 
7.030000 -2.999998 0.000002 0.999998 
7.040000 -2.999998 0.000002 0.999998 
7.050000 -2.999998 0.000002 0.999998 
7.060000 -2.999998 0.000002 0.999998 
7.070000 -2.999998 0.000002 0.999998 
7.080000 -2.999998 0.000002 0.999998 
7.090000 -2.999998 0.000002 0.999998 
7.100000 -2.999998 0.000002 0.999998 
7.110000 -2.999998 0.000002 0.999998 
7.120000 -2.999998 0.000002 0.999998 
7.130000 -2.999998 0.000002 0.999998 
7.140000 -2.999998 0.000002 0.999998 
7.150000 -2.999998 0.000002 0.999998 
7.160000 -2.999998 0.000002 0.999998 
7.170000 -2.999998 0.000002 0.999998 
7.180000 -2.999998 0.000002 0.999998 
7.190000 -2.999998 0.000002 0.999998 
7.200000 -2.999998 0.000002 0.999998 
7.210000 -2.999998 0.000002 0.999998 
7.220000 -2.999998 0.000002 0.999998 
7.230000 -2.999998 0.000002 0.999998 
7.240000 -2.999998 0.000002 0.999998 
7.250000 -2.999998 0.000002 0.999998 
7.260000 -2.999999 0.000001 0.999999 
7.270000 -2.999999 0.000001 0.999999 
7.280000 -2.999999 0.000001 0.999999 
7.290000 -2.999999 0.000001 0.999999 
7.300000 -2.999999 0.000001 0.999999 
7.310000 -2.999999 0.000001 0.999999 
7.320000 -2.999999 0.000001 0.999999 
7.330000 -2.999999 0.000001 0.999999 
7.340000 -2.999999 0.000001 0.999999 
7.350000 -2.999999 0.000001 0.999999 
7.360000 -2.999999 0.000001 0.999999 
7.370000 -2.999999 0.000001 0.999999 
7.380000 -2.999999 0.000001 0.999999 
7.390000 -2.999999 0.000001 0.999999 
7.400000 -2.999999 0.000001 0.999999 
7.410000 -2.999999 0.000001 0.999999 
7.420000 -2.999999 0.000001 0.999999 
7.430000 -2.999999 0.000001 0.999999 
7.440000 -2.999999 0.000001 0.999999 
7.450000 -2.999999 0.000001 0.999999 
7.460000 -2.999999 0.000001 0.999999 
7.470000 -2.999999 0.000001 0.999999 
7.480000 -2.999999 0.000001 0.999999 
7.490000 -2.999999 0.000001 0.999999 
7.500000 -2.999999 0.000001 0.999999 
7.510000 -2.999999 0.000001 0.999999 
7.520000 -2.999999 0.000001 0.999999 
7.530000 -2.999999 0.000001 0.999999 
7.540000 -2.999999 0.000001 0.999999 
7.550000 -2.999999 0.000001 0.999999 
7.560000 -2.999999 0.000001 0.999999 
7.570000 -2.999999 0.000001 0.999999 
7.580000 -2.999999 0.000001 0.999999 
7.590000 -2.999999 0.000001 0.999999 
7.600000 -2.999999 0.000001 0.999999 
7.610000 -2.999999 0.000001 0.999999 
7.620000 -2.999999 0.000001 0.999999 
7.630000 -2.999999 0.000001 0.999999 
7.640000 -2.999999 0.000001 0.999999 
7.650000 -2.999999 0.000001 0.999999 
7.660000 -2.999999 0.000001 0.999999 
7.670000 -2.999999 0.000001 0.999999 
7.680000 -2.999999 0.000001 0.999999 
7.690000 -2.999999 0.000001 0.999999 
7.700000 -2.999999 0.000001 0.999999 
7.710000 -2.999999 0.000001 0.999999 
7.720000 -2.999999 0.000001 0.999999 
7.730000 -2.999999 0.000001 0.999999 
7.740000 -2.999999 0.000001 0.999999 
7.750000 -2.999999 0.000001 0.999999 
7.760000 -2.999999 0.000001 0.999999 
7.770000 -2.999999 0.000001 0.999999 
7.780000 -2.999999 0.000001 0.999999 
7.790000 -2.999999 0.000001 0.999999 
7.800000 -2.999999 0.000001 0.999999 
7.810000 -3.000000 0.000000 1.000000 
7.820000 -3.000000 0.000000 1.000000 
7.830000 -3.000000 0.000000 1.000000 
7.840000 -3.000000 0.000000 1.000000 
7.850000 -3.000000 0.000000 1.000000 
7.860000 -3.000000 0.000000 1.000000 
7.870000 -3.000000 0.000000 1.000000 
7.880000 -3.000000 0.000000 1.000000 
7.890000 -3.000000 0.000000 1.000000 
7.900000 -3.000000 0.000000 1.000000 
7.910000 -3.000000 0.000000 1.000000 
7.920000 -3.000000 0.000000 1.000000 
7.930000 -3.000000 0.000000 1.000000 
7.940000 -3.000000 0.000000 1.000000 
7.950000 -3.000000 0.000000 1.000000 
7.960000 -3.000000 0.000000 1.000000 
7.970000 -3.000000 0.000000 1.000000 
7.980000 -3.000000 0.000000 1.000000 
7.990000 -3.000000 0.000000 1.000000 
8.000000 -3.000000 0.000000 1.000000 
QITE gs wfn 
0010 -0.000234687949 -0.000000125304 I 
0011 0.707052995275 0.000033374169 I 
0100 -0.000235251281 0.000000578094 I 
0110 0.000235392541 -0.000000105385 I 
1001 0.000235351282 -0.000000262543 I 
1011 -0.000234708713 -0.000000173201 I 
1100 0.707160318643 -0.000113414316 I 
1101 -0.000235206083 -0.000000014146 I 
