0.000000 -16.000000 64.000000 0.192884 
0.010000 -17.228284 58.807874 0.217354 
0.020000 -18.351835 53.511767 0.241723 
0.030000 -19.370741 48.317982 0.265813 
0.040000 -20.289720 43.416025 0.289747 
0.050000 -21.114827 38.876640 0.313385 
0.060000 -21.850915 34.695529 0.336255 
0.070000 -22.505046 30.893323 0.358215 
0.080000 -23.084323 27.467095 0.379137 
0.090000 -23.596458 24.411186 0.399052 
0.100000 -24.048568 21.703232 0.417939 
0.110000 -24.447327 19.330515 0.436063 
0.120000 -24.799425 17.247123 0.453199 
0.130000 -25.110530 15.422419 0.469381 
0.140000 -25.385714 13.826591 0.484648 
0.150000 -25.629459 12.431700 0.499038 
0.160000 -25.845754 11.212577 0.512605 
0.170000 -26.038027 10.146174 0.525382 
0.180000 -26.209349 9.212805 0.537435 
0.190000 -26.362286 8.394549 0.548791 
0.200000 -26.499015 7.674871 0.559441 
0.210000 -26.621521 7.038258 0.569404 
0.220000 -26.731628 6.478030 0.578825 
0.230000 -26.830781 5.984261 0.587731 
0.240000 -26.920202 5.548342 0.596136 
0.250000 -27.000897 5.162202 0.604025 
0.260000 -27.073883 4.820500 0.611459 
0.270000 -27.140053 4.518494 0.618498 
0.280000 -27.200110 4.251074 0.625146 
0.290000 -27.254675 4.014571 0.631430 
0.300000 -27.304291 3.805156 0.637357 
0.310000 -27.349296 3.621326 0.642931 
0.320000 -27.390377 3.459868 0.648242 
0.330000 -27.427850 3.317612 0.653263 
0.340000 -27.462095 3.193107 0.658039 
0.350000 -27.493389 3.084162 0.662567 
0.360000 -27.522027 2.989729 0.666883 
0.370000 -27.548227 2.907770 0.670977 
0.380000 -27.572228 2.837422 0.674880 
0.390000 -27.594216 2.777430 0.678598 
0.400000 -27.614372 2.726804 0.682143 
0.410000 -27.632793 2.685113 0.685517 
0.420000 -27.649695 2.651333 0.688750 
0.430000 -27.665206 2.624171 0.691835 
0.440000 -27.679442 2.603290 0.694791 
0.450000 -27.692512 2.587867 0.697619 
0.460000 -27.704510 2.577588 0.700333 
0.470000 -27.715529 2.571696 0.702933 
0.480000 -27.725644 2.569988 0.705433 
0.490000 -27.734933 2.571802 0.707831 
0.500000 -27.743459 2.577000 0.710140 
0.510000 -27.751267 2.585273 0.712354 
0.520000 -27.758432 2.596278 0.714489 
0.530000 -27.765010 2.609523 0.716545 
0.540000 -27.771043 2.624858 0.718527 
0.550000 -27.776575 2.642024 0.720438 
0.560000 -27.781648 2.660749 0.722282 
0.570000 -27.786293 2.680942 0.724064 
0.580000 -27.790546 2.702343 0.725784 
0.590000 -27.794437 2.724832 0.727446 
0.600000 -27.797992 2.748301 0.729055 
0.610000 -27.801231 2.772763 0.730609 
0.620000 -27.804184 2.798027 0.732116 
0.630000 -27.806874 2.823891 0.733576 
0.640000 -27.809319 2.850271 0.734991 
0.650000 -27.811537 2.877089 0.736362 
0.660000 -27.813545 2.904281 0.737692 
0.670000 -27.815359 2.931765 0.738982 
0.680000 -27.816992 2.959509 0.740235 
0.690000 -27.818457 2.987446 0.741452 
0.700000 -27.819767 3.015516 0.742633 
0.710000 -27.820932 3.043817 0.743781 
0.720000 -27.821960 3.072273 0.744899 
0.730000 -27.822865 3.100767 0.745986 
0.740000 -27.823652 3.129280 0.747043 
0.750000 -27.824330 3.157773 0.748071 
0.760000 -27.824907 3.186259 0.749073 
0.770000 -27.825389 3.214685 0.750048 
0.780000 -27.825783 3.243054 0.750998 
0.790000 -27.826095 3.271366 0.751923 
0.800000 -27.826331 3.299580 0.752825 
0.810000 -27.826494 3.327811 0.753705 
0.820000 -27.826588 3.356027 0.754563 
0.830000 -27.826618 3.384157 0.755401 
0.840000 -27.826588 3.412169 0.756217 
0.850000 -27.826500 3.440109 0.757014 
0.860000 -27.826359 3.467966 0.757792 
0.870000 -27.826169 3.495700 0.758551 
0.880000 -27.825934 3.523304 0.759292 
0.890000 -27.825656 3.550801 0.760016 
0.900000 -27.825336 3.578208 0.760724 
0.910000 -27.824973 3.605682 0.761415 
0.920000 -27.824570 3.633135 0.762092 
0.930000 -27.824131 3.660516 0.762753 
0.940000 -27.823654 3.687861 0.763399 
0.950000 -27.823143 3.715175 0.764031 
0.960000 -27.822604 3.742379 0.764648 
0.970000 -27.822040 3.769458 0.765252 
0.980000 -27.821455 3.796358 0.765842 
0.990000 -27.820841 3.823285 0.766420 
1.000000 -27.820192 3.850305 0.766986 
1.010000 -27.819512 3.877468 0.767540 
1.020000 -27.818807 3.904637 0.768083 
1.030000 -27.818081 3.931750 0.768614 
1.040000 -27.817326 3.958945 0.769134 
1.050000 -27.816553 3.986101 0.769643 
1.060000 -27.815751 4.013401 0.770142 
1.070000 -27.814931 4.040677 0.770630 
1.080000 -27.814086 4.068084 0.771109 
1.090000 -27.813216 4.095611 0.771579 
1.100000 -27.812322 4.123284 0.772040 
1.110000 -27.811419 4.150869 0.772490 
1.120000 -27.810492 4.178596 0.772932 
1.130000 -27.809553 4.206276 0.773364 
1.140000 -27.808590 4.234137 0.773788 
1.150000 -27.807604 4.262191 0.774204 
1.160000 -27.806599 4.290363 0.774612 
1.170000 -27.805574 4.318691 0.775013 
1.180000 -27.804535 4.347050 0.775404 
1.190000 -27.803475 4.375598 0.775789 
1.200000 -27.802388 4.404454 0.776167 
1.210000 -27.801295 4.433255 0.776536 
1.220000 -27.800180 4.462265 0.776898 
1.230000 -27.799043 4.491527 0.777254 
1.240000 -27.797891 4.520887 0.777602 
1.250000 -27.796718 4.550496 0.777945 
1.260000 -27.795526 4.580299 0.778280 
1.270000 -27.794322 4.610176 0.778609 
1.280000 -27.793097 4.640282 0.778931 
1.290000 -27.791852 4.670648 0.779247 
1.300000 -27.790590 4.701176 0.779557 
1.310000 -27.789310 4.731935 0.779861 
1.320000 -27.788009 4.762950 0.780160 
1.330000 -27.786694 4.794125 0.780453 
1.340000 -27.785352 4.825674 0.780741 
1.350000 -27.783992 4.857490 0.781023 
1.360000 -27.782613 4.889533 0.781299 
1.370000 -27.781213 4.921865 0.781571 
1.380000 -27.779804 4.954249 0.781836 
1.390000 -27.778366 4.987086 0.782097 
1.400000 -27.776913 5.020133 0.782353 
1.410000 -27.775439 5.053489 0.782604 
1.420000 -27.773947 5.087088 0.782849 
1.430000 -27.772434 5.121010 0.783091 
1.440000 -27.770893 5.155363 0.783328 
1.450000 -27.769336 5.189933 0.783560 
1.460000 -27.767757 5.224869 0.783789 
1.470000 -27.766157 5.260107 0.784012 
1.480000 -27.764540 5.295591 0.784231 
1.490000 -27.762902 5.331415 0.784446 
1.500000 -27.761239 5.367635 0.784657 
1.510000 -27.759557 5.404147 0.784864 
1.520000 -27.757851 5.441046 0.785066 
1.530000 -27.756125 5.478268 0.785265 
1.540000 -27.754375 5.515901 0.785460 
1.550000 -27.752604 5.553842 0.785651 
1.560000 -27.750811 5.592151 0.785838 
1.570000 -27.748991 5.630919 0.786022 
1.580000 -27.747155 5.669918 0.786201 
1.590000 -27.745295 5.709324 0.786378 
1.600000 -27.743411 5.749149 0.786551 
1.610000 -27.741508 5.789289 0.786719 
1.620000 -27.739578 5.829874 0.786885 
1.630000 -27.737624 5.870875 0.787048 
1.640000 -27.735646 5.912284 0.787207 
1.650000 -27.733648 5.954044 0.787362 
1.660000 -27.731628 5.996135 0.787514 
1.670000 -27.729580 6.038746 0.787664 
1.680000 -27.727508 6.081770 0.787810 
1.690000 -27.725413 6.125167 0.787953 
1.700000 -27.723295 6.168965 0.788093 
1.710000 -27.721156 6.213131 0.788229 
1.720000 -27.718991 6.257743 0.788363 
1.730000 -27.716801 6.302790 0.788494 
1.740000 -27.714585 6.348290 0.788622 
1.750000 -27.712347 6.394166 0.788747 
1.760000 -27.710082 6.440535 0.788869 
1.770000 -27.707790 6.487398 0.788989 
1.780000 -27.705476 6.534631 0.789106 
1.790000 -27.703138 6.582288 0.789220 
1.800000 -27.700774 6.630389 0.789332 
1.810000 -27.698389 6.678899 0.789440 
1.820000 -27.695975 6.727923 0.789546 
1.830000 -27.693535 6.777407 0.789650 
1.840000 -27.691073 6.827293 0.789751 
1.850000 -27.688584 6.877656 0.789849 
1.860000 -27.686069 6.928489 0.789946 
1.870000 -27.683530 6.979766 0.790039 
1.880000 -27.680966 7.031492 0.790130 
1.890000 -27.678376 7.083683 0.790219 
1.900000 -27.675760 7.136361 0.790305 
1.910000 -27.673120 7.189489 0.790389 
1.920000 -27.670451 7.243129 0.790471 
1.930000 -27.667759 7.297209 0.790551 
1.940000 -27.665040 7.351779 0.790628 
1.950000 -27.662296 7.406813 0.790703 
1.960000 -27.659526 7.462322 0.790776 
1.970000 -27.656730 7.518319 0.790847 
1.980000 -27.653908 7.574794 0.790916 
1.990000 -27.651060 7.631775 0.790982 
2.000000 -27.648185 7.689270 0.791047 
2.010000 -27.645286 7.747212 0.791109 
2.020000 -27.642360 7.805649 0.791170 
2.030000 -27.639409 7.864578 0.791229 
2.040000 -27.636431 7.923997 0.791285 
2.050000 -27.633429 7.983880 0.791340 
2.060000 -27.630401 8.044264 0.791393 
2.070000 -27.627345 8.105165 0.791444 
2.080000 -27.624265 8.166554 0.791493 
2.090000 -27.621157 8.228478 0.791541 
2.100000 -27.618025 8.290866 0.791586 
2.110000 -27.614867 8.353745 0.791630 
2.120000 -27.611684 8.417122 0.791672 
2.130000 -27.608474 8.481028 0.791713 
2.140000 -27.605239 8.545408 0.791752 
2.150000 -27.601979 8.610288 0.791789 
2.160000 -27.598693 8.675673 0.791824 
2.170000 -27.595382 8.741558 0.791858 
2.180000 -27.592045 8.807933 0.791891 
2.190000 -27.588684 8.874794 0.791922 
2.200000 -27.585299 8.942131 0.791951 
2.210000 -27.581889 9.009989 0.791978 
2.220000 -27.578453 9.078352 0.792005 
2.230000 -27.574993 9.147194 0.792029 
2.240000 -27.571509 9.216524 0.792053 
2.250000 -27.568000 9.286349 0.792074 
2.260000 -27.564465 9.356719 0.792095 
2.270000 -27.560906 9.427574 0.792114 
2.280000 -27.557323 9.498939 0.792132 
2.290000 -27.553716 9.570777 0.792148 
2.300000 -27.550085 9.643089 0.792163 
2.310000 -27.546431 9.715924 0.792176 
2.320000 -27.542751 9.789278 0.792189 
2.330000 -27.539048 9.863104 0.792200 
2.340000 -27.535322 9.937429 0.792210 
2.350000 -27.531573 10.012210 0.792218 
2.360000 -27.527800 10.087525 0.792225 
2.370000 -27.524004 10.163324 0.792231 
2.380000 -27.520184 10.239618 0.792237 
2.390000 -27.516343 10.316356 0.792241 
2.400000 -27.512478 10.393621 0.792243 
2.410000 -27.508590 10.471376 0.792245 
2.420000 -27.504680 10.549624 0.792245 
2.430000 -27.500747 10.628344 0.792245 
2.440000 -27.496792 10.707532 0.792243 
2.450000 -27.492817 10.787171 0.792241 
2.460000 -27.488819 10.867288 0.792237 
2.470000 -27.484800 10.947884 0.792232 
2.480000 -27.480759 11.028998 0.792227 
2.490000 -27.476695 11.110613 0.792220 
2.500000 -27.472611 11.192684 0.792212 
2.510000 -27.468505 11.275250 0.792204 
2.520000 -27.464377 11.358307 0.792194 
2.530000 -27.460230 11.441796 0.792184 
2.540000 -27.456061 11.525756 0.792173 
2.550000 -27.451874 11.610149 0.792161 
2.560000 -27.447665 11.695035 0.792148 
2.570000 -27.443437 11.780388 0.792135 
2.580000 -27.439188 11.866201 0.792120 
2.590000 -27.434920 11.952481 0.792105 
2.600000 -27.430632 12.039217 0.792089 
2.610000 -27.426324 12.126441 0.792072 
2.620000 -27.421996 12.214134 0.792055 
2.630000 -27.417650 12.302246 0.792037 
2.640000 -27.413284 12.390830 0.792018 
2.650000 -27.408899 12.479867 0.791998 
2.660000 -27.404497 12.569317 0.791978 
2.670000 -27.400077 12.659204 0.791957 
2.680000 -27.395639 12.749538 0.791935 
2.690000 -27.391183 12.840296 0.791913 
2.700000 -27.386708 12.931536 0.791890 
2.710000 -27.382215 13.023230 0.791867 
2.720000 -27.377704 13.115369 0.791843 
2.730000 -27.373177 13.207924 0.791818 
2.740000 -27.368632 13.300896 0.791793 
2.750000 -27.364071 13.394303 0.791767 
2.760000 -27.359493 13.488132 0.791741 
2.770000 -27.354899 13.582376 0.791714 
2.780000 -27.350289 13.677009 0.791687 
2.790000 -27.345664 13.772051 0.791660 
2.800000 -27.341022 13.867507 0.791632 
2.810000 -27.336363 13.963440 0.791603 
2.820000 -27.331688 14.059783 0.791574 
2.830000 -27.326999 14.156524 0.791545 
2.840000 -27.322293 14.253671 0.791515 
2.850000 -27.317574 14.351199 0.791485 
2.860000 -27.312839 14.449131 0.791454 
2.870000 -27.308090 14.547449 0.791423 
2.880000 -27.303327 14.646181 0.791392 
2.890000 -27.298549 14.745294 0.791361 
2.900000 -27.293758 14.844785 0.791329 
2.910000 -27.288951 14.944695 0.791296 
2.920000 -27.284131 15.044979 0.791264 
2.930000 -27.279298 15.145647 0.791231 
2.940000 -27.274451 15.246695 0.791198 
2.950000 -27.269591 15.348098 0.791165 
2.960000 -27.264718 15.449879 0.791131 
2.970000 -27.259833 15.552026 0.791098 
2.980000 -27.254935 15.654535 0.791064 
2.990000 -27.250025 15.757404 0.791030 
3.000000 -27.245102 15.860637 0.790995 
3.010000 -27.240167 15.964233 0.790960 
3.020000 -27.235221 16.068166 0.790926 
3.030000 -27.230262 16.172458 0.790891 
3.040000 -27.225293 16.277090 0.790856 
3.050000 -27.220312 16.382059 0.790821 
3.060000 -27.215320 16.487368 0.790785 
3.070000 -27.210317 16.593027 0.790750 
3.080000 -27.205303 16.699019 0.790714 
3.090000 -27.200279 16.805324 0.790678 
3.100000 -27.195244 16.911962 0.790643 
3.110000 -27.190199 17.018930 0.790607 
3.120000 -27.185144 17.126203 0.790571 
3.130000 -27.180080 17.233800 0.790535 
3.140000 -27.175005 17.341703 0.790499 
3.150000 -27.169921 17.449923 0.790462 
3.160000 -27.164827 17.558447 0.790426 
3.170000 -27.159725 17.667271 0.790390 
3.180000 -27.154613 17.776394 0.790354 
3.190000 -27.149493 17.885803 0.790317 
3.200000 -27.144364 17.995504 0.790281 
3.210000 -27.139226 18.105510 0.790244 
3.220000 -27.134080 18.215785 0.790208 
3.230000 -27.128925 18.326356 0.790172 
3.240000 -27.123763 18.437192 0.790136 
3.250000 -27.118593 18.548298 0.790099 
3.260000 -27.113415 18.659670 0.790063 
3.270000 -27.108229 18.771325 0.790027 
3.280000 -27.103037 18.883220 0.789991 
3.290000 -27.097837 18.995386 0.789954 
3.300000 -27.092630 19.107804 0.789918 
3.310000 -27.087415 19.220498 0.789882 
3.320000 -27.082194 19.333420 0.789846 
3.330000 -27.076966 19.446599 0.789810 
3.340000 -27.071732 19.560009 0.789775 
3.350000 -27.066491 19.673664 0.789739 
3.360000 -27.061244 19.787549 0.789703 
3.370000 -27.055990 19.901676 0.789668 
3.380000 -27.050731 20.016015 0.789632 
3.390000 -27.045466 20.130582 0.789597 
3.400000 -27.040195 20.245378 0.789561 
3.410000 -27.034918 20.360395 0.789526 
3.420000 -27.029637 20.475602 0.789491 
3.430000 -27.024349 20.591038 0.789456 
3.440000 -27.019057 20.706660 0.789421 
3.450000 -27.013759 20.822491 0.789386 
3.460000 -27.008457 20.938505 0.789352 
3.470000 -27.003149 21.054731 0.789317 
3.480000 -26.997837 21.171143 0.789282 
3.490000 -26.992520 21.287745 0.789248 
3.500000 -26.987200 21.404516 0.789214 
3.510000 -26.981874 21.521478 0.789180 
3.520000 -26.976545 21.638594 0.789146 
3.530000 -26.971211 21.755892 0.789112 
3.540000 -26.965874 21.873355 0.789079 
3.550000 -26.960532 21.990974 0.789045 
3.560000 -26.955187 22.108750 0.789012 
3.570000 -26.949839 22.226672 0.788978 
3.580000 -26.944487 22.344751 0.788945 
3.590000 -26.939131 22.462986 0.788912 
3.600000 -26.933772 22.581360 0.788880 
3.610000 -26.928409 22.699878 0.788847 
3.620000 -26.923045 22.818514 0.788814 
3.630000 -26.917676 22.937296 0.788782 
3.640000 -26.912305 23.056192 0.788750 
3.650000 -26.906931 23.175207 0.788718 
3.660000 -26.901555 23.294339 0.788686 
3.670000 -26.896176 23.413595 0.788654 
3.680000 -26.890794 23.532961 0.788622 
3.690000 -26.885410 23.652430 0.788591 
3.700000 -26.880024 23.771995 0.788559 
3.710000 -26.874635 23.891671 0.788528 
3.720000 -26.869245 24.011428 0.788497 
3.730000 -26.863852 24.131291 0.788466 
3.740000 -26.858457 24.251230 0.788435 
3.750000 -26.853060 24.371259 0.788404 
3.760000 -26.847663 24.491356 0.788374 
3.770000 -26.842262 24.611526 0.788343 
3.780000 -26.836862 24.731757 0.788313 
3.790000 -26.831459 24.852058 0.788283 
3.800000 -26.826055 24.972415 0.788253 
3.810000 -26.820649 25.092841 0.788223 
3.820000 -26.815243 25.213311 0.788194 
3.830000 -26.809835 25.333836 0.788164 
3.840000 -26.804426 25.454398 0.788135 
3.850000 -26.799016 25.575007 0.788105 
3.860000 -26.793605 25.695647 0.788076 
3.870000 -26.788194 25.816320 0.788047 
3.880000 -26.782781 25.937018 0.788018 
3.890000 -26.777368 26.057740 0.787990 
3.900000 -26.771955 26.178483 0.787961 
3.910000 -26.766540 26.299247 0.787932 
3.920000 -26.761125 26.420020 0.787904 
3.930000 -26.755709 26.540799 0.787876 
3.940000 -26.750294 26.661579 0.787848 
3.950000 -26.744878 26.782358 0.787819 
3.960000 -26.739463 26.903134 0.787792 
3.970000 -26.734046 27.023898 0.787764 
3.980000 -26.728630 27.144648 0.787736 
3.990000 -26.723214 27.265385 0.787708 
4.000000 -26.717798 27.386097 0.787681 
