0.000000 -1.000000 4.000000 0.707107 
0.010000 -1.079952 3.993608 0.721102 
0.020000 -1.159649 3.974512 0.734787 
0.030000 -1.238839 3.942956 0.748138 
0.040000 -1.317276 3.899336 0.761130 
0.050000 -1.394725 3.844192 0.773745 
0.060000 -1.470962 3.778195 0.785965 
0.070000 -1.545776 3.702128 0.797774 
0.080000 -1.618976 3.616868 0.809163 
0.090000 -1.690387 3.523365 0.820120 
0.100000 -1.759854 3.422621 0.830640 
0.110000 -1.827243 3.315669 0.840720 
0.120000 -1.892439 3.203552 0.850359 
0.130000 -1.955351 3.087305 0.859557 
0.140000 -2.015904 2.967938 0.868318 
0.150000 -2.074048 2.846421 0.876648 
0.160000 -2.129748 2.723671 0.884555 
0.170000 -2.182987 2.600541 0.892046 
0.180000 -2.233767 2.477818 0.899134 
0.190000 -2.282103 2.356211 0.905829 
0.200000 -2.328024 2.236353 0.912144 
0.210000 -2.371569 2.118798 0.918092 
0.220000 -2.412791 2.004021 0.923687 
0.230000 -2.451749 1.892426 0.928944 
0.240000 -2.488509 1.784341 0.933878 
0.250000 -2.523145 1.680028 0.938502 
0.260000 -2.555735 1.579689 0.942833 
0.270000 -2.586359 1.483466 0.946884 
0.280000 -2.615100 1.391452 0.950671 
0.290000 -2.642044 1.303692 0.954207 
0.300000 -2.667275 1.220194 0.957507 
0.310000 -2.690879 1.140929 0.960583 
0.320000 -2.712939 1.065840 0.963449 
0.330000 -2.733539 0.994843 0.966118 
0.340000 -2.752759 0.927837 0.968602 
0.350000 -2.770678 0.864701 0.970912 
0.360000 -2.787371 0.805304 0.973058 
0.370000 -2.802913 0.749504 0.975053 
0.380000 -2.817374 0.697152 0.976905 
0.390000 -2.830821 0.648095 0.978624 
0.400000 -2.843318 0.602177 0.980219 
0.410000 -2.854928 0.559243 0.981698 
0.420000 -2.865707 0.519138 0.983070 
0.430000 -2.875711 0.481709 0.984341 
0.440000 -2.884992 0.446806 0.985519 
0.450000 -2.893599 0.414283 0.986610 
0.460000 -2.901578 0.384001 0.987621 
0.470000 -2.908973 0.355823 0.988556 
0.480000 -2.915824 0.329618 0.989422 
0.490000 -2.922170 0.305263 0.990223 
0.500000 -2.928046 0.282639 0.990965 
0.510000 -2.933486 0.261632 0.991651 
0.520000 -2.938521 0.242135 0.992285 
0.530000 -2.943181 0.224048 0.992872 
0.540000 -2.947492 0.207275 0.993415 
0.550000 -2.951480 0.191726 0.993916 
0.560000 -2.955169 0.177316 0.994380 
0.570000 -2.958580 0.163966 0.994809 
0.580000 -2.961734 0.151601 0.995205 
0.590000 -2.964650 0.140151 0.995571 
0.600000 -2.967345 0.129552 0.995910 
0.610000 -2.969837 0.119742 0.996223 
0.620000 -2.972140 0.110664 0.996511 
0.630000 -2.974268 0.102265 0.996778 
0.640000 -2.976235 0.094496 0.997025 
0.650000 -2.978052 0.087311 0.997253 
0.660000 -2.979731 0.080666 0.997463 
0.670000 -2.981282 0.074522 0.997657 
0.680000 -2.982715 0.068842 0.997837 
0.690000 -2.984038 0.063592 0.998003 
0.700000 -2.985261 0.058738 0.998156 
0.710000 -2.986390 0.054253 0.998297 
0.720000 -2.987433 0.050108 0.998428 
0.730000 -2.988397 0.046278 0.998549 
0.740000 -2.989287 0.042739 0.998660 
0.750000 -2.990108 0.039469 0.998763 
0.760000 -2.990867 0.036449 0.998858 
0.770000 -2.991568 0.033658 0.998945 
0.780000 -2.992215 0.031081 0.999026 
0.790000 -2.992812 0.028700 0.999101 
0.800000 -2.993364 0.026500 0.999170 
0.810000 -2.993873 0.024469 0.999234 
0.820000 -2.994344 0.022593 0.999293 
0.830000 -2.994778 0.020861 0.999347 
0.840000 -2.995179 0.019261 0.999397 
0.850000 -2.995549 0.017783 0.999444 
0.860000 -2.995891 0.016419 0.999486 
0.870000 -2.996207 0.015159 0.999526 
0.880000 -2.996498 0.013995 0.999562 
0.890000 -2.996767 0.012921 0.999596 
0.900000 -2.997015 0.011929 0.999627 
0.910000 -2.997245 0.011013 0.999656 
0.920000 -2.997456 0.010168 0.999682 
0.930000 -2.997652 0.009387 0.999706 
0.940000 -2.997832 0.008666 0.999729 
0.950000 -2.997999 0.008000 0.999750 
0.960000 -2.998153 0.007386 0.999769 
0.970000 -2.998295 0.006818 0.999787 
0.980000 -2.998426 0.006295 0.999803 
0.990000 -2.998547 0.005811 0.999818 
1.000000 -2.998658 0.005365 0.999832 
1.010000 -2.998762 0.004952 0.999845 
1.020000 -2.998857 0.004572 0.999857 
1.030000 -2.998945 0.004220 0.999868 
1.040000 -2.999026 0.003896 0.999878 
1.050000 -2.999101 0.003597 0.999888 
1.060000 -2.999170 0.003320 0.999896 
1.070000 -2.999234 0.003065 0.999904 
1.080000 -2.999292 0.002830 0.999912 
1.090000 -2.999347 0.002612 0.999918 
1.100000 -2.999397 0.002411 0.999925 
1.110000 -2.999443 0.002226 0.999930 
1.120000 -2.999486 0.002055 0.999936 
1.130000 -2.999526 0.001897 0.999941 
1.140000 -2.999562 0.001751 0.999945 
1.150000 -2.999596 0.001617 0.999949 
1.160000 -2.999627 0.001492 0.999953 
1.170000 -2.999656 0.001378 0.999957 
1.180000 -2.999682 0.001272 0.999960 
1.190000 -2.999707 0.001174 0.999963 
1.200000 -2.999729 0.001084 0.999966 
1.210000 -2.999750 0.001000 0.999969 
1.220000 -2.999769 0.000923 0.999971 
1.230000 -2.999787 0.000852 0.999973 
1.240000 -2.999803 0.000787 0.999975 
1.250000 -2.999818 0.000726 0.999977 
1.260000 -2.999832 0.000671 0.999979 
1.270000 -2.999845 0.000619 0.999981 
1.280000 -2.999857 0.000571 0.999982 
1.290000 -2.999868 0.000528 0.999984 
1.300000 -2.999878 0.000487 0.999985 
1.310000 -2.999888 0.000450 0.999986 
1.320000 -2.999896 0.000415 0.999987 
1.330000 -2.999904 0.000383 0.999988 
1.340000 -2.999912 0.000354 0.999989 
1.350000 -2.999918 0.000326 0.999990 
1.360000 -2.999925 0.000301 0.999991 
1.370000 -2.999930 0.000278 0.999991 
1.380000 -2.999936 0.000257 0.999992 
1.390000 -2.999941 0.000237 0.999993 
1.400000 -2.999945 0.000219 0.999993 
1.410000 -2.999950 0.000202 0.999994 
1.420000 -2.999953 0.000186 0.999994 
1.430000 -2.999957 0.000172 0.999995 
1.440000 -2.999960 0.000159 0.999995 
1.450000 -2.999963 0.000147 0.999995 
1.460000 -2.999966 0.000135 0.999996 
1.470000 -2.999969 0.000125 0.999996 
1.480000 -2.999971 0.000115 0.999996 
1.490000 -2.999973 0.000107 0.999997 
1.500000 -2.999975 0.000098 0.999997 
1.510000 -2.999977 0.000091 0.999997 
1.520000 -2.999979 0.000084 0.999997 
1.530000 -2.999981 0.000077 0.999998 
1.540000 -2.999982 0.000071 0.999998 
1.550000 -2.999984 0.000066 0.999998 
1.560000 -2.999985 0.000061 0.999998 
1.570000 -2.999986 0.000056 0.999998 
1.580000 -2.999987 0.000052 0.999998 
1.590000 -2.999988 0.000048 0.999999 
1.600000 -2.999989 0.000044 0.999999 
1.610000 -2.999990 0.000041 0.999999 
1.620000 -2.999991 0.000038 0.999999 
1.630000 -2.999991 0.000035 0.999999 
1.640000 -2.999992 0.000032 0.999999 
1.650000 -2.999993 0.000030 0.999999 
1.660000 -2.999993 0.000027 0.999999 
1.670000 -2.999994 0.000025 0.999999 
1.680000 -2.999994 0.000023 0.999999 
1.690000 -2.999995 0.000022 0.999999 
1.700000 -2.999995 0.000020 0.999999 
1.710000 -2.999995 0.000018 0.999999 
1.720000 -2.999996 0.000017 0.999999 
1.730000 -2.999996 0.000016 1.000000 
1.740000 -2.999996 0.000014 1.000000 
1.750000 -2.999997 0.000013 1.000000 
1.760000 -2.999997 0.000012 1.000000 
1.770000 -2.999997 0.000011 1.000000 
1.780000 -2.999997 0.000010 1.000000 
1.790000 -2.999998 0.000010 1.000000 
1.800000 -2.999998 0.000009 1.000000 
1.810000 -2.999998 0.000008 1.000000 
1.820000 -2.999998 0.000008 1.000000 
1.830000 -2.999998 0.000007 1.000000 
1.840000 -2.999998 0.000006 1.000000 
1.850000 -2.999999 0.000006 1.000000 
1.860000 -2.999999 0.000006 1.000000 
1.870000 -2.999999 0.000005 1.000000 
1.880000 -2.999999 0.000005 1.000000 
1.890000 -2.999999 0.000004 1.000000 
1.900000 -2.999999 0.000004 1.000000 
1.910000 -2.999999 0.000004 1.000000 
1.920000 -2.999999 0.000003 1.000000 
1.930000 -2.999999 0.000003 1.000000 
1.940000 -2.999999 0.000003 1.000000 
1.950000 -2.999999 0.000003 1.000000 
1.960000 -2.999999 0.000002 1.000000 
1.970000 -2.999999 0.000002 1.000000 
1.980000 -2.999999 0.000002 1.000000 
1.990000 -3.000000 0.000002 1.000000 
2.000000 -3.000000 0.000002 1.000000 
2.010000 -3.000000 0.000002 1.000000 
2.020000 -3.000000 0.000002 1.000000 
2.030000 -3.000000 0.000001 1.000000 
2.040000 -3.000000 0.000001 1.000000 
2.050000 -3.000000 0.000001 1.000000 
2.060000 -3.000000 0.000001 1.000000 
2.070000 -3.000000 0.000001 1.000000 
2.080000 -3.000000 0.000001 1.000000 
2.090000 -3.000000 0.000001 1.000000 
2.100000 -3.000000 0.000001 1.000000 
2.110000 -3.000000 0.000001 1.000000 
2.120000 -3.000000 0.000001 1.000000 
2.130000 -3.000000 0.000001 1.000000 
2.140000 -3.000000 0.000001 1.000000 
2.150000 -3.000000 0.000001 1.000000 
2.160000 -3.000000 0.000001 1.000000 
2.170000 -3.000000 0.000000 1.000000 
2.180000 -3.000000 0.000000 1.000000 
2.190000 -3.000000 0.000000 1.000000 
2.200000 -3.000000 0.000000 1.000000 
2.210000 -3.000000 0.000000 1.000000 
2.220000 -3.000000 0.000000 1.000000 
2.230000 -3.000000 0.000000 1.000000 
2.240000 -3.000000 0.000000 1.000000 
2.250000 -3.000000 0.000000 1.000000 
2.260000 -3.000000 0.000000 1.000000 
2.270000 -3.000000 0.000000 1.000000 
2.280000 -3.000000 0.000000 1.000000 
2.290000 -3.000000 0.000000 1.000000 
2.300000 -3.000000 0.000000 1.000000 
2.310000 -3.000000 0.000000 1.000000 
2.320000 -3.000000 0.000000 1.000000 
2.330000 -3.000000 0.000000 1.000000 
2.340000 -3.000000 0.000000 1.000000 
2.350000 -3.000000 0.000000 1.000000 
2.360000 -3.000000 0.000000 1.000000 
2.370000 -3.000000 0.000000 1.000000 
2.380000 -3.000000 0.000000 1.000000 
2.390000 -3.000000 0.000000 1.000000 
2.400000 -3.000000 0.000000 1.000000 
2.410000 -3.000000 0.000000 1.000000 
2.420000 -3.000000 0.000000 1.000000 
2.430000 -3.000000 0.000000 1.000000 
2.440000 -3.000000 0.000000 1.000000 
2.450000 -3.000000 0.000000 1.000000 
2.460000 -3.000000 0.000000 1.000000 
2.470000 -3.000000 0.000000 1.000000 
2.480000 -3.000000 0.000000 1.000000 
2.490000 -3.000000 0.000000 1.000000 
2.500000 -3.000000 0.000000 1.000000 
2.510000 -3.000000 0.000000 1.000000 
2.520000 -3.000000 0.000000 1.000000 
2.530000 -3.000000 0.000000 1.000000 
2.540000 -3.000000 0.000000 1.000000 
2.550000 -3.000000 0.000000 1.000000 
2.560000 -3.000000 0.000000 1.000000 
2.570000 -3.000000 0.000000 1.000000 
2.580000 -3.000000 0.000000 1.000000 
2.590000 -3.000000 0.000000 1.000000 
2.600000 -3.000000 0.000000 1.000000 
2.610000 -3.000000 0.000000 1.000000 
2.620000 -3.000000 0.000000 1.000000 
2.630000 -3.000000 0.000000 1.000000 
2.640000 -3.000000 0.000000 1.000000 
2.650000 -3.000000 0.000000 1.000000 
2.660000 -3.000000 0.000000 1.000000 
2.670000 -3.000000 0.000000 1.000000 
2.680000 -3.000000 0.000000 1.000000 
2.690000 -3.000000 0.000000 1.000000 
2.700000 -3.000000 0.000000 1.000000 
2.710000 -3.000000 0.000000 1.000000 
2.720000 -3.000000 0.000000 1.000000 
2.730000 -3.000000 0.000000 1.000000 
2.740000 -3.000000 0.000000 1.000000 
2.750000 -3.000000 0.000000 1.000000 
2.760000 -3.000000 0.000000 1.000000 
2.770000 -3.000000 0.000000 1.000000 
2.780000 -3.000000 0.000000 1.000000 
2.790000 -3.000000 0.000000 1.000000 
2.800000 -3.000000 0.000000 1.000000 
2.810000 -3.000000 0.000000 1.000000 
2.820000 -3.000000 0.000000 1.000000 
2.830000 -3.000000 0.000000 1.000000 
2.840000 -3.000000 0.000000 1.000000 
2.850000 -3.000000 0.000000 1.000000 
2.860000 -3.000000 0.000000 1.000000 
2.870000 -3.000000 0.000000 1.000000 
2.880000 -3.000000 0.000000 1.000000 
2.890000 -3.000000 0.000000 1.000000 
2.900000 -3.000000 0.000000 1.000000 
2.910000 -3.000000 0.000000 1.000000 
2.920000 -3.000000 0.000000 1.000000 
2.930000 -3.000000 0.000000 1.000000 
2.940000 -3.000000 0.000000 1.000000 
2.950000 -3.000000 0.000000 1.000000 
2.960000 -3.000000 0.000000 1.000000 
2.970000 -3.000000 0.000000 1.000000 
2.980000 -3.000000 0.000000 1.000000 
2.990000 -3.000000 0.000000 1.000000 
3.000000 -3.000000 0.000000 1.000000 
3.010000 -3.000000 0.000000 1.000000 
3.020000 -3.000000 0.000000 1.000000 
3.030000 -3.000000 0.000000 1.000000 
3.040000 -3.000000 0.000000 1.000000 
3.050000 -3.000000 0.000000 1.000000 
3.060000 -3.000000 0.000000 1.000000 
3.070000 -3.000000 0.000000 1.000000 
3.080000 -3.000000 0.000000 1.000000 
3.090000 -3.000000 0.000000 1.000000 
3.100000 -3.000000 0.000000 1.000000 
3.110000 -3.000000 0.000000 1.000000 
3.120000 -3.000000 0.000000 1.000000 
3.130000 -3.000000 0.000000 1.000000 
3.140000 -3.000000 0.000000 1.000000 
3.150000 -3.000000 0.000000 1.000000 
3.160000 -3.000000 0.000000 1.000000 
3.170000 -3.000000 0.000000 1.000000 
3.180000 -3.000000 0.000000 1.000000 
3.190000 -3.000000 0.000000 1.000000 
3.200000 -3.000000 0.000000 1.000000 
3.210000 -3.000000 0.000000 1.000000 
3.220000 -3.000000 0.000000 1.000000 
3.230000 -3.000000 0.000000 1.000000 
3.240000 -3.000000 0.000000 1.000000 
3.250000 -3.000000 0.000000 1.000000 
3.260000 -3.000000 0.000000 1.000000 
3.270000 -3.000000 0.000000 1.000000 
3.280000 -3.000000 0.000000 1.000000 
3.290000 -3.000000 0.000000 1.000000 
3.300000 -3.000000 0.000000 1.000000 
3.310000 -3.000000 0.000000 1.000000 
3.320000 -3.000000 0.000000 1.000000 
3.330000 -3.000000 0.000000 1.000000 
3.340000 -3.000000 0.000000 1.000000 
3.350000 -3.000000 0.000000 1.000000 
3.360000 -3.000000 0.000000 1.000000 
3.370000 -3.000000 0.000000 1.000000 
3.380000 -3.000000 0.000000 1.000000 
3.390000 -3.000000 0.000000 1.000000 
3.400000 -3.000000 0.000000 1.000000 
3.410000 -3.000000 0.000000 1.000000 
3.420000 -3.000000 0.000000 1.000000 
3.430000 -3.000000 0.000000 1.000000 
3.440000 -3.000000 0.000000 1.000000 
3.450000 -3.000000 0.000000 1.000000 
3.460000 -3.000000 0.000000 1.000000 
3.470000 -3.000000 0.000000 1.000000 
3.480000 -3.000000 0.000000 1.000000 
3.490000 -3.000000 0.000000 1.000000 
3.500000 -3.000000 0.000000 1.000000 
3.510000 -3.000000 0.000000 1.000000 
3.520000 -3.000000 0.000000 1.000000 
3.530000 -3.000000 0.000000 1.000000 
3.540000 -3.000000 0.000000 1.000000 
3.550000 -3.000000 0.000000 1.000000 
3.560000 -3.000000 0.000000 1.000000 
3.570000 -3.000000 0.000000 1.000000 
3.580000 -3.000000 0.000000 1.000000 
3.590000 -3.000000 0.000000 1.000000 
3.600000 -3.000000 0.000000 1.000000 
3.610000 -3.000000 0.000000 1.000000 
3.620000 -3.000000 0.000000 1.000000 
3.630000 -3.000000 0.000000 1.000000 
3.640000 -3.000000 0.000000 1.000000 
3.650000 -3.000000 0.000000 1.000000 
3.660000 -3.000000 0.000000 1.000000 
3.670000 -3.000000 0.000000 1.000000 
3.680000 -3.000000 0.000000 1.000000 
3.690000 -3.000000 0.000000 1.000000 
3.700000 -3.000000 0.000000 1.000000 
3.710000 -3.000000 0.000000 1.000000 
3.720000 -3.000000 0.000000 1.000000 
3.730000 -3.000000 0.000000 1.000000 
3.740000 -3.000000 0.000000 1.000000 
3.750000 -3.000000 0.000000 1.000000 
3.760000 -3.000000 0.000000 1.000000 
3.770000 -3.000000 0.000000 1.000000 
3.780000 -3.000000 0.000000 1.000000 
3.790000 -3.000000 0.000000 1.000000 
3.800000 -3.000000 0.000000 1.000000 
3.810000 -3.000000 0.000000 1.000000 
3.820000 -3.000000 0.000000 1.000000 
3.830000 -3.000000 0.000000 1.000000 
3.840000 -3.000000 0.000000 1.000000 
3.850000 -3.000000 0.000000 1.000000 
3.860000 -3.000000 0.000000 1.000000 
3.870000 -3.000000 0.000000 1.000000 
3.880000 -3.000000 0.000000 1.000000 
3.890000 -3.000000 0.000000 1.000000 
3.900000 -3.000000 0.000000 1.000000 
3.910000 -3.000000 0.000000 1.000000 
3.920000 -3.000000 0.000000 1.000000 
3.930000 -3.000000 0.000000 1.000000 
3.940000 -3.000000 0.000000 1.000000 
3.950000 -3.000000 0.000000 1.000000 
3.960000 -3.000000 0.000000 1.000000 
3.970000 -3.000000 0.000000 1.000000 
3.980000 -3.000000 0.000000 1.000000 
3.990000 -3.000000 0.000000 1.000000 
4.000000 -3.000000 0.000000 1.000000 
