FCI gs energy -5.000000 
FCI gs wfn 
000110 1.000000000000 0.000000000000 I 
QITE
0.000000 -3.000000 1.500000 0.093750 
0.010000 -3.029849 1.484853 0.097547 
0.020000 -3.059393 1.469411 0.101432 
0.030000 -3.088628 1.453702 0.105405 
0.040000 -3.117548 1.437755 0.109465 
0.050000 -3.146149 1.421597 0.113612 
0.060000 -3.174427 1.405255 0.117844 
0.070000 -3.202379 1.388752 0.122159 
0.080000 -3.230006 1.372096 0.126556 
0.090000 -3.257302 1.355336 0.131035 
0.100000 -3.284263 1.338460 0.135590 
0.110000 -3.310889 1.321801 0.140292 
0.120000 -3.337183 1.305119 0.145079 
0.130000 -3.363145 1.288432 0.149951 
0.140000 -3.388775 1.271758 0.154905 
0.150000 -3.414073 1.255112 0.159940 
0.160000 -3.439042 1.238501 0.165053 
0.170000 -3.463686 1.221932 0.170244 
0.180000 -3.488002 1.205441 0.175513 
0.190000 -3.511990 1.189035 0.180856 
0.200000 -3.535646 1.172737 0.186270 
0.210000 -3.558960 1.156525 0.191768 
0.220000 -3.581952 1.140431 0.197336 
0.230000 -3.604625 1.124464 0.202971 
0.240000 -3.626983 1.108630 0.208672 
0.250000 -3.649027 1.092936 0.214437 
0.260000 -3.670761 1.077385 0.220264 
0.270000 -3.692193 1.061971 0.226150 
0.280000 -3.713323 1.046703 0.232093 
0.290000 -3.734143 1.031616 0.238092 
0.300000 -3.754665 1.016686 0.244143 
0.310000 -3.774872 1.001902 0.250257 
0.320000 -3.794787 0.987290 0.256421 
0.330000 -3.814414 0.972853 0.262632 
0.340000 -3.833757 0.958590 0.268888 
0.350000 -3.852818 0.944502 0.275187 
0.360000 -3.871602 0.930588 0.281527 
0.370000 -3.890116 0.916841 0.287904 
0.380000 -3.908357 0.903268 0.294317 
0.390000 -3.926335 0.889865 0.300765 
0.400000 -3.944044 0.876645 0.307244 
0.410000 -3.961464 0.863572 0.313755 
0.420000 -3.978628 0.850677 0.320293 
0.430000 -3.995538 0.837958 0.326856 
0.440000 -4.012198 0.825411 0.333443 
0.450000 -4.028613 0.813036 0.340050 
0.460000 -4.044785 0.800829 0.346676 
0.470000 -4.060720 0.788781 0.353318 
0.480000 -4.076423 0.776889 0.359974 
0.490000 -4.091886 0.765177 0.366642 
0.500000 -4.107119 0.753624 0.373320 
0.510000 -4.122090 0.742202 0.379996 
0.520000 -4.136838 0.730942 0.386678 
0.530000 -4.151366 0.719840 0.393365 
0.540000 -4.165677 0.708895 0.400053 
0.550000 -4.179775 0.698102 0.406741 
0.560000 -4.193662 0.687460 0.413428 
0.570000 -4.207344 0.676960 0.420111 
0.580000 -4.220818 0.666611 0.426788 
0.590000 -4.234092 0.656403 0.433457 
0.600000 -4.247165 0.646339 0.440117 
0.610000 -4.260000 0.636380 0.446741 
0.620000 -4.272642 0.626562 0.453352 
0.630000 -4.285093 0.616883 0.459949 
0.640000 -4.297357 0.607341 0.466529 
0.650000 -4.309435 0.597932 0.473092 
0.660000 -4.321330 0.588654 0.479635 
0.670000 -4.333046 0.579505 0.486158 
0.680000 -4.344585 0.570482 0.492658 
0.690000 -4.355948 0.561584 0.499133 
0.700000 -4.367138 0.552810 0.505583 
0.710000 -4.378111 0.544124 0.511970 
0.720000 -4.388917 0.535561 0.518328 
0.730000 -4.399558 0.527120 0.524657 
0.740000 -4.410036 0.518797 0.530956 
0.750000 -4.420354 0.510591 0.537223 
0.760000 -4.430514 0.502500 0.543457 
0.770000 -4.440517 0.494521 0.549657 
0.780000 -4.450368 0.486651 0.555821 
0.790000 -4.460065 0.478893 0.561948 
0.800000 -4.469611 0.471243 0.568038 
0.810000 -4.478959 0.463674 0.574041 
0.820000 -4.488162 0.456212 0.580006 
0.830000 -4.497222 0.448857 0.585931 
0.840000 -4.506142 0.441607 0.591816 
0.850000 -4.514923 0.434460 0.597659 
0.860000 -4.523567 0.427415 0.603460 
0.870000 -4.532075 0.420468 0.609218 
0.880000 -4.540449 0.413621 0.614931 
0.890000 -4.548671 0.406859 0.620578 
0.900000 -4.556762 0.400196 0.626179 
0.910000 -4.564698 0.393614 0.631703 
0.920000 -4.572508 0.387127 0.637181 
0.930000 -4.580196 0.380734 0.642613 
0.940000 -4.587762 0.374434 0.647998 
0.950000 -4.595208 0.368224 0.653336 
0.960000 -4.602535 0.362105 0.658625 
0.970000 -4.609729 0.356070 0.663849 
0.980000 -4.616794 0.350112 0.669007 
0.990000 -4.623746 0.344245 0.674115 
1.000000 -4.630586 0.338463 0.679176 
1.010000 -4.637295 0.332764 0.684164 
1.020000 -4.643897 0.327150 0.689103 
1.030000 -4.650393 0.321620 0.693994 
1.040000 -4.656784 0.316171 0.698834 
1.050000 -4.663071 0.310804 0.703625 
1.060000 -4.669255 0.305518 0.708364 
1.070000 -4.675311 0.300302 0.713020 
1.080000 -4.681271 0.295163 0.717628 
1.090000 -4.687134 0.290102 0.722186 
1.100000 -4.692900 0.285119 0.726694 
1.110000 -4.698551 0.280209 0.731129 
1.120000 -4.704111 0.275374 0.735514 
1.130000 -4.709580 0.270612 0.739850 
1.140000 -4.714958 0.265924 0.744136 
1.150000 -4.720239 0.261305 0.748361 
1.160000 -4.725422 0.256757 0.752523 
1.170000 -4.730519 0.252278 0.756637 
1.180000 -4.735533 0.247869 0.760702 
1.190000 -4.740454 0.243527 0.764707 
1.200000 -4.745285 0.239253 0.768653 
1.210000 -4.750027 0.235047 0.772542 
1.220000 -4.754690 0.230906 0.776383 
1.230000 -4.759277 0.226831 0.780176 
1.240000 -4.763786 0.222820 0.783921 
1.250000 -4.768202 0.218872 0.787599 
1.260000 -4.772546 0.214986 0.791230 
1.270000 -4.776817 0.211162 0.794815 
1.280000 -4.781015 0.207399 0.798352 
1.290000 -4.785127 0.203696 0.801824 
1.300000 -4.789170 0.200053 0.805251 
1.310000 -4.793135 0.196469 0.808621 
1.320000 -4.797034 0.192944 0.811947 
1.330000 -4.800866 0.189475 0.815229 
1.340000 -4.804622 0.186063 0.818452 
1.350000 -4.808314 0.182707 0.821631 
1.360000 -4.811940 0.179405 0.824763 
1.370000 -4.815499 0.176159 0.827845 
1.380000 -4.818998 0.172965 0.830884 
1.390000 -4.822431 0.169824 0.833875 
1.400000 -4.825800 0.166735 0.836817 
1.410000 -4.829105 0.163700 0.839710 
1.420000 -4.832354 0.160714 0.842563 
1.430000 -4.835543 0.157778 0.845371 
1.440000 -4.838671 0.154892 0.848131 
1.450000 -4.841744 0.152055 0.850849 
1.460000 -4.844760 0.149265 0.853524 
1.470000 -4.847720 0.146523 0.856155 
1.480000 -4.850629 0.143827 0.858747 
1.490000 -4.853481 0.141177 0.861294 
1.500000 -4.856283 0.138572 0.863801 
1.510000 -4.859030 0.136014 0.866265 
1.520000 -4.861730 0.133498 0.868692 
1.530000 -4.864376 0.131027 0.871076 
1.540000 -4.866977 0.128597 0.873425 
1.550000 -4.869527 0.126210 0.875731 
1.560000 -4.872033 0.123864 0.878002 
1.570000 -4.874489 0.121559 0.880232 
1.580000 -4.876899 0.119295 0.882425 
1.590000 -4.879267 0.117069 0.884584 
1.600000 -4.881590 0.114883 0.886705 
1.610000 -4.883868 0.112736 0.888789 
1.620000 -4.886106 0.110626 0.890840 
1.630000 -4.888299 0.108554 0.892854 
1.640000 -4.890453 0.106518 0.894835 
1.650000 -4.892566 0.104518 0.896782 
1.660000 -4.894640 0.102554 0.898695 
1.670000 -4.896674 0.100625 0.900574 
1.680000 -4.898671 0.098730 0.902423 
1.690000 -4.900629 0.096869 0.904238 
1.700000 -4.902551 0.095041 0.906023 
1.710000 -4.904436 0.093247 0.907775 
1.720000 -4.906287 0.091484 0.909499 
1.730000 -4.908101 0.089754 0.911190 
1.740000 -4.909881 0.088055 0.912851 
1.750000 -4.911628 0.086386 0.914485 
1.760000 -4.913341 0.084747 0.916089 
1.770000 -4.915022 0.083138 0.917664 
1.780000 -4.916672 0.081558 0.919213 
1.790000 -4.918289 0.080008 0.920733 
1.800000 -4.919876 0.078485 0.922226 
1.810000 -4.921433 0.076991 0.923693 
1.820000 -4.922959 0.075524 0.925133 
1.830000 -4.924457 0.074083 0.926547 
1.840000 -4.925926 0.072669 0.927936 
1.850000 -4.927368 0.071281 0.929300 
1.860000 -4.928782 0.069919 0.930639 
1.870000 -4.930168 0.068581 0.931955 
1.880000 -4.931529 0.067268 0.933247 
1.890000 -4.932863 0.065980 0.934515 
1.900000 -4.934172 0.064715 0.935760 
1.910000 -4.935455 0.063474 0.936982 
1.920000 -4.936714 0.062256 0.938182 
1.930000 -4.937949 0.061061 0.939360 
1.940000 -4.939160 0.059887 0.940517 
1.950000 -4.940348 0.058736 0.941652 
1.960000 -4.941513 0.057606 0.942767 
1.970000 -4.942655 0.056497 0.943861 
1.980000 -4.943776 0.055409 0.944935 
1.990000 -4.944875 0.054341 0.945989 
2.000000 -4.945953 0.053293 0.947024 
2.010000 -4.947010 0.052264 0.948040 
2.020000 -4.948047 0.051255 0.949037 
2.030000 -4.949064 0.050266 0.950015 
2.040000 -4.950061 0.049294 0.950975 
2.050000 -4.951039 0.048341 0.951918 
2.060000 -4.951998 0.047406 0.952843 
2.070000 -4.952938 0.046488 0.953750 
2.080000 -4.953860 0.045588 0.954641 
2.090000 -4.954765 0.044704 0.955516 
2.100000 -4.955652 0.043838 0.956373 
2.110000 -4.956521 0.042988 0.957215 
2.120000 -4.957374 0.042154 0.958040 
2.130000 -4.958210 0.041337 0.958851 
2.140000 -4.959030 0.040534 0.959646 
2.150000 -4.959834 0.039747 0.960426 
2.160000 -4.960622 0.038975 0.961191 
2.170000 -4.961395 0.038217 0.961942 
2.180000 -4.962153 0.037474 0.962679 
2.190000 -4.962897 0.036745 0.963402 
2.200000 -4.963626 0.036030 0.964111 
2.210000 -4.964340 0.035329 0.964807 
2.220000 -4.965041 0.034641 0.965490 
2.230000 -4.965728 0.033966 0.966159 
2.240000 -4.966402 0.033304 0.966816 
2.250000 -4.967063 0.032654 0.967461 
2.260000 -4.967710 0.032018 0.968093 
2.270000 -4.968346 0.031393 0.968713 
2.280000 -4.968969 0.030780 0.969322 
2.290000 -4.969579 0.030179 0.969919 
2.300000 -4.970178 0.029590 0.970505 
2.310000 -4.970765 0.029012 0.971079 
2.320000 -4.971340 0.028445 0.971642 
2.330000 -4.971904 0.027889 0.972194 
2.340000 -4.972458 0.027344 0.972736 
2.350000 -4.973000 0.026809 0.973268 
2.360000 -4.973532 0.026285 0.973789 
2.370000 -4.974053 0.025771 0.974300 
2.380000 -4.974564 0.025266 0.974802 
2.390000 -4.975066 0.024772 0.975294 
2.400000 -4.975557 0.024287 0.975777 
2.410000 -4.976039 0.023811 0.976250 
2.420000 -4.976511 0.023344 0.976714 
2.430000 -4.976975 0.022887 0.977169 
2.440000 -4.977429 0.022438 0.977616 
2.450000 -4.977874 0.021998 0.978054 
2.460000 -4.978311 0.021566 0.978483 
2.470000 -4.978739 0.021143 0.978905 
2.480000 -4.979158 0.020728 0.979318 
2.490000 -4.979570 0.020321 0.979723 
2.500000 -4.979973 0.019922 0.980120 
2.510000 -4.980368 0.019531 0.980510 
2.520000 -4.980756 0.019147 0.980892 
2.530000 -4.981135 0.018771 0.981266 
2.540000 -4.981508 0.018402 0.981633 
2.550000 -4.981873 0.018041 0.981994 
2.560000 -4.982231 0.017686 0.982347 
2.570000 -4.982582 0.017339 0.982693 
2.580000 -4.982926 0.016998 0.983033 
2.590000 -4.983263 0.016663 0.983366 
2.600000 -4.983594 0.016336 0.983692 
2.610000 -4.983917 0.016014 0.984012 
2.620000 -4.984235 0.015699 0.984326 
2.630000 -4.984546 0.015391 0.984634 
2.640000 -4.984852 0.015088 0.984936 
2.650000 -4.985151 0.014791 0.985232 
2.660000 -4.985444 0.014500 0.985522 
2.670000 -4.985732 0.014215 0.985807 
2.680000 -4.986014 0.013935 0.986086 
2.690000 -4.986290 0.013660 0.986359 
2.700000 -4.986561 0.013391 0.986627 
2.710000 -4.986827 0.013127 0.986890 
2.720000 -4.987087 0.012869 0.987148 
2.730000 -4.987342 0.012615 0.987401 
2.740000 -4.987593 0.012367 0.987649 
2.750000 -4.987838 0.012123 0.987892 
2.760000 -4.988079 0.011884 0.988131 
2.770000 -4.988314 0.011650 0.988365 
2.780000 -4.988546 0.011420 0.988594 
2.790000 -4.988772 0.011195 0.988818 
2.800000 -4.988994 0.010974 0.989039 
2.810000 -4.989212 0.010757 0.989255 
2.820000 -4.989425 0.010545 0.989466 
2.830000 -4.989635 0.010337 0.989674 
2.840000 -4.989840 0.010133 0.989878 
2.850000 -4.990041 0.009933 0.990077 
2.860000 -4.990238 0.009737 0.990273 
2.870000 -4.990431 0.009545 0.990465 
2.880000 -4.990621 0.009356 0.990653 
2.890000 -4.990806 0.009171 0.990837 
2.900000 -4.990988 0.008990 0.991018 
2.910000 -4.991167 0.008813 0.991195 
2.920000 -4.991341 0.008639 0.991369 
2.930000 -4.991513 0.008468 0.991539 
2.940000 -4.991681 0.008301 0.991706 
2.950000 -4.991846 0.008137 0.991870 
2.960000 -4.992007 0.007976 0.992030 
2.970000 -4.992165 0.007819 0.992188 
2.980000 -4.992320 0.007664 0.992342 
2.990000 -4.992472 0.007513 0.992493 
3.000000 -4.992622 0.007364 0.992641 
3.010000 -4.992768 0.007219 0.992787 
3.020000 -4.992911 0.007076 0.992929 
3.030000 -4.993051 0.006936 0.993069 
3.040000 -4.993189 0.006799 0.993206 
3.050000 -4.993324 0.006664 0.993340 
3.060000 -4.993456 0.006533 0.993472 
3.070000 -4.993586 0.006403 0.993601 
3.080000 -4.993713 0.006277 0.993727 
3.090000 -4.993837 0.006152 0.993851 
3.100000 -4.993960 0.006031 0.993973 
3.110000 -4.994079 0.005912 0.994092 
3.120000 -4.994196 0.005795 0.994209 
3.130000 -4.994311 0.005680 0.994323 
3.140000 -4.994424 0.005568 0.994436 
3.150000 -4.994535 0.005458 0.994546 
3.160000 -4.994643 0.005350 0.994653 
3.170000 -4.994749 0.005244 0.994759 
3.180000 -4.994853 0.005140 0.994863 
3.190000 -4.994955 0.005038 0.994964 
3.200000 -4.995055 0.004939 0.995064 
3.210000 -4.995153 0.004841 0.995162 
3.220000 -4.995249 0.004745 0.995257 
3.230000 -4.995343 0.004651 0.995351 
3.240000 -4.995435 0.004559 0.995443 
3.250000 -4.995526 0.004469 0.995533 
3.260000 -4.995614 0.004381 0.995621 
3.270000 -4.995701 0.004294 0.995708 
3.280000 -4.995786 0.004209 0.995793 
3.290000 -4.995870 0.004126 0.995876 
3.300000 -4.995952 0.004044 0.995958 
3.310000 -4.996032 0.003964 0.996038 
3.320000 -4.996111 0.003885 0.996116 
3.330000 -4.996188 0.003808 0.996193 
3.340000 -4.996263 0.003733 0.996268 
3.350000 -4.996337 0.003659 0.996342 
3.360000 -4.996410 0.003587 0.996415 
3.370000 -4.996481 0.003516 0.996486 
3.380000 -4.996551 0.003446 0.996555 
3.390000 -4.996619 0.003378 0.996623 
3.400000 -4.996686 0.003311 0.996690 
3.410000 -4.996752 0.003245 0.996756 
3.420000 -4.996816 0.003181 0.996820 
3.430000 -4.996879 0.003118 0.996883 
3.440000 -4.996941 0.003056 0.996945 
3.450000 -4.997002 0.002996 0.997005 
3.460000 -4.997061 0.002936 0.997065 
3.470000 -4.997120 0.002878 0.997123 
3.480000 -4.997177 0.002821 0.997180 
3.490000 -4.997233 0.002765 0.997236 
3.500000 -4.997288 0.002710 0.997290 
3.510000 -4.997341 0.002657 0.997344 
3.520000 -4.997394 0.002604 0.997397 
3.530000 -4.997446 0.002553 0.997448 
3.540000 -4.997496 0.002502 0.997499 
3.550000 -4.997546 0.002452 0.997548 
3.560000 -4.997595 0.002404 0.997597 
3.570000 -4.997642 0.002356 0.997644 
3.580000 -4.997689 0.002309 0.997691 
3.590000 -4.997735 0.002264 0.997737 
3.600000 -4.997780 0.002219 0.997782 
3.610000 -4.997824 0.002175 0.997826 
3.620000 -4.997867 0.002132 0.997869 
3.630000 -4.997909 0.002089 0.997911 
3.640000 -4.997951 0.002048 0.997952 
3.650000 -4.997991 0.002007 0.997993 
3.660000 -4.998031 0.001968 0.998033 
3.670000 -4.998070 0.001929 0.998072 
3.680000 -4.998109 0.001890 0.998110 
3.690000 -4.998146 0.001853 0.998147 
3.700000 -4.998183 0.001816 0.998184 
3.710000 -4.998219 0.001780 0.998220 
3.720000 -4.998254 0.001745 0.998255 
3.730000 -4.998289 0.001710 0.998290 
3.740000 -4.998323 0.001676 0.998324 
3.750000 -4.998356 0.001643 0.998357 
3.760000 -4.998389 0.001610 0.998390 
3.770000 -4.998421 0.001578 0.998422 
3.780000 -4.998452 0.001547 0.998453 
3.790000 -4.998483 0.001516 0.998484 
3.800000 -4.998513 0.001486 0.998514 
3.810000 -4.998543 0.001457 0.998543 
3.820000 -4.998571 0.001428 0.998572 
3.830000 -4.998600 0.001400 0.998600 
3.840000 -4.998628 0.001372 0.998628 
3.850000 -4.998655 0.001345 0.998655 
3.860000 -4.998681 0.001318 0.998682 
3.870000 -4.998708 0.001292 0.998708 
3.880000 -4.998733 0.001266 0.998734 
3.890000 -4.998758 0.001241 0.998759 
3.900000 -4.998783 0.001217 0.998783 
3.910000 -4.998807 0.001193 0.998807 
3.920000 -4.998831 0.001169 0.998831 
3.930000 -4.998854 0.001146 0.998854 
3.940000 -4.998877 0.001123 0.998877 
3.950000 -4.998899 0.001101 0.998899 
3.960000 -4.998921 0.001079 0.998921 
3.970000 -4.998942 0.001058 0.998943 
3.980000 -4.998963 0.001037 0.998963 
3.990000 -4.998984 0.001016 0.998984 
4.000000 -4.999004 0.000996 0.999004 
4.010000 -4.999024 0.000976 0.999024 
4.020000 -4.999043 0.000957 0.999043 
4.030000 -4.999062 0.000938 0.999062 
4.040000 -4.999080 0.000919 0.999081 
4.050000 -4.999099 0.000901 0.999099 
4.060000 -4.999117 0.000883 0.999117 
4.070000 -4.999134 0.000866 0.999134 
4.080000 -4.999151 0.000849 0.999151 
4.090000 -4.999168 0.000832 0.999168 
4.100000 -4.999185 0.000815 0.999185 
4.110000 -4.999201 0.000799 0.999201 
4.120000 -4.999217 0.000783 0.999217 
4.130000 -4.999232 0.000768 0.999232 
4.140000 -4.999247 0.000753 0.999247 
4.150000 -4.999262 0.000738 0.999262 
4.160000 -4.999277 0.000723 0.999277 
4.170000 -4.999291 0.000709 0.999291 
4.180000 -4.999305 0.000695 0.999305 
4.190000 -4.999319 0.000681 0.999319 
4.200000 -4.999332 0.000667 0.999333 
4.210000 -4.999346 0.000654 0.999346 
4.220000 -4.999359 0.000641 0.999359 
4.230000 -4.999371 0.000628 0.999372 
4.240000 -4.999384 0.000616 0.999384 
4.250000 -4.999396 0.000604 0.999396 
4.260000 -4.999408 0.000592 0.999408 
4.270000 -4.999420 0.000580 0.999420 
4.280000 -4.999431 0.000569 0.999431 
4.290000 -4.999443 0.000557 0.999443 
4.300000 -4.999454 0.000546 0.999454 
4.310000 -4.999465 0.000535 0.999465 
4.320000 -4.999475 0.000525 0.999475 
4.330000 -4.999486 0.000514 0.999486 
4.340000 -4.999496 0.000504 0.999496 
4.350000 -4.999506 0.000494 0.999506 
4.360000 -4.999515 0.000484 0.999516 
4.370000 -4.999525 0.000475 0.999525 
4.380000 -4.999534 0.000465 0.999535 
4.390000 -4.999544 0.000456 0.999544 
4.400000 -4.999553 0.000447 0.999553 
4.410000 -4.999562 0.000438 0.999562 
4.420000 -4.999570 0.000430 0.999570 
4.430000 -4.999579 0.000421 0.999579 
4.440000 -4.999587 0.000413 0.999587 
4.450000 -4.999595 0.000405 0.999595 
4.460000 -4.999603 0.000397 0.999603 
4.470000 -4.999611 0.000389 0.999611 
4.480000 -4.999619 0.000381 0.999619 
4.490000 -4.999627 0.000373 0.999627 
4.500000 -4.999634 0.000366 0.999634 
4.510000 -4.999641 0.000359 0.999641 
4.520000 -4.999648 0.000352 0.999648 
4.530000 -4.999655 0.000345 0.999655 
4.540000 -4.999662 0.000338 0.999662 
4.550000 -4.999669 0.000331 0.999669 
4.560000 -4.999675 0.000325 0.999675 
4.570000 -4.999682 0.000318 0.999682 
4.580000 -4.999688 0.000312 0.999688 
4.590000 -4.999694 0.000306 0.999694 
4.600000 -4.999700 0.000300 0.999700 
4.610000 -4.999706 0.000294 0.999706 
4.620000 -4.999712 0.000288 0.999712 
4.630000 -4.999718 0.000282 0.999718 
4.640000 -4.999723 0.000277 0.999723 
4.650000 -4.999729 0.000271 0.999729 
4.660000 -4.999734 0.000266 0.999734 
4.670000 -4.999739 0.000261 0.999739 
4.680000 -4.999745 0.000255 0.999745 
4.690000 -4.999750 0.000250 0.999750 
4.700000 -4.999755 0.000245 0.999755 
4.710000 -4.999759 0.000241 0.999760 
4.720000 -4.999764 0.000236 0.999764 
4.730000 -4.999769 0.000231 0.999769 
4.740000 -4.999774 0.000226 0.999774 
4.750000 -4.999778 0.000222 0.999778 
4.760000 -4.999782 0.000218 0.999782 
4.770000 -4.999787 0.000213 0.999787 
4.780000 -4.999791 0.000209 0.999791 
4.790000 -4.999795 0.000205 0.999795 
4.800000 -4.999799 0.000201 0.999799 
4.810000 -4.999803 0.000197 0.999803 
4.820000 -4.999807 0.000193 0.999807 
4.830000 -4.999811 0.000189 0.999811 
4.840000 -4.999815 0.000185 0.999815 
4.850000 -4.999818 0.000182 0.999818 
4.860000 -4.999822 0.000178 0.999822 
4.870000 -4.999825 0.000175 0.999825 
4.880000 -4.999829 0.000171 0.999829 
4.890000 -4.999832 0.000168 0.999832 
4.900000 -4.999836 0.000164 0.999836 
4.910000 -4.999839 0.000161 0.999839 
4.920000 -4.999842 0.000158 0.999842 
4.930000 -4.999845 0.000155 0.999845 
4.940000 -4.999848 0.000152 0.999848 
4.950000 -4.999851 0.000149 0.999851 
4.960000 -4.999854 0.000146 0.999854 
4.970000 -4.999857 0.000143 0.999857 
4.980000 -4.999860 0.000140 0.999860 
4.990000 -4.999863 0.000137 0.999863 
5.000000 -4.999865 0.000135 0.999865 
5.010000 -4.999868 0.000132 0.999868 
5.020000 -4.999871 0.000129 0.999871 
5.030000 -4.999873 0.000127 0.999873 
5.040000 -4.999876 0.000124 0.999876 
5.050000 -4.999878 0.000122 0.999878 
5.060000 -4.999881 0.000119 0.999881 
5.070000 -4.999883 0.000117 0.999883 
5.080000 -4.999885 0.000115 0.999885 
5.090000 -4.999888 0.000112 0.999888 
5.100000 -4.999890 0.000110 0.999890 
5.110000 -4.999892 0.000108 0.999892 
5.120000 -4.999894 0.000106 0.999894 
5.130000 -4.999896 0.000104 0.999896 
5.140000 -4.999898 0.000102 0.999898 
5.150000 -4.999900 0.000100 0.999900 
5.160000 -4.999902 0.000098 0.999902 
5.170000 -4.999904 0.000096 0.999904 
5.180000 -4.999906 0.000094 0.999906 
5.190000 -4.999908 0.000092 0.999908 
5.200000 -4.999910 0.000090 0.999910 
5.210000 -4.999912 0.000088 0.999912 
5.220000 -4.999913 0.000087 0.999913 
5.230000 -4.999915 0.000085 0.999915 
5.240000 -4.999917 0.000083 0.999917 
5.250000 -4.999918 0.000082 0.999918 
5.260000 -4.999920 0.000080 0.999920 
5.270000 -4.999922 0.000078 0.999922 
5.280000 -4.999923 0.000077 0.999923 
5.290000 -4.999925 0.000075 0.999925 
5.300000 -4.999926 0.000074 0.999926 
5.310000 -4.999928 0.000072 0.999928 
5.320000 -4.999929 0.000071 0.999929 
5.330000 -4.999931 0.000069 0.999931 
5.340000 -4.999932 0.000068 0.999932 
5.350000 -4.999933 0.000067 0.999933 
5.360000 -4.999935 0.000065 0.999935 
5.370000 -4.999936 0.000064 0.999936 
5.380000 -4.999937 0.000063 0.999937 
5.390000 -4.999938 0.000062 0.999938 
5.400000 -4.999940 0.000060 0.999940 
5.410000 -4.999941 0.000059 0.999941 
5.420000 -4.999942 0.000058 0.999942 
5.430000 -4.999943 0.000057 0.999943 
5.440000 -4.999944 0.000056 0.999944 
5.450000 -4.999945 0.000055 0.999945 
5.460000 -4.999946 0.000054 0.999946 
5.470000 -4.999948 0.000052 0.999948 
5.480000 -4.999949 0.000051 0.999949 
5.490000 -4.999950 0.000050 0.999950 
5.500000 -4.999951 0.000049 0.999951 
5.510000 -4.999952 0.000048 0.999952 
5.520000 -4.999953 0.000047 0.999953 
5.530000 -4.999953 0.000047 0.999953 
5.540000 -4.999954 0.000046 0.999954 
5.550000 -4.999955 0.000045 0.999955 
5.560000 -4.999956 0.000044 0.999956 
5.570000 -4.999957 0.000043 0.999957 
5.580000 -4.999958 0.000042 0.999958 
5.590000 -4.999959 0.000041 0.999959 
5.600000 -4.999960 0.000040 0.999960 
5.610000 -4.999960 0.000040 0.999960 
5.620000 -4.999961 0.000039 0.999961 
5.630000 -4.999962 0.000038 0.999962 
5.640000 -4.999963 0.000037 0.999963 
5.650000 -4.999963 0.000037 0.999963 
5.660000 -4.999964 0.000036 0.999964 
5.670000 -4.999965 0.000035 0.999965 
5.680000 -4.999966 0.000034 0.999966 
5.690000 -4.999966 0.000034 0.999966 
5.700000 -4.999967 0.000033 0.999967 
5.710000 -4.999968 0.000032 0.999968 
5.720000 -4.999968 0.000032 0.999968 
5.730000 -4.999969 0.000031 0.999969 
5.740000 -4.999969 0.000031 0.999969 
5.750000 -4.999970 0.000030 0.999970 
5.760000 -4.999971 0.000029 0.999971 
5.770000 -4.999971 0.000029 0.999971 
5.780000 -4.999972 0.000028 0.999972 
5.790000 -4.999972 0.000028 0.999972 
5.800000 -4.999973 0.000027 0.999973 
5.810000 -4.999973 0.000027 0.999973 
5.820000 -4.999974 0.000026 0.999974 
5.830000 -4.999974 0.000026 0.999974 
5.840000 -4.999975 0.000025 0.999975 
5.850000 -4.999975 0.000025 0.999975 
5.860000 -4.999976 0.000024 0.999976 
5.870000 -4.999976 0.000024 0.999976 
5.880000 -4.999977 0.000023 0.999977 
5.890000 -4.999977 0.000023 0.999977 
5.900000 -4.999978 0.000022 0.999978 
5.910000 -4.999978 0.000022 0.999978 
5.920000 -4.999979 0.000021 0.999979 
5.930000 -4.999979 0.000021 0.999979 
5.940000 -4.999980 0.000020 0.999980 
5.950000 -4.999980 0.000020 0.999980 
5.960000 -4.999980 0.000020 0.999980 
5.970000 -4.999981 0.000019 0.999981 
5.980000 -4.999981 0.000019 0.999981 
5.990000 -4.999981 0.000019 0.999981 
6.000000 -4.999982 0.000018 0.999982 
6.010000 -4.999982 0.000018 0.999982 
6.020000 -4.999983 0.000017 0.999983 
6.030000 -4.999983 0.000017 0.999983 
6.040000 -4.999983 0.000017 0.999983 
6.050000 -4.999984 0.000016 0.999984 
6.060000 -4.999984 0.000016 0.999984 
6.070000 -4.999984 0.000016 0.999984 
6.080000 -4.999985 0.000015 0.999985 
6.090000 -4.999985 0.000015 0.999985 
6.100000 -4.999985 0.000015 0.999985 
6.110000 -4.999985 0.000015 0.999985 
6.120000 -4.999986 0.000014 0.999986 
6.130000 -4.999986 0.000014 0.999986 
6.140000 -4.999986 0.000014 0.999986 
6.150000 -4.999987 0.000013 0.999987 
6.160000 -4.999987 0.000013 0.999987 
6.170000 -4.999987 0.000013 0.999987 
6.180000 -4.999987 0.000013 0.999987 
6.190000 -4.999988 0.000012 0.999988 
6.200000 -4.999988 0.000012 0.999988 
6.210000 -4.999988 0.000012 0.999988 
6.220000 -4.999988 0.000012 0.999988 
6.230000 -4.999989 0.000011 0.999989 
6.240000 -4.999989 0.000011 0.999989 
6.250000 -4.999989 0.000011 0.999989 
6.260000 -4.999989 0.000011 0.999989 
6.270000 -4.999989 0.000011 0.999989 
6.280000 -4.999990 0.000010 0.999990 
6.290000 -4.999990 0.000010 0.999990 
6.300000 -4.999990 0.000010 0.999990 
6.310000 -4.999990 0.000010 0.999990 
6.320000 -4.999990 0.000010 0.999990 
6.330000 -4.999991 0.000009 0.999991 
6.340000 -4.999991 0.000009 0.999991 
6.350000 -4.999991 0.000009 0.999991 
6.360000 -4.999991 0.000009 0.999991 
6.370000 -4.999991 0.000009 0.999991 
6.380000 -4.999991 0.000009 0.999991 
6.390000 -4.999992 0.000008 0.999992 
6.400000 -4.999992 0.000008 0.999992 
6.410000 -4.999992 0.000008 0.999992 
6.420000 -4.999992 0.000008 0.999992 
6.430000 -4.999992 0.000008 0.999992 
6.440000 -4.999992 0.000008 0.999992 
6.450000 -4.999993 0.000007 0.999993 
6.460000 -4.999993 0.000007 0.999993 
6.470000 -4.999993 0.000007 0.999993 
6.480000 -4.999993 0.000007 0.999993 
6.490000 -4.999993 0.000007 0.999993 
6.500000 -4.999993 0.000007 0.999993 
6.510000 -4.999993 0.000007 0.999993 
6.520000 -4.999994 0.000006 0.999994 
6.530000 -4.999994 0.000006 0.999994 
6.540000 -4.999994 0.000006 0.999994 
6.550000 -4.999994 0.000006 0.999994 
6.560000 -4.999994 0.000006 0.999994 
6.570000 -4.999994 0.000006 0.999994 
6.580000 -4.999994 0.000006 0.999994 
6.590000 -4.999994 0.000006 0.999994 
6.600000 -4.999994 0.000006 0.999994 
6.610000 -4.999995 0.000005 0.999995 
6.620000 -4.999995 0.000005 0.999995 
6.630000 -4.999995 0.000005 0.999995 
6.640000 -4.999995 0.000005 0.999995 
6.650000 -4.999995 0.000005 0.999995 
6.660000 -4.999995 0.000005 0.999995 
6.670000 -4.999995 0.000005 0.999995 
6.680000 -4.999995 0.000005 0.999995 
6.690000 -4.999995 0.000005 0.999995 
6.700000 -4.999996 0.000005 0.999996 
6.710000 -4.999996 0.000004 0.999996 
6.720000 -4.999996 0.000004 0.999996 
6.730000 -4.999996 0.000004 0.999996 
6.740000 -4.999996 0.000004 0.999996 
6.750000 -4.999996 0.000004 0.999996 
6.760000 -4.999996 0.000004 0.999996 
6.770000 -4.999996 0.000004 0.999996 
6.780000 -4.999996 0.000004 0.999996 
6.790000 -4.999996 0.000004 0.999996 
6.800000 -4.999996 0.000004 0.999996 
6.810000 -4.999996 0.000004 0.999996 
6.820000 -4.999996 0.000004 0.999996 
6.830000 -4.999997 0.000003 0.999997 
6.840000 -4.999997 0.000003 0.999997 
6.850000 -4.999997 0.000003 0.999997 
6.860000 -4.999997 0.000003 0.999997 
6.870000 -4.999997 0.000003 0.999997 
6.880000 -4.999997 0.000003 0.999997 
6.890000 -4.999997 0.000003 0.999997 
6.900000 -4.999997 0.000003 0.999997 
6.910000 -4.999997 0.000003 0.999997 
6.920000 -4.999997 0.000003 0.999997 
6.930000 -4.999997 0.000003 0.999997 
6.940000 -4.999997 0.000003 0.999997 
6.950000 -4.999997 0.000003 0.999997 
6.960000 -4.999997 0.000003 0.999997 
6.970000 -4.999997 0.000003 0.999997 
6.980000 -4.999997 0.000003 0.999997 
6.990000 -4.999997 0.000003 0.999997 
7.000000 -4.999998 0.000002 0.999998 
7.010000 -4.999998 0.000002 0.999998 
7.020000 -4.999998 0.000002 0.999998 
7.030000 -4.999998 0.000002 0.999998 
7.040000 -4.999998 0.000002 0.999998 
7.050000 -4.999998 0.000002 0.999998 
7.060000 -4.999998 0.000002 0.999998 
7.070000 -4.999998 0.000002 0.999998 
7.080000 -4.999998 0.000002 0.999998 
7.090000 -4.999998 0.000002 0.999998 
7.100000 -4.999998 0.000002 0.999998 
7.110000 -4.999998 0.000002 0.999998 
7.120000 -4.999998 0.000002 0.999998 
7.130000 -4.999998 0.000002 0.999998 
7.140000 -4.999998 0.000002 0.999998 
7.150000 -4.999998 0.000002 0.999998 
7.160000 -4.999998 0.000002 0.999998 
7.170000 -4.999998 0.000002 0.999998 
7.180000 -4.999998 0.000002 0.999998 
7.190000 -4.999998 0.000002 0.999998 
7.200000 -4.999998 0.000002 0.999998 
7.210000 -4.999998 0.000002 0.999998 
7.220000 -4.999998 0.000002 0.999998 
7.230000 -4.999998 0.000002 0.999998 
7.240000 -4.999998 0.000002 0.999998 
7.250000 -4.999999 0.000001 0.999999 
7.260000 -4.999999 0.000001 0.999999 
7.270000 -4.999999 0.000001 0.999999 
7.280000 -4.999999 0.000001 0.999999 
7.290000 -4.999999 0.000001 0.999999 
7.300000 -4.999999 0.000001 0.999999 
7.310000 -4.999999 0.000001 0.999999 
7.320000 -4.999999 0.000001 0.999999 
7.330000 -4.999999 0.000001 0.999999 
7.340000 -4.999999 0.000001 0.999999 
7.350000 -4.999999 0.000001 0.999999 
7.360000 -4.999999 0.000001 0.999999 
7.370000 -4.999999 0.000001 0.999999 
7.380000 -4.999999 0.000001 0.999999 
7.390000 -4.999999 0.000001 0.999999 
7.400000 -4.999999 0.000001 0.999999 
7.410000 -4.999999 0.000001 0.999999 
7.420000 -4.999999 0.000001 0.999999 
7.430000 -4.999999 0.000001 0.999999 
7.440000 -4.999999 0.000001 0.999999 
7.450000 -4.999999 0.000001 0.999999 
7.460000 -4.999999 0.000001 0.999999 
7.470000 -4.999999 0.000001 0.999999 
7.480000 -4.999999 0.000001 0.999999 
7.490000 -4.999999 0.000001 0.999999 
7.500000 -4.999999 0.000001 0.999999 
7.510000 -4.999999 0.000001 0.999999 
7.520000 -4.999999 0.000001 0.999999 
7.530000 -4.999999 0.000001 0.999999 
7.540000 -4.999999 0.000001 0.999999 
7.550000 -4.999999 0.000001 0.999999 
7.560000 -4.999999 0.000001 0.999999 
7.570000 -4.999999 0.000001 0.999999 
7.580000 -4.999999 0.000001 0.999999 
7.590000 -4.999999 0.000001 0.999999 
7.600000 -4.999999 0.000001 0.999999 
7.610000 -4.999999 0.000001 0.999999 
7.620000 -4.999999 0.000001 0.999999 
7.630000 -4.999999 0.000001 0.999999 
7.640000 -4.999999 0.000001 0.999999 
7.650000 -4.999999 0.000001 0.999999 
7.660000 -4.999999 0.000001 0.999999 
7.670000 -4.999999 0.000001 0.999999 
7.680000 -4.999999 0.000001 0.999999 
7.690000 -4.999999 0.000001 0.999999 
7.700000 -4.999999 0.000001 0.999999 
7.710000 -4.999999 0.000001 0.999999 
7.720000 -4.999999 0.000001 0.999999 
7.730000 -4.999999 0.000001 0.999999 
7.740000 -4.999999 0.000001 0.999999 
7.750000 -4.999999 0.000001 0.999999 
7.760000 -4.999999 0.000001 0.999999 
7.770000 -4.999999 0.000001 0.999999 
7.780000 -4.999999 0.000001 0.999999 
7.790000 -4.999999 0.000001 0.999999 
7.800000 -4.999999 0.000001 1.000000 
7.810000 -5.000000 0.000000 1.000000 
7.820000 -5.000000 0.000000 1.000000 
7.830000 -5.000000 0.000000 1.000000 
7.840000 -5.000000 0.000000 1.000000 
7.850000 -5.000000 0.000000 1.000000 
7.860000 -5.000000 0.000000 1.000000 
7.870000 -5.000000 0.000000 1.000000 
7.880000 -5.000000 0.000000 1.000000 
7.890000 -5.000000 0.000000 1.000000 
7.900000 -5.000000 0.000000 1.000000 
7.910000 -5.000000 0.000000 1.000000 
7.920000 -5.000000 0.000000 1.000000 
7.930000 -5.000000 0.000000 1.000000 
7.940000 -5.000000 0.000000 1.000000 
7.950000 -5.000000 0.000000 1.000000 
7.960000 -5.000000 0.000000 1.000000 
7.970000 -5.000000 0.000000 1.000000 
7.980000 -5.000000 0.000000 1.000000 
7.990000 -5.000000 0.000000 1.000000 
8.000000 -5.000000 0.000000 1.000000 
8.010000 -5.000000 0.000001 1.000000
8.020000 -5.000000 0.000001 1.000000
8.030000 -5.000000 0.000001 1.000000
8.040000 -5.000000 0.000001 1.000000
8.050000 -5.000000 0.000001 1.000000
8.060000 -5.000000 0.000001 1.000000
8.070000 -5.000000 0.000001 1.000000
8.080000 -5.000000 0.000001 1.000000
8.090000 -5.000000 0.000001 1.000000
8.100000 -5.000000 0.000001 1.000000
8.110000 -5.000000 0.000001 1.000000
8.120000 -5.000000 0.000001 1.000000
8.130000 -5.000000 0.000001 1.000000
8.140000 -5.000000 0.000001 1.000000
8.150000 -5.000000 0.000001 1.000000
8.160000 -5.000000 0.000001 1.000000
8.170000 -5.000000 0.000001 1.000000
8.180000 -5.000000 0.000001 1.000000
8.190000 -5.000000 0.000001 1.000000
8.200000 -5.000000 0.000001 1.000000
8.210000 -5.000000 0.000001 1.000000
8.220000 -5.000000 0.000001 1.000000
8.230000 -5.000000 0.000001 1.000000
8.240000 -5.000000 0.000001 1.000000
8.250000 -5.000000 0.000001 1.000000
8.260000 -5.000000 0.000001 1.000000
8.270000 -5.000000 0.000001 1.000000
8.280000 -5.000000 0.000001 1.000000
8.290000 -5.000000 0.000001 1.000000
8.300000 -5.000000 0.000001 1.000000
8.310000 -5.000000 0.000001 1.000000
8.320000 -5.000000 0.000001 1.000000
8.330000 -5.000000 0.000001 1.000000
8.340000 -5.000000 0.000001 1.000000
8.350000 -5.000000 0.000001 1.000000
8.360000 -5.000000 0.000001 1.000000
8.370000 -5.000000 0.000001 1.000000
8.380000 -5.000000 0.000001 1.000000
8.390000 -5.000000 0.000001 1.000000
8.400000 -5.000000 0.000001 1.000000
8.410000 -5.000000 0.000001 1.000000
8.420000 -5.000000 0.000001 1.000000
8.430000 -5.000000 0.000001 1.000000
8.440000 -5.000000 0.000001 1.000000
8.450000 -5.000000 0.000001 1.000000
8.460000 -5.000000 0.000001 1.000000
8.470000 -5.000000 0.000001 1.000000
8.480000 -5.000000 0.000001 1.000000
8.490000 -5.000000 0.000001 1.000000
8.500000 -5.000000 0.000001 1.000000
8.510000 -5.000000 0.000001 1.000000
8.520000 -5.000000 0.000001 1.000000
8.530000 -5.000000 0.000001 1.000000
8.540000 -5.000000 0.000001 1.000000
8.550000 -5.000000 0.000001 1.000000
8.560000 -5.000000 0.000001 1.000000
8.570000 -5.000000 0.000001 1.000000
8.580000 -5.000000 0.000001 1.000000
8.590000 -5.000000 0.000001 1.000000
8.600000 -5.000000 0.000001 1.000000
8.610000 -5.000000 0.000001 1.000000
8.620000 -5.000000 0.000001 1.000000
8.630000 -5.000000 0.000001 1.000000
8.640000 -5.000000 0.000001 1.000000
8.650000 -5.000000 0.000001 1.000000
8.660000 -5.000000 0.000001 1.000000
8.670000 -5.000000 0.000001 1.000000
8.680000 -5.000000 0.000001 1.000000
8.690000 -5.000000 0.000001 1.000000
8.700000 -5.000000 0.000001 1.000000
8.710000 -5.000000 0.000001 1.000000
8.720000 -5.000000 0.000001 1.000000
8.730000 -5.000000 0.000001 1.000000
8.740000 -5.000000 0.000001 1.000000
8.750000 -5.000000 0.000001 1.000000
8.760000 -5.000000 0.000001 1.000000
8.770000 -5.000000 0.000001 1.000000
8.780000 -5.000000 0.000001 1.000000
8.790000 -5.000000 0.000001 1.000000
8.800000 -5.000000 0.000001 1.000000
8.810000 -5.000000 0.000001 1.000000
8.820000 -5.000000 0.000001 1.000000
8.830000 -5.000000 0.000001 1.000000
8.840000 -5.000000 0.000001 1.000000
8.850000 -5.000000 0.000001 1.000000
8.860000 -5.000000 0.000001 1.000000
8.870000 -5.000000 0.000001 1.000000
8.880000 -5.000000 0.000001 1.000000
8.890000 -5.000000 0.000001 1.000000
8.900000 -5.000000 0.000001 1.000000
8.910000 -5.000000 0.000001 1.000000
8.920000 -5.000000 0.000001 1.000000
8.930000 -5.000000 0.000001 1.000000
8.940000 -5.000000 0.000001 1.000000
8.950000 -5.000000 0.000001 1.000000
8.960000 -5.000000 0.000001 1.000000
8.970000 -5.000000 0.000001 1.000000
8.980000 -5.000000 0.000001 1.000000
8.990000 -5.000000 0.000001 1.000000
9.000000 -5.000000 0.000001 1.000000
9.010000 -5.000000 0.000001 1.000000
9.020000 -5.000000 0.000001 1.000000
9.030000 -5.000000 0.000001 1.000000
9.040000 -5.000000 0.000001 1.000000
9.050000 -5.000000 0.000001 1.000000
9.060000 -5.000000 0.000001 1.000000
9.070000 -5.000000 0.000001 1.000000
9.080000 -5.000000 0.000001 1.000000
9.090000 -5.000000 0.000001 1.000000
9.100000 -5.000000 0.000001 1.000000
9.110000 -5.000000 0.000001 1.000000
9.120000 -5.000000 0.000001 1.000000
9.130000 -5.000000 0.000001 1.000000
9.140000 -5.000000 0.000001 1.000000
9.150000 -5.000000 0.000001 1.000000
9.160000 -5.000000 0.000001 1.000000
9.170000 -5.000000 0.000001 1.000000
9.180000 -5.000000 0.000001 1.000000
9.190000 -5.000000 0.000001 1.000000
9.200000 -5.000000 0.000001 1.000000
9.210000 -5.000000 0.000001 1.000000
9.220000 -5.000000 0.000001 1.000000
9.230000 -5.000000 0.000001 1.000000
9.240000 -5.000000 0.000001 1.000000
9.250000 -5.000000 0.000001 1.000000
9.260000 -5.000000 0.000001 1.000000
9.270000 -5.000000 0.000001 1.000000
9.280000 -5.000000 0.000001 1.000000
9.290000 -5.000000 0.000001 1.000000
9.300000 -5.000000 0.000001 1.000000
9.310000 -5.000000 0.000001 1.000000
9.320000 -5.000000 0.000001 1.000000
9.330000 -5.000000 0.000001 1.000000
9.340000 -5.000000 0.000001 1.000000
9.350000 -5.000000 0.000001 1.000000
9.360000 -5.000000 0.000001 1.000000
9.370000 -5.000000 0.000001 1.000000
9.380000 -5.000000 0.000001 1.000000
9.390000 -5.000000 0.000001 1.000000
9.400000 -5.000000 0.000001 1.000000
9.410000 -5.000000 0.000001 1.000000
9.420000 -5.000000 0.000001 1.000000
9.430000 -5.000000 0.000001 1.000000
9.440000 -5.000000 0.000001 1.000000
9.450000 -5.000000 0.000001 1.000000
9.460000 -5.000000 0.000001 1.000000
9.470000 -5.000000 0.000001 1.000000
9.480000 -5.000000 0.000001 1.000000
9.490000 -5.000000 0.000001 1.000000
9.500000 -5.000000 0.000001 1.000000
9.510000 -5.000000 0.000001 1.000000
9.520000 -5.000000 0.000001 1.000000
9.530000 -5.000000 0.000001 1.000000
9.540000 -5.000000 0.000001 1.000000
9.550000 -5.000000 0.000001 1.000000
9.560000 -5.000000 0.000001 1.000000
9.570000 -5.000000 0.000001 1.000000
9.580000 -5.000000 0.000001 1.000000
9.590000 -5.000000 0.000001 1.000000
9.600000 -5.000000 0.000001 1.000000
9.610000 -5.000000 0.000001 1.000000
9.620000 -5.000000 0.000001 1.000000
9.630000 -5.000000 0.000001 1.000000
9.640000 -5.000000 0.000001 1.000000
9.650000 -5.000000 0.000001 1.000000
9.660000 -5.000000 0.000001 1.000000
9.670000 -5.000000 0.000001 1.000000
9.680000 -5.000000 0.000001 1.000000
9.690000 -5.000000 0.000001 1.000000
9.700000 -5.000000 0.000001 1.000000
9.710000 -5.000000 0.000001 1.000000
9.720000 -5.000000 0.000001 1.000000
9.730000 -5.000000 0.000001 1.000000
9.740000 -5.000000 0.000001 1.000000
9.750000 -5.000000 0.000001 1.000000
9.760000 -5.000000 0.000001 1.000000
9.770000 -5.000000 0.000001 1.000000
9.780000 -5.000000 0.000001 1.000000
9.790000 -5.000000 0.000001 1.000000
9.800000 -5.000000 0.000001 1.000000
9.810000 -5.000000 0.000001 1.000000
9.820000 -5.000000 0.000001 1.000000
9.830000 -5.000000 0.000001 1.000000
9.840000 -5.000000 0.000001 1.000000
9.850000 -5.000000 0.000001 1.000000
9.860000 -5.000000 0.000001 1.000000
9.870000 -5.000000 0.000001 1.000000
9.880000 -5.000000 0.000001 1.000000
9.890000 -5.000000 0.000001 1.000000
9.900000 -5.000000 0.000001 1.000000
9.910000 -5.000000 0.000001 1.000000
9.920000 -5.000000 0.000001 1.000000
9.930000 -5.000000 0.000001 1.000000
9.940000 -5.000000 0.000001 1.000000
9.950000 -5.000000 0.000001 1.000000
9.960000 -5.000000 0.000001 1.000000
9.970000 -5.000000 0.000001 1.000000
9.980000 -5.000000 0.000001 1.000000
9.990000 -5.000000 0.000001 1.000000
10.000000 -5.000000 0.000001 1.000000
10.010000 -5.000000 0.000001 1.000000
10.020000 -5.000000 0.000001 1.000000
10.030000 -5.000000 0.000001 1.000000
10.040000 -5.000000 0.000001 1.000000
10.050000 -5.000000 0.000001 1.000000
10.060000 -5.000000 0.000001 1.000000
10.070000 -5.000000 0.000001 1.000000
10.080000 -5.000000 0.000001 1.000000
10.090000 -5.000000 0.000001 1.000000
10.100000 -5.000000 0.000001 1.000000
10.110000 -5.000000 0.000001 1.000000
10.120000 -5.000000 0.000001 1.000000
10.130000 -5.000000 0.000001 1.000000
10.140000 -5.000000 0.000001 1.000000
10.150000 -5.000000 0.000001 1.000000
10.160000 -5.000000 0.000001 1.000000
10.170000 -5.000000 0.000001 1.000000
10.180000 -5.000000 0.000001 1.000000
10.190000 -5.000000 0.000001 1.000000
10.200000 -5.000000 0.000001 1.000000
10.210000 -5.000000 0.000001 1.000000
10.220000 -5.000000 0.000001 1.000000
10.230000 -5.000000 0.000001 1.000000
10.240000 -5.000000 0.000001 1.000000
10.250000 -5.000000 0.000001 1.000000
10.260000 -5.000000 0.000001 1.000000
10.270000 -5.000000 0.000001 1.000000
10.280000 -5.000000 0.000001 1.000000
10.290000 -5.000000 0.000001 1.000000
10.300000 -5.000000 0.000001 1.000000
10.310000 -5.000000 0.000001 1.000000
10.320000 -5.000000 0.000001 1.000000
10.330000 -5.000000 0.000001 1.000000
10.340000 -5.000000 0.000001 1.000000
10.350000 -5.000000 0.000001 1.000000
10.360000 -5.000000 0.000001 1.000000
10.370000 -5.000000 0.000001 1.000000
10.380000 -5.000000 0.000001 1.000000
10.390000 -5.000000 0.000001 1.000000
10.400000 -5.000000 0.000001 1.000000
10.410000 -5.000000 0.000001 1.000000
10.420000 -5.000000 0.000001 1.000000
10.430000 -5.000000 0.000001 1.000000
10.440000 -5.000000 0.000001 1.000000
10.450000 -5.000000 0.000001 1.000000
10.460000 -5.000000 0.000001 1.000000
10.470000 -5.000000 0.000001 1.000000
10.480000 -5.000000 0.000001 1.000000
10.490000 -5.000000 0.000001 1.000000
10.500000 -5.000000 0.000001 1.000000
10.510000 -5.000000 0.000001 1.000000
10.520000 -5.000000 0.000001 1.000000
10.530000 -5.000000 0.000001 1.000000
10.540000 -5.000000 0.000001 1.000000
10.550000 -5.000000 0.000001 1.000000
10.560000 -5.000000 0.000001 1.000000
10.570000 -5.000000 0.000001 1.000000
10.580000 -5.000000 0.000001 1.000000
10.590000 -5.000000 0.000001 1.000000
10.600000 -5.000000 0.000001 1.000000
10.610000 -5.000000 0.000001 1.000000
10.620000 -5.000000 0.000001 1.000000
10.630000 -5.000000 0.000001 1.000000
10.640000 -5.000000 0.000001 1.000000
10.650000 -5.000000 0.000001 1.000000
10.660000 -5.000000 0.000001 1.000000
10.670000 -5.000000 0.000001 1.000000
10.680000 -5.000000 0.000001 1.000000
10.690000 -5.000000 0.000001 1.000000
10.700000 -5.000000 0.000001 1.000000
10.710000 -5.000000 0.000001 1.000000
10.720000 -5.000000 0.000001 1.000000
10.730000 -5.000000 0.000001 1.000000
10.740000 -5.000000 0.000001 1.000000
10.750000 -5.000000 0.000001 1.000000
10.760000 -5.000000 0.000001 1.000000
10.770000 -5.000000 0.000001 1.000000
10.780000 -5.000000 0.000001 1.000000
10.790000 -5.000000 0.000001 1.000000
10.800000 -5.000000 0.000001 1.000000
10.810000 -5.000000 0.000001 1.000000
10.820000 -5.000000 0.000001 1.000000
10.830000 -5.000000 0.000001 1.000000
10.840000 -5.000000 0.000001 1.000000
10.850000 -5.000000 0.000001 1.000000
10.860000 -5.000000 0.000001 1.000000
10.870000 -5.000000 0.000001 1.000000
10.880000 -5.000000 0.000001 1.000000
10.890000 -5.000000 0.000001 1.000000
10.900000 -5.000000 0.000001 1.000000
10.910000 -5.000000 0.000001 1.000000
10.920000 -5.000000 0.000001 1.000000
10.930000 -5.000000 0.000001 1.000000
10.940000 -5.000000 0.000001 1.000000
10.950000 -5.000000 0.000001 1.000000
10.960000 -5.000000 0.000001 1.000000
10.970000 -5.000000 0.000001 1.000000
10.980000 -5.000000 0.000001 1.000000
10.990000 -5.000000 0.000001 1.000000
11.000000 -5.000000 0.000001 1.000000
11.010000 -5.000000 0.000001 1.000000
11.020000 -5.000000 0.000001 1.000000
11.030000 -5.000000 0.000001 1.000000
11.040000 -5.000000 0.000001 1.000000
11.050000 -5.000000 0.000001 1.000000
11.060000 -5.000000 0.000001 1.000000
11.070000 -5.000000 0.000001 1.000000
11.080000 -5.000000 0.000001 1.000000
11.090000 -5.000000 0.000001 1.000000
11.100000 -5.000000 0.000001 1.000000
11.110000 -5.000000 0.000001 1.000000
11.120000 -5.000000 0.000001 1.000000
11.130000 -5.000000 0.000001 1.000000
11.140000 -5.000000 0.000001 1.000000
11.150000 -5.000000 0.000001 1.000000
11.160000 -5.000000 0.000001 1.000000
11.170000 -5.000000 0.000001 1.000000
11.180000 -5.000000 0.000001 1.000000
11.190000 -5.000000 0.000001 1.000000
11.200000 -5.000000 0.000001 1.000000
11.210000 -5.000000 0.000001 1.000000
11.220000 -5.000000 0.000001 1.000000
11.230000 -5.000000 0.000001 1.000000
11.240000 -5.000000 0.000001 1.000000
11.250000 -5.000000 0.000001 1.000000
11.260000 -5.000000 0.000001 1.000000
11.270000 -5.000000 0.000001 1.000000
11.280000 -5.000000 0.000001 1.000000
11.290000 -5.000000 0.000001 1.000000
11.300000 -5.000000 0.000001 1.000000
11.310000 -5.000000 0.000001 1.000000
11.320000 -5.000000 0.000001 1.000000
11.330000 -5.000000 0.000001 1.000000
11.340000 -5.000000 0.000001 1.000000
11.350000 -5.000000 0.000001 1.000000
11.360000 -5.000000 0.000001 1.000000
11.370000 -5.000000 0.000001 1.000000
11.380000 -5.000000 0.000001 1.000000
11.390000 -5.000000 0.000001 1.000000
11.400000 -5.000000 0.000001 1.000000
11.410000 -5.000000 0.000001 1.000000
11.420000 -5.000000 0.000001 1.000000
11.430000 -5.000000 0.000001 1.000000
11.440000 -5.000000 0.000001 1.000000
11.450000 -5.000000 0.000001 1.000000
11.460000 -5.000000 0.000001 1.000000
11.470000 -5.000000 0.000001 1.000000
11.480000 -5.000000 0.000001 1.000000
11.490000 -5.000000 0.000001 1.000000
11.500000 -5.000000 0.000001 1.000000
11.510000 -5.000000 0.000001 1.000000
11.520000 -5.000000 0.000001 1.000000
11.530000 -5.000000 0.000001 1.000000
11.540000 -5.000000 0.000001 1.000000
11.550000 -5.000000 0.000001 1.000000
11.560000 -5.000000 0.000001 1.000000
11.570000 -5.000000 0.000001 1.000000
11.580000 -5.000000 0.000001 1.000000
11.590000 -5.000000 0.000001 1.000000
11.600000 -5.000000 0.000001 1.000000
11.610000 -5.000000 0.000001 1.000000
11.620000 -5.000000 0.000001 1.000000
11.630000 -5.000000 0.000001 1.000000
11.640000 -5.000000 0.000001 1.000000
11.650000 -5.000000 0.000001 1.000000
11.660000 -5.000000 0.000001 1.000000
11.670000 -5.000000 0.000001 1.000000
11.680000 -5.000000 0.000001 1.000000
11.690000 -5.000000 0.000001 1.000000
11.700000 -5.000000 0.000001 1.000000
11.710000 -5.000000 0.000001 1.000000
11.720000 -5.000000 0.000001 1.000000
11.730000 -5.000000 0.000001 1.000000
11.740000 -5.000000 0.000001 1.000000
11.750000 -5.000000 0.000001 1.000000
11.760000 -5.000000 0.000001 1.000000
11.770000 -5.000000 0.000001 1.000000
11.780000 -5.000000 0.000001 1.000000
11.790000 -5.000000 0.000001 1.000000
11.800000 -5.000000 0.000001 1.000000
11.810000 -5.000000 0.000001 1.000000
11.820000 -5.000000 0.000001 1.000000
11.830000 -5.000000 0.000001 1.000000
11.840000 -5.000000 0.000001 1.000000
11.850000 -5.000000 0.000001 1.000000
11.860000 -5.000000 0.000001 1.000000
11.870000 -5.000000 0.000001 1.000000
11.880000 -5.000000 0.000001 1.000000
11.890000 -5.000000 0.000001 1.000000
11.900000 -5.000000 0.000001 1.000000
11.910000 -5.000000 0.000001 1.000000
11.920000 -5.000000 0.000001 1.000000
11.930000 -5.000000 0.000001 1.000000
11.940000 -5.000000 0.000001 1.000000
11.950000 -5.000000 0.000001 1.000000
11.960000 -5.000000 0.000001 1.000000
11.970000 -5.000000 0.000001 1.000000
11.980000 -5.000000 0.000001 1.000000
11.990000 -5.000000 0.000001 1.000000
12.000000 -5.000000 0.000001 1.000000
12.010000 -5.000000 0.000001 1.000000
12.020000 -5.000000 0.000001 1.000000
12.030000 -5.000000 0.000001 1.000000
12.040000 -5.000000 0.000001 1.000000
12.050000 -5.000000 0.000001 1.000000
12.060000 -5.000000 0.000001 1.000000
12.070000 -5.000000 0.000001 1.000000
12.080000 -5.000000 0.000001 1.000000
12.090000 -5.000000 0.000001 1.000000
12.100000 -5.000000 0.000001 1.000000
12.110000 -5.000000 0.000001 1.000000
12.120000 -5.000000 0.000001 1.000000
12.130000 -5.000000 0.000001 1.000000
12.140000 -5.000000 0.000001 1.000000
12.150000 -5.000000 0.000001 1.000000
12.160000 -5.000000 0.000001 1.000000
12.170000 -5.000000 0.000001 1.000000
12.180000 -5.000000 0.000001 1.000000
12.190000 -5.000000 0.000001 1.000000
12.200000 -5.000000 0.000001 1.000000
12.210000 -5.000000 0.000001 1.000000
12.220000 -5.000000 0.000001 1.000000
12.230000 -5.000000 0.000001 1.000000
12.240000 -5.000000 0.000001 1.000000
12.250000 -5.000000 0.000001 1.000000
12.260000 -5.000000 0.000001 1.000000
12.270000 -5.000000 0.000001 1.000000
12.280000 -5.000000 0.000001 1.000000
12.290000 -5.000000 0.000001 1.000000
12.300000 -5.000000 0.000001 1.000000
12.310000 -5.000000 0.000001 1.000000
12.320000 -5.000000 0.000001 1.000000
12.330000 -5.000000 0.000001 1.000000
12.340000 -5.000000 0.000001 1.000000
12.350000 -5.000000 0.000001 1.000000
12.360000 -5.000000 0.000001 1.000000
12.370000 -5.000000 0.000001 1.000000
12.380000 -5.000000 0.000001 1.000000
12.390000 -5.000000 0.000001 1.000000
12.400000 -5.000000 0.000001 1.000000
12.410000 -5.000000 0.000001 1.000000
12.420000 -5.000000 0.000001 1.000000
12.430000 -5.000000 0.000001 1.000000
12.440000 -5.000000 0.000001 1.000000
12.450000 -5.000000 0.000001 1.000000
12.460000 -5.000000 0.000001 1.000000
12.470000 -5.000000 0.000001 1.000000
12.480000 -5.000000 0.000001 1.000000
12.490000 -5.000000 0.000001 1.000000
12.500000 -5.000000 0.000001 1.000000
12.510000 -5.000000 0.000001 1.000000
12.520000 -5.000000 0.000001 1.000000
12.530000 -5.000000 0.000001 1.000000
12.540000 -5.000000 0.000001 1.000000
12.550000 -5.000000 0.000001 1.000000
12.560000 -5.000000 0.000001 1.000000
12.570000 -5.000000 0.000001 1.000000
12.580000 -5.000000 0.000001 1.000000
12.590000 -5.000000 0.000001 1.000000
12.600000 -5.000000 0.000001 1.000000
12.610000 -5.000000 0.000001 1.000000
12.620000 -5.000000 0.000001 1.000000
12.630000 -5.000000 0.000001 1.000000
12.640000 -5.000000 0.000001 1.000000
12.650000 -5.000000 0.000001 1.000000
12.660000 -5.000000 0.000001 1.000000
12.670000 -5.000000 0.000001 1.000000
12.680000 -5.000000 0.000001 1.000000
12.690000 -5.000000 0.000001 1.000000
12.700000 -5.000000 0.000001 1.000000
12.710000 -5.000000 0.000001 1.000000
12.720000 -5.000000 0.000001 1.000000
12.730000 -5.000000 0.000001 1.000000
12.740000 -5.000000 0.000001 1.000000
12.750000 -5.000000 0.000001 1.000000
12.760000 -5.000000 0.000001 1.000000
12.770000 -5.000000 0.000001 1.000000
12.780000 -5.000000 0.000001 1.000000
12.790000 -5.000000 0.000001 1.000000
12.800000 -5.000000 0.000001 1.000000
12.810000 -5.000000 0.000001 1.000000
12.820000 -5.000000 0.000001 1.000000
12.830000 -5.000000 0.000001 1.000000
12.840000 -5.000000 0.000001 1.000000
12.850000 -5.000000 0.000001 1.000000
12.860000 -5.000000 0.000001 1.000000
12.870000 -5.000000 0.000001 1.000000
12.880000 -5.000000 0.000001 1.000000
12.890000 -5.000000 0.000001 1.000000
12.900000 -5.000000 0.000001 1.000000
12.910000 -5.000000 0.000001 1.000000
12.920000 -5.000000 0.000001 1.000000
12.930000 -5.000000 0.000001 1.000000
12.940000 -5.000000 0.000001 1.000000
12.950000 -5.000000 0.000001 1.000000
12.960000 -5.000000 0.000001 1.000000
12.970000 -5.000000 0.000001 1.000000
12.980000 -5.000000 0.000001 1.000000
12.990000 -5.000000 0.000001 1.000000
13.000000 -5.000000 0.000001 1.000000
13.010000 -5.000000 0.000001 1.000000
13.020000 -5.000000 0.000001 1.000000
13.030000 -5.000000 0.000001 1.000000
13.040000 -5.000000 0.000001 1.000000
13.050000 -5.000000 0.000001 1.000000
13.060000 -5.000000 0.000001 1.000000
13.070000 -5.000000 0.000001 1.000000
13.080000 -5.000000 0.000001 1.000000
13.090000 -5.000000 0.000001 1.000000
13.100000 -5.000000 0.000001 1.000000
13.110000 -5.000000 0.000001 1.000000
13.120000 -5.000000 0.000001 1.000000
13.130000 -5.000000 0.000001 1.000000
13.140000 -5.000000 0.000001 1.000000
13.150000 -5.000000 0.000001 1.000000
13.160000 -5.000000 0.000001 1.000000
13.170000 -5.000000 0.000001 1.000000
13.180000 -5.000000 0.000001 1.000000
13.190000 -5.000000 0.000001 1.000000
13.200000 -5.000000 0.000001 1.000000
13.210000 -5.000000 0.000001 1.000000
13.220000 -5.000000 0.000001 1.000000
13.230000 -5.000000 0.000001 1.000000
13.240000 -5.000000 0.000001 1.000000
13.250000 -5.000000 0.000001 1.000000
13.260000 -5.000000 0.000001 1.000000
13.270000 -5.000000 0.000001 1.000000
13.280000 -5.000000 0.000001 1.000000
13.290000 -5.000000 0.000001 1.000000
13.300000 -5.000000 0.000001 1.000000
13.310000 -5.000000 0.000001 1.000000
13.320000 -5.000000 0.000001 1.000000
13.330000 -5.000000 0.000001 1.000000
13.340000 -5.000000 0.000001 1.000000
13.350000 -5.000000 0.000001 1.000000
13.360000 -5.000000 0.000001 1.000000
13.370000 -5.000000 0.000001 1.000000
13.380000 -5.000000 0.000001 1.000000
13.390000 -5.000000 0.000001 1.000000
13.400000 -5.000000 0.000001 1.000000
13.410000 -5.000000 0.000001 1.000000
13.420000 -5.000000 0.000001 1.000000
13.430000 -5.000000 0.000001 1.000000
13.440000 -5.000000 0.000001 1.000000
13.450000 -5.000000 0.000001 1.000000
13.460000 -5.000000 0.000001 1.000000
13.470000 -5.000000 0.000001 1.000000
13.480000 -5.000000 0.000001 1.000000
13.490000 -5.000000 0.000001 1.000000
13.500000 -5.000000 0.000001 1.000000
13.510000 -5.000000 0.000001 1.000000
13.520000 -5.000000 0.000001 1.000000
13.530000 -5.000000 0.000001 1.000000
13.540000 -5.000000 0.000001 1.000000
13.550000 -5.000000 0.000001 1.000000
13.560000 -5.000000 0.000001 1.000000
13.570000 -5.000000 0.000001 1.000000
13.580000 -5.000000 0.000001 1.000000
13.590000 -5.000000 0.000001 1.000000
13.600000 -5.000000 0.000001 1.000000
13.610000 -5.000000 0.000001 1.000000
13.620000 -5.000000 0.000001 1.000000
13.630000 -5.000000 0.000001 1.000000
13.640000 -5.000000 0.000001 1.000000
13.650000 -5.000000 0.000001 1.000000
13.660000 -5.000000 0.000001 1.000000
13.670000 -5.000000 0.000001 1.000000
13.680000 -5.000000 0.000001 1.000000
13.690000 -5.000000 0.000001 1.000000
13.700000 -5.000000 0.000001 1.000000
13.710000 -5.000000 0.000001 1.000000
13.720000 -5.000000 0.000001 1.000000
13.730000 -5.000000 0.000001 1.000000
13.740000 -5.000000 0.000001 1.000000
13.750000 -5.000000 0.000001 1.000000
13.760000 -5.000000 0.000001 1.000000
13.770000 -5.000000 0.000001 1.000000
13.780000 -5.000000 0.000001 1.000000
13.790000 -5.000000 0.000001 1.000000
13.800000 -5.000000 0.000001 1.000000
13.810000 -5.000000 0.000001 1.000000
13.820000 -5.000000 0.000001 1.000000
13.830000 -5.000000 0.000001 1.000000
13.840000 -5.000000 0.000001 1.000000
13.850000 -5.000000 0.000001 1.000000
13.860000 -5.000000 0.000001 1.000000
13.870000 -5.000000 0.000001 1.000000
13.880000 -5.000000 0.000001 1.000000
13.890000 -5.000000 0.000001 1.000000
13.900000 -5.000000 0.000001 1.000000
13.910000 -5.000000 0.000001 1.000000
13.920000 -5.000000 0.000001 1.000000
13.930000 -5.000000 0.000001 1.000000
13.940000 -5.000000 0.000001 1.000000
13.950000 -5.000000 0.000001 1.000000
13.960000 -5.000000 0.000001 1.000000
13.970000 -5.000000 0.000001 1.000000
13.980000 -5.000000 0.000001 1.000000
13.990000 -5.000000 0.000001 1.000000
14.000000 -5.000000 0.000001 1.000000
14.010000 -5.000000 0.000001 1.000000
14.020000 -5.000000 0.000001 1.000000
14.030000 -5.000000 0.000001 1.000000
14.040000 -5.000000 0.000001 1.000000
14.050000 -5.000000 0.000001 1.000000
14.060000 -5.000000 0.000001 1.000000
14.070000 -5.000000 0.000001 1.000000
14.080000 -5.000000 0.000001 1.000000
14.090000 -5.000000 0.000001 1.000000
14.100000 -5.000000 0.000001 1.000000
14.110000 -5.000000 0.000001 1.000000
14.120000 -5.000000 0.000001 1.000000
14.130000 -5.000000 0.000001 1.000000
14.140000 -5.000000 0.000001 1.000000
14.150000 -5.000000 0.000001 1.000000
14.160000 -5.000000 0.000001 1.000000
14.170000 -5.000000 0.000001 1.000000
14.180000 -5.000000 0.000001 1.000000
14.190000 -5.000000 0.000001 1.000000
14.200000 -5.000000 0.000001 1.000000
14.210000 -5.000000 0.000001 1.000000
14.220000 -5.000000 0.000001 1.000000
14.230000 -5.000000 0.000001 1.000000
14.240000 -5.000000 0.000001 1.000000
14.250000 -5.000000 0.000001 1.000000
14.260000 -5.000000 0.000001 1.000000
14.270000 -5.000000 0.000001 1.000000
14.280000 -5.000000 0.000001 1.000000
14.290000 -5.000000 0.000001 1.000000
14.300000 -5.000000 0.000001 1.000000
14.310000 -5.000000 0.000001 1.000000
14.320000 -5.000000 0.000001 1.000000
14.330000 -5.000000 0.000001 1.000000
14.340000 -5.000000 0.000001 1.000000
14.350000 -5.000000 0.000001 1.000000
14.360000 -5.000000 0.000001 1.000000
14.370000 -5.000000 0.000001 1.000000
14.380000 -5.000000 0.000001 1.000000
14.390000 -5.000000 0.000001 1.000000
14.400000 -5.000000 0.000001 1.000000
14.410000 -5.000000 0.000001 1.000000
14.420000 -5.000000 0.000001 1.000000
14.430000 -5.000000 0.000001 1.000000
14.440000 -5.000000 0.000001 1.000000
14.450000 -5.000000 0.000001 1.000000
14.460000 -5.000000 0.000001 1.000000
14.470000 -5.000000 0.000001 1.000000
14.480000 -5.000000 0.000001 1.000000
14.490000 -5.000000 0.000001 1.000000
14.500000 -5.000000 0.000001 1.000000
14.510000 -5.000000 0.000001 1.000000
14.520000 -5.000000 0.000001 1.000000
14.530000 -5.000000 0.000001 1.000000
14.540000 -5.000000 0.000001 1.000000
14.550000 -5.000000 0.000001 1.000000
14.560000 -5.000000 0.000001 1.000000
14.570000 -5.000000 0.000001 1.000000
14.580000 -5.000000 0.000001 1.000000
14.590000 -5.000000 0.000001 1.000000
14.600000 -5.000000 0.000001 1.000000
14.610000 -5.000000 0.000001 1.000000
14.620000 -5.000000 0.000001 1.000000
14.630000 -5.000000 0.000001 1.000000
14.640000 -5.000000 0.000001 1.000000
14.650000 -5.000000 0.000001 1.000000
14.660000 -5.000000 0.000001 1.000000
14.670000 -5.000000 0.000001 1.000000
14.680000 -5.000000 0.000001 1.000000
14.690000 -5.000000 0.000001 1.000000
14.700000 -5.000000 0.000001 1.000000
14.710000 -5.000000 0.000001 1.000000
14.720000 -5.000000 0.000001 1.000000
14.730000 -5.000000 0.000001 1.000000
14.740000 -5.000000 0.000001 1.000000
14.750000 -5.000000 0.000001 1.000000
14.760000 -5.000000 0.000001 1.000000
14.770000 -5.000000 0.000001 1.000000
14.780000 -5.000000 0.000001 1.000000
14.790000 -5.000000 0.000001 1.000000
14.800000 -5.000000 0.000001 1.000000
14.810000 -5.000000 0.000001 1.000000
14.820000 -5.000000 0.000001 1.000000
14.830000 -5.000000 0.000001 1.000000
14.840000 -5.000000 0.000001 1.000000
14.850000 -5.000000 0.000001 1.000000
14.860000 -5.000000 0.000001 1.000000
14.870000 -5.000000 0.000001 1.000000
14.880000 -5.000000 0.000001 1.000000
14.890000 -5.000000 0.000001 1.000000
14.900000 -5.000000 0.000001 1.000000
14.910000 -5.000000 0.000001 1.000000
14.920000 -5.000000 0.000001 1.000000
14.930000 -5.000000 0.000001 1.000000
14.940000 -5.000000 0.000001 1.000000
14.950000 -5.000000 0.000001 1.000000
14.960000 -5.000000 0.000001 1.000000
14.970000 -5.000000 0.000001 1.000000
14.980000 -5.000000 0.000001 1.000000
14.990000 -5.000000 0.000001 1.000000
15.000000 -5.000000 0.000001 1.000000
15.010000 -5.000000 0.000001 1.000000
15.020000 -5.000000 0.000001 1.000000
15.030000 -5.000000 0.000001 1.000000
15.040000 -5.000000 0.000001 1.000000
15.050000 -5.000000 0.000001 1.000000
15.060000 -5.000000 0.000001 1.000000
15.070000 -5.000000 0.000001 1.000000
15.080000 -5.000000 0.000001 1.000000
15.090000 -5.000000 0.000001 1.000000
15.100000 -5.000000 0.000001 1.000000
15.110000 -5.000000 0.000001 1.000000
15.120000 -5.000000 0.000001 1.000000
15.130000 -5.000000 0.000001 1.000000
15.140000 -5.000000 0.000001 1.000000
15.150000 -5.000000 0.000001 1.000000
15.160000 -5.000000 0.000001 1.000000
15.170000 -5.000000 0.000001 1.000000
15.180000 -5.000000 0.000001 1.000000
15.190000 -5.000000 0.000001 1.000000
15.200000 -5.000000 0.000001 1.000000
15.210000 -5.000000 0.000001 1.000000
15.220000 -5.000000 0.000001 1.000000
15.230000 -5.000000 0.000001 1.000000
15.240000 -5.000000 0.000001 1.000000
15.250000 -5.000000 0.000001 1.000000
15.260000 -5.000000 0.000001 1.000000
15.270000 -5.000000 0.000001 1.000000
15.280000 -5.000000 0.000001 1.000000
15.290000 -5.000000 0.000001 1.000000
15.300000 -5.000000 0.000001 1.000000
15.310000 -5.000000 0.000001 1.000000
15.320000 -5.000000 0.000001 1.000000
15.330000 -5.000000 0.000001 1.000000
15.340000 -5.000000 0.000001 1.000000
15.350000 -5.000000 0.000001 1.000000
15.360000 -5.000000 0.000001 1.000000
15.370000 -5.000000 0.000001 1.000000
15.380000 -5.000000 0.000001 1.000000
15.390000 -5.000000 0.000001 1.000000
15.400000 -5.000000 0.000001 1.000000
15.410000 -5.000000 0.000001 1.000000
15.420000 -5.000000 0.000001 1.000000
15.430000 -5.000000 0.000001 1.000000
15.440000 -5.000000 0.000001 1.000000
15.450000 -5.000000 0.000001 1.000000
15.460000 -5.000000 0.000001 1.000000
15.470000 -5.000000 0.000001 1.000000
15.480000 -5.000000 0.000001 1.000000
15.490000 -5.000000 0.000001 1.000000
15.500000 -5.000000 0.000001 1.000000
15.510000 -5.000000 0.000001 1.000000
15.520000 -5.000000 0.000001 1.000000
15.530000 -5.000000 0.000001 1.000000
15.540000 -5.000000 0.000001 1.000000
15.550000 -5.000000 0.000001 1.000000
15.560000 -5.000000 0.000001 1.000000
15.570000 -5.000000 0.000001 1.000000
15.580000 -5.000000 0.000001 1.000000
15.590000 -5.000000 0.000001 1.000000
15.600000 -5.000000 0.000001 1.000000
15.610000 -5.000000 0.000001 1.000000
15.620000 -5.000000 0.000001 1.000000
15.630000 -5.000000 0.000001 1.000000
15.640000 -5.000000 0.000001 1.000000
15.650000 -5.000000 0.000001 1.000000
15.660000 -5.000000 0.000001 1.000000
15.670000 -5.000000 0.000001 1.000000
15.680000 -5.000000 0.000001 1.000000
15.690000 -5.000000 0.000001 1.000000
15.700000 -5.000000 0.000001 1.000000
15.710000 -5.000000 0.000001 1.000000
15.720000 -5.000000 0.000001 1.000000
15.730000 -5.000000 0.000001 1.000000
15.740000 -5.000000 0.000001 1.000000
15.750000 -5.000000 0.000001 1.000000
15.760000 -5.000000 0.000001 1.000000
15.770000 -5.000000 0.000001 1.000000
15.780000 -5.000000 0.000001 1.000000
15.790000 -5.000000 0.000001 1.000000
15.800000 -5.000000 0.000001 1.000000
15.810000 -5.000000 0.000001 1.000000
15.820000 -5.000000 0.000001 1.000000
15.830000 -5.000000 0.000001 1.000000
15.840000 -5.000000 0.000001 1.000000
15.850000 -5.000000 0.000001 1.000000
15.860000 -5.000000 0.000001 1.000000
15.870000 -5.000000 0.000001 1.000000
15.880000 -5.000000 0.000001 1.000000
15.890000 -5.000000 0.000001 1.000000
15.900000 -5.000000 0.000001 1.000000
15.910000 -5.000000 0.000001 1.000000
15.920000 -5.000000 0.000001 1.000000
15.930000 -5.000000 0.000001 1.000000
15.940000 -5.000000 0.000001 1.000000
15.950000 -5.000000 0.000001 1.000000
15.960000 -5.000000 0.000001 1.000000
15.970000 -5.000000 0.000001 1.000000
15.980000 -5.000000 0.000001 1.000000
15.990000 -5.000000 0.000001 1.000000
16.000000 -5.000000 0.000001 1.000000
QITE gs wfn 
000000 0.000004417070 0.000000230930 I 
000001 0.000011824914 0.000009046344 I 
000010 -0.000002716963 0.000002465202 I 
000011 0.000004359101 0.000001230555 I 
000100 -0.000001152424 0.000001133792 I 
000101 0.000131642192 0.000011202458 I 
000110 0.407635950741 -0.000046081216 I 
000111 0.409548220277 0.000039116920 I 
001000 -0.000007388735 0.000002077000 I 
001001 -0.000000235631 0.000005312533 I 
001010 0.000130982499 -0.000009558937 I 
001011 -0.000003874616 -0.000001563522 I 
001100 -0.000002133407 -0.000002028631 I 
001101 0.000004877047 0.000004087382 I 
001110 0.000132434879 -0.000002749640 I 
001111 0.000002812286 -0.000007404773 I 
010000 -0.000001430520 -0.000003164538 I 
010001 0.000004556874 -0.000009335766 I 
010010 -0.000003903406 0.000003256051 I 
010011 -0.000001025672 0.000002000385 I 
010100 -0.000008704684 -0.000002622669 I 
010101 0.407481824183 0.000014034559 I 
010110 0.000144082317 0.000000264000 I 
010111 0.000135090790 0.000002218184 I 
011000 0.000135837583 0.000000664655 I 
011001 0.000124848920 0.000004587459 I 
011010 0.000000730839 -0.000001503009 I 
011011 0.000002392850 -0.000000702469 I 
011100 0.000131104018 -0.000003540500 I 
011101 0.000133537625 0.000011109880 I 
011110 -0.000002733328 -0.000002373766 I 
011111 -0.000001193893 -0.000001136689 I 
100000 0.000000627693 -0.000000889473 I 
100010 0.000136875543 -0.000004741936 I 
100011 0.000142103906 0.000001593588 I 
100100 -0.000002026941 -0.000005798276 I 
100101 -0.000001209904 0.000003108437 I 
100110 0.000131205374 0.000006316833 I 
100111 0.000126687713 0.000007117569 I 
101000 0.000131651165 -0.000004656692 I 
101001 0.000136006590 0.000003478286 I 
101010 0.407543282613 -0.000011679707 I 
101011 0.000000008561 0.000001604649 I 
101100 -0.000000916689 0.000004350908 I 
101101 0.000005752293 -0.000000344081 I 
101110 0.000002710146 0.000001211993 I 
101111 0.000001015391 -0.000001609556 I 
110000 0.000002051138 -0.000001658383 I 
110001 0.000138879723 0.000002515010 I 
110010 -0.000002620504 0.000001438862 I 
110011 0.000000410158 -0.000010678553 I 
110100 0.000006901369 -0.000000518146 I 
110101 0.000137609981 -0.000006433723 I 
110110 -0.000002046529 -0.000000946569 I 
110111 0.000005742318 -0.000005151041 I 
111000 0.409603625975 -0.000079825489 I 
111001 0.407669906968 0.000000300860 I 
111010 0.000143667575 0.000005490298 I 
111011 -0.000002582561 -0.000000403920 I 
111100 -0.000005497638 0.000004824838 I 
111101 0.000004965443 -0.000006753724 I 
111110 -0.000003607119 -0.000003905074 I 
111111 -0.000000105651 0.000001437305 I 
