0.000000 -4.000000 16.000000 0.577350 
0.010000 -4.307316 14.726087 0.599984 
0.020000 -4.589624 13.486817 0.621683 
0.030000 -4.847883 12.308990 0.642440 
0.040000 -5.083541 11.210123 0.662265 
0.050000 -5.298552 10.197680 0.681182 
0.060000 -5.494299 9.279454 0.699210 
0.070000 -5.672361 8.457541 0.716377 
0.080000 -5.834940 7.723706 0.732724 
0.090000 -5.983734 7.071312 0.748285 
0.100000 -6.120384 6.491766 0.763097 
0.110000 -6.244968 5.984096 0.777069 
0.120000 -6.360051 5.533316 0.790359 
0.130000 -6.466685 5.131871 0.802994 
0.140000 -6.565803 4.772690 0.815003 
0.150000 -6.658296 4.448760 0.826416 
0.160000 -6.744575 4.156707 0.837241 
0.170000 -6.825266 3.891337 0.847500 
0.180000 -6.900898 3.648409 0.857219 
0.190000 -6.971906 3.424462 0.866419 
0.200000 -7.038706 3.216455 0.875127 
0.210000 -7.101011 3.024728 0.883293 
0.220000 -7.159644 2.845135 0.891003 
0.230000 -7.214829 2.676269 0.898273 
0.240000 -7.266789 2.516908 0.905125 
0.250000 -7.315672 2.366311 0.911573 
0.260000 -7.361655 2.223711 0.917636 
0.270000 -7.404858 2.088640 0.923327 
0.280000 -7.445462 1.960483 0.928669 
0.290000 -7.483574 1.838967 0.933674 
0.300000 -7.519341 1.723686 0.938364 
0.310000 -7.552617 1.615358 0.942718 
0.320000 -7.583803 1.512678 0.946791 
0.330000 -7.613011 1.415432 0.950597 
0.340000 -7.640374 1.323323 0.954155 
0.350000 -7.665957 1.236287 0.957474 
0.360000 -7.689831 1.154230 0.960565 
0.370000 -7.712125 1.076850 0.963445 
0.380000 -7.732942 1.003910 0.966129 
0.390000 -7.752337 0.935346 0.968625 
0.400000 -7.770425 0.870863 0.970948 
0.410000 -7.787112 0.810894 0.973088 
0.420000 -7.802648 0.754646 0.975076 
0.430000 -7.817105 0.701938 0.976924 
0.440000 -7.830552 0.652591 0.978640 
0.450000 -7.843060 0.606407 0.980233 
0.460000 -7.854679 0.563254 0.981712 
0.470000 -7.865464 0.522988 0.983083 
0.480000 -7.875476 0.485418 0.984354 
0.490000 -7.884768 0.450389 0.985532 
0.500000 -7.893391 0.417739 0.986625 
0.510000 -7.901373 0.387385 0.987635 
0.520000 -7.908774 0.359140 0.988570 
0.530000 -7.915633 0.332871 0.989437 
0.540000 -7.921998 0.308414 0.990240 
0.550000 -7.927882 0.285739 0.990983 
0.560000 -7.933331 0.264684 0.991670 
0.570000 -7.938376 0.245139 0.992305 
0.580000 -7.943051 0.226982 0.992894 
0.590000 -7.947371 0.210170 0.993438 
0.600000 -7.951368 0.194584 0.993940 
0.610000 -7.955011 0.180347 0.994398 
0.620000 -7.958382 0.167151 0.994822 
0.630000 -7.961502 0.154920 0.995214 
0.640000 -7.964389 0.143585 0.995576 
0.650000 -7.967058 0.133092 0.995911 
0.660000 -7.969526 0.123374 0.996221 
0.670000 -7.971809 0.114378 0.996508 
0.680000 -7.973920 0.106048 0.996772 
0.690000 -7.975871 0.098341 0.997017 
0.700000 -7.977676 0.091208 0.997243 
0.710000 -7.979337 0.084632 0.997451 
0.720000 -7.980872 0.078549 0.997644 
0.730000 -7.982291 0.072923 0.997822 
0.740000 -7.983603 0.067717 0.997986 
0.750000 -7.984815 0.062907 0.998138 
0.760000 -7.985935 0.058460 0.998278 
0.770000 -7.986970 0.054348 0.998407 
0.780000 -7.987927 0.050546 0.998527 
0.790000 -7.988810 0.047033 0.998638 
0.800000 -7.989626 0.043787 0.998740 
0.810000 -7.990375 0.040807 0.998834 
0.820000 -7.991066 0.038054 0.998920 
0.830000 -7.991705 0.035509 0.999000 
0.840000 -7.992295 0.033158 0.999074 
0.850000 -7.992840 0.030986 0.999142 
0.860000 -7.993344 0.028979 0.999205 
0.870000 -7.993810 0.027124 0.999263 
0.880000 -7.994239 0.025411 0.999317 
0.890000 -7.994636 0.023829 0.999367 
0.900000 -7.995003 0.022367 0.999413 
0.910000 -7.995338 0.021030 0.999455 
0.920000 -7.995648 0.019800 0.999493 
0.930000 -7.995933 0.018669 0.999529 
0.940000 -7.996196 0.017627 0.999562 
0.950000 -7.996438 0.016668 0.999593 
0.960000 -7.996662 0.015785 0.999621 
0.970000 -7.996869 0.014971 0.999647 
0.980000 -7.997060 0.014220 0.999671 
0.990000 -7.997235 0.013528 0.999693 
1.000000 -7.997398 0.012889 0.999713 
1.010000 -7.997553 0.012255 0.999733 
1.020000 -7.997697 0.011671 0.999750 
1.030000 -7.997829 0.011134 0.999767 
1.040000 -7.997951 0.010640 0.999782 
1.050000 -7.998064 0.010185 0.999796 
1.060000 -7.998167 0.009765 0.999809 
1.070000 -7.998263 0.009379 0.999821 
1.080000 -7.998352 0.009022 0.999832 
1.090000 -7.998433 0.008694 0.999842 
1.100000 -7.998508 0.008391 0.999851 
1.110000 -7.998578 0.008107 0.999860 
1.120000 -7.998642 0.007847 0.999868 
1.130000 -7.998701 0.007608 0.999875 
1.140000 -7.998755 0.007389 0.999882 
1.150000 -7.998805 0.007188 0.999888 
1.160000 -7.998851 0.007003 0.999894 
1.170000 -7.998894 0.006832 0.999899 
1.180000 -7.998933 0.006676 0.999904 
1.190000 -7.998969 0.006532 0.999909 
1.200000 -7.999003 0.006399 0.999913 
1.210000 -7.999033 0.006275 0.999917 
1.220000 -7.999062 0.006162 0.999920 
1.230000 -7.999088 0.006057 0.999924 
1.240000 -7.999112 0.005962 0.999927 
1.250000 -7.999134 0.005874 0.999929 
1.260000 -7.999155 0.005793 0.999932 
1.270000 -7.999173 0.005719 0.999934 
1.280000 -7.999191 0.005651 0.999937 
1.290000 -7.999207 0.005588 0.999939 
1.300000 -7.999222 0.005530 0.999940 
1.310000 -7.999235 0.005473 0.999942 
1.320000 -7.999247 0.005422 0.999944 
1.330000 -7.999259 0.005375 0.999945 
1.340000 -7.999269 0.005333 0.999946 
1.350000 -7.999279 0.005294 0.999948 
1.360000 -7.999288 0.005258 0.999949 
1.370000 -7.999296 0.005226 0.999950 
1.380000 -7.999304 0.005196 0.999951 
1.390000 -7.999311 0.005169 0.999951 
1.400000 -7.999317 0.005143 0.999952 
1.410000 -7.999324 0.005114 0.999953 
1.420000 -7.999330 0.005087 0.999954 
1.430000 -7.999335 0.005065 0.999954 
1.440000 -7.999340 0.005044 0.999955 
1.450000 -7.999345 0.005026 0.999956 
1.460000 -7.999349 0.005011 0.999956 
1.470000 -7.999353 0.004996 0.999957 
1.480000 -7.999356 0.004983 0.999957 
1.490000 -7.999359 0.004972 0.999957 
1.500000 -7.999362 0.004962 0.999958 
1.510000 -7.999365 0.004947 0.999958 
1.520000 -7.999368 0.004935 0.999959 
1.530000 -7.999370 0.004925 0.999959 
1.540000 -7.999372 0.004916 0.999959 
1.550000 -7.999374 0.004909 0.999959 
1.560000 -7.999376 0.004902 0.999960 
1.570000 -7.999377 0.004897 0.999960 
1.580000 -7.999379 0.004893 0.999960 
1.590000 -7.999380 0.004889 0.999960 
1.600000 -7.999381 0.004885 0.999960 
1.610000 -7.999382 0.004880 0.999960 
1.620000 -7.999383 0.004876 0.999961 
1.630000 -7.999384 0.004872 0.999961 
1.640000 -7.999385 0.004870 0.999961 
1.650000 -7.999386 0.004867 0.999961 
1.660000 -7.999386 0.004865 0.999961 
1.670000 -7.999387 0.004864 0.999961 
1.680000 -7.999387 0.004863 0.999961 
1.690000 -7.999388 0.004862 0.999961 
1.700000 -7.999388 0.004861 0.999961 
1.710000 -7.999389 0.004853 0.999961 
1.720000 -7.999390 0.004848 0.999961 
1.730000 -7.999391 0.004844 0.999961 
1.740000 -7.999392 0.004842 0.999962 
1.750000 -7.999392 0.004840 0.999962 
1.760000 -7.999393 0.004840 0.999962 
1.770000 -7.999393 0.004840 0.999962 
1.780000 -7.999393 0.004840 0.999962 
1.790000 -7.999393 0.004841 0.999962 
1.800000 -7.999393 0.004842 0.999962 
1.810000 -7.999394 0.004837 0.999962 
1.820000 -7.999395 0.004833 0.999962 
1.830000 -7.999395 0.004830 0.999962 
1.840000 -7.999395 0.004827 0.999962 
1.850000 -7.999396 0.004826 0.999962 
1.860000 -7.999396 0.004824 0.999962 
1.870000 -7.999396 0.004824 0.999962 
1.880000 -7.999396 0.004823 0.999962 
1.890000 -7.999396 0.004822 0.999962 
1.900000 -7.999396 0.004822 0.999962 
1.910000 -7.999397 0.004820 0.999962 
1.920000 -7.999397 0.004820 0.999962 
1.930000 -7.999397 0.004820 0.999962 
1.940000 -7.999397 0.004820 0.999962 
1.950000 -7.999397 0.004822 0.999962 
1.960000 -7.999397 0.004823 0.999962 
1.970000 -7.999397 0.004825 0.999962 
1.980000 -7.999397 0.004827 0.999962 
1.990000 -7.999397 0.004828 0.999962 
2.000000 -7.999396 0.004830 0.999962 
2.010000 -7.999397 0.004826 0.999962 
2.020000 -7.999397 0.004823 0.999962 
2.030000 -7.999397 0.004822 0.999962 
2.040000 -7.999397 0.004821 0.999962 
2.050000 -7.999397 0.004822 0.999962 
2.060000 -7.999397 0.004823 0.999962 
2.070000 -7.999397 0.004824 0.999962 
2.080000 -7.999397 0.004826 0.999962 
2.090000 -7.999397 0.004828 0.999962 
2.100000 -7.999396 0.004829 0.999962 
2.110000 -7.999397 0.004826 0.999962 
2.120000 -7.999397 0.004824 0.999962 
2.130000 -7.999397 0.004822 0.999962 
2.140000 -7.999397 0.004822 0.999962 
2.150000 -7.999397 0.004822 0.999962 
2.160000 -7.999397 0.004822 0.999962 
2.170000 -7.999397 0.004823 0.999962 
2.180000 -7.999397 0.004824 0.999962 
2.190000 -7.999397 0.004825 0.999962 
2.200000 -7.999397 0.004826 0.999962 
2.210000 -7.999398 0.004820 0.999962 
2.220000 -7.999398 0.004816 0.999962 
2.230000 -7.999398 0.004813 0.999962 
2.240000 -7.999398 0.004813 0.999962 
2.250000 -7.999398 0.004814 0.999962 
2.260000 -7.999398 0.004816 0.999962 
2.270000 -7.999398 0.004818 0.999962 
2.280000 -7.999397 0.004821 0.999962 
2.290000 -7.999397 0.004825 0.999962 
2.300000 -7.999396 0.004828 0.999962 
2.310000 -7.999397 0.004825 0.999962 
2.320000 -7.999397 0.004823 0.999962 
2.330000 -7.999397 0.004822 0.999962 
2.340000 -7.999397 0.004821 0.999962 
2.350000 -7.999397 0.004821 0.999962 
2.360000 -7.999397 0.004822 0.999962 
2.370000 -7.999397 0.004823 0.999962 
2.380000 -7.999397 0.004824 0.999962 
2.390000 -7.999397 0.004825 0.999962 
2.400000 -7.999397 0.004826 0.999962 
2.410000 -7.999397 0.004821 0.999962 
2.420000 -7.999398 0.004819 0.999962 
2.430000 -7.999398 0.004818 0.999962 
2.440000 -7.999398 0.004818 0.999962 
2.450000 -7.999398 0.004819 0.999962 
2.460000 -7.999397 0.004821 0.999962 
2.470000 -7.999397 0.004824 0.999962 
2.480000 -7.999397 0.004826 0.999962 
2.490000 -7.999397 0.004829 0.999962 
2.500000 -7.999396 0.004832 0.999962 
2.510000 -7.999397 0.004827 0.999962 
2.520000 -7.999397 0.004823 0.999962 
2.530000 -7.999398 0.004820 0.999962 
2.540000 -7.999398 0.004818 0.999962 
2.550000 -7.999398 0.004817 0.999962 
2.560000 -7.999398 0.004816 0.999962 
2.570000 -7.999398 0.004816 0.999962 
2.580000 -7.999398 0.004816 0.999962 
2.590000 -7.999398 0.004816 0.999962 
2.600000 -7.999398 0.004816 0.999962 
2.610000 -7.999398 0.004817 0.999962 
2.620000 -7.999398 0.004818 0.999962 
2.630000 -7.999398 0.004820 0.999962 
2.640000 -7.999397 0.004822 0.999962 
2.650000 -7.999397 0.004825 0.999962 
2.660000 -7.999397 0.004827 0.999962 
2.670000 -7.999396 0.004830 0.999962 
2.680000 -7.999396 0.004833 0.999962 
2.690000 -7.999396 0.004835 0.999962 
2.700000 -7.999396 0.004838 0.999962 
2.710000 -7.999396 0.004834 0.999962 
2.720000 -7.999396 0.004831 0.999962 
2.730000 -7.999397 0.004829 0.999962 
2.740000 -7.999397 0.004829 0.999962 
2.750000 -7.999397 0.004829 0.999962 
2.760000 -7.999397 0.004830 0.999962 
2.770000 -7.999397 0.004831 0.999962 
2.780000 -7.999396 0.004832 0.999962 
2.790000 -7.999396 0.004834 0.999962 
2.800000 -7.999396 0.004836 0.999962 
2.810000 -7.999397 0.004829 0.999962 
2.820000 -7.999397 0.004824 0.999962 
2.830000 -7.999398 0.004820 0.999962 
2.840000 -7.999398 0.004818 0.999962 
2.850000 -7.999398 0.004816 0.999962 
2.860000 -7.999398 0.004816 0.999962 
2.870000 -7.999398 0.004815 0.999962 
2.880000 -7.999398 0.004816 0.999962 
2.890000 -7.999398 0.004816 0.999962 
2.900000 -7.999398 0.004817 0.999962 
2.910000 -7.999398 0.004814 0.999962 
2.920000 -7.999399 0.004812 0.999962 
2.930000 -7.999399 0.004811 0.999962 
2.940000 -7.999399 0.004811 0.999962 
2.950000 -7.999399 0.004811 0.999962 
2.960000 -7.999399 0.004812 0.999962 
2.970000 -7.999399 0.004812 0.999962 
2.980000 -7.999398 0.004813 0.999962 
2.990000 -7.999398 0.004814 0.999962 
3.000000 -7.999398 0.004816 0.999962 
3.010000 -7.999399 0.004811 0.999962 
3.020000 -7.999399 0.004809 0.999962 
3.030000 -7.999399 0.004808 0.999962 
3.040000 -7.999399 0.004807 0.999962 
3.050000 -7.999399 0.004808 0.999962 
3.060000 -7.999399 0.004809 0.999962 
3.070000 -7.999399 0.004810 0.999962 
3.080000 -7.999399 0.004811 0.999962 
3.090000 -7.999398 0.004813 0.999962 
3.100000 -7.999398 0.004815 0.999962 
3.110000 -7.999398 0.004813 0.999962 
3.120000 -7.999399 0.004812 0.999962 
3.130000 -7.999398 0.004813 0.999962 
3.140000 -7.999398 0.004814 0.999962 
3.150000 -7.999398 0.004816 0.999962 
3.160000 -7.999398 0.004818 0.999962 
3.170000 -7.999398 0.004821 0.999962 
3.180000 -7.999397 0.004824 0.999962 
3.190000 -7.999397 0.004827 0.999962 
3.200000 -7.999397 0.004829 0.999962 
3.210000 -7.999397 0.004823 0.999962 
3.220000 -7.999398 0.004819 0.999962 
3.230000 -7.999398 0.004815 0.999962 
3.240000 -7.999398 0.004813 0.999962 
3.250000 -7.999399 0.004811 0.999962 
3.260000 -7.999399 0.004810 0.999962 
3.270000 -7.999399 0.004809 0.999962 
3.280000 -7.999399 0.004809 0.999962 
3.290000 -7.999399 0.004809 0.999962 
3.300000 -7.999399 0.004809 0.999962 
3.310000 -7.999399 0.004807 0.999962 
3.320000 -7.999399 0.004806 0.999962 
3.330000 -7.999399 0.004807 0.999962 
3.340000 -7.999399 0.004809 0.999962 
3.350000 -7.999399 0.004811 0.999962 
3.360000 -7.999399 0.004814 0.999962 
3.370000 -7.999398 0.004817 0.999962 
3.380000 -7.999398 0.004820 0.999962 
3.390000 -7.999398 0.004823 0.999962 
3.400000 -7.999397 0.004826 0.999962 
3.410000 -7.999398 0.004819 0.999962 
3.420000 -7.999398 0.004815 0.999962 
3.430000 -7.999399 0.004813 0.999962 
3.440000 -7.999399 0.004812 0.999962 
3.450000 -7.999399 0.004812 0.999962 
3.460000 -7.999399 0.004813 0.999962 
3.470000 -7.999398 0.004814 0.999962 
3.480000 -7.999398 0.004816 0.999962 
3.490000 -7.999398 0.004819 0.999962 
3.500000 -7.999398 0.004821 0.999962 
3.510000 -7.999398 0.004817 0.999962 
3.520000 -7.999398 0.004814 0.999962 
3.530000 -7.999399 0.004812 0.999962 
3.540000 -7.999399 0.004811 0.999962 
3.550000 -7.999399 0.004811 0.999962 
3.560000 -7.999399 0.004812 0.999962 
3.570000 -7.999399 0.004812 0.999962 
3.580000 -7.999399 0.004814 0.999962 
3.590000 -7.999398 0.004815 0.999962 
3.600000 -7.999398 0.004816 0.999962 
3.610000 -7.999398 0.004814 0.999962 
3.620000 -7.999399 0.004814 0.999962 
3.630000 -7.999398 0.004814 0.999962 
3.640000 -7.999398 0.004814 0.999962 
3.650000 -7.999398 0.004816 0.999962 
3.660000 -7.999398 0.004817 0.999962 
3.670000 -7.999398 0.004819 0.999962 
3.680000 -7.999398 0.004821 0.999962 
3.690000 -7.999397 0.004824 0.999962 
3.700000 -7.999397 0.004826 0.999962 
3.710000 -7.999397 0.004821 0.999962 
3.720000 -7.999398 0.004819 0.999962 
3.730000 -7.999398 0.004818 0.999962 
3.740000 -7.999398 0.004819 0.999962 
3.750000 -7.999397 0.004820 0.999962 
3.760000 -7.999397 0.004822 0.999962 
3.770000 -7.999397 0.004824 0.999962 
3.780000 -7.999397 0.004826 0.999962 
3.790000 -7.999396 0.004829 0.999962 
3.800000 -7.999396 0.004832 0.999962 
3.810000 -7.999396 0.004830 0.999962 
3.820000 -7.999396 0.004828 0.999962 
3.830000 -7.999396 0.004828 0.999962 
3.840000 -7.999397 0.004828 0.999962 
3.850000 -7.999396 0.004828 0.999962 
3.860000 -7.999396 0.004829 0.999962 
3.870000 -7.999396 0.004831 0.999962 
3.880000 -7.999396 0.004832 0.999962 
3.890000 -7.999396 0.004833 0.999962 
3.900000 -7.999396 0.004835 0.999962 
3.910000 -7.999397 0.004828 0.999962 
3.920000 -7.999397 0.004822 0.999962 
3.930000 -7.999398 0.004818 0.999962 
3.940000 -7.999398 0.004815 0.999962 
3.950000 -7.999398 0.004814 0.999962 
3.960000 -7.999398 0.004813 0.999962 
3.970000 -7.999398 0.004812 0.999962 
3.980000 -7.999398 0.004812 0.999962 
3.990000 -7.999398 0.004812 0.999962 
4.000000 -7.999398 0.004813 0.999962 
