0.000000 -1.500000 0.750000 0.125000 
0.010000 -1.514999 0.749923 0.128787 
0.020000 -1.529995 0.749696 0.132649 
0.030000 -1.544986 0.749320 0.136586 
0.040000 -1.559968 0.748794 0.140597 
0.050000 -1.574939 0.748117 0.144683 
0.060000 -1.589894 0.747293 0.148844 
0.070000 -1.604833 0.746320 0.153078 
0.080000 -1.619750 0.745201 0.157386 
0.090000 -1.634644 0.743936 0.161767 
0.100000 -1.649512 0.742525 0.166221 
0.110000 -1.664347 0.740973 0.170746 
0.120000 -1.679150 0.739279 0.175342 
0.130000 -1.693917 0.737443 0.180010 
0.140000 -1.708647 0.735467 0.184746 
0.150000 -1.723337 0.733351 0.189552 
0.160000 -1.737983 0.731099 0.194426 
0.170000 -1.752583 0.728712 0.199367 
0.180000 -1.767134 0.726192 0.204375 
0.190000 -1.781634 0.723540 0.209447 
0.200000 -1.796080 0.720757 0.214583 
0.210000 -1.810464 0.717844 0.219778 
0.220000 -1.824790 0.714806 0.225035 
0.230000 -1.839054 0.711644 0.230352 
0.240000 -1.853253 0.708363 0.235728 
0.250000 -1.867387 0.704962 0.241160 
0.260000 -1.881451 0.701445 0.246649 
0.270000 -1.895444 0.697817 0.252192 
0.280000 -1.909364 0.694078 0.257787 
0.290000 -1.923208 0.690231 0.263434 
0.300000 -1.936975 0.686279 0.269130 
0.310000 -1.950660 0.682230 0.274876 
0.320000 -1.964264 0.678081 0.280668 
0.330000 -1.977783 0.673836 0.286504 
0.340000 -1.991218 0.669497 0.292383 
0.350000 -2.004565 0.665067 0.298302 
0.360000 -2.017823 0.660547 0.304261 
0.370000 -2.030990 0.655945 0.310256 
0.380000 -2.044064 0.651260 0.316288 
0.390000 -2.057044 0.646496 0.322352 
0.400000 -2.069928 0.641657 0.328448 
0.410000 -2.082712 0.636745 0.334571 
0.420000 -2.095396 0.631764 0.340722 
0.430000 -2.107981 0.626715 0.346898 
0.440000 -2.120465 0.621604 0.353097 
0.450000 -2.132846 0.616431 0.359319 
0.460000 -2.145123 0.611200 0.365560 
0.470000 -2.157295 0.605915 0.371818 
0.480000 -2.169362 0.600579 0.378092 
0.490000 -2.181321 0.595195 0.384380 
0.500000 -2.193172 0.589765 0.390679 
0.510000 -2.204913 0.584295 0.396989 
0.520000 -2.216545 0.578785 0.403306 
0.530000 -2.228066 0.573239 0.409629 
0.540000 -2.239477 0.567658 0.415956 
0.550000 -2.250776 0.562047 0.422285 
0.560000 -2.261962 0.556408 0.428613 
0.570000 -2.273035 0.550744 0.434940 
0.580000 -2.283995 0.545057 0.441263 
0.590000 -2.294842 0.539351 0.447581 
0.600000 -2.305574 0.533627 0.453891 
0.610000 -2.316191 0.527889 0.460191 
0.620000 -2.326693 0.522139 0.466480 
0.630000 -2.337080 0.516380 0.472757 
0.640000 -2.347352 0.510614 0.479019 
0.650000 -2.357509 0.504843 0.485264 
0.660000 -2.367551 0.499070 0.491492 
0.670000 -2.377477 0.493297 0.497701 
0.680000 -2.387288 0.487527 0.503889 
0.690000 -2.396983 0.481762 0.510054 
0.700000 -2.406564 0.476004 0.516195 
0.710000 -2.416025 0.470257 0.522308 
0.720000 -2.425372 0.464521 0.528394 
0.730000 -2.434605 0.458799 0.534452 
0.740000 -2.443723 0.453091 0.540481 
0.750000 -2.452728 0.447400 0.546478 
0.760000 -2.461619 0.441728 0.552443 
0.770000 -2.470397 0.436076 0.558375 
0.780000 -2.479062 0.430447 0.564272 
0.790000 -2.487616 0.424841 0.570133 
0.800000 -2.496057 0.419260 0.575957 
0.810000 -2.504387 0.413706 0.581744 
0.820000 -2.512607 0.408181 0.587491 
0.830000 -2.520717 0.402685 0.593199 
0.840000 -2.528717 0.397221 0.598865 
0.850000 -2.536608 0.391789 0.604490 
0.860000 -2.544391 0.386391 0.610071 
0.870000 -2.552067 0.381028 0.615610 
0.880000 -2.559635 0.375701 0.621103 
0.890000 -2.567098 0.370411 0.626552 
0.900000 -2.574455 0.365160 0.631955 
0.910000 -2.581707 0.359949 0.637311 
0.920000 -2.588855 0.354778 0.642619 
0.930000 -2.595900 0.349648 0.647880 
0.940000 -2.602843 0.344561 0.653093 
0.950000 -2.609685 0.339515 0.658257 
0.960000 -2.616426 0.334514 0.663372 
0.970000 -2.623068 0.329556 0.668437 
0.980000 -2.629611 0.324644 0.673452 
0.990000 -2.636056 0.319777 0.678416 
1.000000 -2.642405 0.314956 0.683330 
1.010000 -2.648656 0.310183 0.688191 
1.020000 -2.654812 0.305456 0.693002 
1.030000 -2.660875 0.300777 0.697760 
1.040000 -2.666844 0.296147 0.702467 
1.050000 -2.672721 0.291564 0.707122 
1.060000 -2.678507 0.287029 0.711724 
1.070000 -2.684203 0.282544 0.716275 
1.080000 -2.689810 0.278108 0.720773 
1.090000 -2.695328 0.273721 0.725218 
1.100000 -2.700759 0.269383 0.729611 
1.110000 -2.706104 0.265096 0.733952 
1.120000 -2.711363 0.260858 0.738239 
1.130000 -2.716539 0.256670 0.742475 
1.140000 -2.721630 0.252531 0.746658 
1.150000 -2.726640 0.248443 0.750789 
1.160000 -2.731569 0.244405 0.754867 
1.170000 -2.736417 0.240416 0.758894 
1.180000 -2.741186 0.236478 0.762869 
1.190000 -2.745877 0.232589 0.766792 
1.200000 -2.750490 0.228750 0.770663 
1.210000 -2.755027 0.224962 0.774483 
1.220000 -2.759489 0.221222 0.778252 
1.230000 -2.763876 0.217532 0.781970 
1.240000 -2.768190 0.213891 0.785638 
1.250000 -2.772432 0.210299 0.789255 
1.260000 -2.776602 0.206756 0.792822 
1.270000 -2.780702 0.203261 0.796339 
1.280000 -2.784733 0.199815 0.799807 
1.290000 -2.788695 0.196416 0.803226 
1.300000 -2.792590 0.193065 0.806596 
1.310000 -2.796418 0.189761 0.809919 
1.320000 -2.800181 0.186505 0.813193 
1.330000 -2.803880 0.183295 0.816419 
1.340000 -2.807514 0.180131 0.819598 
1.350000 -2.811086 0.177014 0.822730 
1.360000 -2.814596 0.173942 0.825816 
1.370000 -2.818045 0.170916 0.828855 
1.380000 -2.821433 0.167934 0.831849 
1.390000 -2.824763 0.164997 0.834798 
1.400000 -2.828034 0.162105 0.837702 
1.410000 -2.831248 0.159256 0.840561 
1.420000 -2.834405 0.156451 0.843376 
1.430000 -2.837506 0.153689 0.846147 
1.440000 -2.840553 0.150970 0.848876 
1.450000 -2.843546 0.148292 0.851562 
1.460000 -2.846485 0.145657 0.854205 
1.470000 -2.849372 0.143062 0.856807 
1.480000 -2.852208 0.140509 0.859368 
1.490000 -2.854993 0.137996 0.861888 
1.500000 -2.857728 0.135522 0.864368 
1.510000 -2.860415 0.133089 0.866808 
1.520000 -2.863052 0.130694 0.869208 
1.530000 -2.865643 0.128338 0.871569 
1.540000 -2.868186 0.126020 0.873892 
1.550000 -2.870684 0.123740 0.876177 
1.560000 -2.873136 0.121497 0.878425 
1.570000 -2.875544 0.119291 0.880635 
1.580000 -2.877909 0.117121 0.882809 
1.590000 -2.880230 0.114987 0.884947 
1.600000 -2.882509 0.112889 0.887049 
1.610000 -2.884746 0.110825 0.889116 
1.620000 -2.886942 0.108796 0.891148 
1.630000 -2.889097 0.106802 0.893146 
1.640000 -2.891214 0.104840 0.895110 
1.650000 -2.893291 0.102912 0.897041 
1.660000 -2.895330 0.101017 0.898939 
1.670000 -2.897332 0.099153 0.900805 
1.680000 -2.899297 0.097322 0.902639 
1.690000 -2.901225 0.095522 0.904441 
1.700000 -2.903118 0.093753 0.906212 
1.710000 -2.904975 0.092014 0.907953 
1.720000 -2.906798 0.090305 0.909663 
1.730000 -2.908588 0.088626 0.911344 
1.740000 -2.910344 0.086976 0.912996 
1.750000 -2.912067 0.085355 0.914619 
1.760000 -2.913758 0.083762 0.916213 
1.770000 -2.915417 0.082197 0.917779 
1.780000 -2.917046 0.080659 0.919318 
1.790000 -2.918644 0.079149 0.920830 
1.800000 -2.920212 0.077665 0.922315 
1.810000 -2.921751 0.076207 0.923774 
1.820000 -2.923261 0.074776 0.925206 
1.830000 -2.924742 0.073369 0.926614 
1.840000 -2.926196 0.071988 0.927996 
1.850000 -2.927622 0.070631 0.929354 
1.860000 -2.929021 0.069299 0.930687 
1.870000 -2.930394 0.067990 0.931996 
1.880000 -2.931741 0.066705 0.933282 
1.890000 -2.933063 0.065443 0.934545 
1.900000 -2.934359 0.064204 0.935784 
1.910000 -2.935631 0.062987 0.937002 
1.920000 -2.936879 0.061793 0.938197 
1.930000 -2.938103 0.060620 0.939371 
1.940000 -2.939304 0.059468 0.940523 
1.950000 -2.940482 0.058337 0.941654 
1.960000 -2.941637 0.057227 0.942765 
1.970000 -2.942771 0.056137 0.943855 
1.980000 -2.943883 0.055067 0.944926 
1.990000 -2.944974 0.054017 0.945976 
2.000000 -2.946044 0.052985 0.947008 
2.010000 -2.947093 0.051973 0.948020 
2.020000 -2.948123 0.050980 0.949014 
2.030000 -2.949132 0.050005 0.949990 
2.040000 -2.950123 0.049047 0.950947 
2.050000 -2.951094 0.048108 0.951887 
2.060000 -2.952047 0.047186 0.952810 
2.070000 -2.952982 0.046281 0.953715 
2.080000 -2.953899 0.045393 0.954603 
2.090000 -2.954798 0.044521 0.955475 
2.100000 -2.955680 0.043665 0.956331 
2.110000 -2.956544 0.042826 0.957171 
2.120000 -2.957393 0.042002 0.957995 
2.130000 -2.958225 0.041193 0.958804 
2.140000 -2.959041 0.040400 0.959597 
2.150000 -2.959841 0.039621 0.960376 
2.160000 -2.960625 0.038858 0.961140 
2.170000 -2.961395 0.038108 0.961890 
2.180000 -2.962150 0.037372 0.962625 
2.190000 -2.962890 0.036651 0.963347 
2.200000 -2.963616 0.035943 0.964055 
2.210000 -2.964328 0.035248 0.964750 
2.220000 -2.965026 0.034566 0.965432 
2.230000 -2.965710 0.033897 0.966101 
2.240000 -2.966382 0.033241 0.966757 
2.250000 -2.967040 0.032598 0.967401 
2.260000 -2.967686 0.031966 0.968033 
2.270000 -2.968319 0.031346 0.968652 
2.280000 -2.968940 0.030739 0.969260 
2.290000 -2.969548 0.030142 0.969856 
2.300000 -2.970145 0.029557 0.970441 
2.310000 -2.970731 0.028983 0.971015 
2.320000 -2.971305 0.028421 0.971578 
2.330000 -2.971868 0.027868 0.972131 
2.340000 -2.972420 0.027327 0.972672 
2.350000 -2.972961 0.026795 0.973204 
2.360000 -2.973492 0.026274 0.973725 
2.370000 -2.974012 0.025763 0.974236 
2.380000 -2.974522 0.025261 0.974738 
2.390000 -2.975022 0.024769 0.975230 
2.400000 -2.975513 0.024287 0.975712 
2.410000 -2.975994 0.023814 0.976186 
2.420000 -2.976466 0.023350 0.976650 
2.430000 -2.976928 0.022894 0.977105 
2.440000 -2.977382 0.022448 0.977552 
2.450000 -2.977826 0.022010 0.977990 
2.460000 -2.978262 0.021580 0.978419 
2.470000 -2.978689 0.021159 0.978840 
2.480000 -2.979108 0.020746 0.979254 
2.490000 -2.979519 0.020341 0.979659 
2.500000 -2.979922 0.019943 0.980056 
2.510000 -2.980317 0.019554 0.980446 
2.520000 -2.980704 0.019171 0.980828 
2.530000 -2.981084 0.018797 0.981203 
2.540000 -2.981456 0.018429 0.981571 
2.550000 -2.981821 0.018069 0.981931 
2.560000 -2.982179 0.017715 0.982285 
2.570000 -2.982530 0.017368 0.982631 
2.580000 -2.982874 0.017028 0.982971 
2.590000 -2.983211 0.016695 0.983305 
2.600000 -2.983542 0.016368 0.983632 
2.610000 -2.983866 0.016047 0.983952 
2.620000 -2.984184 0.015733 0.984267 
2.630000 -2.984495 0.015425 0.984575 
2.640000 -2.984801 0.015122 0.984877 
2.650000 -2.985100 0.014826 0.985174 
2.660000 -2.985394 0.014535 0.985465 
2.670000 -2.985682 0.014250 0.985750 
2.680000 -2.985964 0.013971 0.986029 
2.690000 -2.986240 0.013697 0.986303 
2.700000 -2.986512 0.013428 0.986572 
2.710000 -2.986777 0.013164 0.986836 
2.720000 -2.987038 0.012906 0.987094 
2.730000 -2.987294 0.012652 0.987347 
2.740000 -2.987544 0.012404 0.987596 
2.750000 -2.987790 0.012160 0.987840 
2.760000 -2.988031 0.011921 0.988078 
2.770000 -2.988267 0.011687 0.988313 
2.780000 -2.988498 0.011458 0.988542 
2.790000 -2.988725 0.011232 0.988767 
2.800000 -2.988948 0.011012 0.988988 
2.810000 -2.989166 0.010795 0.989205 
2.820000 -2.989379 0.010583 0.989417 
2.830000 -2.989589 0.010375 0.989625 
2.840000 -2.989794 0.010171 0.989829 
2.850000 -2.989996 0.009971 0.990029 
2.860000 -2.990193 0.009775 0.990225 
2.870000 -2.990387 0.009582 0.990418 
2.880000 -2.990577 0.009394 0.990606 
2.890000 -2.990763 0.009209 0.990791 
2.900000 -2.990945 0.009028 0.990972 
2.910000 -2.991124 0.008850 0.991150 
2.920000 -2.991299 0.008676 0.991324 
2.930000 -2.991471 0.008505 0.991495 
2.940000 -2.991639 0.008337 0.991663 
2.950000 -2.991804 0.008173 0.991827 
2.960000 -2.991966 0.008012 0.991988 
2.970000 -2.992125 0.007854 0.992146 
2.980000 -2.992280 0.007700 0.992300 
2.990000 -2.992433 0.007548 0.992452 
3.000000 -2.992582 0.007399 0.992601 
3.010000 -2.992729 0.007254 0.992746 
3.020000 -2.992872 0.007111 0.992889 
3.030000 -2.993013 0.006970 0.993030 
3.040000 -2.993151 0.006833 0.993167 
3.050000 -2.993287 0.006698 0.993302 
3.060000 -2.993419 0.006566 0.993434 
3.070000 -2.993549 0.006437 0.993563 
3.080000 -2.993677 0.006310 0.993690 
3.090000 -2.993802 0.006185 0.993815 
3.100000 -2.993924 0.006063 0.993936 
3.110000 -2.994044 0.005944 0.994056 
3.120000 -2.994162 0.005827 0.994173 
3.130000 -2.994277 0.005712 0.994288 
3.140000 -2.994390 0.005599 0.994401 
3.150000 -2.994501 0.005489 0.994511 
3.160000 -2.994610 0.005380 0.994620 
3.170000 -2.994717 0.005274 0.994726 
3.180000 -2.994821 0.005170 0.994830 
3.190000 -2.994923 0.005068 0.994932 
3.200000 -2.995024 0.004968 0.995032 
3.210000 -2.995122 0.004870 0.995130 
3.220000 -2.995219 0.004774 0.995226 
3.230000 -2.995313 0.004680 0.995320 
3.240000 -2.995406 0.004587 0.995413 
3.250000 -2.995497 0.004497 0.995503 
3.260000 -2.995586 0.004408 0.995592 
3.270000 -2.995673 0.004321 0.995679 
3.280000 -2.995758 0.004236 0.995764 
3.290000 -2.995842 0.004152 0.995848 
3.300000 -2.995925 0.004070 0.995930 
3.310000 -2.996005 0.003990 0.996010 
3.320000 -2.996084 0.003911 0.996089 
3.330000 -2.996162 0.003834 0.996166 
3.340000 -2.996237 0.003758 0.996242 
3.350000 -2.996312 0.003684 0.996316 
3.360000 -2.996385 0.003611 0.996389 
3.370000 -2.996456 0.003539 0.996461 
3.380000 -2.996526 0.003470 0.996530 
3.390000 -2.996595 0.003401 0.996599 
3.400000 -2.996662 0.003334 0.996666 
3.410000 -2.996728 0.003268 0.996732 
3.420000 -2.996793 0.003203 0.996797 
3.430000 -2.996857 0.003140 0.996860 
3.440000 -2.996919 0.003078 0.996922 
3.450000 -2.996980 0.003017 0.996983 
3.460000 -2.997040 0.002958 0.997042 
3.470000 -2.997098 0.002899 0.997101 
3.480000 -2.997155 0.002842 0.997158 
3.490000 -2.997212 0.002786 0.997214 
3.500000 -2.997267 0.002731 0.997269 
3.510000 -2.997321 0.002677 0.997323 
3.520000 -2.997374 0.002624 0.997376 
3.530000 -2.997426 0.002572 0.997428 
3.540000 -2.997477 0.002521 0.997479 
3.550000 -2.997527 0.002471 0.997529 
3.560000 -2.997576 0.002422 0.997578 
3.570000 -2.997624 0.002374 0.997626 
3.580000 -2.997671 0.002327 0.997673 
3.590000 -2.997717 0.002281 0.997719 
3.600000 -2.997762 0.002236 0.997764 
3.610000 -2.997806 0.002192 0.997808 
3.620000 -2.997850 0.002149 0.997851 
3.630000 -2.997892 0.002106 0.997894 
3.640000 -2.997934 0.002065 0.997935 
3.650000 -2.997975 0.002024 0.997976 
3.660000 -2.998015 0.001984 0.998016 
3.670000 -2.998054 0.001945 0.998055 
3.680000 -2.998093 0.001906 0.998094 
3.690000 -2.998130 0.001868 0.998132 
3.700000 -2.998167 0.001831 0.998169 
3.710000 -2.998204 0.001795 0.998205 
3.720000 -2.998239 0.001760 0.998240 
3.730000 -2.998274 0.001725 0.998275 
3.740000 -2.998308 0.001691 0.998309 
3.750000 -2.998342 0.001657 0.998343 
3.760000 -2.998375 0.001625 0.998375 
3.770000 -2.998407 0.001592 0.998408 
3.780000 -2.998438 0.001561 0.998439 
3.790000 -2.998469 0.001530 0.998470 
3.800000 -2.998499 0.001500 0.998500 
3.810000 -2.998529 0.001470 0.998530 
3.820000 -2.998558 0.001441 0.998559 
3.830000 -2.998587 0.001413 0.998587 
3.840000 -2.998615 0.001385 0.998615 
3.850000 -2.998642 0.001357 0.998643 
3.860000 -2.998669 0.001330 0.998670 
3.870000 -2.998695 0.001304 0.998696 
3.880000 -2.998721 0.001278 0.998722 
3.890000 -2.998747 0.001253 0.998747 
3.900000 -2.998771 0.001228 0.998772 
3.910000 -2.998796 0.001204 0.998796 
3.920000 -2.998819 0.001180 0.998820 
3.930000 -2.998843 0.001157 0.998843 
3.940000 -2.998866 0.001134 0.998866 
3.950000 -2.998888 0.001111 0.998889 
3.960000 -2.998910 0.001089 0.998911 
3.970000 -2.998932 0.001068 0.998932 
3.980000 -2.998953 0.001047 0.998953 
3.990000 -2.998974 0.001026 0.998974 
4.000000 -2.998994 0.001006 0.998994 
4.010000 -2.999014 0.000986 0.999014 
4.020000 -2.999033 0.000966 0.999034 
4.030000 -2.999053 0.000947 0.999053 
4.040000 -2.999071 0.000928 0.999072 
4.050000 -2.999090 0.000910 0.999090 
4.060000 -2.999108 0.000892 0.999108 
4.070000 -2.999125 0.000874 0.999126 
4.080000 -2.999143 0.000857 0.999143 
4.090000 -2.999160 0.000840 0.999160 
4.100000 -2.999176 0.000823 0.999177 
4.110000 -2.999193 0.000807 0.999193 
4.120000 -2.999209 0.000791 0.999209 
4.130000 -2.999224 0.000776 0.999224 
4.140000 -2.999240 0.000760 0.999240 
4.150000 -2.999255 0.000745 0.999255 
4.160000 -2.999269 0.000730 0.999270 
4.170000 -2.999284 0.000716 0.999284 
4.180000 -2.999298 0.000702 0.999298 
4.190000 -2.999312 0.000688 0.999312 
4.200000 -2.999326 0.000674 0.999326 
4.210000 -2.999339 0.000661 0.999339 
4.220000 -2.999352 0.000648 0.999352 
4.230000 -2.999365 0.000635 0.999365 
4.240000 -2.999377 0.000622 0.999378 
4.250000 -2.999390 0.000610 0.999390 
4.260000 -2.999402 0.000598 0.999402 
4.270000 -2.999414 0.000586 0.999414 
4.280000 -2.999425 0.000575 0.999425 
4.290000 -2.999437 0.000563 0.999437 
4.300000 -2.999448 0.000552 0.999448 
4.310000 -2.999459 0.000541 0.999459 
4.320000 -2.999469 0.000530 0.999470 
4.330000 -2.999480 0.000520 0.999480 
4.340000 -2.999490 0.000510 0.999490 
4.350000 -2.999500 0.000500 0.999500 
4.360000 -2.999510 0.000490 0.999510 
4.370000 -2.999520 0.000480 0.999520 
4.380000 -2.999529 0.000470 0.999530 
4.390000 -2.999539 0.000461 0.999539 
4.400000 -2.999548 0.000452 0.999548 
4.410000 -2.999557 0.000443 0.999557 
4.420000 -2.999566 0.000434 0.999566 
4.430000 -2.999574 0.000426 0.999574 
4.440000 -2.999583 0.000417 0.999583 
4.450000 -2.999591 0.000409 0.999591 
4.460000 -2.999599 0.000401 0.999599 
4.470000 -2.999607 0.000393 0.999607 
4.480000 -2.999615 0.000385 0.999615 
4.490000 -2.999622 0.000378 0.999622 
4.500000 -2.999630 0.000370 0.999630 
4.510000 -2.999637 0.000363 0.999637 
4.520000 -2.999644 0.000356 0.999644 
4.530000 -2.999651 0.000349 0.999651 
4.540000 -2.999658 0.000342 0.999658 
4.550000 -2.999665 0.000335 0.999665 
4.560000 -2.999672 0.000328 0.999672 
4.570000 -2.999678 0.000322 0.999678 
4.580000 -2.999685 0.000315 0.999685 
4.590000 -2.999691 0.000309 0.999691 
4.600000 -2.999697 0.000303 0.999697 
4.610000 -2.999703 0.000297 0.999703 
4.620000 -2.999709 0.000291 0.999709 
4.630000 -2.999715 0.000285 0.999715 
4.640000 -2.999720 0.000280 0.999720 
4.650000 -2.999726 0.000274 0.999726 
4.660000 -2.999731 0.000269 0.999731 
4.670000 -2.999737 0.000263 0.999737 
4.680000 -2.999742 0.000258 0.999742 
4.690000 -2.999747 0.000253 0.999747 
4.700000 -2.999752 0.000248 0.999752 
4.710000 -2.999757 0.000243 0.999757 
4.720000 -2.999762 0.000238 0.999762 
4.730000 -2.999766 0.000234 0.999766 
4.740000 -2.999771 0.000229 0.999771 
4.750000 -2.999775 0.000225 0.999775 
4.760000 -2.999780 0.000220 0.999780 
4.770000 -2.999784 0.000216 0.999784 
4.780000 -2.999789 0.000211 0.999789 
4.790000 -2.999793 0.000207 0.999793 
4.800000 -2.999797 0.000203 0.999797 
4.810000 -2.999801 0.000199 0.999801 
4.820000 -2.999805 0.000195 0.999805 
4.830000 -2.999809 0.000191 0.999809 
4.840000 -2.999812 0.000188 0.999812 
4.850000 -2.999816 0.000184 0.999816 
4.860000 -2.999820 0.000180 0.999820 
4.870000 -2.999823 0.000177 0.999823 
4.880000 -2.999827 0.000173 0.999827 
4.890000 -2.999830 0.000170 0.999830 
4.900000 -2.999834 0.000166 0.999834 
4.910000 -2.999837 0.000163 0.999837 
4.920000 -2.999840 0.000160 0.999840 
4.930000 -2.999843 0.000157 0.999843 
4.940000 -2.999846 0.000154 0.999846 
4.950000 -2.999849 0.000151 0.999849 
4.960000 -2.999852 0.000148 0.999852 
4.970000 -2.999855 0.000145 0.999855 
4.980000 -2.999858 0.000142 0.999858 
4.990000 -2.999861 0.000139 0.999861 
5.000000 -2.999864 0.000136 0.999864 
5.010000 -2.999867 0.000133 0.999867 
5.020000 -2.999869 0.000131 0.999869 
5.030000 -2.999872 0.000128 0.999872 
5.040000 -2.999874 0.000126 0.999874 
5.050000 -2.999877 0.000123 0.999877 
5.060000 -2.999879 0.000121 0.999879 
5.070000 -2.999882 0.000118 0.999882 
5.080000 -2.999884 0.000116 0.999884 
5.090000 -2.999886 0.000114 0.999886 
5.100000 -2.999888 0.000112 0.999888 
5.110000 -2.999891 0.000109 0.999891 
5.120000 -2.999893 0.000107 0.999893 
5.130000 -2.999895 0.000105 0.999895 
5.140000 -2.999897 0.000103 0.999897 
5.150000 -2.999899 0.000101 0.999899 
5.160000 -2.999901 0.000099 0.999901 
5.170000 -2.999903 0.000097 0.999903 
5.180000 -2.999905 0.000095 0.999905 
5.190000 -2.999907 0.000093 0.999907 
5.200000 -2.999909 0.000091 0.999909 
5.210000 -2.999911 0.000089 0.999911 
5.220000 -2.999912 0.000088 0.999912 
5.230000 -2.999914 0.000086 0.999914 
5.240000 -2.999916 0.000084 0.999916 
5.250000 -2.999917 0.000083 0.999917 
5.260000 -2.999919 0.000081 0.999919 
5.270000 -2.999921 0.000079 0.999921 
5.280000 -2.999922 0.000078 0.999922 
5.290000 -2.999924 0.000076 0.999924 
5.300000 -2.999925 0.000075 0.999925 
5.310000 -2.999927 0.000073 0.999927 
5.320000 -2.999928 0.000072 0.999928 
5.330000 -2.999930 0.000070 0.999930 
5.340000 -2.999931 0.000069 0.999931 
5.350000 -2.999932 0.000068 0.999932 
5.360000 -2.999934 0.000066 0.999934 
5.370000 -2.999935 0.000065 0.999935 
5.380000 -2.999936 0.000064 0.999936 
5.390000 -2.999938 0.000062 0.999938 
5.400000 -2.999939 0.000061 0.999939 
5.410000 -2.999940 0.000060 0.999940 
5.420000 -2.999941 0.000059 0.999941 
5.430000 -2.999942 0.000058 0.999942 
5.440000 -2.999944 0.000056 0.999944 
5.450000 -2.999945 0.000055 0.999945 
5.460000 -2.999946 0.000054 0.999946 
5.470000 -2.999947 0.000053 0.999947 
5.480000 -2.999948 0.000052 0.999948 
5.490000 -2.999949 0.000051 0.999949 
5.500000 -2.999950 0.000050 0.999950 
5.510000 -2.999951 0.000049 0.999951 
5.520000 -2.999952 0.000048 0.999952 
5.530000 -2.999953 0.000047 0.999953 
5.540000 -2.999954 0.000046 0.999954 
5.550000 -2.999955 0.000045 0.999955 
5.560000 -2.999956 0.000044 0.999956 
5.570000 -2.999956 0.000044 0.999956 
5.580000 -2.999957 0.000043 0.999957 
5.590000 -2.999958 0.000042 0.999958 
5.600000 -2.999959 0.000041 0.999959 
5.610000 -2.999960 0.000040 0.999960 
5.620000 -2.999961 0.000039 0.999961 
5.630000 -2.999961 0.000039 0.999961 
5.640000 -2.999962 0.000038 0.999962 
5.650000 -2.999963 0.000037 0.999963 
5.660000 -2.999964 0.000036 0.999964 
5.670000 -2.999964 0.000036 0.999964 
5.680000 -2.999965 0.000035 0.999965 
5.690000 -2.999966 0.000034 0.999966 
5.700000 -2.999966 0.000034 0.999966 
5.710000 -2.999967 0.000033 0.999967 
5.720000 -2.999968 0.000032 0.999968 
5.730000 -2.999968 0.000032 0.999968 
5.740000 -2.999969 0.000031 0.999969 
5.750000 -2.999970 0.000030 0.999970 
5.760000 -2.999970 0.000030 0.999970 
5.770000 -2.999971 0.000029 0.999971 
5.780000 -2.999971 0.000029 0.999971 
5.790000 -2.999972 0.000028 0.999972 
5.800000 -2.999973 0.000027 0.999973 
5.810000 -2.999973 0.000027 0.999973 
5.820000 -2.999974 0.000026 0.999974 
5.830000 -2.999974 0.000026 0.999974 
5.840000 -2.999975 0.000025 0.999975 
5.850000 -2.999975 0.000025 0.999975 
5.860000 -2.999976 0.000024 0.999976 
5.870000 -2.999976 0.000024 0.999976 
5.880000 -2.999977 0.000023 0.999977 
5.890000 -2.999977 0.000023 0.999977 
5.900000 -2.999977 0.000023 0.999977 
5.910000 -2.999978 0.000022 0.999978 
5.920000 -2.999978 0.000022 0.999978 
5.930000 -2.999979 0.000021 0.999979 
5.940000 -2.999979 0.000021 0.999979 
5.950000 -2.999980 0.000020 0.999980 
5.960000 -2.999980 0.000020 0.999980 
5.970000 -2.999980 0.000020 0.999980 
5.980000 -2.999981 0.000019 0.999981 
5.990000 -2.999981 0.000019 0.999981 
6.000000 -2.999982 0.000018 0.999982 
6.010000 -2.999982 0.000018 0.999982 
6.020000 -2.999982 0.000018 0.999982 
6.030000 -2.999983 0.000017 0.999983 
6.040000 -2.999983 0.000017 0.999983 
6.050000 -2.999983 0.000017 0.999983 
6.060000 -2.999984 0.000016 0.999984 
6.070000 -2.999984 0.000016 0.999984 
6.080000 -2.999984 0.000016 0.999984 
6.090000 -2.999985 0.000015 0.999985 
6.100000 -2.999985 0.000015 0.999985 
6.110000 -2.999985 0.000015 0.999985 
6.120000 -2.999986 0.000014 0.999986 
6.130000 -2.999986 0.000014 0.999986 
6.140000 -2.999986 0.000014 0.999986 
6.150000 -2.999986 0.000014 0.999986 
6.160000 -2.999987 0.000013 0.999987 
6.170000 -2.999987 0.000013 0.999987 
6.180000 -2.999987 0.000013 0.999987 
6.190000 -2.999987 0.000013 0.999987 
6.200000 -2.999988 0.000012 0.999988 
6.210000 -2.999988 0.000012 0.999988 
6.220000 -2.999988 0.000012 0.999988 
6.230000 -2.999988 0.000012 0.999988 
6.240000 -2.999989 0.000011 0.999989 
6.250000 -2.999989 0.000011 0.999989 
6.260000 -2.999989 0.000011 0.999989 
6.270000 -2.999989 0.000011 0.999989 
6.280000 -2.999989 0.000011 0.999989 
6.290000 -2.999990 0.000010 0.999990 
6.300000 -2.999990 0.000010 0.999990 
6.310000 -2.999990 0.000010 0.999990 
6.320000 -2.999990 0.000010 0.999990 
6.330000 -2.999990 0.000010 0.999990 
6.340000 -2.999991 0.000009 0.999991 
6.350000 -2.999991 0.000009 0.999991 
6.360000 -2.999991 0.000009 0.999991 
6.370000 -2.999991 0.000009 0.999991 
6.380000 -2.999991 0.000009 0.999991 
6.390000 -2.999992 0.000008 0.999992 
6.400000 -2.999992 0.000008 0.999992 
6.410000 -2.999992 0.000008 0.999992 
6.420000 -2.999992 0.000008 0.999992 
6.430000 -2.999992 0.000008 0.999992 
6.440000 -2.999992 0.000008 0.999992 
6.450000 -2.999993 0.000007 0.999993 
6.460000 -2.999993 0.000007 0.999993 
6.470000 -2.999993 0.000007 0.999993 
6.480000 -2.999993 0.000007 0.999993 
6.490000 -2.999993 0.000007 0.999993 
6.500000 -2.999993 0.000007 0.999993 
6.510000 -2.999993 0.000007 0.999993 
6.520000 -2.999993 0.000007 0.999993 
6.530000 -2.999994 0.000006 0.999994 
6.540000 -2.999994 0.000006 0.999994 
6.550000 -2.999994 0.000006 0.999994 
6.560000 -2.999994 0.000006 0.999994 
6.570000 -2.999994 0.000006 0.999994 
6.580000 -2.999994 0.000006 0.999994 
6.590000 -2.999994 0.000006 0.999994 
6.600000 -2.999994 0.000006 0.999994 
6.610000 -2.999995 0.000005 0.999995 
6.620000 -2.999995 0.000005 0.999995 
6.630000 -2.999995 0.000005 0.999995 
6.640000 -2.999995 0.000005 0.999995 
6.650000 -2.999995 0.000005 0.999995 
6.660000 -2.999995 0.000005 0.999995 
6.670000 -2.999995 0.000005 0.999995 
6.680000 -2.999995 0.000005 0.999995 
6.690000 -2.999995 0.000005 0.999995 
6.700000 -2.999995 0.000005 0.999995 
6.710000 -2.999996 0.000004 0.999996 
6.720000 -2.999996 0.000004 0.999996 
6.730000 -2.999996 0.000004 0.999996 
6.740000 -2.999996 0.000004 0.999996 
6.750000 -2.999996 0.000004 0.999996 
6.760000 -2.999996 0.000004 0.999996 
6.770000 -2.999996 0.000004 0.999996 
6.780000 -2.999996 0.000004 0.999996 
6.790000 -2.999996 0.000004 0.999996 
6.800000 -2.999996 0.000004 0.999996 
6.810000 -2.999996 0.000004 0.999996 
6.820000 -2.999996 0.000004 0.999996 
6.830000 -2.999996 0.000004 0.999996 
6.840000 -2.999997 0.000003 0.999997 
6.850000 -2.999997 0.000003 0.999997 
6.860000 -2.999997 0.000003 0.999997 
6.870000 -2.999997 0.000003 0.999997 
6.880000 -2.999997 0.000003 0.999997 
6.890000 -2.999997 0.000003 0.999997 
6.900000 -2.999997 0.000003 0.999997 
6.910000 -2.999997 0.000003 0.999997 
6.920000 -2.999997 0.000003 0.999997 
6.930000 -2.999997 0.000003 0.999997 
6.940000 -2.999997 0.000003 0.999997 
6.950000 -2.999997 0.000003 0.999997 
6.960000 -2.999997 0.000003 0.999997 
6.970000 -2.999997 0.000003 0.999997 
6.980000 -2.999997 0.000003 0.999997 
6.990000 -2.999997 0.000003 0.999997 
7.000000 -2.999998 0.000002 0.999998 
7.010000 -2.999998 0.000002 0.999998 
7.020000 -2.999998 0.000002 0.999998 
7.030000 -2.999998 0.000002 0.999998 
7.040000 -2.999998 0.000002 0.999998 
7.050000 -2.999998 0.000002 0.999998 
7.060000 -2.999998 0.000002 0.999998 
7.070000 -2.999998 0.000002 0.999998 
7.080000 -2.999998 0.000002 0.999998 
7.090000 -2.999998 0.000002 0.999998 
7.100000 -2.999998 0.000002 0.999998 
7.110000 -2.999998 0.000002 0.999998 
7.120000 -2.999998 0.000002 0.999998 
7.130000 -2.999998 0.000002 0.999998 
7.140000 -2.999998 0.000002 0.999998 
7.150000 -2.999998 0.000002 0.999998 
7.160000 -2.999998 0.000002 0.999998 
7.170000 -2.999998 0.000002 0.999998 
7.180000 -2.999998 0.000002 0.999998 
7.190000 -2.999998 0.000002 0.999998 
7.200000 -2.999998 0.000002 0.999998 
7.210000 -2.999998 0.000002 0.999998 
7.220000 -2.999998 0.000002 0.999998 
7.230000 -2.999998 0.000002 0.999998 
7.240000 -2.999998 0.000002 0.999998 
7.250000 -2.999998 0.000002 0.999998 
7.260000 -2.999999 0.000001 0.999999 
7.270000 -2.999999 0.000001 0.999999 
7.280000 -2.999999 0.000001 0.999999 
7.290000 -2.999999 0.000001 0.999999 
7.300000 -2.999999 0.000001 0.999999 
7.310000 -2.999999 0.000001 0.999999 
7.320000 -2.999999 0.000001 0.999999 
7.330000 -2.999999 0.000001 0.999999 
7.340000 -2.999999 0.000001 0.999999 
7.350000 -2.999999 0.000001 0.999999 
7.360000 -2.999999 0.000001 0.999999 
7.370000 -2.999999 0.000001 0.999999 
7.380000 -2.999999 0.000001 0.999999 
7.390000 -2.999999 0.000001 0.999999 
7.400000 -2.999999 0.000001 0.999999 
7.410000 -2.999999 0.000001 0.999999 
7.420000 -2.999999 0.000001 0.999999 
7.430000 -2.999999 0.000001 0.999999 
7.440000 -2.999999 0.000001 0.999999 
7.450000 -2.999999 0.000001 0.999999 
7.460000 -2.999999 0.000001 0.999999 
7.470000 -2.999999 0.000001 0.999999 
7.480000 -2.999999 0.000001 0.999999 
7.490000 -2.999999 0.000001 0.999999 
7.500000 -2.999999 0.000001 0.999999 
7.510000 -2.999999 0.000001 0.999999 
7.520000 -2.999999 0.000001 0.999999 
7.530000 -2.999999 0.000001 0.999999 
7.540000 -2.999999 0.000001 0.999999 
7.550000 -2.999999 0.000001 0.999999 
7.560000 -2.999999 0.000001 0.999999 
7.570000 -2.999999 0.000001 0.999999 
7.580000 -2.999999 0.000001 0.999999 
7.590000 -2.999999 0.000001 0.999999 
7.600000 -2.999999 0.000001 0.999999 
7.610000 -2.999999 0.000001 0.999999 
7.620000 -2.999999 0.000001 0.999999 
7.630000 -2.999999 0.000001 0.999999 
7.640000 -2.999999 0.000001 0.999999 
7.650000 -2.999999 0.000001 0.999999 
7.660000 -2.999999 0.000001 0.999999 
7.670000 -2.999999 0.000001 0.999999 
7.680000 -2.999999 0.000001 0.999999 
7.690000 -2.999999 0.000001 0.999999 
7.700000 -2.999999 0.000001 0.999999 
7.710000 -2.999999 0.000001 0.999999 
7.720000 -2.999999 0.000001 0.999999 
7.730000 -2.999999 0.000001 0.999999 
7.740000 -2.999999 0.000001 0.999999 
7.750000 -2.999999 0.000001 0.999999 
7.760000 -2.999999 0.000001 0.999999 
7.770000 -2.999999 0.000001 0.999999 
7.780000 -2.999999 0.000001 0.999999 
7.790000 -2.999999 0.000001 0.999999 
7.800000 -2.999999 0.000001 0.999999 
7.810000 -3.000000 0.000000 1.000000 
7.820000 -3.000000 0.000000 1.000000 
7.830000 -3.000000 0.000000 1.000000 
7.840000 -3.000000 0.000000 1.000000 
7.850000 -3.000000 0.000000 1.000000 
7.860000 -3.000000 0.000000 1.000000 
7.870000 -3.000000 0.000000 1.000000 
7.880000 -3.000000 0.000000 1.000000 
7.890000 -3.000000 0.000000 1.000000 
7.900000 -3.000000 0.000000 1.000000 
7.910000 -3.000000 0.000000 1.000000 
7.920000 -3.000000 0.000000 1.000000 
7.930000 -3.000000 0.000000 1.000000 
7.940000 -3.000000 0.000000 1.000000 
7.950000 -3.000000 0.000000 1.000000 
7.960000 -3.000000 0.000000 1.000000 
7.970000 -3.000000 0.000000 1.000000 
7.980000 -3.000000 0.000000 1.000000 
7.990000 -3.000000 0.000000 1.000000 
8.000000 -3.000000 0.000000 1.000000 
