0.000000 -16.000000 64.000000 0.192884 
0.010000 -17.252917 58.698073 0.217871 
0.020000 -18.447005 53.121289 0.244221 
0.030000 -19.575477 47.406819 0.271713 
0.040000 -20.632554 41.689828 0.300088 
0.050000 -21.613527 36.098558 0.329055 
0.060000 -22.514797 30.750032 0.358300 
0.070000 -23.333894 25.746564 0.387495 
0.080000 -24.069463 21.173190 0.416307 
0.090000 -24.721243 17.096081 0.444408 
0.100000 -25.290014 13.561914 0.471487 
0.110000 -25.777527 10.598167 0.497258 
0.120000 -26.186420 8.214201 0.521466 
0.130000 -26.520115 6.403000 0.543901 
0.140000 -26.782704 5.143397 0.564395 
0.150000 -26.978828 4.402622 0.582830 
0.160000 -27.113547 4.138975 0.599137 
0.170000 -27.192216 4.304496 0.613296 
0.180000 -27.220356 4.847480 0.625328 
0.190000 -27.203534 5.714733 0.635298 
0.200000 -27.147260 6.853512 0.643301 
0.210000 -27.056890 8.213091 0.649460 
0.220000 -26.937542 9.745963 0.653918 
0.230000 -26.794038 11.408672 0.656833 
0.240000 -26.630853 13.162330 0.658368 
0.250000 -26.452083 14.972845 0.658688 
0.260000 -26.261429 16.810925 0.657955 
0.270000 -26.062194 18.651907 0.656324 
0.280000 -25.857283 20.475458 0.653942 
0.290000 -25.649226 22.265190 0.650944 
0.300000 -25.440193 24.008244 0.647451 
0.310000 -25.232022 25.694841 0.643573 
0.320000 -25.026248 27.317853 0.639407 
0.330000 -24.824132 28.872392 0.635038 
0.340000 -24.626690 30.355433 0.630537 
0.350000 -24.434724 31.765474 0.625966 
0.360000 -24.248849 33.102239 0.621376 
0.370000 -24.069516 34.366419 0.616812 
0.380000 -23.897042 35.559451 0.612308 
0.390000 -23.731623 36.683334 0.607891 
0.400000 -23.573359 37.740479 0.603585 
0.410000 -23.422269 38.733577 0.599407 
0.420000 -23.278306 39.665503 0.595368 
0.430000 -23.141369 40.539235 0.591478 
0.440000 -23.011312 41.357785 0.587744 
0.450000 -22.887959 42.124157 0.584168 
0.460000 -22.771107 42.841302 0.580753 
0.470000 -22.660535 43.512099 0.577496 
0.480000 -22.556007 44.139323 0.574397 
0.490000 -22.457280 44.725645 0.571453 
0.500000 -22.364107 45.273610 0.568660 
0.510000 -22.276238 45.785643 0.566014 
0.520000 -22.193426 46.264037 0.563510 
0.530000 -22.115424 46.710964 0.561142 
0.540000 -22.041993 47.128467 0.558906 
0.550000 -21.972897 47.518469 0.556795 
0.560000 -21.907911 47.882776 0.554805 
0.570000 -21.846812 48.223082 0.552928 
0.580000 -21.789391 48.540973 0.551161 
0.590000 -21.735443 48.837934 0.549498 
0.600000 -21.684773 49.115353 0.547932 
0.610000 -21.637196 49.374528 0.546460 
0.620000 -21.592535 49.616670 0.545076 
0.630000 -21.550619 49.842912 0.543775 
0.640000 -21.511289 50.054309 0.542553 
0.650000 -21.474393 50.251846 0.541405 
0.660000 -21.439785 50.436445 0.540328 
0.670000 -21.407330 50.608962 0.539316 
0.680000 -21.376898 50.770199 0.538366 
0.690000 -21.348368 50.920902 0.537476 
0.700000 -21.321623 51.061767 0.536640 
0.710000 -21.296554 51.193445 0.535856 
0.720000 -21.273061 51.316541 0.535121 
0.730000 -21.251045 51.431622 0.534432 
0.740000 -21.230416 51.539214 0.533786 
0.750000 -21.211088 51.639811 0.533180 
0.760000 -21.192980 51.733871 0.532612 
0.770000 -21.176017 51.821824 0.532080 
0.780000 -21.160128 51.904070 0.531581 
0.790000 -21.145245 51.980983 0.531114 
0.800000 -21.131305 52.052911 0.530677 
0.810000 -21.118250 52.120180 0.530267 
0.820000 -21.106024 52.183095 0.529882 
0.830000 -21.094575 52.241939 0.529523 
0.840000 -21.083854 52.296977 0.529186 
0.850000 -21.073815 52.348458 0.528870 
0.860000 -21.064415 52.396612 0.528574 
0.870000 -21.055614 52.441656 0.528297 
0.880000 -21.047373 52.483792 0.528038 
0.890000 -21.039658 52.523209 0.527795 
0.900000 -21.032435 52.560083 0.527568 
0.910000 -21.025673 52.594579 0.527355 
0.920000 -21.019342 52.626851 0.527156 
0.930000 -21.013416 52.657042 0.526969 
0.940000 -21.007868 52.685289 0.526795 
0.950000 -21.002675 52.711716 0.526631 
0.960000 -20.997813 52.736441 0.526478 
0.970000 -20.993263 52.759573 0.526335 
0.980000 -20.989003 52.781217 0.526200 
0.990000 -20.985015 52.801468 0.526075 
1.000000 -20.981283 52.820416 0.525957 
1.010000 -20.977790 52.838145 0.525847 
1.020000 -20.974520 52.854733 0.525744 
1.030000 -20.971459 52.870254 0.525648 
1.040000 -20.968594 52.884778 0.525557 
1.050000 -20.965913 52.898367 0.525473 
1.060000 -20.963403 52.911083 0.525394 
1.070000 -20.961054 52.922982 0.525320 
1.080000 -20.958856 52.934116 0.525250 
1.090000 -20.956798 52.944534 0.525186 
1.100000 -20.954872 52.954283 0.525125 
1.110000 -20.953070 52.963406 0.525068 
1.120000 -20.951383 52.971942 0.525015 
1.130000 -20.949804 52.979931 0.524965 
1.140000 -20.948326 52.987406 0.524918 
1.150000 -20.946943 52.994401 0.524875 
1.160000 -20.945649 53.000946 0.524834 
1.170000 -20.944437 53.007072 0.524796 
1.180000 -20.943304 53.012804 0.524760 
1.190000 -20.942243 53.018168 0.524727 
1.200000 -20.941249 53.023187 0.524695 
1.210000 -20.940320 53.027885 0.524666 
1.220000 -20.939450 53.032280 0.524639 
1.230000 -20.938636 53.036394 0.524613 
1.240000 -20.937874 53.040244 0.524589 
1.250000 -20.937161 53.043846 0.524566 
1.260000 -20.936494 53.047217 0.524545 
1.270000 -20.935869 53.050372 0.524526 
1.280000 -20.935285 53.053324 0.524507 
1.290000 -20.934738 53.056087 0.524490 
1.300000 -20.934226 53.058673 0.524474 
1.310000 -20.933747 53.061092 0.524459 
1.320000 -20.933298 53.063357 0.524445 
1.330000 -20.932879 53.065476 0.524431 
1.340000 -20.932486 53.067459 0.524419 
1.350000 -20.932119 53.069315 0.524407 
1.360000 -20.931775 53.071052 0.524396 
1.370000 -20.931453 53.072677 0.524386 
1.380000 -20.931151 53.074198 0.524377 
1.390000 -20.930869 53.075622 0.524368 
1.400000 -20.930606 53.076954 0.524360 
1.410000 -20.930359 53.078201 0.524352 
1.420000 -20.930127 53.079368 0.524344 
1.430000 -20.929911 53.080459 0.524338 
1.440000 -20.929709 53.081481 0.524331 
1.450000 -20.929519 53.082438 0.524325 
1.460000 -20.929342 53.083333 0.524320 
1.470000 -20.929176 53.084170 0.524314 
1.480000 -20.929021 53.084954 0.524310 
1.490000 -20.928875 53.085688 0.524305 
1.500000 -20.928739 53.086375 0.524301 
1.510000 -20.928612 53.087017 0.524297 
1.520000 -20.928493 53.087619 0.524293 
1.530000 -20.928381 53.088182 0.524289 
1.540000 -20.928277 53.088708 0.524286 
1.550000 -20.928179 53.089201 0.524283 
1.560000 -20.928088 53.089663 0.524280 
1.570000 -20.928002 53.090095 0.524277 
1.580000 -20.927922 53.090499 0.524275 
1.590000 -20.927847 53.090877 0.524273 
1.600000 -20.927777 53.091231 0.524270 
1.610000 -20.927711 53.091563 0.524268 
1.620000 -20.927650 53.091873 0.524266 
1.630000 -20.927592 53.092163 0.524264 
1.640000 -20.927538 53.092435 0.524263 
1.650000 -20.927488 53.092689 0.524261 
1.660000 -20.927441 53.092927 0.524260 
1.670000 -20.927396 53.093150 0.524258 
1.680000 -20.927355 53.093358 0.524257 
1.690000 -20.927316 53.093554 0.524256 
1.700000 -20.927280 53.093736 0.524255 
1.710000 -20.927246 53.093907 0.524254 
1.720000 -20.927215 53.094067 0.524253 
1.730000 -20.927185 53.094217 0.524252 
1.740000 -20.927157 53.094358 0.524251 
1.750000 -20.927131 53.094489 0.524250 
1.760000 -20.927107 53.094612 0.524249 
1.770000 -20.927084 53.094727 0.524248 
1.780000 -20.927062 53.094835 0.524248 
1.790000 -20.927042 53.094936 0.524247 
1.800000 -20.927024 53.095030 0.524246 
1.810000 -20.927006 53.095118 0.524246 
1.820000 -20.926990 53.095201 0.524245 
1.830000 -20.926974 53.095279 0.524245 
1.840000 -20.926960 53.095351 0.524244 
1.850000 -20.926946 53.095419 0.524244 
1.860000 -20.926934 53.095483 0.524244 
1.870000 -20.926922 53.095542 0.524243 
1.880000 -20.926911 53.095598 0.524243 
1.890000 -20.926900 53.095650 0.524243 
1.900000 -20.926891 53.095699 0.524242 
1.910000 -20.926882 53.095745 0.524242 
1.920000 -20.926873 53.095788 0.524242 
1.930000 -20.926865 53.095828 0.524241 
1.940000 -20.926858 53.095866 0.524241 
1.950000 -20.926851 53.095901 0.524241 
1.960000 -20.926844 53.095934 0.524241 
1.970000 -20.926838 53.095965 0.524241 
1.980000 -20.926832 53.095994 0.524240 
1.990000 -20.926827 53.096021 0.524240 
2.000000 -20.926822 53.096047 0.524240 
2.010000 -20.926817 53.096071 0.524240 
2.020000 -20.926812 53.096093 0.524240 
2.030000 -20.926808 53.096114 0.524240 
2.040000 -20.926804 53.096134 0.524239 
2.050000 -20.926801 53.096152 0.524239 
2.060000 -20.926797 53.096169 0.524239 
2.070000 -20.926794 53.096185 0.524239 
2.080000 -20.926791 53.096201 0.524239 
2.090000 -20.926788 53.096215 0.524239 
2.100000 -20.926785 53.096228 0.524239 
2.110000 -20.926783 53.096241 0.524239 
2.120000 -20.926781 53.096253 0.524239 
2.130000 -20.926778 53.096264 0.524239 
2.140000 -20.926776 53.096274 0.524239 
2.150000 -20.926774 53.096284 0.524239 
2.160000 -20.926773 53.096293 0.524238 
2.170000 -20.926771 53.096302 0.524238 
2.180000 -20.926769 53.096310 0.524238 
2.190000 -20.926768 53.096317 0.524238 
2.200000 -20.926766 53.096324 0.524238 
2.210000 -20.926765 53.096331 0.524238 
2.220000 -20.926764 53.096337 0.524238 
2.230000 -20.926762 53.096343 0.524238 
2.240000 -20.926761 53.096349 0.524238 
2.250000 -20.926760 53.096354 0.524238 
2.260000 -20.926759 53.096359 0.524238 
2.270000 -20.926758 53.096364 0.524238 
2.280000 -20.926757 53.096368 0.524238 
2.290000 -20.926757 53.096372 0.524238 
2.300000 -20.926756 53.096376 0.524238 
2.310000 -20.926755 53.096380 0.524238 
2.320000 -20.926754 53.096383 0.524238 
2.330000 -20.926754 53.096387 0.524238 
2.340000 -20.926753 53.096390 0.524238 
2.350000 -20.926752 53.096393 0.524238 
2.360000 -20.926752 53.096396 0.524238 
2.370000 -20.926751 53.096398 0.524238 
2.380000 -20.926751 53.096401 0.524238 
2.390000 -20.926750 53.096403 0.524238 
2.400000 -20.926750 53.096405 0.524238 
2.410000 -20.926749 53.096407 0.524238 
2.420000 -20.926749 53.096409 0.524238 
2.430000 -20.926749 53.096411 0.524238 
2.440000 -20.926748 53.096413 0.524238 
2.450000 -20.926748 53.096415 0.524238 
2.460000 -20.926748 53.096417 0.524238 
2.470000 -20.926747 53.096418 0.524238 
2.480000 -20.926747 53.096420 0.524238 
2.490000 -20.926747 53.096421 0.524238 
2.500000 -20.926746 53.096423 0.524238 
2.510000 -20.926746 53.096424 0.524238 
2.520000 -20.926746 53.096425 0.524238 
2.530000 -20.926746 53.096426 0.524238 
2.540000 -20.926745 53.096428 0.524238 
2.550000 -20.926745 53.096429 0.524238 
2.560000 -20.926745 53.096430 0.524237 
2.570000 -20.926745 53.096431 0.524237 
2.580000 -20.926744 53.096432 0.524237 
2.590000 -20.926744 53.096433 0.524237 
2.600000 -20.926744 53.096434 0.524237 
2.610000 -20.926744 53.096435 0.524237 
2.620000 -20.926744 53.096435 0.524237 
2.630000 -20.926743 53.096436 0.524237 
2.640000 -20.926743 53.096437 0.524237 
2.650000 -20.926743 53.096438 0.524237 
2.660000 -20.926743 53.096439 0.524237 
2.670000 -20.926743 53.096439 0.524237 
2.680000 -20.926743 53.096440 0.524237 
2.690000 -20.926743 53.096441 0.524237 
2.700000 -20.926742 53.096442 0.524237 
2.710000 -20.926742 53.096442 0.524237 
2.720000 -20.926742 53.096443 0.524237 
2.730000 -20.926742 53.096443 0.524237 
2.740000 -20.926742 53.096444 0.524237 
2.750000 -20.926742 53.096445 0.524237 
2.760000 -20.926742 53.096445 0.524237 
2.770000 -20.926741 53.096446 0.524237 
2.780000 -20.926741 53.096446 0.524237 
2.790000 -20.926741 53.096447 0.524237 
2.800000 -20.926741 53.096448 0.524237 
2.810000 -20.926741 53.096448 0.524237 
2.820000 -20.926741 53.096449 0.524237 
2.830000 -20.926741 53.096449 0.524237 
2.840000 -20.926741 53.096450 0.524237 
2.850000 -20.926741 53.096450 0.524237 
2.860000 -20.926740 53.096451 0.524237 
2.870000 -20.926740 53.096451 0.524237 
2.880000 -20.926740 53.096452 0.524237 
2.890000 -20.926740 53.096452 0.524237 
2.900000 -20.926740 53.096453 0.524237 
2.910000 -20.926740 53.096453 0.524237 
2.920000 -20.926740 53.096454 0.524237 
2.930000 -20.926740 53.096454 0.524237 
2.940000 -20.926740 53.096454 0.524237 
2.950000 -20.926740 53.096455 0.524237 
2.960000 -20.926739 53.096455 0.524237 
2.970000 -20.926739 53.096456 0.524237 
2.980000 -20.926739 53.096456 0.524237 
2.990000 -20.926739 53.096457 0.524237 
3.000000 -20.926739 53.096457 0.524237 
3.010000 -20.926739 53.096458 0.524237 
3.020000 -20.926739 53.096458 0.524237 
3.030000 -20.926739 53.096458 0.524237 
3.040000 -20.926739 53.096459 0.524237 
3.050000 -20.926739 53.096459 0.524237 
3.060000 -20.926739 53.096460 0.524237 
3.070000 -20.926739 53.096460 0.524237 
3.080000 -20.926738 53.096460 0.524237 
3.090000 -20.926738 53.096461 0.524237 
3.100000 -20.926738 53.096461 0.524237 
3.110000 -20.926738 53.096462 0.524237 
3.120000 -20.926738 53.096462 0.524237 
3.130000 -20.926738 53.096462 0.524237 
3.140000 -20.926738 53.096463 0.524237 
3.150000 -20.926738 53.096463 0.524237 
3.160000 -20.926738 53.096464 0.524237 
3.170000 -20.926738 53.096464 0.524237 
3.180000 -20.926738 53.096464 0.524237 
3.190000 -20.926738 53.096465 0.524237 
3.200000 -20.926737 53.096465 0.524237 
3.210000 -20.926737 53.096465 0.524237 
3.220000 -20.926737 53.096466 0.524237 
3.230000 -20.926737 53.096466 0.524237 
3.240000 -20.926737 53.096467 0.524237 
3.250000 -20.926737 53.096467 0.524237 
3.260000 -20.926737 53.096467 0.524237 
3.270000 -20.926737 53.096468 0.524237 
3.280000 -20.926737 53.096468 0.524237 
3.290000 -20.926737 53.096468 0.524237 
3.300000 -20.926737 53.096469 0.524237 
3.310000 -20.926737 53.096469 0.524237 
3.320000 -20.926737 53.096470 0.524237 
3.330000 -20.926737 53.096470 0.524237 
3.340000 -20.926736 53.096470 0.524237 
3.350000 -20.926736 53.096471 0.524237 
3.360000 -20.926736 53.096471 0.524237 
3.370000 -20.926736 53.096471 0.524237 
3.380000 -20.926736 53.096472 0.524237 
3.390000 -20.926736 53.096472 0.524237 
3.400000 -20.926736 53.096472 0.524237 
3.410000 -20.926736 53.096473 0.524237 
3.420000 -20.926736 53.096473 0.524237 
3.430000 -20.926736 53.096473 0.524237 
3.440000 -20.926736 53.096474 0.524237 
3.450000 -20.926736 53.096474 0.524237 
3.460000 -20.926736 53.096474 0.524237 
3.470000 -20.926736 53.096475 0.524237 
3.480000 -20.926736 53.096475 0.524237 
3.490000 -20.926735 53.096475 0.524237 
3.500000 -20.926735 53.096476 0.524237 
3.510000 -20.926735 53.096476 0.524237 
3.520000 -20.926735 53.096476 0.524237 
3.530000 -20.926735 53.096477 0.524237 
3.540000 -20.926735 53.096477 0.524237 
3.550000 -20.926735 53.096477 0.524237 
3.560000 -20.926735 53.096478 0.524237 
3.570000 -20.926735 53.096478 0.524237 
3.580000 -20.926735 53.096478 0.524237 
3.590000 -20.926735 53.096479 0.524237 
3.600000 -20.926735 53.096479 0.524237 
3.610000 -20.926735 53.096479 0.524237 
3.620000 -20.926735 53.096479 0.524237 
3.630000 -20.926735 53.096480 0.524237 
3.640000 -20.926735 53.096480 0.524237 
3.650000 -20.926734 53.096480 0.524237 
3.660000 -20.926734 53.096481 0.524237 
3.670000 -20.926734 53.096481 0.524237 
3.680000 -20.926734 53.096481 0.524237 
3.690000 -20.926734 53.096482 0.524237 
3.700000 -20.926734 53.096482 0.524237 
3.710000 -20.926734 53.096482 0.524237 
3.720000 -20.926734 53.096483 0.524237 
3.730000 -20.926734 53.096483 0.524237 
3.740000 -20.926734 53.096483 0.524237 
3.750000 -20.926734 53.096483 0.524237 
3.760000 -20.926734 53.096484 0.524237 
3.770000 -20.926734 53.096484 0.524237 
3.780000 -20.926734 53.096484 0.524237 
3.790000 -20.926734 53.096485 0.524237 
3.800000 -20.926734 53.096485 0.524237 
3.810000 -20.926734 53.096485 0.524237 
3.820000 -20.926733 53.096486 0.524237 
3.830000 -20.926733 53.096486 0.524237 
3.840000 -20.926733 53.096486 0.524237 
3.850000 -20.926733 53.096486 0.524237 
3.860000 -20.926733 53.096487 0.524237 
3.870000 -20.926733 53.096487 0.524237 
3.880000 -20.926733 53.096487 0.524237 
3.890000 -20.926733 53.096488 0.524237 
3.900000 -20.926733 53.096488 0.524237 
3.910000 -20.926733 53.096488 0.524237 
3.920000 -20.926733 53.096488 0.524237 
3.930000 -20.926733 53.096489 0.524237 
3.940000 -20.926733 53.096489 0.524237 
3.950000 -20.926733 53.096489 0.524237 
3.960000 -20.926733 53.096489 0.524237 
3.970000 -20.926733 53.096490 0.524237 
3.980000 -20.926733 53.096490 0.524237 
3.990000 -20.926733 53.096490 0.524237 
4.000000 -20.926733 53.096490 0.524237 
