FCI gs energy -11.211103 
FCI gs wfn 
000111 0.062920621519 0.000000000000 I 
001011 -0.207812695863 0.000000000000 I 
001101 0.207812695863 0.000000000000 I 
001110 -0.062920621519 0.000000000000 I 
010011 0.207812695863 0.000000000000 I 
010101 -0.478546013245 0.000000000000 I 
010110 0.207812695863 0.000000000000 I 
011001 0.207812695863 0.000000000000 I 
011010 -0.207812695863 0.000000000000 I 
011100 0.062920621519 0.000000000000 I 
100011 -0.062920621519 0.000000000000 I 
100101 0.207812695863 0.000000000000 I 
100110 -0.207812695863 0.000000000000 I 
101001 -0.207812695863 0.000000000000 I 
101010 0.478546013245 0.000000000000 I 
101100 -0.207812695863 0.000000000000 I 
110001 0.062920621519 0.000000000000 I 
110010 -0.207812695863 0.000000000000 I 
110100 0.207812695863 0.000000000000 I 
111000 -0.062920621519 0.000000000000 I 
QITE
0.000000 -6.000000 24.000000 0.478546 
0.010000 -6.460642 22.052606 0.502960 
0.020000 -6.881993 20.064664 0.525822 
0.030000 -7.263842 18.103997 0.547104 
0.040000 -7.607221 16.223003 0.566824 
0.050000 -7.913931 14.459524 0.585030 
0.060000 -8.185525 12.842812 0.601739 
0.070000 -8.424809 11.385165 0.617038 
0.080000 -8.634790 10.089244 0.631024 
0.090000 -8.818003 8.954181 0.643773 
0.100000 -8.977175 7.972615 0.655375 
0.110000 -9.131288 7.129491 0.669823 
0.120000 -9.268434 6.398885 0.683491 
0.130000 -9.390831 5.767980 0.696449 
0.140000 -9.500559 5.223845 0.708767 
0.150000 -9.599018 4.758479 0.720491 
0.160000 -9.687504 4.364400 0.731668 
0.170000 -9.767216 4.034593 0.742346 
0.180000 -9.839050 3.764543 0.752565 
0.190000 -9.903757 3.550847 0.762361 
0.200000 -9.961754 3.392985 0.771755 
0.210000 -10.017160 3.172414 0.780629 
0.220000 -10.068653 2.981312 0.789183 
0.230000 -10.116757 2.815065 0.797438 
0.240000 -10.161908 2.669988 0.805412 
0.250000 -10.204362 2.543894 0.813112 
0.260000 -10.244329 2.435259 0.820547 
0.270000 -10.281975 2.343226 0.827726 
0.280000 -10.317389 2.267746 0.834656 
0.290000 -10.350558 2.209780 0.841336 
0.300000 -10.381447 2.170723 0.847768 
0.310000 -10.407189 2.069540 0.851751 
0.320000 -10.431513 1.979433 0.855632 
0.330000 -10.454590 1.899215 0.859425 
0.340000 -10.476589 1.827752 0.863141 
0.350000 -10.497632 1.764213 0.866790 
0.360000 -10.517841 1.707779 0.870382 
0.370000 -10.537316 1.657792 0.873924 
0.380000 -10.555330 1.611568 0.877225 
0.390000 -10.572510 1.568429 0.880404 
0.400000 -10.588528 1.526773 0.883362 
0.410000 -10.603555 1.487051 0.886123 
0.420000 -10.618156 1.450350 0.888841 
0.430000 -10.632380 1.416288 0.891520 
0.440000 -10.646273 1.384532 0.894163 
0.450000 -10.659876 1.354826 0.896776 
0.460000 -10.673092 1.326656 0.899327 
0.470000 -10.685646 1.299435 0.901740 
0.480000 -10.697154 1.271640 0.903901 
0.490000 -10.708438 1.245399 0.906038 
0.500000 -10.719524 1.220532 0.908154 
0.510000 -10.729555 1.195297 0.910017 
0.520000 -10.739425 1.171387 0.911868 
0.530000 -10.749153 1.148655 0.913708 
0.540000 -10.758758 1.126967 0.915538 
0.550000 -10.767692 1.106092 0.917230 
0.560000 -10.776517 1.086068 0.918912 
0.570000 -10.785239 1.066825 0.920583 
0.580000 -10.793729 1.048221 0.922214 
0.590000 -10.801792 1.029917 0.923751 
0.600000 -10.809761 1.012305 0.925279 
0.610000 -10.817117 0.994444 0.926660 
0.620000 -10.824402 0.977261 0.928036 
0.630000 -10.831587 0.960702 0.929400 
0.640000 -10.838608 0.944645 0.930736 
0.650000 -10.845327 0.929080 0.932011 
0.660000 -10.851953 0.913961 0.933273 
0.670000 -10.858452 0.899196 0.934512 
0.680000 -10.864795 0.884808 0.935721 
0.690000 -10.870916 0.870694 0.936885 
0.700000 -10.876947 0.856901 0.938032 
0.710000 -10.882602 0.843267 0.939096 
0.720000 -10.888224 0.830026 0.940159 
0.730000 -10.893761 0.817149 0.941208 
0.740000 -10.899098 0.804558 0.942217 
0.750000 -10.904353 0.792261 0.943212 
0.760000 -10.909550 0.780241 0.944199 
0.770000 -10.914572 0.768422 0.945149 
0.780000 -10.919492 0.756833 0.946079 
0.790000 -10.924253 0.745475 0.946977 
0.800000 -10.928941 0.734361 0.947863 
0.810000 -10.933437 0.723429 0.948707 
0.820000 -10.937917 0.712747 0.949551 
0.830000 -10.942361 0.702277 0.950391 
0.840000 -10.946621 0.692003 0.951193 
0.850000 -10.950846 0.681912 0.951989 
0.860000 -10.954982 0.672009 0.952768 
0.870000 -10.959012 0.662282 0.953526 
0.880000 -10.962978 0.652741 0.954273 
0.890000 -10.966819 0.643364 0.954993 
0.900000 -10.970612 0.634173 0.955706 
0.910000 -10.974258 0.625122 0.956387 
0.920000 -10.977895 0.616246 0.957069 
0.930000 -10.981489 0.607529 0.957744 
0.940000 -10.984964 0.598958 0.958394 
0.950000 -10.988397 0.590527 0.959037 
0.960000 -10.991762 0.582236 0.959667 
0.970000 -10.995042 0.574107 0.960280 
0.980000 -10.998259 0.566114 0.960881 
0.990000 -11.001418 0.558279 0.961472 
1.000000 -11.004513 0.550583 0.962050 
1.010000 -11.007513 0.543115 0.962610 
1.020000 -11.010510 0.535775 0.963172 
1.030000 -11.013413 0.528536 0.963714 
1.040000 -11.016310 0.521423 0.964256 
1.050000 -11.019113 0.514400 0.964779 
1.060000 -11.021894 0.507496 0.965299 
1.070000 -11.024611 0.500701 0.965806 
1.080000 -11.027290 0.494015 0.966306 
1.090000 -11.029914 0.487433 0.966795 
1.100000 -11.032507 0.480954 0.967279 
1.110000 -11.035003 0.474692 0.967744 
1.120000 -11.037500 0.468519 0.968211 
1.130000 -11.039934 0.462416 0.968665 
1.140000 -11.042343 0.456393 0.969114 
1.150000 -11.044696 0.450447 0.969552 
1.160000 -11.047021 0.444598 0.969985 
1.170000 -11.049300 0.438821 0.970409 
1.180000 -11.051546 0.433134 0.970827 
1.190000 -11.053753 0.427532 0.971237 
1.200000 -11.055928 0.422016 0.971642 
1.210000 -11.058050 0.416508 0.972034 
1.220000 -11.060168 0.411089 0.972427 
1.230000 -11.062225 0.405745 0.972807 
1.240000 -11.064273 0.400487 0.973187 
1.250000 -11.066264 0.395309 0.973555 
1.260000 -11.068245 0.390216 0.973922 
1.270000 -11.070175 0.385199 0.974279 
1.280000 -11.072083 0.380260 0.974632 
1.290000 -11.073946 0.375408 0.974976 
1.300000 -11.075797 0.370632 0.975319 
1.310000 -11.077594 0.365962 0.975651 
1.320000 -11.079391 0.361358 0.975984 
1.330000 -11.081137 0.356805 0.976307 
1.340000 -11.082875 0.352318 0.976628 
1.350000 -11.084571 0.347891 0.976942 
1.360000 -11.086249 0.343531 0.977252 
1.370000 -11.087902 0.339234 0.977558 
1.380000 -11.089530 0.334993 0.977858 
1.390000 -11.091127 0.330817 0.978153 
1.400000 -11.092708 0.326698 0.978445 
1.410000 -11.094236 0.322700 0.978727 
1.420000 -11.095759 0.318757 0.979009 
1.430000 -11.097246 0.314850 0.979283 
1.440000 -11.098725 0.311001 0.979556 
1.450000 -11.100171 0.307193 0.979823 
1.460000 -11.101597 0.303443 0.980086 
1.470000 -11.103000 0.299745 0.980344 
1.480000 -11.104389 0.296102 0.980601 
1.490000 -11.105753 0.292501 0.980852 
1.500000 -11.107099 0.288953 0.981100 
1.510000 -11.108429 0.285388 0.981344 
1.520000 -11.109759 0.281873 0.981588 
1.530000 -11.111051 0.278405 0.981825 
1.540000 -11.112339 0.274983 0.982062 
1.550000 -11.113597 0.271618 0.982293 
1.560000 -11.114841 0.268303 0.982521 
1.570000 -11.116061 0.265038 0.982746 
1.580000 -11.117272 0.261821 0.982968 
1.590000 -11.118459 0.258645 0.983186 
1.600000 -11.119637 0.255514 0.983403 
1.610000 -11.120783 0.252432 0.983613 
1.620000 -11.121929 0.249390 0.983824 
1.630000 -11.123045 0.246389 0.984028 
1.640000 -11.124156 0.243426 0.984232 
1.650000 -11.125241 0.240510 0.984431 
1.660000 -11.126317 0.237632 0.984629 
1.670000 -11.127374 0.234798 0.984823 
1.680000 -11.128420 0.231999 0.985015 
1.690000 -11.129449 0.229241 0.985204 
1.700000 -11.130467 0.226514 0.985390 
1.710000 -11.131459 0.223839 0.985572 
1.720000 -11.132452 0.221197 0.985754 
1.730000 -11.133418 0.218588 0.985931 
1.740000 -11.134379 0.216016 0.986108 
1.750000 -11.135322 0.213475 0.986281 
1.760000 -11.136255 0.210970 0.986452 
1.770000 -11.137175 0.208497 0.986621 
1.780000 -11.138081 0.206058 0.986787 
1.790000 -11.138975 0.203650 0.986950 
1.800000 -11.139857 0.201276 0.987112 
1.810000 -11.140718 0.198966 0.987270 
1.820000 -11.141580 0.196681 0.987429 
1.830000 -11.142420 0.194422 0.987583 
1.840000 -11.143256 0.192191 0.987737 
1.850000 -11.144076 0.189986 0.987887 
1.860000 -11.144887 0.187809 0.988036 
1.870000 -11.145689 0.185659 0.988183 
1.880000 -11.146479 0.183534 0.988328 
1.890000 -11.147258 0.181435 0.988470 
1.900000 -11.148028 0.179362 0.988612 
1.910000 -11.148783 0.177285 0.988749 
1.920000 -11.149539 0.175235 0.988887 
1.930000 -11.150275 0.173215 0.989022 
1.940000 -11.151007 0.171223 0.989156 
1.950000 -11.151725 0.169259 0.989287 
1.960000 -11.152436 0.167324 0.989417 
1.970000 -11.153136 0.165411 0.989544 
1.980000 -11.153828 0.163527 0.989671 
1.990000 -11.154508 0.161666 0.989795 
2.000000 -11.155182 0.159831 0.989918 
2.010000 -11.155844 0.158021 0.990039 
2.020000 -11.156506 0.156236 0.990160 
2.030000 -11.157151 0.154471 0.990278 
2.040000 -11.157791 0.152729 0.990395 
2.050000 -11.158421 0.151012 0.990510 
2.060000 -11.159047 0.149315 0.990625 
2.070000 -11.159660 0.147638 0.990737 
2.080000 -11.160266 0.145984 0.990848 
2.090000 -11.160864 0.144350 0.990957 
2.100000 -11.161455 0.142738 0.991065 
2.110000 -11.162033 0.141150 0.991170 
2.120000 -11.162611 0.139581 0.991276 
2.130000 -11.163176 0.138028 0.991379 
2.140000 -11.163736 0.136496 0.991481 
2.150000 -11.164286 0.134983 0.991581 
2.160000 -11.164835 0.133487 0.991682 
2.170000 -11.165371 0.132009 0.991780 
2.180000 -11.165903 0.130550 0.991877 
2.190000 -11.166428 0.129108 0.991972 
2.200000 -11.166945 0.127685 0.992067 
2.210000 -11.167453 0.126291 0.992159 
2.220000 -11.167956 0.124913 0.992251 
2.230000 -11.168451 0.123551 0.992341 
2.240000 -11.168941 0.122207 0.992431 
2.250000 -11.169427 0.120877 0.992519 
2.260000 -11.169904 0.119564 0.992606 
2.270000 -11.170376 0.118267 0.992692 
2.280000 -11.170844 0.116985 0.992778 
2.290000 -11.171303 0.115717 0.992862 
2.300000 -11.171758 0.114465 0.992944 
2.310000 -11.172208 0.113220 0.993026 
2.320000 -11.172658 0.111991 0.993109 
2.330000 -11.173097 0.110778 0.993189 
2.340000 -11.173534 0.109580 0.993268 
2.350000 -11.173963 0.108396 0.993347 
2.360000 -11.174388 0.107227 0.993424 
2.370000 -11.174807 0.106074 0.993500 
2.380000 -11.175221 0.104933 0.993576 
2.390000 -11.175629 0.103808 0.993650 
2.400000 -11.176033 0.102695 0.993724 
2.410000 -11.176437 0.101552 0.993797 
2.420000 -11.176839 0.100426 0.993870 
2.430000 -11.177234 0.099319 0.993942 
2.440000 -11.177623 0.098229 0.994012 
2.450000 -11.178007 0.097157 0.994082 
2.460000 -11.178388 0.096099 0.994151 
2.470000 -11.178762 0.095056 0.994219 
2.480000 -11.179132 0.094027 0.994287 
2.490000 -11.179496 0.093013 0.994353 
2.500000 -11.179858 0.092010 0.994419 
2.510000 -11.180210 0.091034 0.994483 
2.520000 -11.180560 0.090069 0.994547 
2.530000 -11.180903 0.089118 0.994609 
2.540000 -11.181243 0.088178 0.994671 
2.550000 -11.181579 0.087252 0.994732 
2.560000 -11.181912 0.086335 0.994793 
2.570000 -11.182238 0.085429 0.994852 
2.580000 -11.182562 0.084534 0.994911 
2.590000 -11.182881 0.083651 0.994969 
2.600000 -11.183198 0.082777 0.995027 
2.610000 -11.183510 0.081907 0.995084 
2.620000 -11.183820 0.081047 0.995140 
2.630000 -11.184126 0.080198 0.995196 
2.640000 -11.184427 0.079360 0.995251 
2.650000 -11.184725 0.078533 0.995305 
2.660000 -11.185021 0.077715 0.995359 
2.670000 -11.185311 0.076907 0.995411 
2.680000 -11.185599 0.076109 0.995464 
2.690000 -11.185882 0.075321 0.995515 
2.700000 -11.186164 0.074541 0.995567 
2.710000 -11.186439 0.073783 0.995617 
2.720000 -11.186713 0.073031 0.995667 
2.730000 -11.186982 0.072288 0.995716 
2.740000 -11.187248 0.071552 0.995764 
2.750000 -11.187511 0.070825 0.995812 
2.760000 -11.187771 0.070105 0.995859 
2.770000 -11.188028 0.069393 0.995906 
2.780000 -11.188283 0.068688 0.995952 
2.790000 -11.188534 0.067991 0.995998 
2.800000 -11.188782 0.067302 0.996043 
2.810000 -11.189034 0.066579 0.996089 
2.820000 -11.189285 0.065866 0.996134 
2.830000 -11.189530 0.065170 0.996178 
2.840000 -11.189772 0.064485 0.996222 
2.850000 -11.190012 0.063811 0.996266 
2.860000 -11.190247 0.063148 0.996308 
2.870000 -11.190480 0.062494 0.996351 
2.880000 -11.190709 0.061851 0.996392 
2.890000 -11.190935 0.061216 0.996433 
2.900000 -11.191159 0.060590 0.996474 
2.910000 -11.191374 0.060004 0.996513 
2.920000 -11.191589 0.059424 0.996553 
2.930000 -11.191800 0.058849 0.996591 
2.940000 -11.192010 0.058279 0.996630 
2.950000 -11.192216 0.057714 0.996667 
2.960000 -11.192421 0.057154 0.996705 
2.970000 -11.192624 0.056599 0.996742 
2.980000 -11.192824 0.056048 0.996778 
2.990000 -11.193022 0.055503 0.996814 
3.000000 -11.193218 0.054963 0.996850 
3.010000 -11.193416 0.054391 0.996886 
3.020000 -11.193613 0.053828 0.996921 
3.030000 -11.193805 0.053279 0.996956 
3.040000 -11.193995 0.052739 0.996990 
3.050000 -11.194183 0.052209 0.997024 
3.060000 -11.194368 0.051687 0.997058 
3.070000 -11.194551 0.051172 0.997091 
3.080000 -11.194730 0.050666 0.997124 
3.090000 -11.194909 0.050165 0.997156 
3.100000 -11.195084 0.049673 0.997188 
3.110000 -11.195254 0.049205 0.997219 
3.120000 -11.195422 0.048743 0.997249 
3.130000 -11.195588 0.048285 0.997280 
3.140000 -11.195752 0.047832 0.997309 
3.150000 -11.195914 0.047383 0.997339 
3.160000 -11.196075 0.046938 0.997368 
3.170000 -11.196234 0.046498 0.997397 
3.180000 -11.196391 0.046062 0.997426 
3.190000 -11.196547 0.045630 0.997454 
3.200000 -11.196700 0.045202 0.997482 
3.210000 -11.196855 0.044763 0.997510 
3.220000 -11.197008 0.044332 0.997538 
3.230000 -11.197158 0.043910 0.997565 
3.240000 -11.197307 0.043494 0.997592 
3.250000 -11.197454 0.043085 0.997619 
3.260000 -11.197599 0.042680 0.997645 
3.270000 -11.197742 0.042281 0.997671 
3.280000 -11.197884 0.041887 0.997697 
3.290000 -11.198024 0.041498 0.997722 
3.300000 -11.198162 0.041113 0.997747 
3.310000 -11.198300 0.040718 0.997772 
3.320000 -11.198437 0.040330 0.997797 
3.330000 -11.198571 0.039949 0.997821 
3.340000 -11.198705 0.039574 0.997846 
3.350000 -11.198836 0.039205 0.997869 
3.360000 -11.198965 0.038841 0.997893 
3.370000 -11.199093 0.038482 0.997916 
3.380000 -11.199220 0.038128 0.997939 
3.390000 -11.199345 0.037778 0.997962 
3.400000 -11.199468 0.037433 0.997984 
3.410000 -11.199586 0.037108 0.998006 
3.420000 -11.199704 0.036787 0.998027 
3.430000 -11.199820 0.036469 0.998048 
3.440000 -11.199934 0.036153 0.998069 
3.450000 -11.200048 0.035841 0.998090 
3.460000 -11.200161 0.035531 0.998111 
3.470000 -11.200272 0.035223 0.998131 
3.480000 -11.200382 0.034918 0.998151 
3.490000 -11.200491 0.034616 0.998171 
3.500000 -11.200599 0.034317 0.998190 
3.510000 -11.200708 0.034008 0.998210 
3.520000 -11.200816 0.033705 0.998230 
3.530000 -11.200922 0.033408 0.998249 
3.540000 -11.201027 0.033115 0.998268 
3.550000 -11.201130 0.032827 0.998287 
3.560000 -11.201232 0.032542 0.998305 
3.570000 -11.201333 0.032262 0.998324 
3.580000 -11.201432 0.031985 0.998342 
3.590000 -11.201531 0.031711 0.998360 
3.600000 -11.201628 0.031440 0.998377 
3.610000 -11.201721 0.031187 0.998394 
3.620000 -11.201814 0.030936 0.998411 
3.630000 -11.201905 0.030686 0.998428 
3.640000 -11.201996 0.030438 0.998445 
3.650000 -11.202086 0.030192 0.998461 
3.660000 -11.202175 0.029947 0.998477 
3.670000 -11.202263 0.029705 0.998493 
3.680000 -11.202351 0.029464 0.998509 
3.690000 -11.202437 0.029225 0.998525 
3.700000 -11.202523 0.028988 0.998541 
3.710000 -11.202612 0.028720 0.998557 
3.720000 -11.202701 0.028460 0.998572 
3.730000 -11.202787 0.028208 0.998588 
3.740000 -11.202873 0.027963 0.998603 
3.750000 -11.202957 0.027722 0.998619 
3.760000 -11.203039 0.027486 0.998634 
3.770000 -11.203121 0.027255 0.998648 
3.780000 -11.203202 0.027027 0.998663 
3.790000 -11.203281 0.026803 0.998677 
3.800000 -11.203360 0.026582 0.998692 
3.810000 -11.203438 0.026357 0.998706 
3.820000 -11.203515 0.026137 0.998720 
3.830000 -11.203590 0.025921 0.998733 
3.840000 -11.203665 0.025710 0.998747 
3.850000 -11.203739 0.025502 0.998760 
3.860000 -11.203812 0.025296 0.998773 
3.870000 -11.203885 0.025093 0.998787 
3.880000 -11.203956 0.024893 0.998799 
3.890000 -11.204027 0.024695 0.998812 
3.900000 -11.204096 0.024499 0.998825 
3.910000 -11.204168 0.024290 0.998838 
3.920000 -11.204238 0.024087 0.998850 
3.930000 -11.204307 0.023888 0.998863 
3.940000 -11.204375 0.023693 0.998875 
3.950000 -11.204443 0.023501 0.998887 
3.960000 -11.204509 0.023313 0.998899 
3.970000 -11.204575 0.023127 0.998911 
3.980000 -11.204639 0.022945 0.998923 
3.990000 -11.204703 0.022765 0.998935 
4.000000 -11.204767 0.022587 0.998946 
QITE gs wfn 
000111 -0.062829628879 0.000148993343 I 
001011 0.205832791669 -0.000381247253 I 
001101 -0.214569854269 0.000432890756 I 
001110 0.063521908018 -0.000138442070 I 
010011 -0.212403054722 0.000418917545 I 
010101 0.506333840406 -0.000952103961 I 
010110 -0.211892148497 0.000421808703 I 
011001 -0.214114810738 0.000384669437 I 
011010 0.198869809027 -0.000380217260 I 
011100 -0.058427812038 0.000124134280 I 
100010 0.000067127340 0.000125006135 I 
100011 0.061216800157 -0.000084703458 I 
100101 -0.209128959331 0.000345841636 I 
100110 0.203031125023 -0.000430283095 I 
101001 0.200590452250 -0.000384391012 I 
101010 -0.449471681942 0.000851109046 I 
101100 0.201528697788 -0.000385834552 I 
101110 0.000035735536 0.000093614110 I 
110001 -0.060588793696 0.000100302451 I 
110010 0.203889114884 -0.000404060947 I 
110100 -0.217346694095 0.000464446244 I 
111000 0.065956231759 -0.000119640747 I 
